<?xml version="1.0" encoding="UTF-8"?>
<testsuite xmlns:xsi="http://www.w3.org/2001/XMLSchema-instance" xsi:noNamespaceSchemaLocation="https://maven.apache.org/surefire/maven-surefire-plugin/xsd/surefire-test-report-3.0.xsd" version="3.0" name="Ekitaplar Page" time="117.642" tests="5" errors="0" skipped="0" failures="0">
  <properties>
    <property name="sun.desktop" value="windows"/>
    <property name="awt.toolkit" value="sun.awt.windows.WToolkit"/>
    <property name="java.specification.version" value="11"/>
    <property name="webdriver.chrome.driver" value="C:\Users\Ertuğrul\.cache\selenium\chromedriver\win64\116.0.5845.96\chromedriver.exe"/>
    <property name="sun.cpu.isalist" value="amd64"/>
    <property name="sun.jnu.encoding" value="Cp1254"/>
    <property name="java.class.path" value="C:\Users\Ertuğrul\IdeaProjects\Members_Panel\target\test-classes;C:\Users\Ertuğrul\IdeaProjects\Members_Panel\target\classes;C:\Users\Ertuğrul\.m2\repository\io\github\bonigarcia\webdrivermanager\5.4.1\webdrivermanager-5.4.1.jar;C:\Users\Ertuğrul\.m2\repository\org\slf4j\slf4j-api\2.0.7\slf4j-api-2.0.7.jar;C:\Users\Ertuğrul\.m2\repository\com\google\code\gson\gson\2.10.1\gson-2.10.1.jar;C:\Users\Ertuğrul\.m2\repository\com\github\docker-java\docker-java\3.3.2\docker-java-3.3.2.jar;C:\Users\Ertuğrul\.m2\repository\com\github\docker-java\docker-java-core\3.3.2\docker-java-core-3.3.2.jar;C:\Users\Ertuğrul\.m2\repository\com\github\docker-java\docker-java-api\3.3.2\docker-java-api-3.3.2.jar;C:\Users\Ertuğrul\.m2\repository\com\fasterxml\jackson\core\jackson-annotations\2.10.3\jackson-annotations-2.10.3.jar;C:\Users\Ertuğrul\.m2\repository\commons-io\commons-io\2.6\commons-io-2.6.jar;C:\Users\Ertuğrul\.m2\repository\org\apache\commons\commons-compress\1.21\commons-compress-1.21.jar;C:\Users\Ertuğrul\.m2\repository\com\fasterxml\jackson\core\jackson-databind\2.10.3\jackson-databind-2.10.3.jar;C:\Users\Ertuğrul\.m2\repository\com\fasterxml\jackson\core\jackson-core\2.10.3\jackson-core-2.10.3.jar;C:\Users\Ertuğrul\.m2\repository\org\bouncycastle\bcpkix-jdk15on\1.64\bcpkix-jdk15on-1.64.jar;C:\Users\Ertuğrul\.m2\repository\org\bouncycastle\bcprov-jdk15on\1.64\bcprov-jdk15on-1.64.jar;C:\Users\Ertuğrul\.m2\repository\org\slf4j\jcl-over-slf4j\1.7.30\jcl-over-slf4j-1.7.30.jar;C:\Users\Ertuğrul\.m2\repository\com\github\docker-java\docker-java-transport-httpclient5\3.3.2\docker-java-transport-httpclient5-3.3.2.jar;C:\Users\Ertuğrul\.m2\repository\com\github\docker-java\docker-java-transport\3.3.2\docker-java-transport-3.3.2.jar;C:\Users\Ertuğrul\.m2\repository\net\java\dev\jna\jna\5.12.1\jna-5.12.1.jar;C:\Users\Ertuğrul\.m2\repository\org\brotli\dec\0.1.2\dec-0.1.2.jar;C:\Users\Ertuğrul\.m2\repository\org\apache\commons\commons-lang3\3.12.0\commons-lang3-3.12.0.jar;C:\Users\Ertuğrul\.m2\repository\org\apache\httpcomponents\client5\httpclient5\5.2.1\httpclient5-5.2.1.jar;C:\Users\Ertuğrul\.m2\repository\org\apache\httpcomponents\core5\httpcore5\5.2\httpcore5-5.2.jar;C:\Users\Ertuğrul\.m2\repository\org\apache\httpcomponents\core5\httpcore5-h2\5.2\httpcore5-h2-5.2.jar;C:\Users\Ertuğrul\.m2\repository\org\apache\pdfbox\pdfbox\2.0.27\pdfbox-2.0.27.jar;C:\Users\Ertuğrul\.m2\repository\org\apache\pdfbox\fontbox\2.0.27\fontbox-2.0.27.jar;C:\Users\Ertuğrul\.m2\repository\commons-logging\commons-logging\1.2\commons-logging-1.2.jar;C:\Users\Ertuğrul\.m2\repository\io\cucumber\cucumber-java\7.11.1\cucumber-java-7.11.1.jar;C:\Users\Ertuğrul\.m2\repository\io\cucumber\cucumber-core\7.11.1\cucumber-core-7.11.1.jar;C:\Users\Ertuğrul\.m2\repository\io\cucumber\cucumber-gherkin\7.11.1\cucumber-gherkin-7.11.1.jar;C:\Users\Ertuğrul\.m2\repository\io\cucumber\cucumber-gherkin-messages\7.11.1\cucumber-gherkin-messages-7.11.1.jar;C:\Users\Ertuğrul\.m2\repository\io\cucumber\gherkin\26.0.3\gherkin-26.0.3.jar;C:\Users\Ertuğrul\.m2\repository\io\cucumber\messages\21.0.1\messages-21.0.1.jar;C:\Users\Ertuğrul\.m2\repository\io\cucumber\tag-expressions\5.0.1\tag-expressions-5.0.1.jar;C:\Users\Ertuğrul\.m2\repository\io\cucumber\cucumber-expressions\16.1.2\cucumber-expressions-16.1.2.jar;C:\Users\Ertuğrul\.m2\repository\io\cucumber\datatable\7.11.1\datatable-7.11.1.jar;C:\Users\Ertuğrul\.m2\repository\io\cucumber\cucumber-plugin\7.11.1\cucumber-plugin-7.11.1.jar;C:\Users\Ertuğrul\.m2\repository\io\cucumber\docstring\7.11.1\docstring-7.11.1.jar;C:\Users\Ertuğrul\.m2\repository\io\cucumber\html-formatter\20.2.1\html-formatter-20.2.1.jar;C:\Users\Ertuğrul\.m2\repository\io\cucumber\junit-xml-formatter\0.1.0\junit-xml-formatter-0.1.0.jar;C:\Users\Ertuğrul\.m2\repository\io\cucumber\ci-environment\9.1.0\ci-environment-9.1.0.jar;C:\Users\Ertuğrul\.m2\repository\org\apiguardian\apiguardian-api\1.1.2\apiguardian-api-1.1.2.jar;C:\Users\Ertuğrul\.m2\repository\com\github\javafaker\javafaker\1.0.2\javafaker-1.0.2.jar;C:\Users\Ertuğrul\.m2\repository\org\yaml\snakeyaml\1.23\snakeyaml-1.23-android.jar;C:\Users\Ertuğrul\.m2\repository\com\github\mifmif\generex\1.0.2\generex-1.0.2.jar;C:\Users\Ertuğrul\.m2\repository\dk\brics\automaton\automaton\1.11-8\automaton-1.11-8.jar;C:\Users\Ertuğrul\.m2\repository\dom4j\dom4j\1.1\dom4j-1.1.jar;C:\Users\Ertuğrul\.m2\repository\org\jetbrains\annotations\24.0.1\annotations-24.0.1.jar;C:\Users\Ertuğrul\.m2\repository\io\cucumber\cucumber-junit\7.11.1\cucumber-junit-7.11.1.jar;C:\Users\Ertuğrul\.m2\repository\junit\junit\4.13.2\junit-4.13.2.jar;C:\Users\Ertuğrul\.m2\repository\org\hamcrest\hamcrest-core\1.3\hamcrest-core-1.3.jar;C:\Users\Ertuğrul\.m2\repository\org\seleniumhq\selenium\selenium-java\4.11.0\selenium-java-4.11.0.jar;C:\Users\Ertuğrul\.m2\repository\org\seleniumhq\selenium\selenium-api\4.11.0\selenium-api-4.11.0.jar;C:\Users\Ertuğrul\.m2\repository\org\seleniumhq\selenium\selenium-chrome-driver\4.11.0\selenium-chrome-driver-4.11.0.jar;C:\Users\Ertuğrul\.m2\repository\com\google\auto\service\auto-service-annotations\1.0.1\auto-service-annotations-1.0.1.jar;C:\Users\Ertuğrul\.m2\repository\com\google\guava\guava\31.1-jre\guava-31.1-jre.jar;C:\Users\Ertuğrul\.m2\repository\com\google\guava\failureaccess\1.0.1\failureaccess-1.0.1.jar;C:\Users\Ertuğrul\.m2\repository\com\google\guava\listenablefuture\9999.0-empty-to-avoid-conflict-with-guava\listenablefuture-9999.0-empty-to-avoid-conflict-with-guava.jar;C:\Users\Ertuğrul\.m2\repository\com\google\code\findbugs\jsr305\3.0.2\jsr305-3.0.2.jar;C:\Users\Ertuğrul\.m2\repository\org\checkerframework\checker-qual\3.12.0\checker-qual-3.12.0.jar;C:\Users\Ertuğrul\.m2\repository\com\google\errorprone\error_prone_annotations\2.11.0\error_prone_annotations-2.11.0.jar;C:\Users\Ertuğrul\.m2\repository\com\google\j2objc\j2objc-annotations\1.3\j2objc-annotations-1.3.jar;C:\Users\Ertuğrul\.m2\repository\org\seleniumhq\selenium\selenium-chromium-driver\4.11.0\selenium-chromium-driver-4.11.0.jar;C:\Users\Ertuğrul\.m2\repository\org\seleniumhq\selenium\selenium-json\4.11.0\selenium-json-4.11.0.jar;C:\Users\Ertuğrul\.m2\repository\org\seleniumhq\selenium\selenium-manager\4.11.0\selenium-manager-4.11.0.jar;C:\Users\Ertuğrul\.m2\repository\org\seleniumhq\selenium\selenium-devtools-v113\4.11.0\selenium-devtools-v113-4.11.0.jar;C:\Users\Ertuğrul\.m2\repository\org\seleniumhq\selenium\selenium-devtools-v114\4.11.0\selenium-devtools-v114-4.11.0.jar;C:\Users\Ertuğrul\.m2\repository\org\seleniumhq\selenium\selenium-devtools-v115\4.11.0\selenium-devtools-v115-4.11.0.jar;C:\Users\Ertuğrul\.m2\repository\org\seleniumhq\selenium\selenium-devtools-v85\4.11.0\selenium-devtools-v85-4.11.0.jar;C:\Users\Ertuğrul\.m2\repository\org\seleniumhq\selenium\selenium-edge-driver\4.11.0\selenium-edge-driver-4.11.0.jar;C:\Users\Ertuğrul\.m2\repository\org\seleniumhq\selenium\selenium-firefox-driver\4.11.0\selenium-firefox-driver-4.11.0.jar;C:\Users\Ertuğrul\.m2\repository\org\seleniumhq\selenium\selenium-http\4.11.0\selenium-http-4.11.0.jar;C:\Users\Ertuğrul\.m2\repository\dev\failsafe\failsafe\3.3.1\failsafe-3.3.1.jar;C:\Users\Ertuğrul\.m2\repository\org\seleniumhq\selenium\selenium-ie-driver\4.11.0\selenium-ie-driver-4.11.0.jar;C:\Users\Ertuğrul\.m2\repository\org\seleniumhq\selenium\selenium-remote-driver\4.11.0\selenium-remote-driver-4.11.0.jar;C:\Users\Ertuğrul\.m2\repository\io\netty\netty-buffer\4.1.92.Final\netty-buffer-4.1.92.Final.jar;C:\Users\Ertuğrul\.m2\repository\io\netty\netty-codec-http\4.1.92.Final\netty-codec-http-4.1.92.Final.jar;C:\Users\Ertuğrul\.m2\repository\io\netty\netty-codec\4.1.92.Final\netty-codec-4.1.92.Final.jar;C:\Users\Ertuğrul\.m2\repository\io\netty\netty-handler\4.1.92.Final\netty-handler-4.1.92.Final.jar;C:\Users\Ertuğrul\.m2\repository\io\netty\netty-common\4.1.92.Final\netty-common-4.1.92.Final.jar;C:\Users\Ertuğrul\.m2\repository\io\netty\netty-transport-classes-epoll\4.1.92.Final\netty-transport-classes-epoll-4.1.92.Final.jar;C:\Users\Ertuğrul\.m2\repository\io\netty\netty-transport-classes-kqueue\4.1.92.Final\netty-transport-classes-kqueue-4.1.92.Final.jar;C:\Users\Ertuğrul\.m2\repository\io\netty\netty-transport-native-epoll\4.1.92.Final\netty-transport-native-epoll-4.1.92.Final.jar;C:\Users\Ertuğrul\.m2\repository\io\netty\netty-transport-native-kqueue\4.1.92.Final\netty-transport-native-kqueue-4.1.92.Final.jar;C:\Users\Ertuğrul\.m2\repository\io\netty\netty-transport-native-unix-common\4.1.92.Final\netty-transport-native-unix-common-4.1.92.Final.jar;C:\Users\Ertuğrul\.m2\repository\io\netty\netty-transport\4.1.92.Final\netty-transport-4.1.92.Final.jar;C:\Users\Ertuğrul\.m2\repository\io\netty\netty-resolver\4.1.92.Final\netty-resolver-4.1.92.Final.jar;C:\Users\Ertuğrul\.m2\repository\io\opentelemetry\opentelemetry-api\1.26.0\opentelemetry-api-1.26.0.jar;C:\Users\Ertuğrul\.m2\repository\io\opentelemetry\opentelemetry-context\1.26.0\opentelemetry-context-1.26.0.jar;C:\Users\Ertuğrul\.m2\repository\io\opentelemetry\opentelemetry-exporter-logging\1.26.0\opentelemetry-exporter-logging-1.26.0.jar;C:\Users\Ertuğrul\.m2\repository\io\opentelemetry\opentelemetry-sdk-metrics\1.26.0\opentelemetry-sdk-metrics-1.26.0.jar;C:\Users\Ertuğrul\.m2\repository\io\opentelemetry\opentelemetry-extension-incubator\1.26.0-alpha\opentelemetry-extension-incubator-1.26.0-alpha.jar;C:\Users\Ertuğrul\.m2\repository\io\opentelemetry\opentelemetry-sdk-logs\1.26.0-alpha\opentelemetry-sdk-logs-1.26.0-alpha.jar;C:\Users\Ertuğrul\.m2\repository\io\opentelemetry\opentelemetry-api-logs\1.26.0-alpha\opentelemetry-api-logs-1.26.0-alpha.jar;C:\Users\Ertuğrul\.m2\repository\io\opentelemetry\opentelemetry-api-events\1.26.0-alpha\opentelemetry-api-events-1.26.0-alpha.jar;C:\Users\Ertuğrul\.m2\repository\io\opentelemetry\opentelemetry-sdk-common\1.26.0\opentelemetry-sdk-common-1.26.0.jar;C:\Users\Ertuğrul\.m2\repository\io\opentelemetry\opentelemetry-sdk-extension-autoconfigure-spi\1.26.0\opentelemetry-sdk-extension-autoconfigure-spi-1.26.0.jar;C:\Users\Ertuğrul\.m2\repository\io\opentelemetry\opentelemetry-sdk-extension-autoconfigure\1.26.0-alpha\opentelemetry-sdk-extension-autoconfigure-1.26.0-alpha.jar;C:\Users\Ertuğrul\.m2\repository\io\opentelemetry\opentelemetry-sdk-trace\1.26.0\opentelemetry-sdk-trace-1.26.0.jar;C:\Users\Ertuğrul\.m2\repository\io\opentelemetry\opentelemetry-sdk\1.26.0\opentelemetry-sdk-1.26.0.jar;C:\Users\Ertuğrul\.m2\repository\io\opentelemetry\opentelemetry-semconv\1.26.0-alpha\opentelemetry-semconv-1.26.0-alpha.jar;C:\Users\Ertuğrul\.m2\repository\net\bytebuddy\byte-buddy\1.14.4\byte-buddy-1.14.4.jar;C:\Users\Ertuğrul\.m2\repository\org\apache\commons\commons-exec\1.3\commons-exec-1.3.jar;C:\Users\Ertuğrul\.m2\repository\org\asynchttpclient\async-http-client\2.12.3\async-http-client-2.12.3.jar;C:\Users\Ertuğrul\.m2\repository\org\asynchttpclient\async-http-client-netty-utils\2.12.3\async-http-client-netty-utils-2.12.3.jar;C:\Users\Ertuğrul\.m2\repository\io\netty\netty-codec-socks\4.1.60.Final\netty-codec-socks-4.1.60.Final.jar;C:\Users\Ertuğrul\.m2\repository\io\netty\netty-handler-proxy\4.1.60.Final\netty-handler-proxy-4.1.60.Final.jar;C:\Users\Ertuğrul\.m2\repository\io\netty\netty-transport-native-epoll\4.1.60.Final\netty-transport-native-epoll-4.1.60.Final-linux-x86_64.jar;C:\Users\Ertuğrul\.m2\repository\io\netty\netty-transport-native-kqueue\4.1.60.Final\netty-transport-native-kqueue-4.1.60.Final-osx-x86_64.jar;C:\Users\Ertuğrul\.m2\repository\org\reactivestreams\reactive-streams\1.0.3\reactive-streams-1.0.3.jar;C:\Users\Ertuğrul\.m2\repository\com\typesafe\netty\netty-reactive-streams\2.0.4\netty-reactive-streams-2.0.4.jar;C:\Users\Ertuğrul\.m2\repository\com\sun\activation\jakarta.activation\1.2.2\jakarta.activation-1.2.2.jar;C:\Users\Ertuğrul\.m2\repository\org\seleniumhq\selenium\selenium-safari-driver\4.11.0\selenium-safari-driver-4.11.0.jar;C:\Users\Ertuğrul\.m2\repository\org\seleniumhq\selenium\selenium-support\4.11.0\selenium-support-4.11.0.jar;"/>
    <property name="java.vm.vendor" value="Oracle Corporation"/>
    <property name="sun.arch.data.model" value="64"/>
    <property name="user.variant" value=""/>
    <property name="java.vendor.url" value="https://openjdk.java.net/"/>
    <property name="user.timezone" value="Asia/Istanbul"/>
    <property name="java.vm.specification.version" value="11"/>
    <property name="os.name" value="Windows 11"/>
    <property name="sun.java.launcher" value="SUN_STANDARD"/>
    <property name="user.country" value="TR"/>
    <property name="sun.boot.library.path" value="C:\Program Files\Java\jdk-11.0.15\bin"/>
    <property name="sun.java.command" value="C:\Users\Ertuğrul\AppData\Local\Temp\surefire15161911411225503979\surefirebooter15135516179174264588.jar C:\Users\Ertuğrul\AppData\Local\Temp\surefire15161911411225503979 2023-08-29T10-20-40_549-jvmRun1 surefire10256057918044259712tmp surefire_06461026722933174114tmp"/>
    <property name="jdk.debug" value="release"/>
    <property name="surefire.test.class.path" value="C:\Users\Ertuğrul\IdeaProjects\Members_Panel\target\test-classes;C:\Users\Ertuğrul\IdeaProjects\Members_Panel\target\classes;C:\Users\Ertuğrul\.m2\repository\io\github\bonigarcia\webdrivermanager\5.4.1\webdrivermanager-5.4.1.jar;C:\Users\Ertuğrul\.m2\repository\org\slf4j\slf4j-api\2.0.7\slf4j-api-2.0.7.jar;C:\Users\Ertuğrul\.m2\repository\com\google\code\gson\gson\2.10.1\gson-2.10.1.jar;C:\Users\Ertuğrul\.m2\repository\com\github\docker-java\docker-java\3.3.2\docker-java-3.3.2.jar;C:\Users\Ertuğrul\.m2\repository\com\github\docker-java\docker-java-core\3.3.2\docker-java-core-3.3.2.jar;C:\Users\Ertuğrul\.m2\repository\com\github\docker-java\docker-java-api\3.3.2\docker-java-api-3.3.2.jar;C:\Users\Ertuğrul\.m2\repository\com\fasterxml\jackson\core\jackson-annotations\2.10.3\jackson-annotations-2.10.3.jar;C:\Users\Ertuğrul\.m2\repository\commons-io\commons-io\2.6\commons-io-2.6.jar;C:\Users\Ertuğrul\.m2\repository\org\apache\commons\commons-compress\1.21\commons-compress-1.21.jar;C:\Users\Ertuğrul\.m2\repository\com\fasterxml\jackson\core\jackson-databind\2.10.3\jackson-databind-2.10.3.jar;C:\Users\Ertuğrul\.m2\repository\com\fasterxml\jackson\core\jackson-core\2.10.3\jackson-core-2.10.3.jar;C:\Users\Ertuğrul\.m2\repository\org\bouncycastle\bcpkix-jdk15on\1.64\bcpkix-jdk15on-1.64.jar;C:\Users\Ertuğrul\.m2\repository\org\bouncycastle\bcprov-jdk15on\1.64\bcprov-jdk15on-1.64.jar;C:\Users\Ertuğrul\.m2\repository\org\slf4j\jcl-over-slf4j\1.7.30\jcl-over-slf4j-1.7.30.jar;C:\Users\Ertuğrul\.m2\repository\com\github\docker-java\docker-java-transport-httpclient5\3.3.2\docker-java-transport-httpclient5-3.3.2.jar;C:\Users\Ertuğrul\.m2\repository\com\github\docker-java\docker-java-transport\3.3.2\docker-java-transport-3.3.2.jar;C:\Users\Ertuğrul\.m2\repository\net\java\dev\jna\jna\5.12.1\jna-5.12.1.jar;C:\Users\Ertuğrul\.m2\repository\org\brotli\dec\0.1.2\dec-0.1.2.jar;C:\Users\Ertuğrul\.m2\repository\org\apache\commons\commons-lang3\3.12.0\commons-lang3-3.12.0.jar;C:\Users\Ertuğrul\.m2\repository\org\apache\httpcomponents\client5\httpclient5\5.2.1\httpclient5-5.2.1.jar;C:\Users\Ertuğrul\.m2\repository\org\apache\httpcomponents\core5\httpcore5\5.2\httpcore5-5.2.jar;C:\Users\Ertuğrul\.m2\repository\org\apache\httpcomponents\core5\httpcore5-h2\5.2\httpcore5-h2-5.2.jar;C:\Users\Ertuğrul\.m2\repository\org\apache\pdfbox\pdfbox\2.0.27\pdfbox-2.0.27.jar;C:\Users\Ertuğrul\.m2\repository\org\apache\pdfbox\fontbox\2.0.27\fontbox-2.0.27.jar;C:\Users\Ertuğrul\.m2\repository\commons-logging\commons-logging\1.2\commons-logging-1.2.jar;C:\Users\Ertuğrul\.m2\repository\io\cucumber\cucumber-java\7.11.1\cucumber-java-7.11.1.jar;C:\Users\Ertuğrul\.m2\repository\io\cucumber\cucumber-core\7.11.1\cucumber-core-7.11.1.jar;C:\Users\Ertuğrul\.m2\repository\io\cucumber\cucumber-gherkin\7.11.1\cucumber-gherkin-7.11.1.jar;C:\Users\Ertuğrul\.m2\repository\io\cucumber\cucumber-gherkin-messages\7.11.1\cucumber-gherkin-messages-7.11.1.jar;C:\Users\Ertuğrul\.m2\repository\io\cucumber\gherkin\26.0.3\gherkin-26.0.3.jar;C:\Users\Ertuğrul\.m2\repository\io\cucumber\messages\21.0.1\messages-21.0.1.jar;C:\Users\Ertuğrul\.m2\repository\io\cucumber\tag-expressions\5.0.1\tag-expressions-5.0.1.jar;C:\Users\Ertuğrul\.m2\repository\io\cucumber\cucumber-expressions\16.1.2\cucumber-expressions-16.1.2.jar;C:\Users\Ertuğrul\.m2\repository\io\cucumber\datatable\7.11.1\datatable-7.11.1.jar;C:\Users\Ertuğrul\.m2\repository\io\cucumber\cucumber-plugin\7.11.1\cucumber-plugin-7.11.1.jar;C:\Users\Ertuğrul\.m2\repository\io\cucumber\docstring\7.11.1\docstring-7.11.1.jar;C:\Users\Ertuğrul\.m2\repository\io\cucumber\html-formatter\20.2.1\html-formatter-20.2.1.jar;C:\Users\Ertuğrul\.m2\repository\io\cucumber\junit-xml-formatter\0.1.0\junit-xml-formatter-0.1.0.jar;C:\Users\Ertuğrul\.m2\repository\io\cucumber\ci-environment\9.1.0\ci-environment-9.1.0.jar;C:\Users\Ertuğrul\.m2\repository\org\apiguardian\apiguardian-api\1.1.2\apiguardian-api-1.1.2.jar;C:\Users\Ertuğrul\.m2\repository\com\github\javafaker\javafaker\1.0.2\javafaker-1.0.2.jar;C:\Users\Ertuğrul\.m2\repository\org\yaml\snakeyaml\1.23\snakeyaml-1.23-android.jar;C:\Users\Ertuğrul\.m2\repository\com\github\mifmif\generex\1.0.2\generex-1.0.2.jar;C:\Users\Ertuğrul\.m2\repository\dk\brics\automaton\automaton\1.11-8\automaton-1.11-8.jar;C:\Users\Ertuğrul\.m2\repository\dom4j\dom4j\1.1\dom4j-1.1.jar;C:\Users\Ertuğrul\.m2\repository\org\jetbrains\annotations\24.0.1\annotations-24.0.1.jar;C:\Users\Ertuğrul\.m2\repository\io\cucumber\cucumber-junit\7.11.1\cucumber-junit-7.11.1.jar;C:\Users\Ertuğrul\.m2\repository\junit\junit\4.13.2\junit-4.13.2.jar;C:\Users\Ertuğrul\.m2\repository\org\hamcrest\hamcrest-core\1.3\hamcrest-core-1.3.jar;C:\Users\Ertuğrul\.m2\repository\org\seleniumhq\selenium\selenium-java\4.11.0\selenium-java-4.11.0.jar;C:\Users\Ertuğrul\.m2\repository\org\seleniumhq\selenium\selenium-api\4.11.0\selenium-api-4.11.0.jar;C:\Users\Ertuğrul\.m2\repository\org\seleniumhq\selenium\selenium-chrome-driver\4.11.0\selenium-chrome-driver-4.11.0.jar;C:\Users\Ertuğrul\.m2\repository\com\google\auto\service\auto-service-annotations\1.0.1\auto-service-annotations-1.0.1.jar;C:\Users\Ertuğrul\.m2\repository\com\google\guava\guava\31.1-jre\guava-31.1-jre.jar;C:\Users\Ertuğrul\.m2\repository\com\google\guava\failureaccess\1.0.1\failureaccess-1.0.1.jar;C:\Users\Ertuğrul\.m2\repository\com\google\guava\listenablefuture\9999.0-empty-to-avoid-conflict-with-guava\listenablefuture-9999.0-empty-to-avoid-conflict-with-guava.jar;C:\Users\Ertuğrul\.m2\repository\com\google\code\findbugs\jsr305\3.0.2\jsr305-3.0.2.jar;C:\Users\Ertuğrul\.m2\repository\org\checkerframework\checker-qual\3.12.0\checker-qual-3.12.0.jar;C:\Users\Ertuğrul\.m2\repository\com\google\errorprone\error_prone_annotations\2.11.0\error_prone_annotations-2.11.0.jar;C:\Users\Ertuğrul\.m2\repository\com\google\j2objc\j2objc-annotations\1.3\j2objc-annotations-1.3.jar;C:\Users\Ertuğrul\.m2\repository\org\seleniumhq\selenium\selenium-chromium-driver\4.11.0\selenium-chromium-driver-4.11.0.jar;C:\Users\Ertuğrul\.m2\repository\org\seleniumhq\selenium\selenium-json\4.11.0\selenium-json-4.11.0.jar;C:\Users\Ertuğrul\.m2\repository\org\seleniumhq\selenium\selenium-manager\4.11.0\selenium-manager-4.11.0.jar;C:\Users\Ertuğrul\.m2\repository\org\seleniumhq\selenium\selenium-devtools-v113\4.11.0\selenium-devtools-v113-4.11.0.jar;C:\Users\Ertuğrul\.m2\repository\org\seleniumhq\selenium\selenium-devtools-v114\4.11.0\selenium-devtools-v114-4.11.0.jar;C:\Users\Ertuğrul\.m2\repository\org\seleniumhq\selenium\selenium-devtools-v115\4.11.0\selenium-devtools-v115-4.11.0.jar;C:\Users\Ertuğrul\.m2\repository\org\seleniumhq\selenium\selenium-devtools-v85\4.11.0\selenium-devtools-v85-4.11.0.jar;C:\Users\Ertuğrul\.m2\repository\org\seleniumhq\selenium\selenium-edge-driver\4.11.0\selenium-edge-driver-4.11.0.jar;C:\Users\Ertuğrul\.m2\repository\org\seleniumhq\selenium\selenium-firefox-driver\4.11.0\selenium-firefox-driver-4.11.0.jar;C:\Users\Ertuğrul\.m2\repository\org\seleniumhq\selenium\selenium-http\4.11.0\selenium-http-4.11.0.jar;C:\Users\Ertuğrul\.m2\repository\dev\failsafe\failsafe\3.3.1\failsafe-3.3.1.jar;C:\Users\Ertuğrul\.m2\repository\org\seleniumhq\selenium\selenium-ie-driver\4.11.0\selenium-ie-driver-4.11.0.jar;C:\Users\Ertuğrul\.m2\repository\org\seleniumhq\selenium\selenium-remote-driver\4.11.0\selenium-remote-driver-4.11.0.jar;C:\Users\Ertuğrul\.m2\repository\io\netty\netty-buffer\4.1.92.Final\netty-buffer-4.1.92.Final.jar;C:\Users\Ertuğrul\.m2\repository\io\netty\netty-codec-http\4.1.92.Final\netty-codec-http-4.1.92.Final.jar;C:\Users\Ertuğrul\.m2\repository\io\netty\netty-codec\4.1.92.Final\netty-codec-4.1.92.Final.jar;C:\Users\Ertuğrul\.m2\repository\io\netty\netty-handler\4.1.92.Final\netty-handler-4.1.92.Final.jar;C:\Users\Ertuğrul\.m2\repository\io\netty\netty-common\4.1.92.Final\netty-common-4.1.92.Final.jar;C:\Users\Ertuğrul\.m2\repository\io\netty\netty-transport-classes-epoll\4.1.92.Final\netty-transport-classes-epoll-4.1.92.Final.jar;C:\Users\Ertuğrul\.m2\repository\io\netty\netty-transport-classes-kqueue\4.1.92.Final\netty-transport-classes-kqueue-4.1.92.Final.jar;C:\Users\Ertuğrul\.m2\repository\io\netty\netty-transport-native-epoll\4.1.92.Final\netty-transport-native-epoll-4.1.92.Final.jar;C:\Users\Ertuğrul\.m2\repository\io\netty\netty-transport-native-kqueue\4.1.92.Final\netty-transport-native-kqueue-4.1.92.Final.jar;C:\Users\Ertuğrul\.m2\repository\io\netty\netty-transport-native-unix-common\4.1.92.Final\netty-transport-native-unix-common-4.1.92.Final.jar;C:\Users\Ertuğrul\.m2\repository\io\netty\netty-transport\4.1.92.Final\netty-transport-4.1.92.Final.jar;C:\Users\Ertuğrul\.m2\repository\io\netty\netty-resolver\4.1.92.Final\netty-resolver-4.1.92.Final.jar;C:\Users\Ertuğrul\.m2\repository\io\opentelemetry\opentelemetry-api\1.26.0\opentelemetry-api-1.26.0.jar;C:\Users\Ertuğrul\.m2\repository\io\opentelemetry\opentelemetry-context\1.26.0\opentelemetry-context-1.26.0.jar;C:\Users\Ertuğrul\.m2\repository\io\opentelemetry\opentelemetry-exporter-logging\1.26.0\opentelemetry-exporter-logging-1.26.0.jar;C:\Users\Ertuğrul\.m2\repository\io\opentelemetry\opentelemetry-sdk-metrics\1.26.0\opentelemetry-sdk-metrics-1.26.0.jar;C:\Users\Ertuğrul\.m2\repository\io\opentelemetry\opentelemetry-extension-incubator\1.26.0-alpha\opentelemetry-extension-incubator-1.26.0-alpha.jar;C:\Users\Ertuğrul\.m2\repository\io\opentelemetry\opentelemetry-sdk-logs\1.26.0-alpha\opentelemetry-sdk-logs-1.26.0-alpha.jar;C:\Users\Ertuğrul\.m2\repository\io\opentelemetry\opentelemetry-api-logs\1.26.0-alpha\opentelemetry-api-logs-1.26.0-alpha.jar;C:\Users\Ertuğrul\.m2\repository\io\opentelemetry\opentelemetry-api-events\1.26.0-alpha\opentelemetry-api-events-1.26.0-alpha.jar;C:\Users\Ertuğrul\.m2\repository\io\opentelemetry\opentelemetry-sdk-common\1.26.0\opentelemetry-sdk-common-1.26.0.jar;C:\Users\Ertuğrul\.m2\repository\io\opentelemetry\opentelemetry-sdk-extension-autoconfigure-spi\1.26.0\opentelemetry-sdk-extension-autoconfigure-spi-1.26.0.jar;C:\Users\Ertuğrul\.m2\repository\io\opentelemetry\opentelemetry-sdk-extension-autoconfigure\1.26.0-alpha\opentelemetry-sdk-extension-autoconfigure-1.26.0-alpha.jar;C:\Users\Ertuğrul\.m2\repository\io\opentelemetry\opentelemetry-sdk-trace\1.26.0\opentelemetry-sdk-trace-1.26.0.jar;C:\Users\Ertuğrul\.m2\repository\io\opentelemetry\opentelemetry-sdk\1.26.0\opentelemetry-sdk-1.26.0.jar;C:\Users\Ertuğrul\.m2\repository\io\opentelemetry\opentelemetry-semconv\1.26.0-alpha\opentelemetry-semconv-1.26.0-alpha.jar;C:\Users\Ertuğrul\.m2\repository\net\bytebuddy\byte-buddy\1.14.4\byte-buddy-1.14.4.jar;C:\Users\Ertuğrul\.m2\repository\org\apache\commons\commons-exec\1.3\commons-exec-1.3.jar;C:\Users\Ertuğrul\.m2\repository\org\asynchttpclient\async-http-client\2.12.3\async-http-client-2.12.3.jar;C:\Users\Ertuğrul\.m2\repository\org\asynchttpclient\async-http-client-netty-utils\2.12.3\async-http-client-netty-utils-2.12.3.jar;C:\Users\Ertuğrul\.m2\repository\io\netty\netty-codec-socks\4.1.60.Final\netty-codec-socks-4.1.60.Final.jar;C:\Users\Ertuğrul\.m2\repository\io\netty\netty-handler-proxy\4.1.60.Final\netty-handler-proxy-4.1.60.Final.jar;C:\Users\Ertuğrul\.m2\repository\io\netty\netty-transport-native-epoll\4.1.60.Final\netty-transport-native-epoll-4.1.60.Final-linux-x86_64.jar;C:\Users\Ertuğrul\.m2\repository\io\netty\netty-transport-native-kqueue\4.1.60.Final\netty-transport-native-kqueue-4.1.60.Final-osx-x86_64.jar;C:\Users\Ertuğrul\.m2\repository\org\reactivestreams\reactive-streams\1.0.3\reactive-streams-1.0.3.jar;C:\Users\Ertuğrul\.m2\repository\com\typesafe\netty\netty-reactive-streams\2.0.4\netty-reactive-streams-2.0.4.jar;C:\Users\Ertuğrul\.m2\repository\com\sun\activation\jakarta.activation\1.2.2\jakarta.activation-1.2.2.jar;C:\Users\Ertuğrul\.m2\repository\org\seleniumhq\selenium\selenium-safari-driver\4.11.0\selenium-safari-driver-4.11.0.jar;C:\Users\Ertuğrul\.m2\repository\org\seleniumhq\selenium\selenium-support\4.11.0\selenium-support-4.11.0.jar;"/>
    <property name="sun.cpu.endian" value="little"/>
    <property name="user.home" value="C:\Users\Ertuğrul"/>
    <property name="user.language" value="tr"/>
    <property name="java.specification.vendor" value="Oracle Corporation"/>
    <property name="java.version.date" value="2022-04-19"/>
    <property name="java.home" value="C:\Program Files\Java\jdk-11.0.15"/>
    <property name="file.separator" value="\"/>
    <property name="basedir" value="C:\Users\Ertuğrul\IdeaProjects\Members_Panel"/>
    <property name="java.vm.compressedOopsMode" value="Zero based"/>
    <property name="line.separator" value="&#10;"/>
    <property name="java.specification.name" value="Java Platform API Specification"/>
    <property name="java.vm.specification.vendor" value="Oracle Corporation"/>
    <property name="java.awt.graphicsenv" value="sun.awt.Win32GraphicsEnvironment"/>
    <property name="surefire.real.class.path" value="C:\Users\Ertuğrul\AppData\Local\Temp\surefire15161911411225503979\surefirebooter15135516179174264588.jar"/>
    <property name="user.script" value=""/>
    <property name="sun.management.compiler" value="HotSpot 64-Bit Tiered Compilers"/>
    <property name="java.runtime.version" value="11.0.15+8-LTS-149"/>
    <property name="user.name" value="Ertuğrul"/>
    <property name="path.separator" value=";"/>
    <property name="os.version" value="10.0"/>
    <property name="java.runtime.name" value="Java(TM) SE Runtime Environment"/>
    <property name="file.encoding" value="UTF-8"/>
    <property name="java.vm.name" value="Java HotSpot(TM) 64-Bit Server VM"/>
    <property name="java.vendor.version" value="18.9"/>
    <property name="localRepository" value="C:\Users\Ertuğrul\.m2\repository"/>
    <property name="java.vendor.url.bug" value="https://bugreport.java.com/bugreport/"/>
    <property name="java.io.tmpdir" value="C:\Users\ERTURU~1\AppData\Local\Temp\"/>
    <property name="java.version" value="11.0.15"/>
    <property name="user.dir" value="C:\Users\Ertuğrul\IdeaProjects\Members_Panel"/>
    <property name="os.arch" value="amd64"/>
    <property name="java.vm.specification.name" value="Java Virtual Machine Specification"/>
    <property name="java.awt.printerjob" value="sun.awt.windows.WPrinterJob"/>
    <property name="sun.os.patch.level" value=""/>
    <property name="java.library.path" value="C:\Program Files\Java\jdk-11.0.15\bin;C:\WINDOWS\Sun\Java\bin;C:\WINDOWS\system32;C:\WINDOWS;C:\Program Files\Git\mingw64\bin;C:\Program Files\Git\usr\bin;C:\Users\Ertuğrul\bin;C:\Program Files\nodejs;C:\apache-maven-3.9.1\bin;C:\Program Files\Java\jdk-11.0.15\bin;C:\Program Files\Git\cmd;C:\Users\Ertuğrul\AppData\Local\Programs\Python\Python311\Scripts;C:\Users\Ertuğrul\AppData\Local\Programs\Python\Python311;C:\Users\Ertuğrul\AppData\Local\Microsoft\WindowsApps;C:\Program Files\Java\jdk-11.0.15\bin;C:\Users\Ertuğrul\AppData\Local\Programs\Microsoft VS Code\bin;C:\ProgramData\Ertuğrul\GitHubDesktop\bin;C:\Users\Ertuğrul\AppData\Local\GitHubDesktop\bin;C:\Users\Ertuğrul\AppData\Roaming\npm;C:\Program Files\Git\cmd;."/>
    <property name="java.vendor" value="Oracle Corporation"/>
    <property name="java.vm.info" value="mixed mode"/>
    <property name="java.vm.version" value="11.0.15+8-LTS-149"/>
    <property name="sun.io.unicode.encoding" value="UnicodeLittle"/>
    <property name="java.class.version" value="55.0"/>
  </properties>
  <testcase name="TC48" classname="Ekitaplar Page" time="19.271">
    <system-out><![CDATA[Amazon'da Yol Haritası E-Kitabı
Amazon Eğitimi E-Kitabı
A'dan Z'ye Trendyol Eğitimi E-Kitabı
Etsy Hesap Kuralları Rehberi
]]></system-out>
    <system-err><![CDATA[Ağu 29, 2023 10:25:56 ÖÖ org.openqa.selenium.devtools.CdpVersionFinder findNearestMatch
WARNING: Unable to find an exact match for CDP version 116, so returning the closest version found: 115
]]></system-err>
  </testcase>
  <testcase name="TC49" classname="Ekitaplar Page" time="20.84">
    <system-out><![CDATA[Dosya içeriği: AMAZON’DA SATIŞ YOL HARİTASI 
1. Türkiye’de ve Dünya’da E-Ticaret Nereye Gidiyor? 
2. Elektronik Ticaret (E-Ticaret) ve Geleneksel Ticaret 
3. E-Ticaret Pazar Yerlerinde mi Yoksa Kendi Web Sitenizde mi Satış 
Yapmak Daha Mantıklı? 
4. Neden Amazon’da Satış Yapmalısınız? 
5. Amazon’da Yapılabilecek İş Modelleri (Amazon FBA-Private Label, 
Online-Retail Arbitraj, Dropshipping, Wholesale, Merch by Amazon, 
Amazon Affiliate, Kitap Satışı) 
6. Amazon FBA Nedir? Nasıl Yapılır? Private Label Yol Haritası 
7. Amazon Türkiye’de Nasıl Satıcı Hesabı Açılır? 
8. Amazon Amerika Satıcı Hesabı Açılışı Nasıl Yapılır? 
9. Amazon FBA Bütçe Planlama — Ne Kadar Bütçe ile Başlamalısınız? 
10. Amazon’da Satış Yaparken Bilmeniz Gereken Önemli Terimler 
11. Amazon FBA Private Label Nasıl Ürün Seçmeliyiz? 
12. Amazon FBA Ürün Araştırma-Analiz Programları 
13. Amazon FBA Private Label Ürün Analizi Nasıl Yapılır? 
14. Türkiye mi Çin mi? Amazon’da Satmak için Hangi Ülkeden Ürün 
Tedarik Etmeliyim? 
15. Amazon FBA Marka Tescili Önemi (Trademark — Brand Registry) 
16. Amazon FBA-Online & Retail Arbitraj-Wholesale Nedir? Nasıl 
Yapılır? 
17. Amazon Retail Arbitraj ve Wholesale Yol Haritası 
 
Türkiye’de ve Dünya’da E-Ticaret 
Nereye Gidiyor? 
 
Arkadaşlar merhaba, şimdi sizlere Dünya’daki ve Türkiye’deki E-ticaret’in nereye gittiğini 
anlatacağım. Öncelikle Türkiye ile başlayalım. 
• Türkiye’de E-Ticaret 
Türkiye’de E-Ticaret sektörü Bilişim Sanayicileri Derneği’nin (TÜBİSAD) yıllık “Türkiye’de e-
Ticaret 2019 Pazar Büyüklüğü” raporuna göre, 2018 yılında %42 oranında büyüyerek 59,9 
milyar liralık hacme, 2019 yılında yüzde 39 büyüme ile 83,1 milyar liralık hacme ulaştı. 2015–
2019 yılları arasında sektörün ortalama yıllık büyüme hızı ise yüzde 35 oldu. 
 
 
 
 
 
Türkiye’de 2 bin 85 tüketicinin katılımıyla gerçekleştirilen bir çalışmaya göre, e-ticaret 
kullanıcıları en çok giyim, elektronik, yemek siparişi, seyahat/konaklama ve kitap kategorilerinde 
işlem gerçekleştirmektedir. 
 
Türkiye’de E-Ticaret ile ilgili Bilişim Sanayicileri Derneği’nin (TÜBİSAD) yıllık “Türkiye’de e-
Ticaret 2019 Pazar Büyüklüğü” raporundaki verileri sizlerle paylaştım. Sizin de gördüğünüz 
gibi e-ticaret pazar payı ciddi şekilde büyümektedir. 
Ayrıca 2020 yılında Covid-19 pandemisinden dolayı insanlar eve kapanmak zorunda kaldı. Daha 
önce hiç internetten sipariş vermemiş binlerce insan ilk defa internetten ürün aldı. 
Covid-19 pandemisi yayılmaya başladığında (2020 Mart ayında) Türkiye’nin en çok ziyaret 
edilen e-ticaret pazar yeri olan Trendyol’un aylık ziyaretçi sayısı 77 milyon iken, 2020 Temmuz 
ayında 140 milyon aylık ziyaretçi sayısına ulaştı. 
 
• Dünya’da E-Ticaret 
Dünya çapında perakende e-ticaret satışları 2019 yılında 3.53 trilyon ABD dolarına ulaşmıştır. E-
perakende gelirlerinin 2022 yılında 6.54 trilyon ABD dolarına yükselmesi öngörülmektedir. 
 
Dünya’nın en büyük e-ticaret pazar yeri olan Amazon 2020 yılında Covid-19 pandemisinden 
dolayı bir anda artan satışlara yetişemediğinden dolayı yaklaşık 175.000 yeni eleman almak 
zorunda kaldı. 
Covid-19 pandemisi yayılmaya başladığında (2020 Şubat — Mart ayında) Amazon.com’un aylık 
ziyaretçi sayısı 2.1 milyar iken, 2020 Temmuz ayında 2.6 milyar aylık ziyaretçi sayısına ulaştı. 
 
 
 
 
Elektronik Ticaret (E-Ticaret) ve 
Geleneksel Ticaret 
 
Şimdi de sizlere e-ticaret ile geleneksel ticaret arasındaki farklardan ve hangisinin daha avantajlı 
olduğundan bahsedeceğim. 
Öncelikle e-ticaretin geleneksel ticarete oranla başlangıç maliyeti daha az. Geleneksel 
ticarette bir mağaza açıp fiziki olarak dükkan kiralamanız gerekmekte. Dolayısıyla hiç bir satış 
yapmasanız bile kirayı vermeniz gerekmekte. Covid-19 pandemisi Türkiye’de yayılmaya 
başladığında hepimizin takip ettiği üzere bir çok mağaza kapandı. Ancak satış yapmasalarda aylık 
dükkan kiralarını vermek zorunda kaldılar. 
E-ticaret’te bu durum daha farklı. Türkiye’deki Pazar yerlerinde mağaza açtığınızda aylık 
olarak kira vermiyorsunuz. Sadece Amazon aylık olarak 40 dolar alıyor. Herhangi bir dükkan 
kiralasanız aylık olarak 3000–5000 TL vermeniz gerekiyor. E-ticaret’te bu şekilde bir dükkan 
kirası olmadığı için masraflar daha azalmış oluyor. 
Ayrıca fiziki bir mağaza açtığınızda iş gücü de gerekli olacak. En az kasada duracak birisi, 
satış için birisi, depo için birisi olması gerekecek. Yani en az 3 kişiye maaş vermeniz gerekecek. 
Ancak e-ticaret’te fiziki olarak bulunmanız gereken bir iş yeri olmadığı için sadece bir kişi ile 
başlayabilir ve çoğunlukla bilgisayar ile işlerinizi halledebilirsiniz. 
Fiziki bir mağaza açtığınızda dükkanınızın içini tamamen ürünlerle doldurmanız 
gerekmekte. Örneğin bir giyim mağazası açtığınızı varsayalım. Her üründen bir çok renk ve 
boyutta alıp mağazanıza koymanız gerekmekte. Aksi takdirde insanlar geldiğinde bir çok çeşit 
görmezse hiç bir şey almadan geri çıkacaklardır. Ancak e-ticaret’te pazar yerlerinde zaten binlerce 
ürün var. Sadece bir çeşit ürünü bile koyarak ticarete başlayabilirsiniz. Bu da ciddi bir maliyetten 
sizi kurtarıyor. Fiziki bir mağazayı doldurmaya çalışsanız 50–100 bin TL ile ancak yapabilirsiniz. 
E-Ticaret’te çok daha az bütçe ile başlayabilirsiniz 
E-Ticaret’in bir diğer avantajı da zaman kısıtının olmaması. E-ticaret sitenizi veya n11, 
Gittigidiyor, Hepsiburada, Trendyol, Amazon gibi pazar yerlerinde mağaza açtınız. Fiziki 
mağazada olduğu gibi sabah gidip mağazanızı açmanıza gerek yok, e-ticarette mağazanız 7–24 
açık. İnsanlar gece bile sizden ürün alabilirler. E-ticaret sayesinde uyurken bile para kazanma 
şansını elde etmiş oluyorsunuz. 
 
E-Ticaret’in en önemli avantajlarından birisi de mekan sınırı olmaması. Normalde bir fiziki 
mağaza açtığınızda sadece o bölgedeki insanlar sizin müşteriniz olacaktır. Bulunduğunuz ilçeden 
başka insanlar sizin ne sattığınızı bilemeyecekler. E-ticaret’te hangi ilde olursanız olun, bütün 
Türkiye, hatta bütün Dünya sizin ürünlerinizi görebilecek. Trendyol’da ürün satıyorsanız 
Iğdır’dan müşteriniz olabilir, aynı zamanda Tekirdağ’dan da olabilir. Amazon’da mağazanız varsa 
Amerika veya Avrupa’dan da müşteriniz olabilir. 
E-Ticaret’te milyonlarca kişiye ulaşabilirsiniz. Bir ilçede mağaza açsanız aylık olarak ortalama 
1000–3000 kişi gelir, eğer AVM de mağaza açsanız aylık 10.000 kişi potansiyele ulaşabilirsiniz. 
Ama Amazon’da bir mağaza açsanız amazon.com aylık ziyaretçi sayısı 2.6 milyar, Türkiye’nin en 
büyük pazar yeri olan trendyol aylık ziyaretçi sayısı 140 milyon. Pazar yerlerinde mağaza 
açtığınızda milyonlarca kişiye ulaşabilirsiniz. 
 
 
 
Evet e-ticaretin geleneksel ticarete oranla ne kadar avantajlı olduğundan bahsettik. İnsanlar artık 
internetten alışverişe ciddi şekilde alıştı. E-ticaret hacmi sürekli artmakta. Covid-19 pandemisi de 
bu artışı tetikledi ve artık insanlar market alışverişini bile internetten yapmaya başladı. 
Ben kesinlikle E-Ticaret’e başlamanızı tavsiye ederim. Kendi işinizi kurmak ve mekandan 
bağımsız şekilde istediğiniz yerden bilgisayarınız ile çalışmak istiyorsanız, e-ticaret en güzel iş 
modellerinden birisi. 
Hali hazırda bir fiziki mağazanız varsa e-ticarete kesinlikle girmelisiniz. Türkiye’de satışlarınız en 
az 3 kat artacak, eğer Amazon’da mağaza açarsanız satışlarınız en az 10 kat artacaktır. 
 
2018 yılında 13.41 trilyon dolarlık GSMH’ya sahip olan Çin, 634 milyar dolarlık B2C e-ticaret 
pazar büyüklüğü ile dünyada lider konumda olurken, Amerika Birleşik Devletleri’nin GSMH’sı 
20,49 trilyon dolar ve B2C e-ticaret pazar büyüklüğü 504 milyar dolara ulaşmıştır. 
B2C e-ticaret pazarında en büyük üç ülkenin pazar büyüklüklerinin toplamı, küresel e-ticaret 
pazarının çoğunluğunu oluşturmaktadır. Global olarak 2019 yılı itibarıyla yaklaşık olarak 3,5 
trilyon ABD Dolarına erişeceği öngörülen pazarın ilk beş oyuncusu 2018 yılı öngörülen 
sonuçlarına göre sırayla: Çin (634 milyar ABD doları), Amerika (504 milyar ABD doları), 
Japonya (123 milyar ABD doları), Birleşik Krallık (103 milyar ABD doları) ve Almanya’dır (70 
milyar ABD doları). 
 
Evet Dünya’da ve Türkiye’de E-Ticaret ciddi seviyede artıyor ve daha da artacak gibi görünüyor. 
Yavaş yavaş geleneksel ticaretin hacmi azalıyor. 
 
 
 
 
 
E-Ticaret Pazar Yerlerinde mi Yoksa 
Kendi Web Sitenizde mi Satış Yapmak 
Daha Mantıklı? 
 
Arkadaşlar daha önceki yazılarda Dünya’daki ve Türkiye’deki E-ticaretin nasıl bir hacme 
ulaştığını anlatmıştım. Şimdi E-ticaret yapmaya karar verdiğiniz durumda nasıl ilerleyeceğinizi 
anlatacağım. 
İnternetten satış yapabilmeniz için tabi ki bir internet siteniz olmalı. Kendi E-ticaret sitenizi 
kurarak veya ciddi trafiği olan Amazon, Trendyol gibi pazar yerlerinde satış yapabilirsiniz. Şimdi 
kendi sitenizde satış yapmak ile Amazon, Trendyol, N11, Gittigidiyor, Hepsiburada gibi pazar 
yerlerinde satış yapmanın avantaj ve dezavantajlarından bahsedeceğim. 
• Pazar Yerlerinin Aylık Ziyaretçi Sayısı Çok Daha Fazla 
Öncelikle kendi e-ticaret sitenizde satış yapmak ile pazar yerlerinde satış yapmayı kendi ilçenizde 
bir fiziki mağaza açmak ile AVM de bir mağaza açmaya benzetebilirsiniz. Bir ilçede mağazanız 
olduğunu düşünelim, günlük gelecek ziyaretçi sayınız en fazla 100–200 olacaktır. Ama bir 
AVM’de mağaza açsanız günlük olarak 5.000–10.000 kişi gelecektir. 
Aynı şekilde kendi e-ticaret sitenizin trafiği çok az olacaktır, ancak Trendyol ve Amazon gibi 
pazar yerlerinde AVM’ler gibi ciddi bir müşteri trafiği olacaktır. Dünya’nın en büyük pazar yeri 
olan Amazon.com’un aylık ziyaretçi sayısı 2.6 milyar, Türkiye’nin en büyük pazar yeri olan 
Trendyol’un aylık ziyaretçi sayısı 140 milyon. Kendi e-ticaret sitenizde bu rakamlara ulaşmanız 
çok zor olacaktır. 
• Müşteri Gözünde Pazar Yerleri Daha Güvenilir 
İnternetten alış veriş yapan insanların en çok önem verdiği konuların başında güvenlik geliyor. 
İnsanlar internetten alışverişte kredi kartı ve kimlik bilgilerini kullanacakları için en güvendikleri 
sitelerden alışveriş yapmaya daha yatkın oluyorlar. Pazar yerleri güvenlik bölümlerine daha fazla 
yatırım yaptıkları için insanlar internetten alışverişte pazar yerlerini daha fazla tercih ediyorlar. 
• Ürün İade, İptal ve Para İadesi Koşulları 
Kredi kartı bilgilerinin dışında ürün ile ilgili yaşanılan sıkıntılarda da insanlar internet sitesine 
güvenmek istiyorlar. Pazar yerleri bu konuda tamamen müşteriyi koruyan bir yol izledikleri ve 
müşteriler 1–2 ay içinde ürünü iade edip parasını alabileceklerini bildikleri için pazar yerlerini 
daha fazla tercih ediyorlar. İnsanlar daha önce ismini duymadıkları bir internet sitesinden ürün 
aldıklarında gelip gelmeyeceği hakkında şüphe duyuyorlar ve herhangi bir sorunda probleminin 
çözülemeyeceğini düşünüyorlar. Pazar yerleri burada garantör olduğu için daha fazla güven 
sağlıyor. 
• Pazar Yerlerinde Ürünü Geç Gönderme Yok 
İnternetten satışta en önemli konulardan bir taneside kargo konusu. İnsanlar ürünleri aldıklarında 
hemen gelmesini ister. Pazar Yerleri bu konuya ciddi yatırımlar yapıyor. Örneğin Amazon’da 
FBA sistemi olduğu için ürünler zaten Amazon’un deposundadır. Satış olduğunda Amazon 
ürünleri kendisi 2 gün içinde kesinlikle ulaştırıyor. Türkiye’de de Trendyol ve Hepsiburada kendi 
kargo sistemlerini bu şekilde kuruyor, müşterilere en hızlı ve güvenilir şekilde ürünleri 
göndermek için yatırım yapıyor. Ayrıca ürünü geç kargoya veren satıcıya çeşitli yaptırım 
uyguluyor. 
Ama kendi internet sitenizde satıyorsanız yerel kargo şirketleri ile çalışmanız gerekiyor. Birçok 
kargo şirketinin de kötü çalıştığını söylesek yalan olmaz herhalde. 
Ürün almak isteyen müşteriler de ürünlerinin hızlı ve hasarsız geleceğine inandıkları internet 
sitelerinde alışveriş yapmaya daha yatkın oluyorlar. 
 
• Pazar Yerlerinde Komisyon Uygulaması Var 
Pazar yerleri yüksek müşteri trafiğine sahip ancak bu trafiğe ulaşmak için ciddi reklam yapıyor. 
Bu şekilde yatırım yapabilmek için bir kazanç sağlamaları gerekiyor. Pazar yerlerinin en önemli 
gelir kaynağı her satıştan aldıkları komisyonlardır. Tabi ki her pazar yerinde ve her kategoride bu 
oran değişiklik göstermekte. 
Kendi sitenizde satış yaparsanız pazar yerlerinin aksine satıştan komisyon vermezsiniz. Ama 
müşteri çekmek için çeşitli reklam kampanyaları yapmanız gerekmekte. Müşteri çekme maliyeti 
oldukça yüksek seviye de olduğu için pazar yerlerinde komisyon ödemek daha makul hale 
geliyor. 
Ayrıca pazar yerleri size teknik altyapıyı da ücretsiz sağlıyor. Kendi web sitenizde bu ücretleri 
sizin karşılamanız gerekiyor. 
• Pazar Yerlerinde Kendi Sitenize Oranla Dönüşüm Oranları Daha Yüksek 
Dönüşüm oranı ürün sayfanıza girenlerin ürünü alma oranı anlamına gelmektedir. Yani ürün 
sayfanıza 100 kişi girmişse ve 10 kişi ürünü almışsa dönüşüm oranı %10 dur. 
Pazar yerleri müşteri gözünde daha güvenilir olduğu için dönüşüm oranları kendi sitenize oranla 
daha yüksek. Kendi web sitenizde dönüşüm oranlarınız % 2–3 civarında olacaktır. Ama pazar 
yerlerinde bu rakam ortalama % 5–10 arası olacaktır. Hatta ürün sayfanız iyiyse % 20 - 30 lara 
kadar çıkacaktır. 
• Pazar Yerleri Promosyon ve Reklam Kampanyalarını Kendi Yapıyor 
Kendi web sitenize trafik çekmek gerçekten maliyetli. Pazar yerleri bu maliyete katlanarak ciddi 
reklam kampanyaları yapıyorlar. Pazar yerlerinde satış yaparken ekstra reklam ve promosyon 
kampanyası yapmanıza gerek kalmıyor. Tabi ki bu kampanyaları yaptıkları için komisyonlar 
alıyorlar. 
• Pazar Yerlerinde Kontrol Sizde Değil 
Kendi web sitenizden satış yaparken istediğiniz düzenlemeyi istediğiniz zaman yapabilirsiniz. 
Ancak pazar yerlerinde kontrol tamamen sizde değil. Ürünlerinizi yüklediğinizde önce pazar yeri 
ürünlerinizi kontrol ediyor, platforma uygun olmayan durumlarda değişiklik yapmanızı istiyor. 
Herhangi bir problem durumunda pazar yerleri sizin mağazanızı kapatabiliyor veya size ceza 
kesebiliyor. 
• Pazar Yerlerinde Ödemeler Çok Geç 
Kendi web sitenizde satış yaparken paranızı hızlı şekilde alabiliyorsunuz. Bu da sizin nakit 
akışınızı düzgün kontrol etmenizi sağlıyor. Ama pazar yerlerinde ödemeler geç olabiliyor. 
Örneğin Amazon, n11, Gittigidiyor gibi pazar yerleri 12–15 gün sonra paranızı yatırıyor. 
Hepsiburada, Trendyol gibi pazar yerleri 30–45 gün sonra ödemenizi yapıyor. 
• Pazar Yerlerinde Müşterileri Tekrar Hedeflemek ve Müşteri ile İletişim Kurmak 
Zor 
Pazar yerleri müşterilerle iletişim kurmanızı istemiyor. Bu yüzden sizden bir kez ürün alan 
müşteriyi tekrar hedeflemek zor oluyor. 
Kendi web sitenizde satış yaparken müşterileriniz ile kolaylıkla iletişim kurabilir ve onları tekrar 
hedefleyerek daha fazla satış yapabilirsiniz. 
• Pazar Yerlerinde Mağaza Açma Ücreti Yok 
Pazar yerleri sizin için teknik altyapıyı ücretsiz şekilde sağlamaktadır. Çoğu pazar yerinde mağaza 
açmak ücretsiz. Kendi internet sitenizi kurduğunuzda web sitenizin maliyetlerine, ödeme 
altyapılarına para harcamak zorunda kalacaksınız. 
Peki Nasıl İlerlemeniz Daha Mantıklı? Önce Pazar Yerlerinde mi Yoksa Kendi Web 
Sitenizde mi Satış Yapmalısınız? 
Benim size tavsiyem her ikisini de yapmanız. İlk başlarda pazar yerlerine odaklanın, çünkü sizin 
internet siteniz ve markanız tanınmıyor olacaktır. Pazar yerlerinin trafiğini kullanarak hızlıca 
satışa başlayabilirsiniz. Ama sonrasında artık web sitenize ağırlık verip müşterilerinizi kendi 
sitenize yönlendirin. Başlangıçta pazar yerleri satışlarınız fazla olacaktır ama bilinirlik arttıktan 
sonra uzun soluklu olarak kendi siteniz daha iyi sonuçlar verecektir. Tabi ki kendi sitenizi ve 
markanızı tanıtmak için sosyal medyayı çok iyi bir şekilde kullanmalısınız. 
 
Neden Amazon’da Satış Yapmalısınız? 
 
 
Amazon Dünya’nın en büyük ve en değerli şirketi, aynı zamanda Dünya’nın en büyük e-ticaret 
pazar yeridir. Amazon sadece bir e-ticaret pazar yeri değil, aynı zamanda teknoloji alanında bir 
çok şirketten oluşmaktadır. Bundan dolayı Dünya’nın en değerli şirketi olmayı başarmıştır. 
Peki Amazon bu işi nasıl başardı? Nasıl kuruldu? Nasıl Büyüdü? 
Amazon 1994 yılında Jeff Bezos tarafından Amerika Birleşik Devletlerinde kuruldu. 1997 yılında 
halka açılan bir şirket haline geldi. Başlangıçta sadece kitap satan bir e-ticaret şirketiydi ama 1998 
de bir adım öne giderek müzik ve film de satmaya başladı. 1999 yılında ise oyuncak da satmaya 
başladı. 2002 yılında ise tekstil ürünleri de eklendi. 2007 yılına gelindiğinde e-kitap okumak için 
üretilen kindle satılmaya başlandı. 
Evet Amazon sadece bir e-ticaret şirketi değil, 2008 yılından itibaren yaptığı yatırımlar sayesinde 
işte bugünkü değerini elde etti. 2008 yılında 300 milyon dolara Audible ismindeki şirketi satın 
aldı. Bu satın alma sayesinde dijital kitap pazarında ciddi bir yere geldi. 2009 yılında ise 1.2 
milyar dolar harcayarak Zappos isimli ayakkabı şirketini satın aldı. 2012 yılında Amazon Kiva 
isminde bir robot şirketi satın aldı. 2013 yılında ise 250 milyon dolara The Washington Post 
şirketini satın aldı. İşte bu şekilde daha ismini saymadığım bir çok şirketi daha bünyesine kattı ve 
şimdi Dünya’nın en değerli şirketi haline geldi. 
 
Şimdi gelin Amazon ile ilgili bazı istatistiklerden bahsedelim 
• Amazon’da şu anda 840.000 çalışan bulunmakta ve yıl sonuna kadar 1 milyonu aşması 
bekleniyor. Amazon Covid-19 dolayısıyla satışların ciddi artışı karşısında yaklaşık 
100.000 kişiyi işe aldı. 
• 2019 yılında Amazon’un cirosu 280 milyar dolar oldu. 
 
• 2020 yılında Amazon’un cirosunun 348 milyar dolar olması bekleniyor. 
• 2022 yılında Amazon’un cirosunun 500 milyar dolar olması bekleniyor. 
• 2023 yılında ciro tahmini ise Türkiye’nin milli gelirinden daha fazla olması bekleniyor. 
Düşünün biz 85 milyonluk bir ülkeyiz ve 2023 yılında Amazon Türkiye’nin milli 
gelirinden daha fazla ciroya sahip olacak. 
• Amazon şirketinin şu anda hisse fiyatı 3000 dolar civarında 
• Amazon’un şu an ki değeri 1.7 trilyon dolar 
• Türkiye’deki bütün şirketlerin toplam değeri 178 milyar dolar 
• Yani Amazon’un değeri Türkiye’deki bütün şirketlerin değerinden 8 kat fazla. 
Evet Amazon şirketinden genel olarak bahsettik, şimdi de biraz e-ticaret pazar yeri olarak 
Amazon’a odaklanalım 
Amazon Dünya’nın yaklaşık 20 ülkesinde pazar yeri platformu olarak yer almakta. En fazla trafik 
tabi ki Amerika ve Avrupa’da bulunmakta. Aşağıdaki resimde birçok ülkedeki aylık ziyaretçi 
sayılarını görebilirsiniz. 
 
Türkiye’deki pazar yerleri ile karşılaştırma yaptığımızda ne kadar fazla olduğunu anlayabilirsiniz. 
Amazon Amerika’nın aylık ziyaretçi sayısı yaklaşık 2.6 milyar iken, Türkiye’nin en büyük pazar 
yeri olan Trendyol aylık ziyaretçi sayısı 140 milyon civarındadır. 
 
Evet Amazon gerçekten ciddi bir potansiyele sahip. Eğer Türkiye’de e-ticaret yapıyorsanız bence 
hemen Amazon’a adım atmalısınız. Türkiye’deki günlük satışlarınızın en az 10 
katına ulaşabilirsiniz. Ayrıca Dolar veya Euro ile satış yapacağınız için ciddi ciro ve kar 
seviyelerine ulaşabilirsiniz. 
Eğer Türkiye’de üreticiyseniz, Amazon’da satış yapmak oldukça avantajlı hale geliyor. Türkiye iç 
piyasasında ürettiğiniz ürünlerin satışından elde ettiğiniz kar, Amazon’da yapacağınız satış 
neticesinde elde edeceğiniz karın çok altında kalacaktır. 
Tabi ki Amazon’da yoğun bir rekabet var. Ancak Türkiye kozmetik, ahşap, plastik, tekstil gibi 
bazı kategorilerde üretim kapasitesi olarak Dünya ile rekabet edecek seviyede. Ayrıca Türkiye 
lojistik olarak çok stratejik bir yerde. Biz Amazon Amerika’ya ürünlerimizi 5–7 gün içinde 
,Amazon Avrupa’ya 3–4 gün içinde gönderiyoruz. Aynı gönderileri Çin’den yaptığımızda 30–
40 gün sürmekte. Amazon’un algoritmasını iyi kavradığınızda bu rekabette kendinize fırsat 
yaratabilirsiniz. 
E- ihracat yapabilir, Türk lirasıyla ürettiğiniz ürünlerinizi satarak dolar ve euro kazanabilirsiniz. 
Ayrıca e-ihracat sayesinde dünyaca tanınan bir marka yaratabilirsiniz. 
Amazon’un en önemli avantajlarında bir taneside FBA ( Fulfillment by Amazon) sistemi. 
Amazon Dünya’nın bir çok ülkesinde 100'den fazla depoya sahip. FBA sistemi sayesinde 
ürünlerinizi Amazon’un depolarına gönderiyorsunuz, müşteriler ürünü sipariş ettiği zaman 
ürünleri Amazon kendisi hazırlayıp 2 gün içerisinde ulaştırıyor. Yani Amazon size depo ve 
hazırlama hizmeti sunuyor. Aynı zamanda müşteri hizmetleri ve iadeler ile Amazon ilgileniyor. 
Amazon olmadan Amerika’da veya Avrupa’da satış yapmak isterseniz, orada bir depoya ve 
ürünlerin satışa hazırlanması için iş gücüne ihtiyacınız olacaktır. Amazon bu hizmetleri sizin için 
çok daha az bir ücrete yapıyor. 
Türkiye’de e-ticaret yapanlar Amazon’da satış yapmaya başladığında, özellikle FBA modeli ile 
tanıştığında çok mutlu oluyorlar. Çünkü Türkiye’de e-ticaret yapan şirketlerin en büyük sorunu 
ürünleri her gün kargoya vermek ve yapılan iadeleri yönetmek. Amazon’un depolarına ürünleri 
gönderdiğinizde size sadece satış ile uğraşmak kalıyor. 
Amazon’da Yapılabilecek İş Modelleri 
(Amazon FBA-Private Label, Online-
Retail Arbitraj, Dropshipping, 
Wholesale, Merch by Amazon, Amazon 
Affiliate, Kitap Satışı) 
 
Biliyorsunuz Amazon Dünya’nın en değerli şirketi. Amazon’da her saniyede 4.722 dolar, her 
dakikada 283.000 dolar ve her saatte 17 milyon dolarlık satış gerçekleşmekte. Bu satışlardan siz 
de pay almak istiyor olabilirsiniz ama Amazon’da yapılabilecek bir çok iş modeli var. Kendiniz 
için en uygun iş modelini seçmeniz çok önemli. Şimdi sırayla iş modellerini tek tek ele alalım. 
 
1. Amazon FBA — Private Label İş Modeli 
Amazon’da yapabileceğiniz iş modelleri arasında en uzun soluklu ve en gelecek vadeden iş 
modeli Amazon FBA — Private Label iş modelidir. FBA (Fulfilment by Amazon) modeli kısaca 
sizin ürünlerinizi Amazon’un deposuna gönderdiğiniz, sipariş geldikçe ürünleri Amazon’un 
hazırladığı, müşterilere kendisinin götürdüğü, müşteriler ile ilişkiyi Amazon’un kurduğu ve iptal, 
iade gibi işlemlerle Amazon’un uğraştığı bir sistem. 
Amazon aslında e-ticarette bütün problemli işlerle kendisi uğraştığı için size FBA sisteminde 
sadece satışlarla uğraşmak kalıyor. Amazon’da kendi markanızı yaratıp başarılı satışlara 
ulaşabileceğiniz gerçekten uzun soluklu bir iş modeli. 
Amazon’da biliyorsunuz prime üyelik sistemi var ve şu an Amazon’da 100 milyondan fazla prime 
üye var, yıllık 100 dolar vererek 2 günde bütün ürünleri ücretsiz kargo olacak şekilde 
alabiliyorlar. Amazon’da prime üyeler yılda 1500 dolardan fazla alışveriş yapıyor. Siz FBA 
modeli ile satış yaptığınızda Amazon sizin ürünlerinizi prime etiketi ile gösteriyor ve diğer 
satıcılara nazaran daha önde gösteriyor. Amazon’da FBA modeli ile kendi markanızı satışın diğer 
modellere kıyasla ciddi avantajları var, detaylarını bir sonraki yazıda anlatacağım. 
2. Dropshipping (Stoksuz E-Ticaret) İş Modeli 
Dropshipping iş modeli kısaca stoksuz e-ticaret olarak tanımlayabileceğimiz ve Türkiye’de en çok 
bilinen Amazon iş modeli. Dropshipping iş modelinde siz ürünleri listeliyorsunuz, satış 
geldiğinde esas ürünü satandan alıp sizden alanın adresine gönderiyorsunuz. Çoğunlukla bu işi 
yapanlar Aliexpress’teki ürünleri Amazon’da listeliyor ve satıldıkça Aliexpress’den sipariş verip 
gönderiyorlar. Dropshipping iş modelini Amazon pazar yerleri arasında da yapanlar var. Örneğin 
Amazon Amerika’daki ürünleri Amazon Kanada’da listeliyorlar, satıldıkça Amazon Amerika’dan 
alıp esas alıcıya gönderiyorlar. Genel itibariyle stok tutmadan yapıldığı ve az sermaye ile 
başlanılabildiği için çok tercih edilen bir iş modeli ancak Dropshipping’in bir çok sıkıntılı tarafı 
var. 
Dropshipping iş modelinin en önemli problemi suspend konusu. Suspend Amazon’un hesabı 
askıya alması anlamına geliyor. Amazon satıcıların Dropshipping yapmasına hem izin veriyor 
hem de vermiyor. Aşağıdaki resimden Amazon’un Dropshipping ile ilgili politikasını 
öğrenebilirsiniz. 
 
Buradan anlaşılacağı üzere Amazon başka bir satıcıdan ürün alıp göndermenizi yasaklamış, ürün 
içinde sizin bilgilerinizin olmasını istiyor. Amazon’un izin verdiği dropshipping, tedarikçinizin 
sizin adınıza ürünleri müşterilere göndermesi şeklinde yapılandır. Dropshipping bu konudan 
dolayı kısa soluklu bir iş modeli ve her an hesabınız Amazon tarafından askıya alınabiliyor. 
Ayrıca ürünleri görmeden müşterilere göndermiş oluyorsunuz, bundan dolayı da bir çok problem 
ile karşılaşabilirsiniz. 
Peki Dropshipping yapılamaz mı? Tabi ki yapılabilir, ama dikkatli olmanız ve Amazon’un 
kurallarına uygun hareket ederek yapmanız gerekli. 
3. Retail-Online Arbitraj İş Modeli 
Arbitraj iş modeli aslında fiyat farklarından faydalanarak gelir elde etmek şeklinde 
tanımlayabiliriz. Arbitraj iş modelinde genelde mağazalardaki indirimlerden faydalanarak ürünleri 
alıp Amazon’da satarak gelir elde edebilirsiniz. Retail Arbitraj fiziki mağazalarda gezerek 
indirimli ürünler bulup satmak, Online Arbitraj ise online mağazalarda gezerek indirimli ürünler 
bulup satmak şeklinde yapılıyor. 
Aslında bu iş modeli sadece indirimli ürünler bulup satmak şeklinde yapılmıyor, örneğin bazı 
ülkelerde bazı markaların fiyatları daha uygun oluyor. Bu marka ürünleri orada alıp Amazon’da 
satarak da yapılabiliyor. Buna bir örnek olarak IKEA markasını verebiliriz. Türkiye’de IKEA da 
alacağınız bir ürün 30 TL iken Amerika Amazon’da aynı ürün 30 dolara satılıyor. 1 Dolar 7.5 TL 
olduğu için aradaki kur farkından ciddi kar elde edebiliyorsunuz. 
Arbitraj iş modelinin en büyük sıkıntısı da aynı ürünleri 20–30 satıcının aynı listeden satması ve 
fiyat kırarak birbirleri ile rekabet etmeleri. Bir diğer sıkıntısı da bu iş modelinde marka ürünlerin 
satışının yapılması ve Amazon’un bazen ürünler için fatura — yetki belgesi istemesi. 
4. Wholesale İş Modeli 
Wholesale iş modeli kısaca marka ürünleri üreticiden veya tedarikçiden toptan alıp Amazon’da 
satmak olarak tanımlayabiliriz. Diğer iş modelleriyle karşılaştırırsak daha kolay anlayabilirsiniz. 
Wholesale iş modeli ile en çok karıştırılan iş modeli retail arbitraj iş modeli. Çünkü ikiside hali 
hazırda marka ürünleri alıp satmak anlamına geliyor, fakat retail arbitraj modelinde ürünleri 
toptancıdan değilde bir perakende satış mağazasından alıyorsunuz, wholesale modelinde ise direk 
toptancıdan alıyorsunuz. Birisinde indirimli bulduğunuz 3–5 ürünü alıyorsunuz, diğerinde 
ürünleri az miktarda değilde toplu olarak alıyorsunuz. 
Aynı şekilde Private Label iş modelinde de toptan alıp satıyoruz, peki Wholesale ile Private 
Label arasındaki temel fark nedir? Wholesale iş modelinde marka ürünleri toplu olarak 
alıyorsunuz, Private Label iş modelinde ise kendi markanızı yarattığınız ürünleri toplu alarak 
satıyorsunuz. 
 
 
5. Amazon Affiliate (Satış Ortaklığı) İş modeli 
Amazon gibi bir çok şirket bu şekilde affiliate mantığı ile çalışıyor. Affiliate iş modelini satış 
ortaklığı olarak tanımlayabiliriz. Siz Amazon’a müşteri kazandırdıkça oluşan satış başına 
komisyon alıyorsunuz. Bunu ürün incelemesi yaptığınız bir Instagram hesabı veya bir Youtube 
kanalı açıp Amazon’daki ürünleri tanıtarak yapabilirsiniz. 
6. Merch by Amazon (T-shirt Satışı) İş Modeli 
Bu iş modeli de Amazon’un ortaya koyduğu güzel bir yöntem. Bu model ile siz t-shirt tasarımları 
yapıyorsunuz, sizin tasarımlarınızın olduğu t-shirt ler satıldıkça Amazon o tasarımları basıyor ve 
gönderiyor. Siz sadece tasarım yaparak para kazanabiliyorsunuz, üretim ve baskıyla Amazon 
uğraşıyor. 
7. Kitap Satışı İş Modeli 
Biliyorsunuz Amazon şirketi kitap satışı ile e-ticarete başladı ve hala ciddi seviyede normal ve 
dijital kitap satışı yapılmakta. Sizde Amazon’da ikinci el veya sıfır kitaplar satarak gelir elde 
edebilirsiniz. 
 
 
 
 
 
 
Amazon FBA Nedir? Nasıl Yapılır? 
Private Label Yol Haritası 
 
 
Adım adım Amazon’da yapılabilecek en uzun soluklu ve gelecek vadeden iş modeli olan Amazon 
FBA Private Label iş modelini nasıl yapabileceğinizi ve diğer iş modellerine göre avantajlarını 
öğrenmiş olacaksınız. İlk adım ile başlayalım. 
1. Adım — Amazon Hesabı Açma 
Amazon’da mağaza açma konusu önemli konulardan bir tanesi. Aslında bazen en önemli konu 
olabiliyor. Çünkü Amazon Dünya’nın en büyük pazar yeri ve binlerce satıcı Amazon’da hesap 
açmaya çalışıyor. Amazon’da doğal olarak her satıcıyı platformununa kabul etmiyor. Amazon 
hesap açarken sizi veya şirketinizi doğrulamak için bazı belgeler istiyor. Eğer Amazon’a 
girdiğiniz bilgiler ile gönderdiğiniz belgeler tutarsız ise hesabınız açılmayabiliyor. 
Amazon’da hesabınızı açtığınız da 1–2 gün içerisinde %95 ihtimalle suspend oluyor, yani 
Amazon hesabınızı askıya alıyor ve kredi kartı ekstresi ,fatura gibi doğrulayıcı belgeler istiyor. 
Amazon’daki isminiz ve adresiniz gönderdiğiniz belgelerdeki isminiz ve adresiniz ile noktasına 
kadar aynı ise 1–2 hafta içinde hesabınız açılıyor. Eğer bazı tutarsızlıklar var ise hesabınız 
açılmaz, bir daha aynı kişi veya şirket üzerine hesap açamazsınız. O yüzden hesap açmadan önce 
bütün süreci iyice öğrenin, belgeleri düzgünce hazırlayın. En ufak bir hata bile Amazon’da 
mağaza açamamanıza neden olacağı için diğer adımlar olan ürün bulma ve satış yapma aşamasına 
geçememiş olacaksınız. Bu da Amazon’da satış gibi harika bir fırsatı kaçırmanıza neden olacaktır. 
Size tavsiyem bu konudaki bütün video ve yazıları okuyun, doğru şekilde ilerlerseniz hesabınız 
kolaylıkla açılacaktır. Hesabınızı açtıktan sonra yol haritamızdaki 2.adıma geçebilirsiniz. 
2.Adım — Ürün Bulma ve Analizi 
Arkadaşlar ürün bulma aşaması en önemli aşamadır, eğer yanlış ürün bulursanız diğer aşamaları 
ne kadar iyi yaparsanız yapın başarılı bir satış gerçekleştiremezsiniz. 
Tabi ki bir çok ürün araştırma yöntemi var. Helium 10 ve Jungle Scout gibi ürün araştırma 
yazılımlarını kullanarak vaya manuel olarak Amazon sayfalarında gezerek ürün araştırabilirsiniz. 
Sizlere bir çok ürün araştırma yöntemi anlatacağım. Ama en önemli nokta sizin diğer satıcılardan 
farklı bir bakış açısı ile ürün araştırıyor olmanız. Herkesin ürün araştırdığı gibi aynı kriterler ile 
ürün araştırırsanız binlerce satıcı ile rekabet etmek zorunda kalırsınız. Biraz çemberin dışına çıkıp 
çok kimsenin bakmadığı ürünleri araştırmanız daha gelecek vadeden, kar marjı iyi olan ürünler 
bulmanızı sağlayacak. 
Benim size tavsiyem öncelikle 20–30 adet ürün fikri araştırın, sonrasında bulduğunuz ürün 
fikirlerini rekabet durumu, rakip sayısı, yorum sayısı, ürün satış sayısı, ürün-fiyat trendi gibi bazı 
kriterlere göre analiz edin. Detaylı analiz sonucunda 3–4 ürün fikrine kadar düşürün. Son olarak 
üreticilerden fiyat alarak kar marjınızı analiz edin. En iyi kar ettiğiniz 1 ürün ile başlayın. Tabi ki 
kaç ürünle başlayacağınız sizin bütçenize ve zamanınıza bağlı. Eğer bütçeniz varsa daha fazla 
ürünle de başlayabilirsiniz. 
3.Adım — Üretici ve Tedarikçi Bulma 
Evet bir önceki adımda ürün fikirlerinizi bulmuştunuz. Zaten net olarak bir ürüne karar vermeniz 
için tedarikçilerden fiyat alıp kar marjınızı hesaplamış olmanız gerekiyor. 
Tedarikçinizi Dünya’dan veya Türkiye’den bulabilirsiniz. Ben genel itibariyle Türkiye’den 
tedarikçi bulmanızı öneririm. Türkiye ahşap, plastik, kozmetik ve tekstil gibi bazı kategorilerde 
Dünya’daki tedarikçilerle rekabet edebilecek durumda. Doların artması dolayısıyla maliyetler 
ciddi seviyede düştüğü için fiyat konusunda Türk üreticiler Dünya ile kolay rekabet edebilir hale 
geldi. Ayrıca Türkiye lojistik açıdan çok harika bir yerde. Türkiye’den çok hızlı bir şekilde 
Amerika ve Avrupa’ya ürünlerinizi gönderebiliyorsunuz. 
Tabi ki Türkiye’nin yetersiz kaldığı elektronik gibi bazı kategoriler var. Bu kategorilerde satış 
yapmak istiyorsanız Dünya’dan tedarikçiler bulmanız gerekiyor. İlk akla gelen ve en büyük 
tedarikçi platformu olan Alibaba.com’u kullanarak özellikle Çinli tedarikçileri kolaylıkla 
bulabilirsiniz. Çinli tedarikçilerden Dünya’daki neredeyse bütün ürünleri temin edebilirsiniz. 
Ayrıca Amazon’da satış yapan binlerce müşterileri olduğu için anlaşmanız da kolay oluyor. 
Amazon’da satış ile ilgili bir çok konuyu Çinli üreticiler çok daha iyi bildikleri için çok hızlı bir 
şekilde ürün ürettirip direk Amazon’a gönderebilirsiniz. 
4.Adım — Ürün Listeleme 
Artık ürününüzü ve tedarikçinizi buldunuz, Amazon’da ürün sayfanızı oluşturmanız gerekiyor. 
Ürünler üretime başladığında listenizi oluşturmanız gerekli. Çünkü listenizi oluşturup kargo planı 
yapmalı ve Amazon’un vereceği barkodları tedarikçinize göndermelisiniz. 
Online satışta insanlar ürünleri fiziki olarak görüp dokunamadığı için sizin oluşturduğunuz 
sayfaya bakarak almaya karar veriyor. O yüzden harika bir ürün sayfasına sahip olmalısınız. 
Amazon’da ürün sayfanızda resimler çok güzel bir şekilde hazırlanmalı ve insanları almaya teşvik 
edecek kullanım alanları güzelce gösterilmeli. 
Resimlerden sonra en önemli konulardan bir tanesi de başlık kısmıdır. Başlığınızıda Amazon’da 
ürününüzle ilgili en çok aranan kelimeleri geçirerek oluşturmalısınız. Tabi ki ürün listelemesi 
yapmadan önce ürün ile ilgili detaylı bir kelime araştırması yapmanız lazım. 
Bu belirlediğiniz kelimeleri kullanarak ürünün ana özelliklerini başlığın hemen altında (Bullet 
Points) yazmalısınız. Ayrıca detaylı açıklamaları da ürün sayfasının en altında bulunan açıklama 
(Description) bölümünde yazmalısınız. 
İyi bir ürün sayfasına sahip olmadan satış aşamasına geçerseniz dönüşüm oranlarınız düşük 
olacaktır. Sayfanıza girenlerin ürünü alma oranı düşük olduğunda ise Amazon sizi önde 
göstermeyecek ve istediğiniz satışlara ulaşamayacaksınız. 
5.Adım — Satış Taktik ve Stratejileri 
Artık ürünler Amazon’a ulaştı ve listesi de hazır. Şimdi satış stratejilerini uygulama aşamasına 
geldiniz. Ürünü yeni ortaya çıkardığınız için bu sürece ürün lansmanı deniyor. Ürün lansmanı için 
bir çok yöntem var ama temel olarak iki tane yöntem var. Birinci yöntem giveaway yöntemi, 
ikincisi ise PPC reklamları yöntemi. 
Bizim genel olarak uyguladığımız ürün lansmanı yöntemi; 
• Öncelikle kelime analizi yapıp ilk sıralara geldiğimizde satış yapabileceğimiz kelimeleri 
belirlemek 
• Sonra bu kelimelerden en iyi fırsat olanda ürün fiyatını müşterilere geri ödeyerek bedava 
ürün dağıtmak (tam fiyat giveaway) 
• Giveaway sonrasında ürüne 5–6 yorum almak 
• Öncelikle Otomatik PPC (pay per click) reklamlarına başlamak 
• Reklam raporlarını incelemek ve kar edilen kelimeleri belirlemek 
• Manuel PPC kampanyaları yapmak 
• Sonrasında PPC kampanyalarını kar edilen kelimeleri devam ettirmek, zarar eden 
kelimeleri çıkarmak suretiyle optimize etmek 
Bu süreci uyguladığımızda lansman süreci bitmiş oluyor. Artık ürününüz düzenli olarak satıyor 
hale geliyor. Sonrasında satışların azalmaması için reklam kampanyalarını optimize ederek devam 
etmek gerekiyor. 
Tabi ki bu yöntemler bir çok faktöre göre değişiklik gösteriyor. Bu faktörlerden bir tanesi ürün 
fiyatı. Fiyatı yüksek bir üründe giveaway biraz zor olabiliyor, o yüzden bu tür ürünlerde direk 
PPC reklamları ile başlıyoruz. Satış taktik ve stratejilerinin detaylarını sonraki yazılarda 
anlatacağım. 
6. Adım — Markalaşma ve Dijital Pazarlama 
Ürün lansmanı bittiğinde artık ürününüz düzenli satışlara başlayacaktır. Bir süre daha reklam 
kampanyalarını yürüttüğünüzde artık ürün oturmuş olacaktır. İyi satışlara ulaştığınızda bir çok 
satıcı sizin listenize girip fiyat azaltıp satmaya çalışacaktır. Eğer markanız yoksa onlarla uğraşmak 
çok zor olacak ve satışlarınız çok azalacaktır. 
Private Label iş modelinde kendi markanızı yarattığınız için en önemli konulardan biri de 
şüphesiz marka tescilidir. Marka tescili sizi satışınıza ve listenize zarar vermek isteyen 
korsanlara karşı koruyacak tek şeydir. O yüzden marka tescilinizi ne kadar erken yaptırırsanız o 
kadar iyi. 
Satışlarınız oturduktan sonra artık marka bilinirliği artırmak amaçlı sosyal medya ve dijital 
pazarlamayı ciddi şekilde kullanmalısınız. Bu iş modelinde sadık müşteri kitlesi yaratmak çok 
önemlidir. Marka bilinirliğiniz arttıktan sonra artık satışlarınız ciddi şekilde artacak. Lansman gibi 
tanıtım maliyetleriniz azalacaktır. Örneğin markanıza bir Instagram hesabı açtınız ve binlerce 
takipçiniz oldu. Artık yeni ürün çıkardığınızda sadece takipçileriniz ile ürün lansmanınızı 
yapabiliyor olacaksınız. 
Evet son adımımız da bitti ve Amazon FBA Private Label yol haritanız kafanızda oturmuş oldu. 
Amazon Türkiye’de Nasıl Satıcı Hesabı 
Açılır? 
 
 
İş hayatında başarılı olmak, dünya pazarlarında yer almak ve çok para kazanmak her girişimcinin 
hayalidir. Özellikle son yıllarda artan değeri ve büyüklüğü ile E-ticaret yapmak bir çok 
girişimcinin hayali olmuştur. 
E-Ticaret dendiğinde ise dünyada akla gelen ilk şirket tabi ki girişimcilerin gıpta ile takip ettiği ve 
dünyanın en zengin insanı Jeff Bezos’un sahibi olduğu Amazon şirketidir. Amazon ile beraber 
Alibaba, Aliexpress, Etsy benzeri E-ticaret platformları ve B2B pazarları da aklımıza gelmektedir. 
İşte şimdi sizlere Amazon Amerika’da hesap açmanın ilk adımı olan Amazon Türkiye’de nasıl 
hesap açabileceğiniz ve hesap açarken nelere dikkat etmeniz gerektiğini anlatacağım. 
Amazon’da hesap açmak için size ilk tavsiyemiz hesap açılışı ile ilgili olan bütün gerekli bilgileri 
edinmeniz ve ufak bir eğitim almanızdır. Neden mi? Çünkü bilgisizce yapılacak küçük hatalar 
geri dönüşü olmayan büyük hatalara yol açacaktır.Bu kritik süreçte bilmeniz gerekli olan en 
önemli bilgiyi sizlere sunuyoruz. 
Amazon tarafından yapılan son güncellemeler ile Türk vatandaşları artık doğrudan Amazon.com 
üzerinden yani Amazon Amerika’da, şahıs olarak veya şirket olarak hesap açamamaktadır. Sebebi 
tam olarak bilinmemekle beraber sürecin devamlı mı olacağı yoksa tekrar düzeltme yapılıp 
yapılmayacağı konusunda yeterli bilgi için belirli bir süreç gerekmektedir. Ancak görünen o ki bu 
süreç artık bu şekilde devam edecektir. 
Bizim bu konu ile ilgili sizler için bir çözüm yolumuz var. İster şirket olun ister bireysel 
olarak yani şirket olmadan Amazon Amerika’da hesap açabiliyorsunuz. 
Amazon Amerika’da hesap açabilmek için öncelikle Amazon Türkiye üzerinden hesap açılmalı 
ve ardından Amazon Türkiye’deki hesabınız üzerinden Amazon Amerika’da hesap açabilirsiniz. 
Yani artık Amerika’da hesap açmanın tek yolu önce Amazon Türkiye üzerinden hesap açmak ve 
daha sonra bu hesabınızı kullanarak ilerlemektir. 
İşte bu nedenle bu yazımda sizlere öncelikle Amazon Türkiye’de nasıl hesap açılır onu 
anlatacağım. Biliyorsunuz ki Amazon Türkiye’de hesap açabilmeniz için vergi numaranızın ve 
vergi dairenizin, yani öncelikle şahıs, limited veya anonim şirketinizin olması gerekmektedir. Bu 
da tabi ki özellikle şirket sahibi olmayan girişimcilerin canını sıkan bir durum olmuştur çünkü bu 
aynı zamanda ekstra para ve zaman harcamak demektir. Ama size şirket olmadan da nasıl hesap 
açabileceğinizi anlatacağım. 
Hazırsanız artık Amazon Türkiye’de hesap açmaya geçebiliriz. Amazon Türkiye’de hesap açmak 
oldukça kolay ve kısa sürede gerçekleştirilebiliyor ancak burada dikkat etmeniz gereken esas 
konu girdiğiniz bilgilerinizin Amazon Amerika için de uygun biçim ve formatta olmasıdır. 
Eğer asıl hedefiniz Amazon Amerika ise girdiğiniz adres ve bilgilerinizin İngilizce karakter 
ile yazılmasına ve mümkün oldukça türkçe karekter kullanmamaya dikkat etmelisiniz. 
Hesap açarken yapmanız gereken ilk aşama amazon.com.tr adresine girmektir. Eğer Amazon 
Türkiye’de daha önce alıcı hesabınız varsa hesabınızın üzerinden satış yap diyerek satıcı hesabına 
yönelebilirsiniz. Eğer alıcı hesabınız yoksa sayfanın en altındaki satış yapın seçeneğine tıklayarak 
devam edebilirsiniz. 
 
Bizimle para kazanın bölümünün altındaki Amazon’da Satış Yapın linkine tıkladığınızda 
karşınıza aşağıdaki iki seçenek gelecektir. Her ne kadar Türkiye Amazon içinde Amazon 
Europe’da yer alacak şekilde görünse de ayrı bir seçenek olarak görülmektedir. 
 
Buradaki seçeneklerden Amazon Türkiye’de satışa başla ile devam ediyoruz. Ardından karşınıza 
aşağıdaki görüntü gelecektir. Artık hesap aç diyebilirsiniz. 
 
Karşınıza çıkan aşağıdaki görüntü ile artık hesap oluşturabilirsiniz. Adınızı- soyadınızı Türkçe 
karakter kullanmadan yazın. Bu bilgileri girdikten sonra Amazon sizden şirket türünüzü, telefon 
numaranızı, adresinizi ve gerekli tüm bilgileri istemeye devam edecektir. 
 
 
Adres bilgileriniz ve işletme bilgilerinizi girdikten sonra yine sırasıyla kişisel bilgilerinizi, kredi 
kartı bilgilerinizi ve mağaza adınızı sırası ile girmeniz gerekmektedir.Bu işlemlerinizin ardından 
hesap açma işleminizi bitirdiniz demektir. Buradaki Mersis numarası zorunlu değildir. Eğer 
şirketiniz yoksa vergi numaranızı vergi dairesinden öğrenebilirsiniz. Şirket ile ilgili herhangi bir 
belge istenmediği için hesabınız açılacaktır. Bu sayede şirketiniz olmasa bile hesap açabilirsiniz. 
İşte Amazon Türkiye’de hesap açmak bu kısa aşamaları geçerek tamamlanmaktadır. Hesap 
açılışından sonra hesabınız ile ilgili son olarak bir kimlik doğrulama işleminiz 
gerçekleştirelicektir. Toplam en fazla 2–3 gün süre içerisinde kimliğiniz doğrulanmış ve hesabınız 
aktif olmuş olacaktır. (Amazon son zamanlarda kimliği bazen istemiyor) 
Amazon Türkiye’de hesap açmak, hem kendinizi hem de şirketinizi Amazon’a tanıtmak ve 
Amazon içinde işe başlamak için sizin için çok önemli bir adım olacaktır. 
 
 
 
 
 
 
 
 
 
 
Amazon Amerika Satıcı Hesabı Açılışı 
Nasıl Yapılır? 
 
 
Amazon Amerika’da satıcı hesabı açmak ve dünyanın en büyük e-ticaret pazar yeri olan 
Amazon’da ticaret yaparak ürün satmak gibi bir hayaliniz varsa bu yazımı dikkatli okumanızı 
tavsiye ediyorum. 
Biliyorsunuz ki e-ticaret yapabilmeniz için öncelikle seçmiş olduğunuz e-ticaret platformlarında 
mağazanızı açmalısınız. Bu nedenle Amazon’da ticarete başlamadan önce de Amazon’un sizden 
istediği şartları ve yeterliliği sağlamalı ve ardından hesap açılışı için başvuru yapıp kabul 
ettirmelisiniz. 
Eskiden direk Amerika Amazon’da ülke olarak Türkiye’yi seçerek hesap açabiliyorduk. Ancak 
Amazon buradan Türkiye’yi kaldırdı. Şu an için en doğru çözüm önce şirket olarak veya şirket 
olmadan Amazon Türkiye’de hesap açmak. Sonra bu hesabınız üzerinden Amazon Amerika’da 
hesap açmak. Bu şekilde yaptığınızda hesabınız açılıyor.  
Amazon Türkiye hesap açılışını yaptıktan sonra yapmanız gereken tek şey hesabınıza girip 
aşağıda yer alan adımları takip etmektir. 
1.Seller Agreement 
Amazon Türkiye hesabınıza girin ve ana sayfanıza gelerek aşağıdaki fotoğrafta göründüğü gibi 
Envanter bölümündeki “Global Satış” seçeneğine tıklayarak ilerleyin. 
 
“Global satış” seçeneğine tıkladığınızda karşınıza kıta seçeneklerinin çıktığını göreceksiniz. 
Burada Amerika, Avrupa, Asya Pasifik, Ortadoğu ve Afrika seçeneklerini göreceksiniz. 
 
Amazon Amerika’da satış yapmak için Amerika satış hesabı oluşturun seçeneğini tercih ediyoruz. 
Daha sonra ise gelen sayfada Amazon Türkiye’de kullandığınız e-mail ve şirket adı ve şifre 
bilgilerinizi girmeniz gerekiyor. 
 
Bu aşamada Amazon Türkiye’de kullandığınız e-mailinizi kesinlikle kullanmanız gerekiyor. Eğer 
maili aynı şekilde girmezseniz diğer bilgilerinizi de Amazon önünüze getirmeyecektir. 
 
2.Seller Information 
Bu aşamada Amazon Türkiye üzerinden hesap açtığınız için özellikle adres bilgilerinizin 
doğrudan karşınıza Amazon Türkiye hesabınızdan aktarıldığını göreceksiniz. 
Burada özellikle bilgilerinizin ve adreslerinizin birbiri ile aynı olmasının, Amazon Amerika 
hesabınızın sorunsuz açılmasına imkan sağladığını göreceksiniz. 
 
Yukarıdaki fotoğrafta görüldüğü gibi işiniz için gerekli olan satıcı bilgileri girilir ve artık bir 
sonraki aşama olan ödeme ve para alma metodlarına geçilir. 
3. Billing/Deposit Method 
Amazon’un hesap açılışı için sizden istediği 47 dolarlık kesinti işte tam da bu aşamada 
gerçekleşiyor. Bu aşamada kredi kartı bilgilerimizi Amazon’a girerek hem hesap açılış ücretimizi 
ve hem de ödeme yöntemimizi girmiş oluyoruz. 
 
Ardından ise Amazon’un kazanacağımız parayı bize yatırabilmesi için ihtiyacı olan bir tane ABD 
banka hesabı tanımlayarak bu aşamayı tamamlıyoruz. 
 
Eğer ABD’de tanımlı bir banka hesabınız yoksa Amazon Amerika hesabını açmaya geçmeden 
bir-iki gün önce bir PAYOONER hesabı açabilirsiniz.(Payoneer hesap onayı en az bir-iki gün 
sürmektedir.) 
Diğer bir seçenek ise Amazon’un yönlendirmesi ile Hyperwallet kullanarak banka hesabını 
doğrudan bu aşamada açabilirsiniz. Herhangi bir ekstra zamana ihtiyaç duymayacaksınız bu işlem 
için çünkü Amazon’un yönlendirmesi ile hemen açılmaktadır. 
 
Banka hesabı açılışı bu aşamada çok kritik bir husus durumundadır. Özellikle açmış 
olduğunuz banka hesap bilgilerinizin Amazon hesabınızdaki bilgilerle mutlaka aynı olması ve 
çelişmemesi gerekir. Aksi halde hesabınız açıldıktan kısa bir süre sonra Suspend olacak yani 
askıya alınacaktır. 
 
Bu aşama banka hesabı oluşturulup gerekli olan hesap numarası ve diğer bilgiler girildikten sonra 
bitecek ve bir sonraki aşamaya geçilecektir. 
4.Tax Information 
Bu aşama Amazon’a vereceğiniz vergi bilgilendirmesidir. Bu aşamada vergiyi nerede 
vereceğinizi seçmeniz gerekecek ve tercih ettiğiniz vergi beyanını e-imza ile onaylamanız sizden 
istenecektir. Türkiye’de vergi vereceğinizi beyan ederek gerekli olan formu doldurmanız aşağıda 
yer alan fotoğraflardaki gibi karşınıza gelecektir. 
 
Bu fotoğrafta da görüldüğü üzere önce sizin şirket yada şahıs olduğunuz daha sonra ise ABD 
vatandaşı olup olmadığınız sorulacaktır. 
Burada önemli olan kriter şirketinizin şahıs şirketi olup olmadığıdır. Eğer şahıs şirketi iseniz 
“individual” seçeneğini seçmelisiniz. Limited veya Anonim ise şirketiniz “business” seçeneğini 
tercih etmelisiniz. 
 
Ardından yine adres ve diğer bilgileri seçip yukarıdaki gibi adınızı yazarak imza atmanız 
gerekmektedir.Böylece bu aşamanında sonuna gelmiş olursunuz. 
5.Product Information 
Son aşamamızda ise satmayı düşündüğünüz ürünler ile ilgili anketi doldurup kısaca bilgi vererek 
hesap açılışımızı tamamlamış oluyoruz. 
 
Bu aşamayı da geçtikten sonra artık Amazon Amerika hesap açılışınız neredeyse tamamlanmak 
üzeredir. Artık yapmanız gereken işletme sahibi veya yetkilisine ait pasaport veya yeni tip 
ehliyetinizin arkalı-önlü taranmış halini yüklemek, Amerikan banka hesap ekstresi(payoneer-
hyperwallet) veya kredi kartı ekstrenizi amazona yükleyerek onay vermektir. Bu belgeleri de 
yükledikten sonra herhangi bir işleminiz kalmayacaktır. 
Yazımızın başında dediğimiz gibi Amerika Amazon hesabı için Türkiye’den başvuru 
yapabilmeniz için öncelikle Amazon Türkiye hesabınızın olması gerekmektedir. Bu nedenle 
Amazon Türkiye’de nasıl hesap açmanız gerektiğini öncelikle öğrenmeli ve hesabınızı 
açmalısınız. 
 
Amazon FBA Bütçe Planlama — Ne 
Kadar Bütçe ile Başlamalısınız? 
 
 
Amazon FBA Bütçe Planlaması Nasıl Yapılmalı? 
Amazon’da satış yaparken en önemli konuların başında bütçe planlama gelmektedir. Eğer 
bütçenizi doğru planlamazsanız ne kadar bütçeniz olsada başarısız olma ihtimaliniz yüksek 
olacaktır. 
Amazon’da FBA modeli ile satış yaparken bütçenizi 3'e bölmeniz faydalı olacaktır. Ürün 
araştırmaya başlamadan önce planı kesinlikle yapın. Örnek bir bütçe üzerinden beraber planlama 
yapalım. 
Amazon FBA Private Label iş modeline başlamaya karar verdiniz ve 3000 dolarınız var diyelim. 
Öncelikle bu paranın üçte birini ürün alımı için ayırın. Üçte birini ürün lansmanı ve reklam için 
ayırın. Geri kalan üçte birini de ikinci parti ürün siparişi için ayırın. İkinci parti sipariş için para 
ayırmanızın nedeni Amazon’un ilk ürünlerin satışından gelen parayı hemen size vermemesi. 
Amazon normalde paranızı 2 hafta da bir verir ama başlangıçta size tam olarak güvenemeyeceği 
için ilk parayı size en hızlı 1 ay sonra verecektir. 
Paranın üçte birini ürüne ayırdığınız durumda 1000 dolara ürünü almanız gerekiyor. İlk siparişi 
200 adet yaparsanız uygun bir adet ile başlamış olursunuz. Tabi ki ilk siparişte kaç adet alacağınız 
satış hızına bağlı ama ortalama 200 adet ürünü deneme amaçlı iyi bir rakam. Bu durumda ürün 
başı maliyetiniz 5 dolar olacak. Tabi ki bu ürünün üretim ve Amazon’a kargo maliyeti. 5 dolara 
aldığınız bir ürünü 15–25 dolara satabilirsiniz. Demek ki sizin ürün araştırmadaki bakmanız 
gereken ürün grubu 3–4 dolara alabileceğiniz, 1–2 dolar kargosu olan ve 15–25 dolara 
satabileceğiniz ürünler olmalı. Bütçenizi bu şekilde planlamadan ürün araştırırsanız doğru ürünleri 
bulamazsınız. 
Üçte birini de lansman ve reklama ayırmıştınız. 200 ürün sipariş etmiştiniz, belirlediğiniz bir 
kelimede öne gelmek için 30 adet ücretsiz ürün dağıtmayı planladınız diyelim. Ürün dağıtımı için 
anlaştığınız kişilere ürünlerinizi alsın diye +5 dolar vereceksiniz (30*5=150 dolar). Ürünlerinizi 
müşterilere göndereceğiniz için Amazon depo ve kargo ücretiniz sizden kesecek. 15 dolarlık bir 
üründe (tabi ki ürün boyut ve ağırlığına göre değişir) ortalama 5–6 dolar keser (6*30=180 dolar). 
Dağıttığınız kişilerin 5'inden yorum aldığınızda her birine 10 dolar vereceksiniz (5*10 = 50 
dolar). Ücretsiz ürün dağıtımı sonrasında PPC reklamlarına başlamanız gerekiyor. Ürününüz yeni 
olduğu için yorum sayınızın azlığından dolayı tıklayanların alma oranı az olacaktır. Ürününüzü 
görünür kılmak için reklamlardan zarar etseniz bile devam etmeniz gerekiyor. Reklam için 
ayırdığınız 1000 doların bir bölümü ücretsiz ürün dağıtımına, bir bölümüde PPC reklamlarına 
gidecektir. 
Artık ürün lansmanı ve reklamlar sayesinde ürününüz satmaya başladı diyelim. Amazon’daki 
stoğunuz bitmeden yeni stok göndermeniz gerekiyor. Eğer stok zamanında girmezse ürününüz 
stoksuz kalacağı için reklamlar sayesinde kelimelerde geldiğiniz yerleri kaybedeceksiniz. 
Amazon’da paranızı hemen geri vermeyeceği için ikinci siparişi verirken bütçe planlamasında 
ayırdığınız üçte birinden harcamalısınız. 
Peki Amazon FBA işindeki genel itibariyle zorunlu ve ihtiyari giderleriniz nelerdir? 
• Aylık olarak Amazon’a verdiğiniz ücret 47 dolar. 
• Amazon ürün araştırma yazılımları aylık 80–90 dolar. Bu yazılımlardan bir tanesini seçip 
ortak kullanım grupları vasıtasıyla 7–8 dolara düşürebilirsiniz. 
• Ürün numuneleri Çinden alırsanız 30–40 dolar 
• Tedarikçi’de ürün denetimi ücreti 100–200 dolar 
• Ürün fotoğrafları 100 dolar. Kendiniz çekip düzenleme yaparsanız bu masraftan 
kurtulabilirsiniz 
• Markanızın logo tasarımı 5 dolar, paket tasarımı 40–50 dolar. Bu tasarımları kendiniz 
yapabilirseniz bu masraftan kurtulabilirsiniz. 
• Amerika’da marka tescili avukatı ücreti 275 dolar 
• Amerika’da marka tescili başvuru ücreti 275 dolar 
Amazon FBA iş modeline ne kadar bütçe ile başlayabilirsiniz? 
Bu soru gerçekten ucu açık bir soru. Aslında yukarıda anlattığım gibi bütçenizi planladığınız 
sürece pek bir sıkıntı yok. 1000 dolar ile de başlayabilirsiniz ama üçe böldüğünüzde 333 doları 
ürüne ayırabilirsiniz. 200 ürün alsanız 1.6 dolara hem ürünü hem de kargoyu alabiliyor olmanız 
lazım. Bu kadar ucuza aldığınız bir ürünü de 6–7 dolara satabilirsiniz. Herkes bu tarz düşük fiyatlı 
ürünlere girdiği için ciddi bir rekabet ile karşılaşacaksınız. Ayrıca Amazon örneğin 20 dolarlık bir 
üründen 6–7 dolar ücret alırken (%33), 7 dolarlık bir üründen 3.5 dolar (%50) alacaktır. Yani 
düşük fiyatlı ürünlerde görece daha fazla ücret almaktadır. Dolayısıyla kar marjınız düşük 
olacaktır. Bu tür düşük fiyatlı ürünlerin bir diğer sıkıntısı da PPC yaptığınızda kar edememeniz. 
Çünkü zaten kar marjınız 1–2 dolar, PPC yaptığınızda 5–6 kişi tıklayıp bir kişi alacak ürünü. 
Tıklama başına 0.5 dolar verseniz 3 dolar PPC ücreti vereceksiniz. Kar marjınız direk PPC 
reklamına gidecek. 
İşte aslında 1000 dolar ile de bu işe başlarsınız ama kar edeceğiniz ürün bulmak çok zor olacaktır. 
Herkesin girdiği ucuz ürünlere girmek zorunda kalırsınız. Yani 1000 dolar veya 5000 dolar ile 
başlamak arasındaki temel fark gireceğiniz ürün grubu. 5000–10000 dolar ile başladığınızda daha 
yüksek fiyatlı ürünlere girip karlı bir iş kurabilirsiniz. 
 
Amazon’da Satış Yaparken Bilmeniz 
Gereken Önemli Terimler 
 
Arkadaşlar merhaba, bu yazımda sizlere Amazon’da satış yaparken bilmeniz gereken bazı 
terimleri açıklayacağım. Tanımını yapacağım kelimeler sadece Amazon’da değil global anlamda 
e-ticarette sıklıkla karşılacağınız temel terimlerdir. Amazon gibi devasa bir platformda özellikle 
satıcı hesabı bulunan kişilerin mutlaka bu terimleri bilmesinde fayda vardır. Şimdi kısa ve basit 
bir şekilde bu kavramları açıklamaya başlayalım. 
FBA (Fulfillment by Amazon) 
“Fulfillment by Amazon” kelimelerinin kısaltılarak ifade edilmiş halidir.Dünyanın en büyük e-
ticaret pazar yeri olan Amazon’un geliştirdiği bu sistem hem satıcılar hem de alıcılar için büyük 
kolaylıklar sağlamaktadır. FBA sisteminde ürettiğiniz ya da herhangi bir tedarikçiden almış 
olduğunuz ürünleri, Amazon’un depolarına gönderdikten sonra ürünlerinizin depolama, 
paketleme, kargolama, satış sonrası destek ve geri iade gibi tüm yorucu ve zaman alıcı işlemleri 
Amazon’un belli bir ücret karşılığında sizin adınıza yapıyor. 
FBM (Fulfillment by Merchant) 
“Fulfillment By Merchant” kelimelerinin kısaltılmış halidir. Yani satıcıların Amazon’da 
ürünleri müşteriye gönderirken depolama, paketleme, kargolama ve satış sonrası hizmetlerle 
bizzat kendi başına yapmasıdır. İlave olarak depolama, hızlı nakliye ve Amazon FBA ile gelen 
diğer avantajlardan faydalanamadığı için çoğu satıcı için göz ardı edilmektedir. Ayrıca FBM 
ürünleri ön plana çıkarmak Amazon’un algoritması gereği zordur. 
ASIN (Amazon Standard Identification Number) 
“Amazon Standard Identification Number“ kelimelerinin kısaltılmış halidir ve Amazon Standart 
Kimlik Numarası olarak çevrilebilir. Yalnızca 10 karakterden oluşan bu harf ve rakam 
kombinasyonu, Amazon platformu aracılığıyla satılan her bir ürün için benzersiz bir kimlik teşkil 
eder. Amazon’daki her ürün sayfasının kendi ASIN’i vardır. Hiçbir zaman iki ürünün ASIN’i aynı 
olmaz. 
 
BSR (Best Sellers Rank) 
“Best Sellers Rank” kelimelerinin kısaltılmış halidir .BSR Amazon’un kategorilerdeki ürünlerinin 
en iyi satandan en az satana göre sıralamasıdır. Sıralamanın kendisi bir dizi faktöre 
dayanmaktadır. Bir ürünün satış sıralaması ne kadar düşükse, aynı kategorideki diğer ürünlerle 
karşılaştırıldığında daha iyi satıyor demektir. Ayrıca, her bir kategoride olduğu gibi Amazon’daki 
her alt kategoride de kendi bireysel en iyi satanlar sıralama sistemi vardır. 
BUY BOX 
Amazon’da aynı ürün farklı satıcılar tarafından satışa açılabiliyor. Alıcılar ise, bir ürünü 
aradıklarında karşılarına çıkan uzun mağaza listesine pek fazla göz gezdirmek yerine Sepete Ekle 
seçeneğine tıklayıp ürünlerini çok daha kısa sürede satın almayı tercih ediyorlar. İşte Buy-
Box tam da bu noktada devreye giriyor. Eğer Buy- Box sahibi siz iseniz, alıcı sepete ekle 
butonuna tıkladığında otomatik olarak sizin ürününüzü satın almış oluyor. Hal böyle olunca, Buy-
Box sahibi olmak size çok büyük bir avantaj sağlıyor. 
BEST SELLER 
Best Seller rozeti, ürün detay sayfasında görünen ve ürünün kategoride en çok satan ürün 
olduğunu belirten bir etikettir. Bir alt kategoride en çok satan ürün sizinki ise Amazon size bu 
rozeti verecektir. 
AMAZON’S CHOICE 
Bu rozet kategori yerine aranan anahtar kelime de en çok satan ürüne verilir. Aşağıdaki örnekteki 
gibi en soldaki ürün Gift Wrap Bags kategorisinde en çok satan üründür. En sağdaki Amazon’s 
Choice rozeti olan ürün ise “bags with handles” kelimesinde en çok satan üründür. 
 
RANK KAZANMAK 
Amazon’da Rank kazanmak terimi aslında ürünlerinizin belirlediğiniz kelimelerde ilk sayfalara 
gelmesi anlamına gelmektedir. 
LISTING (Ürün Listesi) 
Listeler müşteriler tarafından görünen Amazon ürün sayfalarıdır. Ürününüzün başlığı, resimleri, 
açıklaması ve fiyatı da dahil olmak üzere birçok bilgilerden oluşur ve müşterinin satın almaya 
ikna edecek en önemli unsurdur. 
 
LAUNCH (Lansman) 
Amazon’a ürünlerinizi ilk defa gönderdiğinizde kimse ürününüzü göremeyecek ve dolayısıyla hiç 
satış olmayacaktır. Ürünlerinizi çeşitli taktik ve stratejilerle ilk sayfalarda görünür hale getirmeye 
ürün lansmanı denir. 
KEYWORD (Anahtar Kelime) 
Amazon’da satışta bilmeniz gereken en önemli kelimelerden bir tanesi keyword. İnsanlar 
Amazon’a girdiklerinde istedikleri ürünleri tanımlayacak kelimeleri yazarak araştırma yapıyor. 
Bu kelimelerin aylık aranma hacimlerini kullanarak hem ürün listenizi oluşturabilir hem de ürün 
lansman ve reklamlarını yapabilirsiniz. Anahtar kelimeleri iyi şekilde kullanırsanız satışlarınız 
ciddi şekilde artacaktır. 
GIVEAWAY (Ürün Dağıtma) 
Ürün lansman stratejilerden en çok kullandığımız Giveaway yöntemi. Bu yöntemde bir kelimede 
ilk sayfaya gelmek için rakiplerimiz o kelimede ne kadar satıyorsa o kelimde bizde o kadar 
ücretsiz veya tam fiyat olarak ürünler dağıtıyoruz. Çoğunlukla anlaştığımız kişiler tam fiyattan 
ürünleri alıyorlar, biz onlara paralarını gönderiyoruz. 
PPC (Pay Per Click) 
“Pay Per Click” Amazon’un tıklama başına sizden ücret aldığı bir reklam çeşididir. PPC 
reklamlarında reklam vermek istediğiniz Keyword (arama kelimesi) seçtikten sonra bu keyword 
için bid (teklif) yaparsınız. Amazon sizin teklifinizi rakiplerinizin tekliflerine kıyaslayarak 
ürünleri sıralar. Bir çok faktör var ama genel itibariyle en iyi teklif vereni Amazon en önde 
sponsorlu olarak gösterir. PPC kampanyalarında maliyet bir müşteri sizin reklamınıza tıkladığında 
oluşur, yani reklamınız ilk sayfada dahi olsa kimsenin reklama tıklamaması durumunda herhangi 
bir gider oluşmayacaktır. 
 
ACOS (Advertising Cost of Sale) 
“Advertising Cost of Sale”” (Satış Reklam Gideri) olarak Türkçe’ye çevirebiliriz. PPC yaparken 
tıklama başına maliyetinizin satışlara oranını gösterir. Formül olarak belirtmek gerekirse; 
ACOS = Reklam Giderleri / Satışlar olarak hesaplanır, örnek verecek olursak eğer satış 
kampanyasından 400 $’lık satış elde edildiyse ve bunun için 200 $ reklam maliyeti oluştuysa 
ACOS 200/400=%50 şeklinde hesaplanacaktır. Bu diğer bir deyişle satışlarınızdan oluşan giderin 
yarısı reklam maliyetine gitmiş olacaktır. 
CONVERSION RATE (Dönüşüm Oranı) 
Ürün sayfasınızı ziyaret eden müşterilerin ürünü satın alma oranına dönüşüm oranı denir. Örneğin 
ürün sayfanıza 100 kişi girmiş ve 20 kişi ürünü almışsa sizin dönüşüm oranınız %20 dir. Eğer 
yüksek bir geri dönüş oranınız varsa, Amazon sizin ürününüzü talep edilen ürün olarak görür, 
aramalarda ve sıralamalarda ürününüzü üst sırada gösterir. Eğer düşük bir dönüşüm oranınız 
varsa, daha çok satış yapabilmek adına ürün listenizi düzenlemeniz gerekecektir. 
BRAND REGISTRY 
Brand registry Amazon’a markanızı kayıt ettirmeniz anlamına gelmektedir. Marka kaydı 
sayesinde Amazon size bir çok avantaj sağlayacaktır. 
DDP SHIPPING 
“Delivered Duty Paid” kelimelerinin kısaltılmış hali olup “Gümrük Vergisi Ödenmiş Olarak 
Teslim” anlamına gelmektedir. Tedarikçi, ürünlerin belirtilen yere taşınıp tesliminden sorumlu 
olup bu süreçteki gümrük bedeli, vergiler ve ihracat eyleminden doğan diğer ücretler dahil tüm 
tarife ve harçlardan sorumlu olduğu anlaşma şeklidir. Yani Amazonda yeni bir satıcıysanız 
özellikle Çin üzerinden alacağınız ürünler için bu yöntemi kullanmak sizin için uygun olacaktır. 
 
EX WORKS (EXW) — (İŞLETMEDE TESLİM) 
Satıcının ürünleri kendi mağazasından teslim etme şeklini bildiren anlaşmadır. Diğer bütün 
ücretlerin, nakliye, gümrük vergisi ve risklerin tamamen alıcıya ait olduğu bir anlaşma şeklidir. 
EAN — (EUROPEAN ARTICLE NUMBER — AVRUPA MADDE NUMARASI) 
Temelde UPC kodunun Avrupa’daki karşılığıdır. EAN 13 rakamdan oluşur ve bu barkodlar dünya 
çapında genellikle perakende olarak satılan ürünlerin işaretlenmesi için kullanılmaktadır. Özgün 
adı European Article Number ama kısaltma değişmediği halde artık International Article 
Number olarak adlandırılıyor. UPC sistemi daha çok Amerika ve Kanada’da kullanıldığı için 
uluslararası pazarlarda daha çok EAN tercih edilebilir. 
UPC — (UNIVERSAL PRODUCT CODE — EVRENSEL ÜRÜN KODU) 
Amerika Birleşik Devletleri’nde perakende ambalaj için yaygın olarak kullanılan 12 basamaklı bir 
barkoddur. Birkaç farklı barkod türü olmasına rağmen, UPC sembolü, ABD’deki neredeyse her 
perakende ürün üzerinde görünür .Amazon’da bir ürünü listeleyebilmek için bir UPC barkod 
numarasına ihtiyacınız var. Amazon barkod muafiyetiniz yoksa geçerli bir UPC kodu olmayan bir 
öğeyi listelemenize izin vermez. 
FNSKU — (FULFILLMENT NETWORK STOCK KEEPING UNIT) 
FNSKU barkodları Amazon’un kendi “UPC barkod”ları diyebiliriz. Amazon’un ürünlerinizi 
tanımak için kullandıkları bir barkoddur. Ürününüzde taranabilir bir UPC barkodu varsa, 
tamamen kapsanması için FNSKU barkod etiketini UPC barkodunun üstüne yapıştırmanız 
gerekecektir. FNSKU, bir satıcı olarak size özeldir ve belirli bir ASIN için her zaman aynı 
kalacaktır. Amazon’a ürünleri gönderirken her bir ürünün paketine bu barkodları yapıştırıp 
göndermeniz gerekmektedir. 
 
GTIN EXEMPTION (GTIN Muafiyeti) 
GTIN — (Global Trade Identification Number — Global Ticari Öğe Numarası): Bu 
numaralar veri tabanlarında ürün bilgisi bulmak için uluslararası kullanılan evrensel 
belirleyicidirler. Barkod muafiyeti talebinin asıl amacı ürünlerinizin uluslararası barkoda sahip 
olmayacağını belirterek Amazon’un sizin için yardımcı olmasını sağlamaktır. 
CASE AÇMAK 
Amazon satıcıları müşteriler, siparişler, yorumlar, listeleme ve daha birçok problem için sıklıkla 
Amazon ile iletişime geçme ihtiyacı duyarlar. Kısaca bu işleme case açmak diyoruz. Doğru 
yöntemi izlemezseniz, Amazon ile iletişime geçmek bir kabusa dönüşebilir. Kısaca Amazonla 
iletişime geçmek için; Sellercentral üzerinden sağ üst köşedeki “Help” butonuna tıklayın ve açılan 
sayfada biraz aşağı indiğinizde “Need More Help” bölümüne tıklayarak satış veya reklamlarla 
ilgili sayfaya yönlendirileceksiniz. Buradan sonra ihtiyacınıza göre uygun başlık altında problemi 
seçerek telefon ya da mail yoluyla Amazon ile iletişime geçebilirsiniz. 
 
 
 
 
 
 
 
 
Amazon FBA Private Label Nasıl Ürün 
Seçmeliyiz? 
 
Arkadaşlar bu bölümde sizlere Amazon FBA iş modelinde nasıl ürün araştırmanız ve seçmeniz 
gerektiğini anlatacağım. Bir önceki bölümde biraz giriş yapmıştık. Bütçe planlaması yaparak 
ürüne kaç para ayırmamız gerektiğini tespit etmiştik. Yani aslında ürün araştırırken ilk 
kriterimiz bütçemiz. Bütçenizi planlayın ve ona göre ürün araştırmaya başlayın. Bütçenizi aşan 
harika bir ürün bulsanız da mantıksız olacaktır. 
Amazon’da ürün araştırırken dikkat etmeniz gereken en önemli konu rekabet konusu. 
Biliyorsunuz Amazon’da milyonlarca satıcı var ve milyonlarca ürün satılıyor. Rekabetin az 
olduğu alanlar bulmanız ciddi satışlar yapmanızı sağlayacaktır. Tabi ki bu kolay bir şey değil. 
Diğer satıcılar ile aynı kriterleri kullanarak ürün araştırırsanız ve onların yaptıklarını yaparsanız 
rekabeti az ürün bulmanız veya rekabette öne geçebilmeniz gerçekten zor olacaktır. 
Rakiplerinizin bir adım önünde olmak içinde biraz çemberin dışından bakmanız gerekir. 
Örneğin kapalı kategoriler çemberin dışı içi güzel bir örnek. Genelde satıcılar kapalı 
kategorilerle uğraşmamak için onay istemeyen kategorilerde satış yapmaya başlarlar. Ama kapalı 
kategorilerde satış yapmak biraz uğraş istediği için daha az satıcı ve dolayısıyla daha az rekabet 
vardır. 
Çoğu Amazon eğitmeni ürünleri küçük seçmenizi tavsiye eder. Çünkü küçük ürünlerin kargo 
masrafları daha azdır. Bu yüzden bu ürünlerde ciddi bir satıcı yoğunluğu vardır. Ama biraz 
çemberin dışına çıkarak oversize ürünler seçerseniz çok az kişinin girdiği, rekabetin görece 
az olduğu alanlar bulabilirsiniz. Büyük ürünlerde tabi ki kargo fazla çıkacaktır ama ürünün satış 
fiyatı da ona göre yüksek olacaktır. Biraz araştırma yaparsanız bu tür ürünlerde daha fazla kar 
marjı ve daha az rekabet olduğunu göreceksiniz. 
Yine aynı şekilde bir çok kişi sezonsal ürünlerden kaçıyor. Neden? Çünkü sezonsal ürünleri 
gönderme ve satış zamanınızı iyi şekilde ayarlamazsanız ürünler elinizde kalabilir. Bu durum 
aslında olumsuz bir durum tabi ki ama bu işi iyi yönetirseniz aynı zamanda harika bir fırsat. 
Örneğin yazın satacak bir ürün seçtiyseniz yaz başlamadan 1–2 ay önce ürünleri gönderip ilk 
sayfalara gelmeniz gerekiyor ve yaz bitmeden de ürünlerin biteceği şekilde reklam 
kampanyalarınızı iyi şekilde yönetmeniz lazım. 
Bizim hedefimiz genel itibariyle satışın iyi olduğu ama rekabetinde makul seviyede olduğu 
ürün grupları bulmak. Peki satışın iyi olduğunu veya rekabetin makul seviyede olduğunu 
nasıl anlayacağız? 
Bu durumlar genel anlamda aslında sizin bütçeniz ve hedefiniz ile doğru orantılı. Eğer ayda 150–
200 ürün satmak hedefiniz varsa ve ayda ortalama 200 satan bir ürün bulduysanız, bu ürün grubu 
sizin için satış rakamları iyi bir kategoridir. Ama ayda 1000–1500 satma hedefiniz varsa ve 
ortalama 400–500 satan bir ürün grubu bulduysanız sizin için az satan bir ürün buldunuz anlamına 
gelir. 
Benim size tavsiyem 20–30 adet ürün fikri bulup verilerini bir tabloya kaydetmeniz, sonrasında 
bu ürün fikirlerini aşağıdaki kriterlere göre analiz ederek 3–4 ürüne kadar düşürmeniz. En son 
olarak da tedarikçilerden fiyatlar alarak kar marjına göre en iyi olan ürünleri seçerek başlamanız. 
Ben ortalama bir bütçe için hangi kriterleri esas almanız gerektiğini belirteceğim. Siz kendi 
bütçenize göre bazı değişiklikler yapabilirsiniz. Aşağıda yazacağım kriterlere göre bulduğunuz 
ürünleri analiz edebilirsiniz. 
• Aylık ortalama satış rakamları kaç? 
• Ürün fikrinin ana kelimesinde ilk sayfanın ortalama yorum sayısı kaç? 
• Ana kelimede ilk sayfada 500 yorum üzerinde kaç satıcı var? 
• Ana kelime ilk sayfasında en çok satan 20 satıcıdan kaç tanesi 50 yorum 
altı? 
• Ürün fikrinin ana kelimesinde rakip sayısı kaç? 
• Ürün fikrinin aylık kelime aranma hacmi 1000 üzerinde kaç kelime var? 
• Ürün fikrinin ortalama fiyat trendi nedir?Artıyor mu ? Stabil mi ? Azalıyor 
mu? 
• Ürünün trendi artıyor mu? azalıyor mu? stabil mi? 
• Ürünün kar marjı kaç? 
• Son olarak üründe bir fark yarattınız mı? veya rakiplerin olumsuz 
yorumlarını okuyup müşterilerin bir sorununu çözdünüz mü? 
Aslında burada en önemli soru en son soru. Üründe fark yaratmak rakiplerinizin bir adım 
önünde olmak için çok önemli. Rakip ürünlerin olumsuz yorumlarını okuyarak müşterilerin 
şikayet ve problemleri tespit edebilirsiniz. Eğer müşterilerin sorununu çözen ve daha iyi bir ürün 
ortaya koyarsanız kesinlikle rakiplerinizi geçebilirsiniz. 
Buradaki sorulara verdiğiniz cevaplara göre ürün fikrinizin iyi veya kötü olduğuna karar 
verebilirsiniz. 
 
Amazon FBA Ürün Araştırma-Analiz 
Programları 
 
 
Arkadaşlar Amazon’da satış yapmaya karar verdiyseniz ürün bulma aşaması sizin için en önemli 
aşamadır. Eğer yanlış ürün bulursanız diğer aşamaları ne kadar iyi yaparsanız yapın başarılı bir 
satış gerçekleştiremezsiniz. Ürün arama aşamasında manuel olarak ulaşabileceğinizden çok daha 
fazla bilgiyi size sağlayan ürün analiz araçlarından faydalanmanızı tavsiye ederim. 
Örneğin ürettirebileceğiniz veya kolay tedarik edebileceğiniz bir ürün buldunuz diyelim. 
Öncelikle bu ürün hakkında aylık satış miktarı, rakip sayısı, rakiplerin yorum sayısı ve yorum 
artış hızları, ürünün indekslendiği kelimeler, bu kelimelerin aranma hacimleri ve trendleri, kâr 
marjı, ürünün fiyat trendi ve son olarak lansman stratejinizi analiz etmelisiniz. 
Bu bahsettiğim analizi yapmazsanız başarılı olma ihtimaliniz çok az. Bu analizleri ise manuel 
olarak yapmanız neredeyse imkânsız. Yani Amazon’da başarılı satışlar yapmak istiyorsanız ürün 
analiz araçları sizin için olmazsa olmazınız. 
Burada Karşımıza Şu Soru Çıkıyor. Hangi Ürün Analiz Araçlarını Kullanmalıyım? 
Ücretli ve ücretsiz ürün analiz araçları mevcut. Ücretsiz ürün analiz 
araçlarını Camelcamelcamel, Keepa, AMZ base, Keyword tool, Sonar tool, Amazon FBA 
calculator(AMZ scout), Answer the public, Unicornsmasher, Ds Amazon quick view ve 
Ürün skor botu olarak sıralayabiliriz. 
 
Bu programlardan kısaca bahsedelim. Camelcamelcamel programı size popüler ürünler, 
ürünlerin fiyat geçmişi ve best seller rank hakkında bilgi verir. Keepa programı ise fiyat trendi ve 
buy box değişimi hakkında bilgi verir. Amzbase programı ASIN, ürün listeleri ve fba ücretleri ile 
ilgili bilgiler verir. 
Amazon dünya üzerinde en çok trafiği olan ürün arama motoru olduğu için ürün değil onun yerine 
kelime daha çok ön plana çıkıyor. Bundan dolayı da keyword tool ve sonar tool gibi kelime 
aranma hacimleri ve alternatif kelime opsiyonları hakkında bilgi veren programlar ürün 
listelemede işinize yarayacaktır. Bu araçlara ek olarak Amzscout uygulamasının ücretsiz 
sunduğu Amazon fba calculator programıyla karlılığınızı ölçebilirsiniz. Ürünle ilgili fark 
yaratmak ve sorunları gidermek maksadıyla Answerthepublic sitesini ziyaret etmenizi tavsiye 
ederim. 
Ücretsiz uygulamalarda son olarak bizim yaptığımız Ürün skor botundan bahsetmek istiyorum. 
Ürün skor botu ürüne karar verme aşamasında size bazı sorular sorarak ürüne 100 üzerinden bir 
puan vererek o ürünü satıp satmamanız konusunda size tavsiyeler veriyor. Ürün skor botununun 
sorularına bir analiz programı kullanarak cevap verebilirsiniz. 
Ücretli uygulamaları ise Helium 10, Viral launch, Jungle scout, AMZ scout, Sellics, Egrow, 
Cashcowpro, Amazeowl, Fbatoolkit ve Emparazon(Şu an ücretsiz) olarak sıralayabiliriz. 
Ücretli programlar arasında ürün analiz araçlarından en eski ve en çok bilineni olan Junglescout, 
veritabanında yaklaşık 450 milyon ürün bulunan Helium 10, ürünün potansiyeli hakkında daha 
tutarlı bilgiler veren Viral launch ve AMZ scout programları ön plana çıkmaktadır. Bizim 
geliştirdiğimiz Türkçe arayüzü olan Emparazon uygulaması ise size en çok aranan kelimeler 
üzerinden ürün arama konusunda çok faydalı olacaktır. 
Peki Genel İtibariyle Bu Uygulamalar Bize Ne gibi Veriler Sağlıyor? 
Amazon’da satış yapanların en çok kullandığı Helium 10 uygulaması üzerinde bir kaç örnek ile 
anlatayım. Genelde bu uygulamalar web uygulaması ve Chrome eklentisi şeklinde ikiye ayrılıyor. 
Web uygulamasında filtrelemeler kullanarak ürün araştırması yapabilirsiniz. Ayrıca ürünleriniz ile 
ilgili anahtar kelime araştırmalarını da web uygulaması içerisinde yapabilirsiniz. 
 
 
 
Chrome eklentisini ise Amazon sayfasında çalıştırıp oradaki ürünler hakkında veriler elde 
edebiliyorsunuz. 
 
 
Yukarıda bahsettiğim uygulama ve programlar ürün analizi konusunda ön plana çıkmış 
uygulamalardır. Bunlara alternatif daha birçok program bulunabilir. Benim size tavsiyem en az bir 
tane ücretli analiz programı kullanmanız yönünde. Bu analiz programları %100 doğru bilgi 
vermediği için aldığınız veriyi farklı bir programdaki veriyle kıyaslamanız gerekiyor. Başlangıç 
aşamasında ücretli analiz programındaki veriyi ücretsiz programlarla destekleyebilirsiniz fakat 
ilerleyen aşamalarda ikinci bir ücretli analiz programı işinize çok yarayacaktır. 
 
Amazon FBA Private Label Ürün 
Analizi Nasıl Yapılır? 
 
 
Ürün araştırma ile ilgili yazdığım yazıda da belirttiğim gibi Amazon’da bir çok ürün satılıyor ama 
sizin için en önemli nokta fırsatları bulmak. Fırsattan kastettiğim satışın iyi olduğu ama rekabetin 
görece az olduğu alanlar bulmak. Amazon’da kendi markanızı yaratarak satmak için bir çok ürün 
fikri bulduğunuzda, öncelikle onları bazı kriterlere göre analiz etmelisiniz. Sonrasında bu analiz 
sonucunda kıyaslama yaparak en iyi ürüne karar vermelisiniz. Peki bu analizi nasıl yapacaksınız? 
Bizim kendi ürünlerimiz için kullandığımız kriterleri adım adım sizlere detaylı olarak 
anlatacağım. Sizde bu kriterlere göre ürünlerinizi analiz edebilirsiniz. 
1. Ürün fikrinin trendi artıyor mu? azalıyor mu? stabil mi? 
Bir ürün fikri buldunuz diyelim. İlk bakacağınız kriter bu ürünün trendinin artıp azaldığıdır. Eğer 
ürün fikrinin trendi azalıyorsa bu ürünün satışları da azalacak demektir. Biz genel itibariyle trendi 
stabil olan veya artan ürünlere bakmanızı tavsiye ediyoruz. Ayrıca trendine baktığınızda ürünün 
sezonsal olup olmadığını da rahatlıkla anlayabilirsiniz. Ürün fikrinizin trendini anahtar kelimenizi 
Google Trends’e yazarak rahatlıkla öğrenebilirsiniz. 
 
2. Ürün Fikrinin Aylık Ortalama Satış Rakamları Kaç? 
Evet bir ürünün iyi mi kötü mü olduğunu anlamanın en önemli yollarından birisi satış sayısı. Tabi 
satışın çokluğu ve azlığı sizin hedefinize göre değişiklik gösterecektir. Aylık 300 ürün satmak 
istiyorsanız aylık 1000 satan bir ürün fikri sizin için çok iyi olabilir ama aylık 5000 ürün satmak 
isteyen birisi için az satan bir ürün fikridir. Ben size ortalama bir bütçe (3000–5000 dolar) için 
hangi rakamların neyi ifade edeceğini söyleyim. Aylık satış sayısı; 
• 0–200 arası ise biraz az satış var 
• 200–400 arası ise ortalama bir satış var 
• 400–700 arası ise iyi bir satış var 
• 700–1000 arası ise çok iyi bir satış var 
• 1000 üzeri bir satış varsa harika bir satış var anlamına gelir. 
Ürün fikrinizin en çok aranan ana kelimesini bulduktan sonra yazılımlar kullanarak bu verilere 
kolaylıkla ulaşabilirsiniz 
 
 
 
 
3.Ürün Fikrinin Ana Kelimesinde Rakip Sayısı Kaç? 
Eğer bir üründe satış varsa rekabette var demektir. Ama satışa oranla rekabetin az olduğu 
boşluklar bulmalısınız. Bir ürün fikrindeki rekabeti anlamak için ilk bakacağınız nokta rakip 
sayınızdır. Sizinle aynı veya benzer ürünü satanlar sizin için rakiptirler ve bazı ürünlerde bu 
rakamlar 10.000–20.000 oluyor, bazı ürünlerde ise 300–500 oluyor. Tabi ki 300–500 rakip ürünün 
olduğu yerler bizim için daha avantajlı. Çünkü ilk sayfaya gelmek ve satış yapmak bu ürün 
fikirlerinde daha kolay oluyor. Rakip sayınızın 300 olduğu bir kelimede ilk sayfaya gelmek 3 gün 
sürerken, 10.000 rakibin olduğu kelimede ilk sayfaya gelmek 10–15 gün sürebiliyor. Ayrıca fazla 
rakibin olduğu ürünlerde daha fazla reklam harcaması yapmanız gerekiyor. PPC reklamları teklif 
üzerinden olduğu için en iyi teklifi veren en önde görünüyor. Ne kadar çok rakip varsa o kadar 
teklif veren olacağı için rakip sayınızın 300 olduğu yerde 1 dolar teklif ile ön sayfada görünürken, 
10.000 rakibin olduğu kelimede 2–3 dolar teklif ile ön tarafta görünebiliyorsunuz. 
Rakip sayınızı Amazon’daki kelimedeki çıkan sonuç sayısından veya Helium 10 gibi yazılımlar 
kullanarak öğrenebilirsiniz. Helium’da kelime araştırması yaptığınızda Competing 
Products bölümünden rakip sayısını öğrenebilirsiniz. 
 
4.Ürün Fikrinin Ana Kelimesinde İlk Sayfanın Ortalama Yorum Sayısı Kaç? 
Ürünü ilk defa satmaya başladığınızda sizin yorum sayınız 0 olacaktır. Sürekli yorumlar alarak 
artıracaksınız ama rakiplerinizin yorum sayısı 1000–2000 seviyesinde ise işiniz biraz zor ne yazık 
ki. İnsanlar çoğunlukla daha fazla yorumu olan ürünleri daha az yorumu olanlara tercih ediyorlar. 
Sizde bir ürün alacağınız zaman ürünün yorum sayısına bakarak ne kadar iyi bir ürün olup 
olmadığını anlamaya çalışıyorsunuzdur. O yüzden rakiplerin yorum sayısı çok fazla ise bizim için 
rekabet biraz zor olacak anlamına gelir. O yüzden rakiplerin ortalama yorumlarının 500 üzerinde 
olmasını istemiyoruz. 100–200 altında bir ortalama varsa da çok iyi bir fırsat var demektir. Fazla 
rekabetin olmadığını yorum sayısından anlayabilirsiniz. 
5.Ana Kelime İlk Sayfasında En Çok Satan 20 Satıcıdan Kaç Tanesi 50 Yorum Altı? 
Bu sorunun amacı aslında bizim gibi yeni piyasaya çıkmış ve iyi satan ürünler var mı onu bulmak. 
İlk sayfaya gelmiş, iyi satan ve 50 yorumdan az yorumu olan ürün yakın zamanda lansmanı 
yapılmış bizim ürünümüz gibi bir üründür. Eğer bir ürün grubunda bu şekilde rakipleriniz varsa 
bunlar rekabetin görece az olduğunu gösterir. Bu şekilde 50 den az yorumu olupta ilk sayfaya 
gelip satabiliyorsa biz de satabiliriz diye düşünebilirsiniz. Çünkü sizde hızlıca 40–50 yoruma 
ulaşabilirsiniz. İlk 20 satıcıdan 4–5 tanesi bu şekilde 50 yorum altında ise rekabet biraz az 
demektir. 
6.Ana kelimede ilk sayfada 500 yorum üzerinde kaç satıcı var? 
Bu sorunun amacı da satmayı düşündüğünüz kategoride satışları domine etmiş 500 üzeri yoruma 
ulaşmış satıcılar var mı onu anlamak. Bir kategoride 1000–2000 yorumu olan 2–3 satıcı bütün 
satışları alıyorsa işiniz zor demektir. Ürün fikrine karar vermeden önce bu şekilde satışları domine 
etmiş marka veya ürün olup olmadığını kesinlikle kontrol etmelisiniz. Kelimelerde hangi 
ürünlerin satışların yüzde kaçına sahip olduğunu Emparazon uygulaması ile rahatlıkla 
öğrenebilirsiniz. 
 
7.Ürün Fikrinin Aylık Kelime Aranma Hacmi 1000 Üzerinde Kaç Kelime Var? 
Ürün fikrinizin iyi olup olmadığını kelimelerin aranma hacimlerinden rahatlıkla anlayabilirsiniz. 
Biliyorsunuz insanlar çoğunlukla ürün araştırırken anahtar kelimeler kullanıyorlar. Rakiplerinizin 
hangi kelimelerde indekslendiğini ve hangi kelimelerde satış yaptığını Helium 
10 ve Emparazon gibi uygulamalarla öğrenebilirsiniz. 
Ürün fikrinizin kelimelerinden aylık olarak 1000 aramadan yüksek 15–20 kelime olması ürünün 
iyi olduğu anlamına gelir. Bu kelimelerde sizde ilk sayfalara geldiğinizde iyi satışlar 
yapabilirsiniz. Ayrıca tabi ki bu kelimelerin trendleri de çok önemli. Trendlerinin artıyor olması 
ürünün de satışlarının artacağı anlamına gelir 
 
8.Ürün Fikrinin Ortalama Fiyat Trendi Nedir?Artıyor mu ? Stabil mi ? Azalıyor mu? 
Bir ürüne karar verirken ürünün fiyat trendini de inceleyin. Genel itibariyle fiyat trendinin artıyor 
olması iyiye işarettir. Fiyat trendi azalıyorsa rakip sayısı artmış ve fiyat kırmışlar anlamına gelir. 
Ayrıca ürün karlılık analizi yaparken ürün fiyatı üzerinden hesap yapacaksınız. Ürün fiyatını o 
anki fiyattan değerlendirirseniz hata yaparsınız. Belki de özel günler dolayısıyla fiyatlar artmış 
veya azalmış olabilir. O yüzden ürün fiyatlarının geçmişinide incelemeniz gerekiyor. Keepa ve 
Helium 10 araçlarını kullanarak fiyat geçmişlerini inceleyebilirsiniz. 
 
 
9.Ürünün Kar Marjı Kaç? 
Ürün fikrinizin iyi olduğuna karar vermeden önce tabi ki tedarikçilerden fiyatlar almalı veya en 
azından Alibaba’dan tedarikçilerin fiyatlarını incelemelisiniz. Üretim maliyetini kabaca 
hesapladıktan sonra ürünün karlılığını hesaplamalısınız. Kar marjınız eğer %50 üzeri ise süper, 
eğer %25 altı ise çok kötü demektir. Çünkü kar marjınız az olduğunda PPC reklamları 
yaptığınızda kar marjınız reklam giderlerine gidecektir. Private label iş modelinin en iyi yanı 
ürettirdiğiniz ürünleri kendi markanızla kar marjı yüksek şekilde satmaktır. Ürünleriniz ile ilgili 
kar hesaplamasını Amazon Revenue Calculator ve Helium 10 Profitability Calculator ile 
hesaplayabilirsiniz. 
 
10.Son Olarak Üründe Bir Fark Yarattınız Mı? Veya Rakiplerin Olumsuz Yorumlarını 
Okuyup Müşterilerin Bir Sorununu Çözdünüz Mü? 
Ürün analizinde en çok önem verdiğimiz nokta fark yaratmak. Fark yaratabildiğinizde rakebet çok 
olsa bile şansınız artabiliyor. Fark yaratırken de en önemlisi insanların sorununu çözün bir fark 
yaratmanız. İnsanların işine yaramayan bir fark yaratırsanız anlamsız olacaktır. 
Bizim fark yaratmada en çok kullandığımız yöntem rakiplerimizin olumsuz yorumlarını okuyup 
analiz ederek müşterilerin sorunlarını çözmek. Bir sorunu çözer ve o şekilde bir ürün ortaya 
koyarsanız müşteriler yorumunuz az da olsa veya fiyatınız pahalı da olsa sizi tercih edecektir. 
Ayrıca beraber satılan ürünleri bulup bundle yaparak veya farklı bir kutu tasarlatarak da fark 
yaratabilirsiniz. 
Ürünler ile ilgili fark yaratmak veya ürün fikirlerini kıyaslamak için answer the public ve 
pickfu gibi siteleri kullanabilirsiniz. 
Bulduğunuz ürün fikirlerini yukarıda anlattığım kriterlere göre analiz ederek bir kaçına karar 
verebilirsiniz.  
 
 
 
Türkiye mi Çin mi? Amazon’da 
Satmak için Hangi Ülkeden Ürün 
Tedarik Etmeliyim? 
 
 
Arkadaşlar e-ticarette en önemli konulardan bir tanesi de ürün tedariği. Bu bölümde sizlere ürün 
tedariğini hangi ülkeden yaparsanız ne gibi avantaj ve dezavantajları olacağını anlatacağım. 
Biliyorsunuz tedarikçi, üretici deyince ilk akla gelen ülke Çin olmakta. Amazon satıcılarının da 
büyük çoğunluğu ürünlerini Çin’den tedarik etmekte. Biz de Amazon’da sattığımız ürünlerimizi 
hem Çin’den hem de Türkiye’den tedarik ediyoruz. Her ikisininde olumlu ve olumsuz yanları var. 
İlk olarak kargo ve lojistik konularından başlamak üzere sırasıyla ilerleyelim. 
Türkiye lojistik açıdan Çin’e göre daha avantajlı 
Türkiye hem maliyet olarak hem de gönderi hızı olarak Çin’e göre ciddi avantajlara sahip. 
Türkiye’den ürünlerimiz hava kargo ile 4–5 günde Amazon Amerika deposunda, 2–3 güne 
Amazon Almanya deposunda olabiliyor. Çin’den aynı şekilde ürün gönderdiğimizde ürünlerin 
ulaşma süresi hava kargo ile 12–14 gün, deniz kargo ile ise 25–30 günleri buluyor. Amazon’da 
satışta en önemli konulardan birisi stoksuz kalmamak olduğu için Türkiye’nin hızlı gönderi 
avantajı baya işimize yarıyor. 
Türkiye’den gönderim maliyet açısından da Çin’e göre avantajlı. Aynı boyuttaki gönderilerimizi 
Türkiye’den gönderdiğimizde 500 dolara gönderiyorsak, Çin’den gönderdiğimizde 800-1000 
dolara gönderebiliyoruz. Yani Çin’den kargolama maliyetimiz Türkiye’ye göre yaklaşık 2 kat 
fazla. 
Türkiye bazı kategorilerde Çin’e göre Avantajlı ürün maliyetlerine sahip 
Ürün maliyetlerine geldiğimizde tabi ki Çin’in bir üstünlüğü var. Ama Türkiye iyi olduğu ahşap, 
kozmetik, plastik ve özellikle tekstil gibi bazı kategorilerde Çin ve Dünya ile maliyet olarak 
yarışabiliyor. Son zamanlarda Türkiye’de dolar ve euro ciddi şekilde arttığı için üretim maliyetleri 
yavaş yavaş azalmakta. Türkiye’de asgari ücret Çin’e göre daha az duruma geldiği için iş gücü 
anlamında daha avantajlı hale gelmeye başlıyor. 
Türkiye’de ürün numunesi almak ve ürün denetlemesi yaptırmak daha kolay 
Amazon’da satacağınız ürünü belirledikten sonra hem kalite kontrol hem de resim çekmek için 
ürün numuneleri almanız gerekli. Çin’den bir numune istediğinizde 5–7 günde gelmesi için 
yaklaşık 30–50 dolar kargo ücreti vermeniz gerekiyor. Türkiye’de kargo ücretleri 10–15 TL 
olduğu için numune için fazla ücret ödemiyorsunuz. 
Ayrıca ürün numunelerine güvenerek toplu alım yapmanız biraz zor. Çünkü her üretici numuneyi 
güzel gönderip toplu üretimde kalitesiz üretim yapabilir. O yüzden ürünleri yerinde 
denetlettirmeniz gerekiyor. Çin’de ürün denetimi yaptırma ücreti yaklaşık 150–200 dolar. 
Türkiye’de isterseniz kendiniz gidebilirsiniz veya 100–150 TL ye bir kişiye denetletebilirsiniz. 
 
Türkiye’de her ürün yok ama Çin’de her ürün var 
Evet ürün çeşitliliği açısından Çin kesinlikle daha avantajlı. Amazon’da satan neredeyse her 
ürünün tedarikçisini Alibaba.com da rahatlıkla bulabilirsiniz. Bulamasanız bile herhangi bir örnek 
ürün veya resmini bile gösterseniz Çinli’ler size o ürünü yapabiliyorlar. Türkiye sadece bazı 
kategorilerde Çin ile yarışabiliyor, örneğin elektronik bir ürün satmak istiyorsanız Türkiye’de 
tedarikçi bulma olasılığınız baya zayıf. 
Çinli üreticiler Amazon’a hakim ama Türk üreticiler Amazon’u bilmiyor 
Biliyorsunuz Amazon’un kendi kutulama, paketleme, barkodlama ve kolileme standartları var. 
Çinli üreticiler sürekli Amazon satıcılarına ürün sattığı için süreci çok iyi biliyorlar. Örneğin 
barkodları gönderdiğinizde ürünün neresine nasıl yapıştıracağını, nasıl paketleyeceğini 
anlatmanıza gerek yok. Ama Türk üreticiler bu konuda çok bilgisiz. Ne yazık ki bütün süreci siz 
onlara anlatıp yönlendirmeniz gerekiyor. 
Çin’den üretici bulmak kolay, Türkiye’de biraz daha zor 
Alibaba.com sayesinde istediğiniz ürünlerin tedarikçisini Çin’den dakikalar içerisinde bulup 
tedarikçilerle irtibata geçebiliyorsunuz. Ödemeyi de Alibaba üzerinden güvenle yapabiliyorsunuz. 
Ama Türkiye’de üretici bulmak bu kadar kolay değil. En büyük sorun Alibaba gibi bir platformun 
Türkiye’de olmaması. Türkiye’de üretici bulmak istiyorsanız üreticilerin bulunduğu sanayi 
sitelerini fiziki olarak gezmeniz gerekiyor. 
Online olarak tedarikçileri bulsanız bile yerlerine gitmeden kimse sizinle irtibata geçmiyor. Çoğu 
Türk üretici emaillerine bakmıyor. Ayrıca ödemeler konusunda da Türkiye’de aynı şekilde bir 
aracı kurum olmadığı için güven sorunları yaşanabiliyor. 
İngilizce bilmiyorsanız Çinli’lerle irtibat zor 
Evet Alibaba’dan tedarikçi bulduğunuzda irtibat kurmak için kullanacağınız dil İngilizce oluyor. 
Eğer İngilizce bilmiyorsanız Çinli’lerle anlaşmak baya zor olabiliyor. Çünkü ürün ile ilgili 
detayları konuşmanız ve anlatmanız gerekiyor. Herhangi bir yanlış anlaşılmada geri dönüşü 
olmayan sıkıntılar olabiliyor. 
Türkiye’de tedarikçilerle Türkçe konuşacağınız için ürün ve süreç ile ilgili daha rahat iletişim 
kurabiliyorsunuz. Üründe fark yaratmak istediğinizde daha rahat şekilde nasıl bir ürün istediğinizi 
anlatabiliyorsunuz. 
Evet genel itibariyle Türkiye-Çin karşılaştırması yaptık. Gördüğünüz gibi bazı konularda Türkiye, 
bazı konularda da Çin daha avantajlı. Biz çoğunlukla Türkiye’yi öneriyoruz ama tabi ki Çin’in 
avantajlı olduğu kategorilerde ürün satmak istiyorsanız da Alibaba’dan tedarikçi bulmak daha 
mantıklı. 
 
Amazon FBA Marka Tescili Önemi 
(Trademark — Brand Registry) 
 
 
Uzun süredir Amazon’da Private Label olarak satış yapmayı anlatıyorum. Sizinde çok iyi 
bildiğiniz üzere Private Label kendi markanızı oluşturarak satış yapmak anlamına gelmektedir. 
Büyük ihtimalle sizde bir ürün alırken ürünün markasına önem veriyorsunuz. Belkide fiyatı daha 
fazla olsa bile bazen bildiğiniz bir markayı tercih ediyorsunuz. Markanızı oluşturup tanıttıktan 
sonra artık insanlar sizin markanızı tanıdığı için ürünlerinizin satışı ciddi seviyede artacaktır. Bir 
sonraki yazımda sizlere Amazon’da marka tescilinin avantaj ve faydalarından bahsedeceğim. 
Şimdi biraz marka tesciline giriş yapalım 
En çok karıştırılan konuların başında patent ve marka tescili geliyor. Öncelikle şunu bilmek 
gerekir ki Ürüne patent alınır, marka tescil ettirilir. 
Üründe bir yenilik ve farklı bir tasarım yaptınızda ürünün patentini alabilirsiniz. Ya da hiç 
bulunmayan bir ürünü ürettiyseniz bu ürüne patent alırsınız ve başkaları bu ürünü üretip satamaz. 
Sizde bir ürünü satmadan önce patenti olup olmadığını kontrol etmelisiniz. Biz bir ürünü 
satmadan önce bu araştırmayı yapmadığımız için 1500 dolarlık ürünü Amazon’a gönderdik ve bir 
kaç satış sonrası patent sahibi şikayet etti. O ürünleri imha ettirmek zorunda kaldık ne yazık ki. 
Marka’da aslında ürünün üzerindeki isim, logo, slogan veya dizayn için alınabilir. Amazon’da 
satış yapanlar çoğunlukla isim üzerine markasını tescil ettirirler. Diğerleri de ayrıca maliyet 
olacağı için ben de size sadece isim üzerinde markanızı tescil ettirmenizi öneririm. 
Marka tescili bölgesel olarak alınır. Hangi ülkede satış yapacaksanız orada markanızı tescil 
ettirmelisiniz. 
Son zamanlarda Amazon aslında diğer ülkelerdeki markalarınızı kabul etmekte, ancak bu konuda 
bir sorun var. Örneğin Türkiye’de bir markanız var. Bu markanızı Amazon Amerika’da 
kullanmanıza izin veriyor. Ancak aynı markayı bir başkası Amerika’da tescil ettirip Amazon’a 
başvurursa Amazon hangisini kabul edeceği konusunda sıkıntı yaratabilir. O yüzden ben 
kesinlikle hangi ülkede satış yapacaksanız orada markanızı tescil ettirmenizi öneririm. 
Bir şirketin veya bir kişinin birden çok markası olabilir. Markanızı tescil ettirmek için şirket 
olmanıza gerek yok. Bir kişi olarak da marka sahibi olabilirsiniz. 
Amerika’da satış yaptığınızda öncelikle sizin markanızı başkasının tescil ettirip ettirmediğini 
öğrenmeniz gerekir. Bunu Amerika marka ve patent ofisinden öğrenebilirsiniz. 
Tabi ki burada bir diğer önemli konuda markanın sınıflar üzerinden alınıyor olması. Yani siz 
tekstil ürünleri satıyorsanız veya satmayı düşünüyorsanız tekstil sınıfında markanızı tescil 
ettirmelisiniz. 
Peki marka tescili süreci nasıl işliyor? Ne kadar sürüyor ve ücreti ne kadar? 
Amerika’da marka tescili süreci eğer hali hazırda bu marka ile satış yapıyorsanız (In use başvuru) 
ve herhangi bir benzeşme problemi olmazsa 6 –7 ay süre içerisinde onaylanacaktır . Eğer bu 
marka ile satış yapmıyorsanız ve bu marka ile satış yapacağım diye başvurursanız (Attempt to use 
başvuru) bu süre 8–9 ay sürecektir. 
Amerika’da marka tescili başvurusu yapacaksanız Amerikalı avukatlar ile çalışmak zorundasınız. 
O yüzden maliyet olarak avukat ücreti ve Amerika devletine vereceğiniz ücret olacaktır. Bir sınıf 
için toplam maliyetiniz yaklaşık 550–600 dolar civarında olacaktır. 
 
Marka tescili tamamlandıktan sonra ne yapacaksınız? Amazon’a nasıl tanıtacaksınız? 
Markanız onaylandıktan sonra Amazon’da marka avantajlarından faydalanmak için Amazon’a 
markanızı kayıt ettirmeniz gerekli (Amazon Brand Registry). Büyük oranda 1 hafta içinde 
Amazon markanızı inceleyip onaylayacaktır. Amazon’un sizin markanızı onaylaması başkalarının 
sizin listenizden satış yapmasını engellemeyecektir. Onaylandıktan sonra artık başkalarının sizin 
listenizden satmasını engellemek için Brand Gated, Project Zero ve Transperancy gibi koruma 
programlarına kayıt olmanız gerekmekte. 
 
 
 
 
 
 
 
 
Amazon FBA-Online & Retail 
Arbitraj-Wholesale Nedir? Nasıl 
Yapılır? 
 
 
Arkadaşlar biliyorsunuz Dünya’nın en büyük şirketi olan Amazon’da bir çok satış modeli var. Bu 
yazımda sizlere Amazon Wholesale iş modelini tanıtacağım. 
Wholesale iş modeli hali hazırda satan marka ürünleri toptancısından veya direk üreticiden alıp 
Amazon’da satmak anlamına gelmektedir. Ama Türkiye’de bu iş modeli ile Online-Retail Arbitraj 
iş modeli sıklıkla karıştırılmaktadır. Türkiye’de çoğu kişi, hatta Amazon Eğitimi verenler dahi 
Wholesale iş modeline Retail Arbitraj ismini vermektedirler. Önce bu anlam karmaşasını ortadan 
kaldıralım, sonra Wholesale iş modelini nasıl yapabileceğinizi adım adım anlatacağım. 
Arbitraj iş modelini aslında fiyat farklarından faydalanarak gelir elde etmek şeklinde 
tanımlayabiliriz. Arbitraj iş modelinde genelde mağazalardaki indirimlerden faydalanarak ürünleri 
alıp Amazon’da satarak gelir elde edebilirsiniz. Retail Arbitraj fiziki mağazalarda gezerek 
indirimli ürünler bulup satmak, Online Arbitraj ise online mağazalarda gezerek indirimli ürünler 
bulup satmak şeklinde yapılıyor. 
Aslında bu iş modeli sadece indirimli ürünler bulup satmak şeklinde yapılmıyor, örneğin bazı 
ülkelerde bazı markaların fiyatları daha uygun oluyor. Bu marka ürünleri orada alıp Amazon’da 
satarak da yapılabiliyor. Buna bir örnek olarak IKEA markasını verebiliriz. Türkiye’de IKEA da 
alacağınız bir ürün 30 TL iken Amerika Amazon’da aynı ürün 30 dolara satılıyor. 1 Dolar 7.5 TL 
olduğu için aradaki kur farkından ciddi kar elde edebiliyorsunuz. 
Wholesale iş modeli ile en çok karıştırılan iş modeli retail arbitraj iş modeli. Çünkü ikiside hali 
hazırda marka ürünleri alıp satmak anlamına geliyor, fakat Retail Arbitraj modelinde ürünleri 
toptancıdan değilde bir perakende satış mağazasından alıyorsunuz, Wholesale modelinde ise 
direk toptancıdan alıyorsunuz. Birisinde indirimli bulduğunuz 3–5 ürünü alıyorsunuz, diğerinde 
ürünleri az miktarda değilde toplu olarak alıyorsunuz. 
Bir örnek üzerinden ilerlersek daha iyi anlaşılabilir. Farmasi markasını neredeyse herkes 
biliyordur. Farmasi marka bir ürün bir AVM de %40 indirime girmiş olsun. Siz bu ürünü 
AVM’ye gidip mağazadan 5–10 adet indirimli alıp Amazon depolarına gönderip satarsanız bu iş 
modeline Retail Arbitraj deniyor. Eğer indirim AVM de değilde farmasi.com veya trendyol.com 
gibi online bir sitedeyse ve siz web sitesinden ürünü indirimli şekilde alıp Amazon’da satıyorsanız 
bu iş modeline de Online Arbitraj deniyor. Eğer Farmasi marka ürünü direk toptancısından 3–5 
adet değilde toptan şekilde alıp Amazon’da satıyorsanız bu iş modeline de Wholesale deniyor. 
Wholesale iş modelini tam olarak anladığınızı düşünüyorum. Şimdi biraz daha detaylara inelim. 
Wholesale iş modeli en az Private Label kadar uzun soluklu, gelecek vadeden ve sürdürülebilir bir 
model. Bu işi online bir kırtasiye veya market kuruyor olarak düşünebilirsiniz. Online 
marketinizde satmak için marka ürünleri toptan alıp perakende şekilde satıyorsunuz. Amazon’da 
bu işi yaptığınızda normal bir fiziki market kurmak gibi ciddi bir yatırıma gerek kalmıyor. Çünkü 
fiziki olarak bir market kursanız içini yüzlerce marka ürünle doldurmanız gerekli. Fiziki marketin 
içini doldurmadan satışa başlayamazsınız, ama Amazon’da online olarak kurduğunuz için sadece 
bir markayla bile başlayabilirsiniz. İnsanlar Amazon’da sizin mağazanızı görmüyorlar, sadece 
marka ürünleri arayıp ürün sayfasından sizin mağazanızdan ürün alıyorlar. O yüzden bu iş modeli 
küçük başlayıp hızlıca ölçekleyerek büyüyebileceğiniz bir iş. 
Bu iş modelinin en iyi yanı hali hazırda satan markaları hazır listelerden satmak. Yani marka 
tanıtmak ile uğraşmıyorsunuz, zaten tanınmış markaları satıyorsunuz. Ayrıca liste oluşturmanıza 
da gerek kalmıyor. Bu marka ürünler zaten satan ürünler olduğu için listeleri hazır, sadece o 
listelere girip satıyorsunuz. 
Peki bu iş modelini nasıl yapabilirsiniz? Yol Haritanız nasıl olmalı? 
1. Adım — Amazon’da mağaza açmak 
2. Adım — Amazon’da satmak için ürün ve markalar bulmak 
3. Adım — Bu ürünlerin satış ve rekabet durumlarını analiz etmek 
4. Adım — Markanın Toptancılarını veya Distribütörlerini bulmak 
5. Adım — Toptancı-Distribütörler ile veya direk Marka ile iletişim kurmak 
6. Adım — Toptancı ürün kataloğundan karlı ve iyi satan ürünler bulmak 
7. Adım — Belirlenen ürünleri Toptancıdan sipariş vermek 
8. Adım — Aracı depo kullanarak ürünleri barkodlamak ve Amazon FBA 
depolarına göndermek 
9. Adım — Buy box takibi yaparak ürünleri satmak 
10. Adım — Stok kontrolü ve yeniden sipariş vermek 
Evet Amazon Wholesale işini yukarıda gördüğünüz adımlar ile yapabilirsiniz. 
 
Amazon Retail Arbitraj ve Wholesale 
Yol Haritası 
 
Şimdi Türkiye’de bilinen adıyla Retail Arbitraj, ama doğru ismi ile Wholesale iş modelini nasıl 
yapabileceğinizi adım adım anlatacağım. 
1. Adım — Amazon’da mağaza açmak 
Amazon’da mağaza açma konusu önemli konulardan bir tanesi. Aslında bazen en önemli konu 
olabiliyor. Çünkü Amazon Dünya’nın en büyük pazar yeri ve binlerce satıcı Amazon’da hesap 
açmaya çalışıyor. Amazon’da doğal olarak her satıcıyı platformununa kabul etmiyor. Amazon 
hesap açarken sizi veya şirketinizi doğrulamak için bazı belgeler istiyor. Eğer Amazon’a 
girdiğiniz bilgiler ile gönderdiğiniz belgeler tutarsız ise hesabınız açılmayabiliyor. 
Amazon’da hesabınızı açtığınız da 1–2 gün içerisinde %95 ihtimalle suspend oluyor, yani 
Amazon hesabınızı askıya alıyor ve kredi kartı ekstresi ,fatura gibi doğrulayıcı belgeler istiyor. 
Amazon’daki isminiz ve adresiniz gönderdiğiniz belgelerdeki isminiz ve adresiniz ile noktasına 
kadar aynı ise 1–2 hafta içinde hesabınız açılıyor. Eğer bazı tutarsızlıklar var ise hesabınız 
açılmaz, bir daha aynı kişi veya şirket üzerine hesap açamazsınız. O yüzden hesap açmadan önce 
bütün süreci iyice öğrenin, belgeleri düzgünce hazırlayın. En ufak bir hata bile Amazon’da 
mağaza açamamanıza neden olacağı için diğer adımlar olan ürün bulma ve satış yapma aşamasına 
geçememiş olacaksınız. Bu da Amazon’da satış gibi harika bir fırsatı kaçırmanıza neden olacaktır. 
Size tavsiyem bu konudaki bütün video ve yazıları okuyun, doğru şekilde ilerlerseniz hesabınız 
kolaylıkla açılacaktır. Hesabınızı açtıktan sonra yol haritamızdaki 2.adıma geçebilirsiniz. 
2. Adım — Amazon’da satmak için ürün ve markalar bulmak 
Retail Arbitraj ve Wholesale iş modelinde marka ürünleri Amazon’da satacaksınız. O yüzden ilk 
önce satacağınız markaları bulmanız gerekmekte. Tabi ki burada en önemli konu bütçeniz ve 
hesap durumunuz. Bütçeniz az ve yeni bir hesabınız varsa nike, adidas gibi büyük markaları 
satmanız zor. O yüzden orta ve küçük markalarla başlamanız daha mantıklı. Yazılımlar kullanarak 
veya manuel olarak Amazon’da araştırma yaparak ürün ve markalar bulabilirsiniz. Markalarda ilk 
bakacağınız nokta satışları ve rakip satış durumu. 
 
 
3. Adım — Bu ürünlerin satış ve rekabet durumlarını analiz etmek 
Bulduğunuz markalarda ilk bakacağınız nokta listelerdeki satış durumudur. Eğer satış var ve tek 
başına marka sahibi ürünü satıyorsa sıkıntı var demektir. Marka ürünü satan en az 2–3 satıcı 
olması gerekiyor, eğer sadece bir satıcı var ve o da marka sahibi ise büyük ihtimalle sizin 
satmanıza izin vermeyecektir. Tabi ki 15–20 den fazla satıcı olması da sıkıntılı bir durum. Çünkü 
rakip satıcılar ile buy box rekabeti içerisinde olacaksınız. Ayda 300 ürün satıyorsa aynı fiyatı 
veren ve benzer metriklere sahip 10 satıcı varsa ortalama her satıcıya aylık 30 ürün düşecektir. 
Fazla satıcı olması size az satış düşeceği anlamına gelecektir. 
Ayrıca markanın listelerinde Amazon kendisi de satıyorsa bu da bir problem olabilir. Çünkü 
Amazon aynı ürünü binlerce adet alabileceği için fiyatı ciddi seviyede düşebiliyor. Listede 
Amazon var ama siz hala kar edebiliyorsanız sıkıntı yok, güzel bir ürün olabilir. 
4. Adım — Markanın Toptancılarını veya Distribütörlerini bulmak 
Satmayı planladığınız markayı bulduğunuzda hemen toptancısını veya distribütörünü bulmanız 
gerekli. Toptancıların bulunduğu Alibaba gibi pazar yerlerinden ya da google’a örneğin “Avon 
Wholesalers veya Avon Wholesalers in US” yazarsanız bir çok toptancıyı bulabilirsiniz. Ayrıca 
direk markayı da bulup onlara mesaj atarak toptanıcılarını isteyebilirsiniz. 
Tabi ki Toptancıları ister Türkiye’de arayın ister Amerika’da arayın çoğunlukla şirket olmanızı 
isteyeceklerdir. O yüzden bu iş modelini yapmak istiyorsanız şirketinizi kurmanız gerekli 
5. Adım — Toptancı-Distribütörler ile veya direk Marka ile iletişim kurmak 
Toptancı-Distribütörler ile veya direk Marka ile iletişim kurmadan önce şirketiniz adına bir web 
sitesi yaptırıp veya yapıp, kurumsal bir mail adresi almanız faydalı olacaktır. İletişim kurarken 
profesyonel bir mail adresinden gelen bir mail tabi ki daha etkili olacaktır. Türkiye’de toptancı 
arıyorsanız telefonla, Amerika’da arıyorsanız email yoluyla iletişime geçebilirsiniz. 
Totancılarla iletişim kurarken güzel bir dil kullanmanız Wholesale hesabı açarak anlaşmanızı 
sağlayacaktır. Ayrıca direk marka ile iletişim kurarak toptancıları aradan çıkarabilirsiniz. Ama 
tabi ki marka daha detaylı bir bilgi isteyecektir. Marka ile anlaşmak toptancı ile anlaşmaktan daha 
zordur. Markaya da Amazon’da listelerini optimize edeceğinizi ve reklam stratejileriyle marka 
bilinirliğini artıracağınızı söylerseniz anlaşma olasılığınız artacaktır. 
 
6. Adım — Toptancı ürün kataloğundan karlı ve iyi satan ürünler bulmak 
Topancılarla anlaştıktan ve Wholesale hesap açtıktan sonra onlardan kataloglarını isteyin. Bu 
katalogtaki ürünleri Amazon’da ki ürünler ile karşılaştırarak karlı ve iyi satan ürünler bulmanız 
gerekli. İsterseniz bu işi manuel olarak tek tek siz yapabilirsiniz ama bir toptancıda 1000 ürün olsa 
muhtemelen bu ürünlerin hepsine bakmak 3–4 gününüzü alacaktır. O yüzden bu iş için 
geliştirilmiş Scanunlimited.com, Amz Analyzer veya Scanpower gibi yazılımları 
kullanabilirsiniz. Bu yazılımlara siz ürün kataloğunu yüklüyorsunuz, yazılım bu ürünleri 
Amazon’da karşılaştırıp her ürünün ne kadar sattığını, ne kadar kar marjınızın olduğunu ve ne 
kadar rakip olduğunu hızlıca buluyor. Siz de en iyi kar ettiğiniz, satışında iyi ve rekabetin az 
olduğu ürünleri seçiyorsunuz. 
7. Adım — Belirlenen ürünleri Toptancıdan sipariş vermek 
En kolay aşamalardan bir tanesi de karar verdiğiniz ürünleri toptancıdan sipariş vermek. Tabi ki 
aslında istediğiniz kadar sipariş verebilirsiniz ama bazı toptancıların en az sipariş miktarı gibi 
şartları olabiliyor. Ama çoğu yerde duyduğunuz şekilde hemen 5000–10000 dolarlık sipariş 
vermeniz için sizi zorlamayacaklardır. Başlangıçta her üründen az miktarda alıp gerçekten satış 
var mı veya rekabetin nasıl olduğunu görmeniz lazım. Bazı marka veya kategoriler kapalı olabilir, 
o yüzden en az 10 adet almanız önemli. Amazon’a bu markayı açtırmak için toptancıdan aldığınız 
faturayı göndermeniz gerekebilir. Amazon’da sadece en az 10 adet alınmış faturaları kabul ediyor. 
8. Adım — Aracı depo kullanarak ürünleri barkodlamak ve Amazon FBA depolarına 
göndermek 
Evet artık ürünlerin siparişini verdiniz diyelim. Artık ürünlerin Amazon standartlarına göre 
barkodlayıp FBA depolarına göndermeniz gerekli. Eğer Türkiye’den toptancı bulup ürünleri 
aldıysanız kendiniz ürünleri barkodlayıp hazırlayabilirsiniz. Ama başka bir ülkeden aldıysanız 
önce bir depoya çektirip ürünleri barkodlatmanız gerekecektir. Çünkü çoğu toptancı sizin yerinize 
ürünlere barkod basmayı kabul etmiyor. 
Ayrıca bu barkod işini Amazon’a da yaptırabilirsiniz. Amazon bu iş için yaklaşık ürün başı 0.30 
cent gibi bir ücret alıyor. 
9. Adım — Buy box takibi yaparak ürünleri satmak 
Ürünler Amazon depolarına ulaştıktan sonra da satış aşaması başlıyor. Satış aşaması Private label 
iş modeli gibi zor değil. Çünkü zaten sattığını bildiğiniz ürünleri gönderiyorsunuz. Ürünlere 
lansman yapmak veya reklam kampanyaları yapmak gibi bir süreç olmuyor. Ürünler zaten sattığı 
için sizin yapmanız gereken sadece buy box takibi yapmak olacaktır. Biliyorsunuz bu retail 
arbitraj ve wholesale iş modelinde aynı listeden satan birden çok satıcı oluyor. Amazon belirli 
kriterlere göre satıcılar arasında buy box’ı dönüşümlü olarak veriyor. 
Buy box sahibi olmadaki en önemli kriter FBA satıcı olmak, yani ürünleri Amazon depolarına 
göndermek. Amazon FBM satıcılara genelde çok az buy box veriyor. Bir diğer önemli kriterde 
fiyat. Amazon satıcılar arasında diğer metrikler aynı ise en uygun fiyatı verene buy box’ı veriyor. 
Burada en önemli konu diğer satıcılar ile fiyat rekabetine girmemek. Eğer siz bir dolar 
düşürürseniz onlarda düşürecektir ve bu sayede kar marjınız düşecektir. Kesinlikle rakiplerinizden 
düşük fiyat vermeyin, aynı fiyatı verin. Amazon aynı fiyatı veren satıcılar arasında gün içinde buy 
box dönüşümü yapacaktır. 
Tabi ki buy box almayı etkileyen bir çok kriter var. Bunlar aslında genel itibariyle sizin 
mağazanızın kelitesiyle ilgili. O yüzden sürekli mağazanızın yorum sayısını artırmanız gerekli. 
Daha fazla yorumunuz olduğunda daha fazla buy box aldığınızı göreceksiniz. 
 
 
Ayrıca rakiplerinizin fiyatlarını da sürekli kontrol etmelisiniz. Eğer onlar fiyat düşmüş ve buy 
box’ı almışsa siz de o fiyata çekmeniz gerekli. Tabi ki 100 lerce ürününüz olduğunda bu iş zor 
olacaktır. O yüzden yine yazılımlar kullanabilirsiniz. Bu konuda en iyi yazılım Amazon’un kendi 
yazılımıdır. Amazon’un otomatik fiyatlandırma özelliğini kullanarak binlerce ürünü aynı anda 
kontrol edebilirsiniz. 
Burada en önemli bir diğer konuda rakiplerinizin stoğunu kontrol etmek. Çünkü buy box sahibi 
satıcının az ürünü varsa hızlıca satılıp bitecek ve buy box size geçecektir. O yüzden az stoğu olan 
rakiplerinizden 1–2 dolar daha yüksek fiyat vererek onların stoğu bittiğinde buy box size geçeceği 
için daha karlı satışlar yapabilirsiniz. 
10. Adım — Stok kontrolü ve yeniden sipariş vermek 
Ürünler satışa başladığında en önemli konu stok kontrolü ve tekrar sipariş vermek olacaktır. 
Amazon zaten iyi satan ürünler ile ilgili size ne kadar stok göndermeniz gerektiği konusunda 
tavsiyeler verecektir. Amazon envanter puanınızın üst seviyede olması için ürünlerin hızlı 
satılması ve hızlı satılan ürünlerin de stoksuz kalmaması önemlidir. 
Amazon ürünlerin sürekli onun deposunda satılmadan beklemesini istemez. O yüzden ürünleriniz 
hızlı satılırsa sizin puanınızı artırır ve bu sayede envanter limitleri uygulamanmayacağı için daha 
fazla ürün gönderebilirsiniz. 
 
 
 

]]></system-out>
    <system-err><![CDATA[Ağu 29, 2023 10:26:16 ÖÖ org.openqa.selenium.devtools.CdpVersionFinder findNearestMatch
WARNING: Unable to find an exact match for CDP version 116, so returning the closest version found: 115
]]></system-err>
  </testcase>
  <testcase name="TC50" classname="Ekitaplar Page" time="34.199">
    <system-out><![CDATA[Dosya içeriği: MEHMET TEK
240.000 öğrenci ve 17.000 yorum
 ile Türkiye’nin en kaliteli ve güvenilir 
Amazon Eğitmeni
AMAZON
EĞİTİMİ
M E H M E T  T E K
240.000 öğrenci ve 
17.000 yorum ile 
Türkiye’nin en kaliteli 
ve güvenilir 
Amazon Eğitmeni
AMAZON’DA SATIŞ YAPMAK İSTEYENLER İÇİN HARİKA BİR BAŞUCU KİTABI
A’DAN Z’YE AMAZON’DA BAŞARININ YOLU
EN
GÜNCEL
BİLGİLER
GİRİŞ
Selamlar, kitaba geçmeden önce kendi hikayemden biraz bahsetmek 
istiyorum. Daha önce Youtube, Instagram veya Udemy’den tanışmadıy-
sak ismim Mehmet Tek. 
BİR HAYALİM VAR… (I have a dream...)
Bir teknoloji şirketi kurmak ve bu şirketi dünyanın en büyük şirketi 
haline getirmek…
Her şey hayallerle başlar ama sadece hayal etmek yeterli değil. Adım 
atmak gerek…
Bunun için en önemli iki adım; sermaye sahibi olmak ve bir tekno-
loji-yazılım ekibi kurmak. 
Sermaye sahibi olmak konusu sürekli aklımda dolaşıyordu ve inter-
nette bulduğum bütün kaynakları araştırıyordum. 
Bir arkadaşım Amazon’dan bahsedene kadar araştırdığım hiçbir 
şey beni tatmin etmedi. Hedefim çok büyük olduğu için potansiyeli çok 
yüksek bir iş bulmalıydım. Amazon’un aylık trafiğinin 2.5 milyar oldu-
ğunu arkadaşım anlattığında çok şaşırdım. 
Bir ürün bulmuş, bilgisayarından Alibaba’daki Çinli üreticilerle ko-
nuşmuş ve ürünleri ürettirip Amazon’a göndermiş. Bunu dinlediğimde 
gerçekten çok etkilenmiştim. 
AP Images / Peter Wynn Thompson
2 A’dan Z’ye Amazon Eğitimi
Hemen araştırmaya başladım. Youtube, Instagram, Udemy gibi bü-
tün internet üzerindeki kaynaklardan hızlıca Amazon’da nasıl satış ya-
pacağımı öğrenmeye çalıştım.
Amazon’da satışı öğrenmeye çalışırken sürekli karşıma havuzlu 
villalar ve lüks arabalarda Amazon’da nasıl satış yapılacağını anlatan 
videolar çıktı. Ne yazık ki Amazon’u bütün detaylarıyla değil de 15 dk 
çalışarak zengin olma yeri gibi anlatan bir kişiden 250 dolara (Bugün-
kü değeri 2500 TL) bir eğitim aldım ve gerçekten Amazon’da nasıl satış 
YAPILMAYACAĞINI bu eğitimden öğrendim. Eğitimi aldıktan sonra 
bir tane mailime bile cevap verilmedi. Hayal kırıklığına uğramıştım. 
Bu eğitimde anlatılan Dropshipping iş modeli çok uzun soluklu ve 
mantıklı gelmedi. Amazon’da yapılabilecek diğer iş modellerini araş-
tırdım. Araştırmalarım sonucunda aslında Amazon’da en güvenilir 
ve sağlam iş modelinin Amazon FBA olduğunu öğrendim. Daha sonra 
Amazon online-retail arbitrage ve wholesale iş modelini de araştırdım.
Hemen ilk ürünlerimi araştırmaya başladım. Yaklaşık 10.000$ büt-
çem vardı. Birkaç üründe karar verip hemen Çinden tedarikçi bulup 
ürettirdim. 
Helen H. Richardson/MediaNews Group/The Denver Post/Getty Images
A’dan Z’ye Amazon Eğitimi 3
Alibaba’dan bulduğum üretici ürünleri üretirken Amazon hesabı-
mı açmaya çalıştım. Aldığım eğitimden yeterli bilgiye sahip olmadığım 
için yaptığım birkaç hatadan dolayı hesabım suspend oldu ve açılmadı. 
Ürünlerin siparişini verdiğim için hemen hesabımı açmam gereki-
yordu ama Amazon maillerime olumlu cevaplar vermedi. Ben de eşi-
min adına hesap açmaya çalıştım, o da suspend oldu. Sürekli araştırma-
ya başladım ve hesap açılışı ile ilgili bütün detay konuları ve yaptığım 
hataları öğrendim.
En son çare olarak yakın bir arkadaşım adına hesap açtım ve ilk 
ürünlerimi bu hesaba gönderdim. 
Ama Amazon işi beklediğim gibi olmadı ve bilgi ve tecrübe eksikli-
ğimden dolayı ilk gönderdiğim 6 üründe de başarısız oldum. 
$10.000 sermayemin hepsini kaybettim. 
Bu 10.000 doları nasıl kaybettiğimi ve ilk ürünlerimde neler yaşadı-
ğımı ücretsiz olarak paylaştığım Amazon seminerinde anlattım. Destek 
ekibimize aşağıdaki QR kodunu kullanarak Whatsapp’tan yazarsanız, 
size izlemeniz için gönderirler.
AP Images / Peter Wynn Thompson
4 A’dan Z’ye Amazon Eğitimi
Resimdeki ürün benim ilk ürünüm. Bu ürünle beraber ilk 6 ürünüm-
de tecrübe ve bilgi eksikliğimden dolayı zarar ettim. Her üründe birçok 
sorun yaşadım ama tabii ki bunların hepsi bana ciddi tecrübeler kattı. 
Bu ilk ürünlerimde yaşadıklarımdan dolayı çok hızlı bir öğrenme 
dönemine girdim. Bütün Facebook gruplarına katıldım, oralardaki bü-
tün postları okumaya çalıştım. 
Türkçe ve İngilizce birçok eğitim aldım. Youtube, Udemy gibi plat-
formlardan Amazon’da satışın püf noktalarını bütün detaylarıyla araş-
tırdım. 
Öğrendiğim taktikleri bütün ürünlerimde uygulamaya çalıştım ama 
neredeyse hepsi yanlış üründü, o yüzden ne yaparsam yapayım istedi-
ğim satış ve kârlılığa ulaşamadım. En başta Amazon’u çok iyi bir şekilde 
öğrenmeden satışa başladığım için yanlış ürünler seçmiştim. Doğru şe-
kilde analiz edememiştim. 
A’dan Z’ye Amazon Eğitimi 5
Amazon’da satışa başladıktan 5-6 ay geçmişti ki benim bütün serma-
yem ilk ürünlerimde gitmişti ama artık ciddi bir bilgi birikimine ulaş-
mıştım. 
Bilgimle ne yapabilirim diye düşündüm ve Fiverr gibi online free-
lence sitelerinde Amazon ile ilgili hizmetler vermeye başladım. Ama-
zon ürün bulma, rapor hazırlama, ürün listesi hazırlama, listeleme, 
ürün fotoğrafları ve Amazon hesap açılışı konularında Amazon satıcıla-
rına yardım ettim. Artık Amazon konusunda ciddi bir bilgi birikimine 
ulaşmıştım. 
Aklıma Türkiye’deki üreticilere gitmek geldi. Onlara Amazon’da sa-
tış yapmayı bildiğimi anlattım ve beraber ürettikleri ürünleri Ama-
zon’da satmayı teklif ettim. İçlerinden bir tane tekstil üreticisiyle kâr 
ortaklığı şeklinde anlaştık. Bu arada iki arkadaşımla (Burak ve Mustafa) 
60 m2 bir ofis tuttuk ve hemen üreticimizin kolayca üretebileceği Ama-
zon’da çok iyi satan bir ürün bulduk. Onlar maliyetleri karşıladılar biz 
de Amazon’da satışı yürütmeye başladık. 
O üreticiyle bu ürünü satmaya başladık. Kapıların altına konulan ve 
rüzgar önleyen bir ürün. Ürünü anlaştığımız üretici 1.5 dolara üreti-
yordu. Amazon’da 16.99 dolardan satıyorduk. Kargo ve Amazon ke-
sintilerini çıkardığımızda her üründen 7 dolar net kar ediyorduk. 
AP Images / Peter Wynn Thompson
6 A’dan Z’ye Amazon Eğitimi
Kış ayları başladığında ayda 1000-2000 satmaya başladık. Bu ürünü 
beraber satarak 5 ay gibi bir sürede 75.000 dolarlık satışa ulaştık. ciddi 
bir sermaye elde ettik. Yavaş yavaş hayatım değişmeye başladı. 
A’dan Z’ye Amazon Eğitimi 7
Şu an en çok aldığım sorulardan birisi “Hocam ben Amazon’da satış 
yapmak istiyorum ama param yok veya sermayem yok, nasıl yapa-
rım?”.
Ben de bütün sermayemi kaybetmiştim, neredeyse hiç param kal-
mamıştı. Bir üreticiyle ortak olarak bu işi yapmayı başardım. Sizler de 
yapabilirsiniz. Şu an Türkiye’de binlerce üretici ürünlerini dünyaya 
satmak ve döviz kazanmak istiyor. Amazon konusunda kendinizi geliş-
tirirseniz sermayeniz olmasa da iş kurabilirsiniz. 
İsterseniz bu gibi şirketlere Amazon uzmanı olarak 4000-5000 TL 
maaşla girebilirsiniz, isterseniz de danışmanlık yapıp direkt kâr or-
taklığı yaparak para kazanabilirsiniz.
Bu arada ekibimizi, ofisimizi ve şirketimizi büyütmeye başladık. 
Hikayemi çok da uzatmayayım...
Şu an artık ABD’de tescilli 2 markamız var. Sadece kendi markala-
rımızı değil dünyaca ünlü markaları Amazon’da ciddi seviyede satıyo-
ruz. 
Bir çok girişimciye ve şirkete Amazon’da satış konusunda danışman-
lık veriyoruz. 
Hedefimi hikayemin başında anlatmıştım; “Bir teknoloji şirketi 
kurmak ve dünyanın en büyük şirketi haline getirmek”. 
Şimdi bu hedefime adım adım ilerliyorum. Artık tek başına değilim, 
şu an 27 kişiyiz ve ayrıca harika bir yazılım ekibimiz var.
AP Images / Peter Wynn Thompson
8 A’dan Z’ye Amazon Eğitimi
Amazon’da ürün ve kelime araştırmak için Emparazon yazılımımızı 
geliştirdik. İlk ve tek Türkçe Amazon ürün ve kelime bulma yazılımı 
olduğu için hızlıca binlerce kullanıcıya ulaştık. Şimdi globale açılma 
zamanı... Emparazon yazılımımızı dünyaya açıyoruz. 
Evet benim hikayem yanlış bir eğitimle başladı ve hem sermayemi 
hem de zamanımı kaybettim. Amazon’u öğrenmeye çalışanlar benim 
gibi yanlış yönlendirilmesinler diye böyle bir kitap yazdım. Bu kitap 
sizin Amazon yolculuğunuzda yol haritanız olacak. Benim bugüne ka-
dar elde ettiğim bilgi ve tecrübeleri öğrenerek zamanınızı ve sermaye-
nizi kaybetmeden Amazon işinizi kurabilirsiniz. 
Bugüne kadar dünyanın en büyük eğitim platformunda 240.000’den 
fazla kişiye eğitimler verdim. Eğitimlerim hakkında 5 yıldız üzerinde 
4.5 ortalamayla 17.000’den fazla yorum var. Google bile Amazon eğit-
menlerini yazdığınızda dolandırıcı, sahtekar diye tamamlıyorken gü-
venilir bir Amazon eğitmeni bulmak gerçekten zor. Ben de bu işe baş-
ladığımda bulamamıştım. 240.000 öğrencisi olan ve 17.000 den fazla 
olumlu yorumu olan Türkiye’deki en kaliteli ve güvenilir eğitmenden 
Amazon’u öğreneceğinizden şüpheniz olmasın.
Helen H. Richardson/MediaNews Group/The Denver Post/Getty Images
A’dan Z’ye Amazon Eğitimi 9
Size tavsiyem öncelikle bu kitabı okumanız ve sonrasında bu kitapta 
yazdıklarımı videolar şeklinde göstererek anlattığım Ücretsiz Amazon 
eğitimini izlemeniz. Daha sonra bu kitapta öğrendiğiniz iş modellerin-
den size en uygun olanı seçip başlayabilirsiniz.
Aşağıdaki QR kodunu okutarak Ücretsiz Amazon Eğitimime katıla-
bilirsiniz. 
AP Images / Peter Wynn Thompson
10 A’dan Z’ye Amazon Eğitimi
Bu kitap kimler için;
    • Türkiye’deki üretici, toptancı ve markalardan ürünlerini dünya-
da satmak isteyenler,
    • Türkiye’de e-ticaret veya geleneksel ticaret yapanlardan işini dün-
yaya taşımak isteyenler,
    • Amazon uzmanı olarak bir şirkette çalışmayı veya o şirketlere da-
nışmanlık yapmayı isteyenler,
    • Başkasının yanında çalışıp işinden memnun olmayan ve kendi 
işini kurmak isteyen girişimciler,
    • Amazon’da satış yapmak isteyen ama nasıl yapacağını bilmeyen 
girişimciler,
    • Amazon’da dropshipping yapan ama diğer uzun soluklu iş model-
lerini de yapmak isteyenler.
Eğer bu kişilerden biriyseniz hiç vakit kaybetmeden okumaya başla-
yın...
Helen H. Richardson/MediaNews Group/The Denver Post/Getty Images
A’dan Z’ye Amazon Eğitimi 11
“Başlamak için muhteşem olmanız gerekmiyor 
ama muhteşem olmanız için başlamanız gerekiyor” 
Zig Zaglar
pexels.com/chait goli
12 A’dan Z’ye Amazon Eğitimi
Giriş               02
Eğitim İçeriği               15
Neden Amazon               16
Amazon’da İş Modelleri             26
Şirket              42
Bütçe Planlama                  46
Satıcı Hesabı Açma                  50
Ürün Araştırma-Private Label            54
Ürün Analizi-Private Label         74
Tedarikçi Bulma               82
Kâr Analizi             90 
Ürün Araştırma-Arbitraj           94
Toptancı ve Distrübitör             102
Ürün Analizi-Arbitraj            106
Arbitraj-Ürün Listeleme        110
Ürün Listeleme                  114
Ürün Resimleri                 120
Başlık ve Açıklamalar             124
Kargo Planı                       132
Türkiye’den Gönderim             136
Ara Depo Kullanımı               144
Satış-Arbitraj            146
Satış-Private Label                   158
İlk Sayfa Neden Önemli                      160 
A9 Algoritması                        164
Lansman Taktikleri-Giveaway         172
PPC              186
Dijital Pazarlama            198
Marka Tescili               202
Nakit Akışı                 214
İçindekiler
A’dan Z’ye Amazon Eğitimi 13
Burada anlatacağım konular arasında çok daha detaylı incelenmesi 
gereken konular da var. Fakat bu çalışmanın çok uzun olmaması için 
mümkün olduğu kadar optimal bir şekilde anlatmaya çalışacağım. 
Öncelikle eğitimde neler var? Madde madde kısaca size bundan 
bahsedeyim.
14 A’dan Z’ye Amazon Eğitimi
eğitim 
içeriği
 Başlıklarımız bu şekildedir. Şimdi vakit kaybetmeden bu başlıklara 
giriş yapalım.
 » Arbitraj iş modelinde ürün listele-
me nasıl yapılır?
 » Ürün listeleme nedir?
 » Ürün resimleri nasıl olmalıdır?
 » En iyi başlık ve açıklamalar nasıl 
yapılır?
 » Kargo planı nasıl yapılır?
 » Türkiye’den gönderim, ürün pa-
ketleme ve barkodlama nasıl ya-
pılır?
 » Ara depo kullanımı nasıl yapılır?
 » Arbitraj iş modelinde satış nasıl 
olmalıdır?
 » Private Label iş modelinde satışla-
rınızı nasıl arttırabilirsiniz?
 » İlk sayfaya gelebilmenin sırrı ne-
dir? İlk sayfa neden önemlidir?
 » A9 algoritması nedir?
 » Lansman taktikleri ve nasıl ilk 
sayfaya gelinir?
 »  Giveaway nedir?
 »  PPC nedir?
 » Amazon’da dijital pazarlama nasıl 
yapılır?
 » Marka tescili nasıl yapılır?
 » Nakit akışında dikkat edilecek 
hususlar nelerdir?
 » Neden Amazon’da satış yapmalı-
sınız?
 » Hangi iş modeli ile satış yapılma-
lıdır? Satış modellerinin avantaj 
ve dezavantajları nelerdir? FBA & 
FBM iş modelleri nedir? Nasıl ya-
pılır?
 » Şirket ile ilgili hususlar nelerdir?
 » Bütçe planlaması nasıl yapılır?
 » En önemli konulardan birisi olan 
“Amazon satıcı hesabı” nasıl açı-
lır?
 » Ürün araştırma nasıl yapılır? 
Private Label iş modeli için ürün 
araştırma yöntemleri ve kriterleri 
nelerdir?
 » Ürün analizi nasıl yapılır? Private 
Label ürün analizinde belirlediği-
miz kriterler nelerdir?
 » Tedarikçiler nasıl bulunur ?
 » Kar analizi ve karar vermede 
önemli noktalar nelerdir?
 » Arbitraj ürün araştırma yöntem-
leri nelerdir?
 » Toptancı ve distribütör nasıl bu-
lunur?
 » Arbitraj iş modelinde ürün analizi 
nasıl yapılır?
A’dan Z’ye Amazon Eğitimi 15
1 NEDEN AMAZON’DA SATIŞ 
YAPMALISINIZ?
Şu anda dünya çapında birçok 
pazar yeri vardır. Ayrıca kendi web 
sitenizi kurarak, sitenizden de sa-
tış yapabilirsiniz. Bütün bu im-
kanlar varken neden Amazon’da 
satış yapayım diye düşünebilirsi-
niz. Hemen bu sorunun cevabını 
verelim.
Öncelikle Amazon dünyanın en 
büyük e-ticaret pazar yeridir. Di-
ğer bir tabirle günümüzün en bü-
yük AVM’si durumuna gelmiştir. 
Bunu bilmekte fayda olacaktır. 
Jeff Bezos ve Amazon’un hika-
yesini anlattığım videoya QR ko-
dunu okutarak ulaşabilirsiniz
Klasik ticaret benzetmesi üze-
rinden gidersek, kendi web siteni-
zi kurduğunuzda bir caddede ya da 
sokakta mağaza açmış olduğunu-
zu düşünebilirsiniz. Fakat Ama-
zon’da satıcı olduğunuz zaman en 
büyük ve hareketli AVM içerisinde 
bir mağaza sahibi oluyorsunuz. İyi 
bir AVM içerisindeki insan trafi-
ği, dışarıda tek başına bulunan bir 
mağazanın insan trafiğine göre 
çok daha fazladır. Daha çok müş-
terinin olduğu bir ortamda satış 
rakamlarınızın yüksek seviyeler-
de olması daha kolay olacaktır.
16 A’dan Z’ye Amazon Eğitimi
Amazon sadece büyük bir pa-
zar yeri değildir. Aynı zamanda bir 
teknoloji şirketidir. Yazılım konu-
sunda, bulut bilişim (cloud com-
puting) gibi daha birçok konuda 
önde gelen şirketlerden birisidir. 
2008 yılından itibaren yaptığı yatı-
rımlar sayesinde işte bugün ki de-
ğerini elde etmiştir. 2008 yılında 
300 milyon dolara Audible isimli 
şirketi satın almıştır. Bu satın alma 
sayesinde dijital kitap pazarında 
ciddi bir yere gelmiştir. 2009 yılın-
da ise 1,2 milyar dolar harcayarak 
Zappos isimli ayakkabı şirketini 
satın almıştır. 
2012 yılında Amazon Kiva is-
minde bir robot şirketi satın al-
mıştır. 2013 yılında ise 250 milyon 
dolara The Washington Post şirke-
tini satın almıştır. 
İşte bu şekilde ismini saymadı-
ğım birçok şirketi daha bünyesine 
katmıştır. Şimdi dünyanın en de-
ğerli şirketlerinden birisi haline 
gelmiştir.
Amazon dünyanın en büyük 
şirketlerinden birisi, fakat büyük-
lüğü ne kadardır? Bunu incelemek 
lazım. Şimdi Amazon ile ilgili bazı 
istatistiklere bakalım. 
A’dan Z’ye Amazon Eğitimi 17
Yukarıdaki grafik yıllara göre Amazon’da çalışan sayısını göster-
mektedir. 2020 yılında 1 milyon 298 bine ulaşan çalışan sayısının 2021 
yılı sonunda 1.5 milyonu aşması beklenmektedir.
18 A’dan Z’ye Amazon Eğitimi
Bu grafikte Amazon’un yıllık 
ciroları gösterilmektedir. Grafiği 
incelediğinizde ne kadar ciddi bir 
ivme ile artış olduğunu görebilir-
siniz. 2020 yılı cirosu 386 milyar 
dolardır. 
2021 yılında Amazon’un cirosu-
nun 450 milyar dolar, 2022 yılında 
ise, Amazon’un cirosunun 600 mil-
yar dolar olması beklenmektedir.
2023 yılında cirosunun ise Tür-
kiye’nin milli gelirinden daha fazla 
olması beklenmektedir. Düşünün; 
Türkiye, 85 milyonluk büyük bir 
ülke ve 2023 yılında Amazon’un, 
Türkiye’nin milli gelirinden daha 
fazla ciroya sahip olabileceğini 
tahmin edilmektedir.
A’dan Z’ye Amazon Eğitimi 19
Amazon şirketinin şu anda hisse 
fiyatı 3500 dolar civarındadır.
Amazon’un şu anki değeri 1,7 tril-
yon dolardır. Bu rakamı daha net 
anlamamız için Türkiye’deki bütün 
şirketlerin toplam değerinin ne ol-
duğuna bakalım. Türkiye’deki bütün 
şirketlerin toplam değeri 178 milyar 
dolardır. Yani Amazon tek başına 
Türkiye’deki bütün şirketlerin de-
ğerlerinin toplamının neredeyse 10 
katı bir değere sahiptir.
20 A’dan Z’ye Amazon Eğitimi
Amazon’un bir diğer özelliği, 
mağazanızı açtığınızda dünyanın 
birçok yerinde satış yapabiliyorsu-
nuz. 
Amerika kıtasında; ABD, Kana-
da, Meksika ve Brezilya var.
Avrupa kıtasında; İngiltere, 
Almanya, İtalya, İspanya, Fransa, 
Hollanda, İsveç ve Polonya var.
Asya’da; Japonya, Singapur, 
Hindistan, Suudi Arabistan, BAE 
ve Türkiye var.
Son olarak Avustralya’da Ama-
zon’dan satış yapabiliyorsunuz. 
Bunların arasında en büyük 
ABD pazarıdır. SimilarWeb uygu-
laması yardımıyla bütün bu pazar 
yerlerinin aylık olarak site trafiği-
nin ne kadar olduğunu görebilirsi-
niz.
A’dan Z’ye Amazon Eğitimi 21
2020 yılının Kasım-Aralık ayla-
rına baktığınızda, aylık ziyaretçi 
sayısının 3 milyarın üzerinde ol-
duğunu görülmektedir. Kasım-A-
ralık aylarında özellikle kampan-
yalar arttığı için sonrasında biraz 
düşüş görülmektedir. Mayıs ayın-
da ise yaklaşık 2,5 milyar seviyele-
rindedir. Bu sadece Amazon.com’a 
yani ABD’deki Amazon’a gelen zi-
yaretçi sayısıdır.
Gördüğünüz gibi Amazon’da 
bir ürünü satışa koyduğunuzda 
bütün dünyaya ürünlerinizi açmış 
oluyor ve satış yapma fırsatına sa-
hip oluyorsunuz. 
Türkiye ile bir kıyaslama yapa-
cak olursak; Türkiye’nin en büyük 
pazar yeri olan Trendyol’un trafi-
ği aylık 200 milyon civarındadır. 
Diğer 3-4 büyük pazar yerinin de 
toplamı yine yaklaşık 200 milyon 
kadardır. Yani Türkiye’deki tüm 
pazar yerlerinin aylık ziyaretçi sa-
yısının toplamı bile sadece Ama-
zon ABD’nin ziyaretçi sayısının 
çok çok altındadır. 
22 A’dan Z’ye Amazon Eğitimi
Amazon’un diğer pazar yerle-
rine göre en önde olmasını sağla-
yan bir diğer neden ise FBA mo-
delidir. Biz çoğunlukla bu modeli 
kullanarak satış yapıyoruz. Size de 
bu şekilde satış yapmanızı tavsiye 
ederim. Bu sistemin nasıl çalıştı-
ğından bahsetmek istiyorum. Bu 
modelde satıcılar ürünlerini Ama-
zon’un depolarından birine gön-
dermektedir. Amazon’un neredey-
se dünyanın her yerinde deposu 
vardır. ABD üzerinden örnek vere-
rek açıklamama devam etmek is-
tiyorum.Biz şirket olarak, ABD’de 
bir Amazon deposuna ürünleri-
mizi gönderiyoruz. Sonrasında 
Amazon gönderdiğimiz depodaki 
ürünlerden eyaletlerde bulunan 
depolara ürünleri dağıtıyor. 
Satış yapıldığında Amazon ça-
lışanları ürününüzü tek tek ha-
zırlamakta, Amazon poşetlerine, 
kutularına ya da kolilerine yer-
leştirilmekte ve müşterilere Ama-
zon tarafından ulaştırılmaktadır. 
Amazon Prime üyesi olan müşte-
rilerine 2 gün içerisinde ulaştır-
maktadırlar. 1 gün içerisinde ulaş-
tırdıkları dahi olmaktadır. Hatta 
drone ile teslimata başladığı yer-
lerde 3-4 saat içerisinde ürünleri 
ulaştırabilmektedir.
A’dan Z’ye Amazon Eğitimi 23
İadeler ve müşteri hizmetleriy-
le yine Amazon ilgilenmektedir. 
FBA iş modelinde satıcı olarak si-
zin yapmanız gereken ürünleri 
Amazon’un deposuna göndermek 
ve sonrasında satış yapmaya odak-
lanmaktır.
Bence çok rahat ve güzel bir iş 
modeli. 
Türkiye’de satış yapıyorsanız 
bilirsiniz ki her gün satış yapıldı-
ğında, kargo ile uğraşmanız gerek-
mektedir. Ürünlerin gidip gitme-
diğini takip etmeniz, müşterilerin 
ürün iadeleri ile ilgilenmeniz ve 
müşteri hizmetlerini sağlamanız 
gerekmektedir. FBA modeline say-
mış olduğum tüm bu işleri Ama-
zon sizin için yapmaktadır.
AP Images / Peter Wynn Thompson
24 A’dan Z’ye Amazon Eğitimi
1’inci bölüm buraya kadar, sıradaki bölümde Amazon’da yapılacak 
iş modellerini inceleyeceğiz.
Helen H. Richardson/MediaNews Group/The Denver Post/Getty Images
A’dan Z’ye Amazon Eğitimi 25
2 AMAZON’DA YAPILACAK 
İŞ MODELLERİ
Bir önceki bölümde Amazon 
şirketini tanıtmış ve neden Ama-
zon’da satış yapmanız gerektiğini 
anlatmıştım. Sizlere bu bölümde 
Amazon’da yapabileceğiniz iş mo-
dellerini anlatacağım. Bunlar içe-
risinden en temel 4 iş modelini bu-
rada adım adım açıklayacağım.
• Private Label
• Dropshipping
• Online-Retail Arbitraj
• Wholesale
İş modellerine geçmeden önce 
sizlere bu konu ile ilgili bir ista-
tistikten bahsetmek istiyorum. 
Amazon’da her saniyede 4.722 do-
lar, her dakikada 283.000 dolar ve 
her saatte 17 milyon dolarlık satış 
gerçekleşmekte. Burası gerçek-
ten çok ciddi satışları olan dijital 
bir pazar yeri. Bu satışlardan siz 
de pay almak istiyor olabilirsiniz 
ama Amazon’da yapılabilecek bir-
çok iş modeli var. Kendiniz için 
en uygun iş modelini seçmeniz bu 
açıdan çok önemli. Şimdi sırayla iş 
modellerini tek tek ele alalım.
26 A’dan Z’ye Amazon Eğitimi
Amazon’da yapabileceğiniz iş 
modelleri arasında en uzun soluk-
lu ve en gelecek vadeden iş modeli 
Amazon FBA-Private Label iş mo-
delidir. Aynı zamanda ben de bu 
iş modelinde satış yapmanızı tav-
siye ederim. Private Label, kelime 
anlamı olarak marka demektir. 
Bu iş modelinde kendi markanızı 
oluşturarak satış yapıyorsunuz. 
Türkiye’de, Çin’de ya da başka 
bir yerde ürünlerinizi üreticile-
re ürettiriyorsunuz ve markanızı 
koyarak satıyorsunuz. Bunun çok 
fazla örneği var. 
Neredeyse Amazon’daki satı-
cıların yarısı bu iş modeli ile satış 
yapıyor. Diğer iş modellerine göre 
daha fazla emek harcamanız ge-
rekiyor. Fakat emeğinizin karşı-
lığında daha uzun soluklu kazanç 
elde etmenizi sağlayan ve gelecek 
vadeden bir işe sahip olabiliyorsu-
nuz.
a.  Amazon FBA-Private Label İş Modeli
A’dan Z’ye Amazon Eğitimi 27
Kısa bir örnek ile devam ede-
lim. 
Mesela; “baby nest” denilen 
bebek yatağı olarak düşünebilece-
ğimiz böyle bir ürünü ele alalım. 
Best seller olan satıcı bu ürünü 
yaklaşık 70 dolara satıyor. Aylık 
4400 adet satış ile 310 bin dolar ci-
roya ulaşıyor. Bizde bir dönem bu 
ürünü satmıştık.  Türkiye’de ya da 
Çin’de bu ürünü ürettirebiliyorsu-
nuz. Yaklaşık olarak 60-70 TL’ye, 
biraz daha kaliteli olsun derseniz 
100 TL’ye bu ürünün benzerini 
Türkiye’de ürettirip kendi marka-
nızı üzerine basarak 70 dolara sa-
tabilirsiniz. Tabii bu marka Ama-
zon’da tescilli olmalıdır. 
Markanız hali hazırda alınma-
mış olsa bile ürününüzü oluştur-
manın sonrasında da marka tes-
ciline başvurabilirsiniz. Burada 
kendi markanızı oluşturduğunuz 
için çok uzun soluklu bir işe sahip 
oluyorsunuz. Ürününüzü markalı 
olarak gönderdiğinizde ayrıca ya-
vaş yavaş bilinilirliğinizi de artıra-
rak ön sıralara geldiğinizde satış-
larınız da artıyor.
28 A’dan Z’ye Amazon Eğitimi
Amazon’un bir diğer avantajı 
olarak prime üyelik sistemi vardır. 
Şu anda Amazon’da 100 milyondan 
fazla prime üye, yıllık 100 dolar ve-
rerek 2 günde bütün ürünleri ücret-
siz kargo olacak şekilde alabiliyor. 
Amazon’da prime üyeler yılda 1500 
dolardan fazla alışveriş yapıyor. Siz 
FBA modeli ile satış yaptığınızda 
Amazon sizin ürünlerinizi prime 
etiketi ile gösteriyor ve diğer satı-
cılara nazaran daha önde gösteri-
yor. Bu sebeplerle Amazon’da FBA 
modeli ile Private Label yani kendi 
markanızı satışın diğer modellere 
kıyasla ciddi avantajları bulunmak-
tadır.
AP Photo/Steven Senne
A’dan Z’ye Amazon Eğitimi 29
Dropshipping iş modeli kısaca 
stoksuz e-ticaret olarak tanımla-
yabileceğimiz ve Türkiye’de en çok 
bilinen Amazon iş modeli. Maa-
lesef bu iş modeli ile ilgili negatif 
yönlerinden bahsedilmeksizin, 
çok kolay ve rahat para kazanma 
yolu olduğu, günde 15 dakika çalı-
şıldığı gibi birçok içeriğin bulun-
ması bu iş modeline olan ilgiyi ar-
tırmıştır.
Dropshipping iş modelinde 
siz ürünleri listeliyorsunuz. Satış 
geldiğinde esas ürünü satandan 
alıp sizden alanın adresine gön-
deriyorsunuz. Çoğunlukla bu işi 
yapanlar Aliexpress’teki ürünleri 
Amazon’da listeliyor ve satıldıkça 
Aliexpress’den sipariş verip gön-
deriyorlar.
Dropshipping iş modelini 
Amazon pazar yerleri arasında da 
yapanlar var. Örneğin; Amazon 
Amerika’daki ürünleri Amazon 
Kanada’da listeliyorlar, satıldık-
ça Amazon Amerika’dan alıp esas 
alıcıya gönderiyorlar. Genel itiba-
riyle stok tutmadan yapıldığı ve 
az sermaye ile başlanılabildiği için 
çok tercih edilen bir iş modelidir. 
Ancak Dropshipping’in birçok sı-
kıntılı tarafları da vardır.
Dropshipping iş modelinin en 
önemli problemi suspend konu-
su. Suspend Amazon’un hesabı 
askıya alması anlamına geliyor. 
Amazon satıcıların Dropshipping 
yapmasına hem izin veriyor hem 
de vermiyor. 
b. Dropshipping (Stoksuz E-Ticaret) 
İş Modeli
30 A’dan Z’ye Amazon Eğitimi
Aşağıdaki resimden Amazon’un Dropshipping ile ilgili politikası-
nı öğrenebilirsiniz.
Detaylı bilgi için aşağıdaki QR kodunu okutabilirsiniz:
A’dan Z’ye Amazon Eğitimi 31
Buradan anlaşılacağı üzere 
Amazon başka bir satıcıdan ürün 
alıp göndermenizi yasaklamış, 
ürün içinde sizin bilgilerinizin 
olmasını istiyor. Amazon’un izin 
verdiği dropshipping, tedarikçi-
nizin sizin adınıza ürünleri müş-
terilere göndermesi şeklinde yapı-
landır. Dropshipping bu konudan 
dolayı kısa soluklu bir iş modeli 
ve her an hesabınız Amazon tara-
fından askıya alınabiliyor. Ayrıca 
ürünleri görmeden müşterilere 
göndermiş oluyorsunuz. Bundan 
dolayı da birçok problem ile karşı-
laşabilirsiniz.
Peki Dropshipping yapılamaz 
mı? Tabii ki yapılabilir, ama çok 
dikkatli olmanız gereken riskli bir 
iş modelidir. 
DROPSHIPPING
32 A’dan Z’ye Amazon Eğitimi
Amazon’un kurallarına mutlaka 
uygun hareket edilerek yapılması 
gerekiyor. Çok riskli, çünkü Amazon 
hesabınızı tehlikeye atmış oluyor-
sunuz. Amazon hesabınız bir kere 
kapatıldığında aynı isim adına, aynı 
şirket adına bir daha hesap açamı-
yorsunuz. Diyelim ki; Türkiye’de 
limited veya anonim bir şirketiniz 
var. Bu durumda kesinlikle drops-
hipping yapmayı düşünmeyin bile. 
Çünkü, eğer hesabınız bu yüzden ka-
patılırsa büyük bir şirket olarak işi-
niz sekteye uğrayacaktır. Ayrıca bu 
yüzden diğer iş modellerini de yapa-
mayacaksınız. Eğer diğer iş model-
lerini yapmayacağınız ve çok önem-
semediğiniz bir hesabınız varsa bu 
iş modelini yapabilirsiniz. Fakat çok 
kolay olmadığını ve Amazon’un bu 
modele çok sıcak bakmadığını da 
bilmeniz gerekir. 
DROPSHIPPING
A’dan Z’ye Amazon Eğitimi 33
c. Retail-Online 
Arbitraj İş Modeli
Arbitraj iş modelini, aslında fiyat 
farklarından faydalanarak gelir elde et-
mek şeklinde tanımlayabiliriz. Arbitraj 
iş modelinde genelde mağazalardaki in-
dirimlerden faydalanarak ürünleri alıp 
Amazon’da satarak gelir elde edebilirsi-
niz. Retail Arbitraj fiziki mağazalarda 
gezerek indirimli ürünler bulup satmak, 
Online Arbitraj ise online mağazalarda 
gezerek indirimli ürünler bulup satmak 
şeklinde yapılıyor.
Aslında bu iş modeli sadece indirimli 
ürünler bulup satmak şeklinde yapılmı-
yor. Örneğin; bazı ülkelerde bazı mar-
kaların fiyatları daha uygun oluyor. Bu 
marka ürünlerini orada alıp Amazon’da 
satarak da yapılabiliyor. 
34 A’dan Z’ye Amazon Eğitimi
Buna bir örnek olarak, IKEA 
markasını verebiliriz. Türkiye’de 
IKEA da alacağınız bir ürün 30 
TL iken Amerika Amazon’da aynı 
ürün 30 dolara satılıyor. 1 dolar 
yaklaşık 10 TL olduğu için aradaki 
kur farkından ciddi kar elde edebi-
liyorsunuz.
Arbitraj iş modelinin en büyük 
sıkıntısı da, aynı ürünleri 20-30 
satıcının aynı listeden satması ve 
fiyat kırarak birbirleri ile rekabet 
etmeleridir. Bir diğer sıkıntısı da, 
bu iş modelinde marka ürünlerin 
satışının yapılması ve Amazon’un 
bazen ürünler için fatura-yetki 
belgesi istemesidir.
unsplash/billow926
A’dan Z’ye Amazon Eğitimi 35
Wholesale iş modeli, kısaca 
marka ürünleri üreticiden veya te-
darikçiden toptan alıp Amazon’da 
satmak olarak tanımlayabiliriz. 
Diğer iş modelleriyle karşılaştırır-
sak daha kolay anlayabilirsiniz. 
Wholesale iş modeli ile en çok ka-
rıştırılan iş modeli retail arbitraj iş 
modeli. Çünkü ikisi de hali hazırda 
marka ürünleri alıp satmak anla-
mına geliyor. Fakat retail arbitraj 
modelinde ürünleri toptancıdan 
değil de bir perakende satış mağa-
zasından alıyorsunuz. Wholesale 
modelinde ise, direkt toptancıdan 
alıyorsunuz. 
Birisinde indirimli bulduğunuz 
3–5 ürünü alıyorsunuz, diğerinde 
ürünleri toplu olarak alıyorsunuz.
Aynı şekilde Private Label iş 
modelinde de, toptan alıp satıyo-
ruz. Peki, Wholesale ile Private 
Label arasındaki temel fark ne-
dir? Wholesale iş modelinde, ha-
lihazırda marka olan, satışı olan 
ürünleri toplu olarak alıyorsunuz, 
Private Label iş modelinde ise üre-
ticiden ya da toptancıdan aldığınız 
ürünlere kendi markanızı yerleşti-
rerek satıyorsunuz.
İş modellerini daha iyi anlaya-
bilmek adına bir örnek üzerinden 
devam edelim.
d. Wholesale İş Modeli
36 A’dan Z’ye Amazon Eğitimi
Bilinen bir markanın sat-
mış olduğu bir kozmetik ürü-
nü. Emparazon eklentisi saye-
sinde aylık satış, ciro ve aktif 
satıcı sayılarını görebiliyoruz. 
Diyelim ki, bu üründe Tür-
kiye’de ciddi bir kampanya 
var ve sizde kampanya yapan 
kozmetik mağazasına giderek 
ürünlerden aldınız. Sonrasın-
da bu ürünleri Amazon’da sat-
tığınızda Retail Arbitraj iş mo-
delini uygulamış olursunuz.
Ürünleri kozmetik mağazasının 
internet sitesinden ya da herhangi bir 
online satış platformundan alarak, 
sonrasında Amazon’da sattığınızda ise 
Online Arbitraj iş modeli yapılmış olur.
 Aynı ürün için diyelim ki güzel 
satışlar yaptınız ve artık toptan alarak 
daha fazla satış yapmak istiyorsunuz. 
Bu markanın fabrikasıyla ya da top-
tancısı ile anlaşarak toplu şekilde ürün 
aldınız ve sonra Amazon’da sattıysanız 
Wholesale iş modeli uygulamış olursu-
nuz. 
A’dan Z’ye Amazon Eğitimi 37
Bu üç iş modelinde de bilinen 
ve hali hazırda belli satıcılar ta-
rafından satılan ürünleri satıyor-
sunuz. Private Label iş modelinde 
ise, diyelim siz bir tekstil üretimi 
yapan fabrika ile anlaştınız ve size 
fason üretim yapıyor. Yani kendi 
markanızı bu ürünün üzerine ya-
pıştırarak Amazon’da satış yapı-
yorsunuz. 
Private Label iş modelinde, yeni 
bir ürün ortaya çıkardığınız için 
bu ürünü öne çıkarmak amacıy-
la reklam, lansman, ppc gibi ürü-
nünüzün tanınmasını sağlayacak 
adımlar atmanız gerekmektedir. 
Fakat arbitraj modelleri ve whole-
sale de zaten satışı olan bir ürünü 
sattığınız için böyle bir işleme ge-
rek yoktur.
Fakat bu iş modellerinde de ör-
nekte de gördüğünüz gibi çok faz-
la sayıda satıcı aynı ürünü satıyor. 
Yani toplam satış rakamları bu 
satıcılar arasında paylaştırılıyor. 
Dolayısıyla burada fiyat rekabe-
ti ortaya çıkıyor. İleri bölümlerde 
bahsedeceğim “BuyBox” sahibi 
olan satıcı, satışın büyük bir kıs-
mını elde ediyor. Hatta, Amazon 
çok iyi satışların olduğu listelerde 
kendisi de satış yapabiliyor. Bun-
ları da bilmekte fayda vardır.
38 A’dan Z’ye Amazon Eğitimi
“Bu iş modelleri arasında nasıl 
seçim yapmalıyız? Hangisi daha 
uygundur?”
Sorularına cevap olarak temele 
koymanız gereken en önemli kri-
ter bence bütçeniz olmalıdır. Eğer 
Private Label iş modeli ile satış yap-
mak istiyorsanız en az 2.000-3.000 
dolar sermayeniz bulunmalıdır. 
Hatta bunu daha iyi bir şekilde ya-
payım diyorsanız ürününüzün fi-
yatına da bağlı olarak 5.000-10.000 
dolar seviyesinde sermaye gerekli 
olacaktır. 
Diğer yandan 300-400 dolar ser-
maye ile de bu işi yapanlar vardır. 
Sosyal medya da bu şekilde başarı-
lı olan insanlar da görebilirsiniz. 
Eğer 500 dolar ve daha altında 
sermayeniz varsa benim tavsiyem 
Arbitraj iş modellerinde satış yap-
manızdır. 10-20 adet ürün alarak 
Amazon’daki dinamikleri tespit 
etmeniz başlangıç için daha fayda-
lı olacaktır.
Diğer yandan kendi çevreniz 
de iş modeli seçmenizde bir kriter 
olarak değerlendirilebilir. Üretici 
tanıdıklarınız varsa ya da kendi-
niz bir üretici iseniz Private Label 
uygun olacaktır. Toptancı tanıdık-
larınız varsa Arbitraj ya da Whole-
sale yapmanız daha mantıklı olur.
A’dan Z’ye Amazon Eğitimi 39
Bu bölümde son olarak FBA ve 
FBM kavramlarına değinelim. 
Önceki bölümde FBA (Fulfillment 
by Amazon) üzerinde durmuştuk. 
Amazon’un depolarına ürünleri-
nizi gönderdikten sonra satış ya-
pıldığında Amazon ürünleri gön-
deriyor ve sonrasındaki süreçler 
ile de yine Amazon ilgileniyor. 
FBM (Fulfillment by Merchant), 
ürünlerin satışı olduğu zaman sa-
tıcı tarafından gönderilmesi de-
mektir. Tabii ki, bunu Türkiye’den 
yapmak, tek tek ürün göndermek 
biraz maliyetli ve zor olacaktır. Fa-
kat, Amerika’da bir aracı depo ile 
anlaşarak FBM’de satış yapabilir-
siniz. FBA ile FBM farkı bu şekilde 
açıklanabilir.
40 A’dan Z’ye Amazon Eğitimi
Image retrieved from ryancompanies.com
A’dan Z’ye Amazon Eğitimi 41
3 ŞİRKET
Bu bölümde Amazon’da satış 
yaparken şirket kurulmalı mı? Şir-
ket kurmadan satış yapılabilir mi? 
Gibi çok sık gelen soruların ceva-
bını vereceğim. Tabii ki, öncelikle 
şirket kurmadan da satış yapılabi-
lir. Bununla ilgili birçok yöntem 
var. Amazon hesap açılışında da 
şirket olmadan açılış yapabiliyor-
sunuz. Fakat bence Amazon’da 
satış yapmak istiyorsanız şirket 
kurmanız gerekir. Şirket olmadan 
ilerleme düşüncesi mantıklı değil. 
Baştan şirketinizi kurarsanız son-
rasında bu hususla ilgili karşınıza 
çıkabilecek sorunlarla ilgili kafa-
nız rahat olacaktır. 
En başta şirket kurmaktan 
korkmamak lazım. Türkiye’de bir 
şahıs şirketi kurmak gerçekten 
hem maliyeti açısından hem de 
yapılacak işlemler açısından çok 
basit ve kolay bir işlemdir. “mu-
kellef.co” gibi siteler aracılığıyla 
internet üzerinden yaklaşık 250 
TL maliyetle şahıs şirketi kurabili-
yorsunuz. Şirket kurmak çok mas-
rafı olan bir iş değil.
Şirket konusunda SMMM Kur-
tuluş NACAR ile yaptığım canlı ya-
yına aşağıdaki qr kodu okutarak 
ulaşabilirsiniz:
42 A’dan Z’ye Amazon Eğitimi
Peki şirket kurmak 
zorunlu mu?
 
Hesap açılışı esnasında, son za-
manlarda Amazon artık şirket ol-
mayan hesapları kabul etmemeye 
başladı. Şirket olmadan da açılışı 
yapmak için bazı yöntemler bu-
lunsa da Amazon yavaş yavaş bu 
süreci zorlaştırıyor. Yani özellikle 
Amazon hesabı açılışı esnasında 
şirket gerekli oluyor. Bundan son-
ra hesap açma sürecinin de giderek 
zorlaşacağını düşünüyorum. Dola-
yısıyla şirket kurarak ilerlemek bu 
açıdan en mantıklısı olacaktır.
Şirket kurmaya karar verdik di-
yelim. 
Türkiye’de mi? ABD’de 
mi? 
Şirket kurulmalı konusunu 
burada ele alalım. Bence bu ikisi 
arasında çok ciddi fark bulunmu-
yor. Ben iki tarafı da araştırdım 
ve şu an hem Türkiye’de hem de 
ABD’de şirketlerim var. İki tarafın 
vergi hususlarını da ele aldığımız-
da Türkiye’de şirket sahibi olmak 
bence daha mantıklı. Neden derse-
niz. Türkiye’de bazı teşvikler var. 
Örnek olarak; 29 yaş altı girişim 
teşviği var. Ben bu teşvikten fay-
dalanmıştım. 3 yıl boyunca 75.000 
TL’ye kadar gelir vergisinden muaf 
tutuluyorsunuz. Bunun yanında 1 
yıl boyunca devlet Bağ-Kur primi-
nizi ödüyor. Vergi konusunda Tür-
kiye’de daha rahat ilerleyebiliyor-
sunuz. ABD vergi konusunda çok 
daha sert. Belirtilen bu destekler 
olduğu için Türkiye’de şirket kur-
mayı düşünebilirsiniz.
A’dan Z’ye Amazon Eğitimi 43
 Avantaj ve dezavantajlar ko-
nusu ile ilgili daha fazla değerlen-
dirmeler de yapılabilir. Türkiye ve 
ABD’den birisinde şirketinizin ol-
ması yeterli olacaktır. Zaten çifte 
vergilendirme anlaşmaları bulu-
nuyor. Yani ABD’de satış yaptınız 
ve kazanç elde ettiniz diyelim. İki 
tarafta da vergi vermenize gerek 
yok. Sadece birisinde vergi ver-
meniz yeterli oluyor. Avrupa Ama-
zon’da da aynı durum geçerli. Av-
rupa ülkelerinden birinde de satış 
yaptığınızda, Türkiye’de şirketiniz 
varsa ya da satış yaptığınız ülkede 
şirketiniz varsa, ikisinden birinde 
vergi ödemeniz yeterlidir. Bu du-
rumda bence Türkiye’de şirket sa-
hibi olmak daha avantajlıdır. 
Ama ABD’de ya da satış yaptığı-
nız başka ülkelerde de şirket sahi-
bi olmak istiyorum derseniz, ter-
cih olarak kurabilirsiniz.
Türkiye’de farklı şirket yapıları 
var. Şahıs şirketi, limited şirket, 
A.Ş. gibi. Bunlar arasında şirket 
kurulumu esnasında maliyet fark-
ları var. 
Şahıs şirketi az önce de belirtti-
ğim gibi 250 TL civarında kurabi-
leceğiniz bir şirket modelidir. 
Limited şirket veya Anonim 
Şirket kurulumlarının ücreti bi-
raz daha fazla olabilir. Yaklaşık 
1.000-1.500 TL ücret karşılığında 
kurabiliyorsunuz.
44 A’dan Z’ye Amazon Eğitimi
Yeni başlıyorsanız benim tavsiyem şahıs şirketi kurmanız yönünde 
olacaktır. Fakat biraz daha geniş bir ticaretiniz varsa Limited ya da A.Ş. 
daha mantıklı olacaktır. Bu konu ile ilgili Youtube- Mehmet TEK kana-
lımda birçok video bulunmaktadır. Özellikle; “2021’de Şahıs Şirketi 
Kurmak ve 29 Yaş Altı Genç Girişimci Desteği” başlıklı videoyu iz-
lemenizi tavsiye ederim.
Videoya qr kodunu okutarak ulaşabilirsiniz:
Unsplash/Mika Baumeister
A’dan Z’ye Amazon Eğitimi 45
4 BÜTÇE PLANLAMA
Amazon’da satışa başlarken ilk 
yapmanız gereken işlerden birisi 
de bütçe planlaması. Milyon dola-
rınız bile olsa eğer bütçenizi plan-
lamadıysanız sermayeniz boşa 
gidebilir. Dolayısıyla en düşük 
bütçeden en yükseğe kadar mutla-
ka planlama yapmanız gerekiyor. 
 Planlama yaparken daha 
önce belirlemiş olduğunuz iş mo-
deline göre planlama yapmanız 
gerekir. Örnek olarak; ben Private 
Label iş modeline göre bütçe plan-
laması yapacağım.
Private label iş modelinde ilk 
olarak ürünlerin alış maliyetini 
hesaba katmamız gerekir. 
Sonrasında ürünlerin Ama-
zon’a gönderim yani kargo mali-
yeti var. Ürünlerin Amazon’a ulaş-
masından sonra lansman, reklam, 
ppc gibi ürünlerin ilk sayfalara, 
üst sıralara gelerek görünür olma-
sını sağlayacak işlemlerin maliyeti 
bulunmaktadır. İkinci parti ürün 
sipariş maliyeti de vardır. Çünkü, 
ilk ürünleri yukarıda saydığım iş-
lemleri yaparak güzel bir şekilde 
sattığınızda, bu satışlardan gele-
cek olan paranızı Amazon 14 gün 
sonrasında hesabınıza yatırıyor. 
Hatta Amazon hesabınızı yeni aç-
tıysanız bu süre yaklaşık 1 ayı da 
bulabilir. 
46 A’dan Z’ye Amazon Eğitimi
Fakat siz reklam, ppc ve lans-
manlar ile üst sıralara geldiği-
nizde oradaki yerinizi muhafaza 
etmeniz gerekir. Bunun için de 
stoksuz kalmamalısınız. Stoğunuz 
bitmeden 2’nci parti ürün gönde-
rerek satışlara aralıksız devam et-
melisiniz. Dolayısıyla 2’nci parti 
ürün sipariş yapabilmeniz için bir 
sermayeniz olmalı. 
Amazon konusunda destek is-
terseniz aşağıdaki numaradan 
bize ulaşabilir, WhatsApp’tan me-
saj atabilirsiniz:
Maliyetler sadece ürünlerle ala-
kalı değildir. Bunun yanında Ama-
zon’da satışa başladığınız zaman 
aylık olarak Amazon’a vereceğiniz 
47 dolarlık bir maliyet var. Duru-
ma göre yazılım kullanımı, eğitim, 
logo tasarımı, danışmanlıklar gibi 
maliyetleriniz de olabilir. Birçok 
konuda ekstra olarak değişik mali-
yetleriniz çıkacaktır. Bunların ne 
kadar olacağı biraz da sizin ken-
di durumunuza bağlıdır. Örnek 
olarak, markanız yoksa ve marka 
oluşturacaksanız onunla ilgili ma-
liyetler olacaktır. Marka logosu ile 
ilgili maliyetiniz olacaktır. Paket 
tasarımını kendiniz yapabilir ya 
da başkalarına yaptırabilirsiniz. 
Duruma göre danışmanlık alabi-
lirsiniz. Bunlara da bütçe planın-
da yer vermeniz gerekmektedir.
A’dan Z’ye Amazon Eğitimi 47
Arbitraj iş modellerine göre büt-
çe planında neler olmalı konusuna 
da burada değinilmesi gerekmek-
tedir. Bu model de zaten hali hazıra 
yönelik bir satış usulü olduğu için 
ekstra olarak satışı sağlamaya yö-
nelik bir maliyetiniz olmayacaktır. 
Başlangıçta sadece ürün alma mali-
yeti ve kargo maliyeti ile karşılaşır-
sınız. Arbitraj modellerinde stoksuz 
kalmanız çok problem olmayacağı 
için 2’nci parti ürün alma maliyeti 
de olmaz. Gönderdiğiniz ürünlerin 
satışının Amazon tarafından hesa-
bınıza aktarılmasını bekleyebilir-
siniz. Fakat yazılım kullanımı, eği-
tim, danışmanlık gibi biraz daha 
mevcut durumunuza bağlı olan ma-
liyetler arbitraj iş modellerinde de 
olacaktır.
48 A’dan Z’ye Amazon Eğitimi
Daha net bir tablo çizebilmek adına 
rakamlar üzerinden bir örnek vereyim. 
Private label iş modeli yaptığınızı var-
sayıyorum. 3.000 dolar sermayeniz var 
diyelim. İlk olarak bence 200-300 dolar 
seviyelerine kadar eğitim, danışmanlık, 
yazılım kullanımı gibi hususlara bütçe 
ayırmalısınız. Temeli ne kadar sağlam 
atarsanız sonrasında o kadar rahat bir 
şekilde işinizi yürütebilirsiniz. Özellikle 
uzun vadede bu işi yapmayı düşünüyor-
sanız mutlaka gerekli olan eğitim sevi-
yesine ulaşmaya ve işe en başta hâkim 
olmaya çalışın. Sermayenizin 1.000 do-
lar kadarını ise ürün maliyetine ayırma-
lısınız. 700-800 doları da lansman, ppc, 
ilk reklam maliyetine ayrılmalı. Geriye 
kalan 1.000 doları da 2’nci sipariş için 
elinizde tutmanızı tavsiye ederim. Bu şe-
kilde sermayenizi bölerek ilerlediğiniz 
de sıkıntı yaşamayacağınızı değerlendi-
riyorum.
envato/stevanovicigor
A’dan Z’ye Amazon Eğitimi 49
5 AMAZON’DA SATICI 
HESABI AÇMA
Amazon’da satıcı hesabı açma 
en önemli konulardan birisi-
dir. Çünkü, Amazon satıcı hesabı 
açma konusunda satıcılara karşı 
çok rahat bir tutum sergilemiyor. 
Çok fazla sayıda satıcı bu konuda 
mağdur oluyor. Amazon, bu konu-
da ileri seviyede seçici davranıyor 
diyebiliriz. Binlerce kişinin gün-
lük olarak satıcı hesabı açmak için 
başvurmasına rağmen Amazon 
herkesi kabul etmiyor. Dolayısıyla 
bu konuda tutarlı olarak ilerlemek 
çok önemlidir. 
Yanlış adımlar attığınızda baş-
vuru yaptığınız hesap boşa gidiyor 
ve tekrar hesap açmanız da çok 
zor oluyor. Kendi adınıza değil de 
başka birinin adına hesap açma-
nız gerekiyor. Bu kişi bir tanıdık 
ya da akrabanız da olabilir. Başvu-
ru yaptığınız ve sonrasında “sus-
pend” olan bilgisayarınızı da daha 
sonra kullanamıyorsunuz. Başka 
bir bilgisayardan giriş yapmanız 
ya da bilgisayar kiralamanız gere-
kiyor. 
50 A’dan Z’ye Amazon Eğitimi
Bu tür sıkıntılı durumlara 
düşmemek adına Amazon hesa-
bı açarken çok dikkatli olmanız 
lazım. Ben de maalesef çok fazla 
bilgi sahibi olmadan hesap açılı-
şı yapmaya çalıştığım için hesa-
bımı açmam yaklaşık olarak 8 ay 
kadar sürdü. Fakat şu an yeterli 
bilgi ve tecrübeye sahip olduğu-
muz için hesap açılışının çok zor 
olmadığını söyleyebilirim. Şu 
anda bizim gösterdiğimiz yol-
lardan ilerlediğinizde çok kısa 
zamanda hesabınız açılabilir. 
Burada önemli olan husus dik-
katli bir şekilde ilerlemektir. Ama-
zon’un hesap açarken en çok önem 
verdiği nokta, bilgilerin tutarlı bir 
şekilde girilmiş olmasıdır. Dolayı-
sıyla tutarlı olmak çok önemlidir. 
Özellikle isim, soyisim veya şirket is-
minizin ve adres bilgilerinizin gön-
dermiş olduğunuz belgelerle birebir 
aynı olması gerekiyor. Gönderdiği-
niz belgeler en başta banka hesap 
dökümü, kredi kartı ekstresi gibi 
belgelerdir. Bunların uyumlu olma-
sı isteniyor. Sonrasında hesabınız 
“suspend” edilirse, Amazon sizden 
fatura veya kredi kartı ekstresi is-
tiyor. Bu gönderdiğiniz belgeler ile 
Amazon’a girmiş olduğunuz isim, 
soyisim ve adresin noktasına kadar 
aynı olması gerekiyor. 
A’dan Z’ye Amazon Eğitimi 51
Bu hususlara dikkat ederek 
ilerlerseniz, “suspend” olsanız bile 
çok hızlı bir şekilde hesabınız açıla-
biliyor. Amazon bu aşamada teyit 
amaçlı açılış suspendi yapabilir. 
Dolayısıyla hesabınız başlangıçta 
bile suspend ile karşılaşabilir. Bu 
durumdan korkmayın. Nasıl aça-
cağınızı bildikten sonra bu süreci 
rahatlıkla atlatabilirsiniz. 
Bu konuyla ilgili olarak yine 
Youtube- Mehmet TEK kanalımda 
çekmiş olduğum videolar bulun-
maktadır. Bu videoları izlemeniz-
de fayda olacağını düşünüyorum. 
Amazon hesap açılışı konusun-
da sürekli değişiklikler yapabil-
mekte ve şekilleri değişebilmek-
tedir. Bizde Amazon’a göre sürekli 
kendimizi güncelliyoruz. 
Bu konuyla alakalı olarak da-
nışmanlık hizmeti de verdiğimiz 
için neredeyse her gün birçok he-
sap hakkında denemeler yapıyo-
ruz. Sonuçta denemeler esnasında 
tutarlı olan yöntemleri buluyoruz. 
Mesela bu sıralarda ABD’de şir-
ket kurarak ABD Amazon’da hesap 
açıldığında uyuşma daha kolay 
oluyor. Amazon adres doğrulama-
sını çok daha hızlı yapabiliyor.
En güncel Amazon Amerika hesap 
açılışı videosu:
52 A’dan Z’ye Amazon Eğitimi
Diğer pazar yerleri biraz daha 
kolay olup bu kapsamda Singapur, 
BAE, Avustralya ve Avrupa da kıs-
men daha kolay bir şekilde hesap 
açılabilmektedir. Özellikle, ABD 
hesabı açmak biraz daha zor olu-
yor.
Sonuç olarak bu konuda kork-
manıza gerek yoktur. Dikkatli bir 
biçimde ilerlerseniz problem ya-
şamazsınız. Bilgilerinizi girerken 
hepsinin birbiri ile tutarlı olma-
sına dikkat ederseniz hesabınızın 
açılması ile ilgili bir sorun yaşa-
mazsınız.
Hesap açılışı bu işe başlarken 
bir kapı konumunda olması sebe-
biyle çok önemlidir. Şayet hesabı-
nızı açamazsanız Amazon’da satı-
şa başlayamazsınız. Dolayısıyla bu 
husus en çok dikkat etmeniz gere-
ken konulardan birisidir. 
Diğer yandan bunu hemen yap-
manıza gerek yok. Youtube’dan ya 
da başka yerlerden eğitim video-
ları izlemenizi ve ayrıca ücretsiz 
e-kitabımı mutlaka da alıp okuma-
nızı tavsiye ederim. Bütün bunları 
okuyup, bu işi daha ayrıntılı bir 
şekilde öğrenmeye çalışın. Hesap 
açma işini öğrendikten sonra ya-
vaş yavaş başlayın. Böylelikle ace-
leyle yapılan hataları yapmamış 
olursunuz.
hesap açılışı ile ilgili destek 
isterseniz bize ulaşın 
tel:0 850 532 3576
A’dan Z’ye Amazon Eğitimi 53
6 ÜRÜN ARAŞTIRMA- 
PRIVATE LABEL
Bu aşamada artık satıcı hesabı 
ile ilgili konuları geride bıraktık. 
Şimdi yavaş yavaş ürünlerle ilgili 
konuları ele alacağım. Ürün araş-
tırma konusunu temel iş model-
lerine göre 2 ayrı başlık altından 
değerlendireceğim. Bu bölümde 
private label iş modelinde ürün 
araştırmanın nasıl yapılacağını 
anlatacağım. İlerleyen bölümler-
de online-retail arbitraj ve who-
lesale iş modellerinde nasıl ürün 
araştırması yapılacağına da deği-
neceğim.
Öncelikle ürün araştırma es-
nasında temel kriterlerimiz neler 
olmalı? Bu sorunun cevabını bula-
lım. Bildiğiniz gibi Amazon devasa 
bir dijital pazaryeridir. Dolayısıyla 
burada olağanüstü bir rekabet or-
tamı bulunduğunun farkında ol-
mak gerekir. Bu yüzden fırsat olan 
noktaları bulmak zorundayız. En 
temel kriterimiz fırsat olan ürün-
leri bulmak olmalıdır.
54 A’dan Z’ye Amazon Eğitimi
Peki fırsat olan ürünler hangi-
leridir? Rekabetin kısmen daha 
az olduğu ve satışın da belli bir se-
viyede iyi olduğu ürünleri fırsat 
olan ürünler olarak değerlendi-
riyoruz. Ya da satışın iyi olup, re-
kabetin orta veya yüksek olduğu 
ama ürünle ilgili varsa sorunları 
gidererek ya da eklemeler yaparak 
daha iyi satışlara ulaşabileceği-
niz tarzda ürünleri de fırsat olan 
ürünleri olarak görebilirsiniz. Bu-
nunla ilgili İngilizce bir tabir var: 
“Room for improvement”, yani 
“geliştirmek için alan” anlamın-
dadır. Eğer bir üründe geliştirmek 
için alan bulunuyorsa o ürün fır-
sat ürünüdür. 
Hatta bu tarz ürünlerde çok re-
kabet olsa bile geliştirilecek alan 
olması sebebiyle fırsat ürünü ola-
rak değerlendirebilirsiniz.
Tabii ki, hedefimiz rekabetin 
daha az olduğu, az satıcının oldu-
ğu ve satıcıların çok bilinen, güçlü 
satıcılar olmadığı ürünler bulmak 
olmalıdır.
 Diğer yandan eğer bir üretici 
iseniz, doğal olarak kendi alanı-
nızda olan ürünlere girmeniz ge-
rekir. Bu alanda rekabet fazla ola-
bilir ama bunu da aşmanın yolları 
vardır. Burada bunları da anlata-
cağım. 
A’dan Z’ye Amazon Eğitimi 55
Temel olarak ürün araştırma 
kriterimiz şöyle olacak; başlangıç-
ta ne kadar bütçeniz olursa olsun 
3-4 üründen fazla ürüne girme-
nize gerek yoktur. Onlarca veya 
yüzlerce ürüne girmek bence baş-
langıçta uygun değildir. Birazdan 
göreceğiniz gibi 1 ürünle bile 300-
400 bin dolarlık ciro yapabilirsi-
niz. Dolayısıyla 1-2 ürüne odaklan-
mak çok daha iyi sonuçlar veriyor.
Ürün araştırma sürecinde siz-
den 20-30 tane ürün fikri bulma-
nızı istiyorum. 20-30 tane ürün 
fikri bulup, bunları analiz ede-
ceksiniz. Analiz sonrasında bun-
ları 3’e, 4’e düşürmeniz gerekiyor. 
3’e, 4’e düşürdükten sonra da ni-
hai bir analiz yapacaksınız. Nihai 
analiz sürecinde tedarikçilerden 
fiyat alacaksınız, tedarikçilerden 
aldığınız fiyatlar ile kâr marjınızı 
hesaplayacaksınız. Kâr marjını da 
hesaplayınca artık en iyi kâr etti-
ğiniz ve en iyi kazanç elde edece-
ğinizi düşündüğünüz birkaç ürün-
le başlayabilirsiniz. Bütçenize de 
bağlı olarak genel anlamıyla süre-
cin bu şekilde ilerleyeceğini söyle-
yebilirim.
56 A’dan Z’ye Amazon Eğitimi
Konumuza ürün araştırma 
yöntemleriyle devam edelim. Fa-
kat bunun öncesinde ürün araş-
tırırken nelere dikkat etmek 
gerekiyor? Kısaca bunlardan bah-
sedelim.
Aslında ürün araştırması ya-
parken esas noktamız ürün değil 
“anahtar kelime” araştırmak ol-
ması gerekir. Çünkü herkes ürün 
araştırması yapıyor. Yani ürün 
araştırması yaparak güzel satan 
bir ürün bulabilirsiniz ama sizin o 
ürünün anahtar kelimesindeki di-
ğer rakiplere bakmanız gerekiyor. 
Dolayısıyla önce ürün bulup, sonra 
o ürünün anahtar kelimelerini bu-
larak, daha sonra da en çok aranan 
anahtar kelimesini yani ana anah-
tar kelimeyi bulmakla uğraşmak 
yerine direkt olarak anahtar keli-
melere odaklanmak en mantıklı 
ve güzel sonucu veren yöntemdir. 
Biz bu şekilde ilerliyoruz. İşe ilk 
başladığımızda biz de ürün araştı-
rarak uzun olan yöntemi izliyor-
duk. Fakat yaklaşık son 1 yıldır 
direkt olarak anahtar kelimelere 
odaklanarak araştırma yapıyoruz. 
En iyi sonuçları elde ettiğimiz yön-
tem budur. Bu konuyu ben de size 
kullandığımız yöntem üzerinden 
anlatacağım. Bu yöntemi çok fazla 
kullanan olmadığından fark oluş-
turabileceğiniz bir yöntem olduğu 
için size anlatacağım. Böylelikle 
bu işi yapan diğer kişiler arasın-
dan daha ön plana çıkabilirsiniz. 
A’dan Z’ye Amazon Eğitimi 57
Bir diğer konu ise; yazılımlardır. Ürün araştırması konusunda size 
yardımcı olacak uygulamalar ile ilgili yazılımlar bulunmaktadır. Ya-
bancı olan uygulamalarla başlayım bu konuyu anlatmaya. 
 Bu uygulamaların çoğu ücretlidir. Bu hususta Helium 10 uygula-
ması bulunmaktadır. Amazon private label iş modeline en çok kullanı-
lan uygulamalardan bir tanesidir.
JungleScout adında bir uygulama da vardır.
58 A’dan Z’ye Amazon Eğitimi
Bu iki uygulama dışında ay-
rıca “viral-launch” uygulaması, 
Çinlilerin geliştirmiş olduğu “sel-
lersprite” adında bir uygulama ve 
bunların dışında ayrıca bildiğim 
kadarıyla Ruslar tarafından ge-
liştirilen “amzscout” uygulaması 
vardır.
 Bu saymış olduğum 5 uygula-
ma en çok kullanılan uygulamalar-
dır. Tabii bunların hepsi İngilizce 
ve aslında bizim ürün araştırma 
yöntemimize çok da uygun olma-
yan uygulamalardır. 
Biz de bu konuyla alakalı olarak 
“EMPARAZON” diye bir uygulama 
geliştirdik. Birazdan bu husustan 
daha detaylı olarak bahsedeceğim. 
Kritik özelliği anahtar kelimeler 
özelinde araştırma yapabilme im-
kânı sağlamasıdır.
A’dan Z’ye Amazon Eğitimi 59
Genel olarak ürün araştırma yazılımlarının bir web uygulaması olu-
yor. Web uygulamasında aramaları ürün, anahtar kelime gibi filtrele-
meler ile yapabiliyorsunuz. Bir de chrome eklentisi oluyor. Her uygu-
lamanın bu eklentisi de mevcuttur. Bu eklenti ile örnek olarak “baby 
nest” yazdığınızda bu kelimenin ortalama fiyatını, ortalama satışını, 
ortalama cirosunu, ortalama yorum sayısını, rakip sayısını, hacmi ve 
frekansı gibi bilgileri sayfada gösteriliyor. 
Bununla birlikte her ürünün ayrı ayrı aylık satışını, cirosunu, satıcı 
sayısını ve ayrıca “baby” kategorisinde kaçıncı sırada olduğunu da gös-
teriyor.
60 A’dan Z’ye Amazon Eğitimi
Chrome eklentisinde bulunan bir diğer özellik hemen ürün üzerinde 
kâr marjı hesaplama butonu bulunmasıdır. Bu butona basarak gerekli 
bilgileri doldurup hemen kâr marjınızı hesaplayabilirsiniz.
Bütün listeyi görmek isterseniz, aşağıdaki görselde olduğu gibi de-
taylı listeyi çalıştırdığınızda yine üst tarafta ortalama fiyat, satış, ciro, 
yorum, rakip sayısı, hacmi ve frekansı görünüyor.
A’dan Z’ye Amazon Eğitimi 61
Burada anahtar kelimenin aranma hacmini de kontrol edebilirsiniz. 
Aylık olarak ne kadar arandığı burada karşınıza çıkıyor.
Başka bir başlık altında frekansını görebilirsiniz. 
Giveaway başlığından ilgili ürünü ne kadar dağıtmanız gerektiğini 
de görebilirsiniz.
62 A’dan Z’ye Amazon Eğitimi
Ama tabii ki deneyebilirsiniz. 
Sonrasında gelen en düşük pake-
ti 97 dolardan başlıyor. VIP paketi 
aylık 238 dolardır. Fiyatlar dolar 
üzerinden olduğu için maalesef 
çok yüksek seviyelerdedir. Türki-
ye’de bunları ortaklaşa 50-100 kişi 
alanlarda oluyor ama ortak kulla-
nım aslında uygun değildir. Çün-
kü ortak kullanımda herkes aynı 
ürünlere bakmış oluyor.
 Emparazon Türkçe bir uy-
gulamadır. Dolayısıyla kullanımı 
daha rahat ve anlaşılır durumda-
dır. Fiyatları da çok daha uygun-
dur.
Genel itibari ile chrome eklenti-
lerinin çalışma mantığı bu şekilde 
gerçekleşmektedir. Ben örnekleri 
EMPARAZON üzerinden anlat-
tım. Hepsinin ayrı ayrı chrome 
eklentileri vardır. Bu uygulama-
ların fiyatlarına bakalım. Yukarı-
daki görüntülerde de dikkatinizi 
çekmiştir. Helium 10’un en çok 
kullanılan paketi aylık 97 dolardır. 
Yine junglescout’ın aylık 99 do-
lar olan paketi en yaygın olanıdır. 
Sellersprite’ın geliştirmiş olduğu 
ücretsiz versiyon bulunmaktadır. 
Fakat özelliklerine de baktığınız-
da çok da bir iş yapamıyorsunuz.
A’dan Z’ye Amazon Eğitimi 63
Benim sizlere tavsiyem ta-
bii ki Emparazon uygulaması 
ile bu işe başlamanızdır. Diğer 
uygulamaları da alıp deneyebilir-
siniz. Eğer konu ile alakalı olarak 
bütçeniz yeterli ise, hepsini dene-
yebilirsiniz. Bu şekilde birbirleri 
ile kıyaslama da yapabilirsiniz. 
Programların iyi ve kötü olduğu 
noktaları görmüş olursunuz. 
Fakat Türkçe olması, ücreti-
nin çok daha uygun olması ve bi-
razdan anlatacağım diğer uygula-
malardan farklı olduğu noktalar 
bulunması nedeniyle bence Empa-
razon ile başlayabilirsiniz. Sonra-
sında diğer uygulamalara bakarak 
zaten sizin de işinize en çok yara-
yan programa karar verebilirsi-
niz. 
Emparazon’dan sadece chrome 
eklentisi ya da sadece web uygu-
lamasını da veya ikisini birden de 
alabilirsiniz. Şimdi ikisini birden 
nasıl kullanacağınızı genel olarak 
anlatayım. Web uygulaması ile 
ürünler bulunuyor ve kelime araş-
tırmaları bu uygulama ile yapılı-
yor. Chrome eklentisi ile de bunun 
analizi yapılıyor. Temel olarak sis-
tem bu şekilde işliyor.
 Peki bu anahtar kelime de-
diğimiz şey nedir? Hemen sizlere 
göstereyim. Genel itibariyle Heli-
um 10, Junglescout ve diğer uygu-
lamalar da yapılan genel yöntem 
aşağıdaki görselde olduğu gibidir. 
Ürün araştırma araçları filtre sis-
temi ile çalışıyor. Siz filtrelere is-
tediğiniz aralıkları giriyorsunuz.
64 A’dan Z’ye Amazon Eğitimi
Bu filtrelemeleri yaparak ürün-
leri buluyorsunuz. Ürünleri bul-
duktan sonra Amazon’a gidip o 
ürünün ana kelimesini bulmanız 
gerekiyor. Ana kelime denilen hu-
sus ilgili ürünün indekslendiği, en 
çok satış yaptığı, en çok aranan ke-
limedir. O ürün çok güzel satıyor 
olabilir ama ana kelimedeki reka-
bet bizim için çok önemlidir. Buna 
bakmanız gerekir. Ana kelimeyi 
bulduktan sonra bu kelimenin 
analizini yapacaksınız.
Ortalama rakip sayısı, yorum 
sayısı gibi istatistikleri değerlendi-
receksiniz. Böyle genel istatistik-
lere ana kelimeden bakmanız ge-
rekiyor. Dolayısıyla ürün bulunca 
iş bitmiyor. Ürün değil de anahtar 
kelime bulduğunuzda aslında bir-
kaç adım ileri gitmiş oluyorsunuz. 
Anahtar kelimeler bulmak bence 
en hızlı ürün araştırma yöntemi-
dir. Biz bunu sürekli uyguluyoruz. 
Bunu uygulayarak anahtar keli-
meler aracılığıyla çok fazla sayıda 
ürün fikri buluyoruz.
A’dan Z’ye Amazon Eğitimi 65
Emparazon’un diğer uygulamalardan farkları nelerdir? Öncelikle 
Emparazon’da biz direkt olarak anahtar kelime konusuna ağırlık vere-
rek ilerledik. 
Bu kelimede ne kadar satış olduğu, 
bu kelimedeki en çok satan 3 ürünün 
tıklama ve dönüşüm oranlarını, yani 
bu kelimeden kaç tane sattığını göste-
riyor. Böylelikle bu kelimede önde ge-
len ürünlerin bu kelimeyi domine edip 
etmediğini de görebiliyorsunuz. Yan-
da bulunan pasta dilimi grafikte ilk üç 
ürün ve onların dışındaki diğer ürün-
lerin toplam satışın ne kadarını yap-
tıklarını kolaylıkla görebilirsiniz.
Burada Amazon’da en çok 
aranan kelimeden en aza doğ-
ru bir sıralama vardır. Uygu-
lamanın Kelime Araştırma 
aracından direkt olarak anah-
tar kelimeler üzerinden ürün 
araştırmaya başlayabilirsiniz. 
Burada sıralanan anahtar ke-
limelerin aylık aranma hac-
mini Emparazon uygulaması 
veriyor.
66 A’dan Z’ye Amazon Eğitimi
Mesela; power bank kelimesinde neredeyse tıklamaların yarısını ilk 
3 ürün almış. Yani bu kelimede pek fırsat yok.  Çünkü ilk 3 ürün burayı 
domine etmiş. Böyle domine edilmiş kelimelerden uzak durmak lazım. 
“Summer dresses for women” kelimesine baktığımızda burada ilk 3 
ürünün tıklanma oranı tüm ürünler içinde yaklaşık %8 dir. Yani bura-
da domine eden rakip yoktur. Bu durum iyi bir fırsat olabilir. Bunu sağ-
lamak için de hemen sayfa yukarısında bulunan kısımdan filtreleme 
yaparak mesela ilk 3 ürünün tıklama oranını maksimum %30 olarak 
belirleyebilirsiniz. Bu sonuca göre sıralama karşınıza çıkacaktır.
A’dan Z’ye Amazon Eğitimi 67
Ürün araştırma yöntemimiz 
nasıl? 
Genel itibari ile bizim en çok 
uyguladığımız anahtar kelimeler 
üzerinden ilerleyerek, anahtar ke-
limelerin Amazon’daki istatistik-
lerine bakıyoruz. Öncelikle bak-
tığımızda anahtar kelime güzel, 
aranma hacmi yüksek olabilir. 
Bu noktada tabii ki, en yüksekten 
başlamak pek mantıklı değildir. 
Bunu bütçenize göre belirleyerek 
20., 30., 50., 100. sayfadan başlaya-
rak ilerleyebilirsiniz. O sayfalarda 
daha az aranmalar vardır. Ama 
potansiyelinize göre daha uygun 
ürünler de bulabilirsiniz.
Örnek olarak; fidget toys keli-
mesi üzerinden ilerleyelim. Fidget 
toys kelimesine tıkladığınızda bu 
kelimenin Amazon’da aranma say-
fası açılıyor. Bu noktada chrome 
eklentisi çalışıyor. Bu sayfada ya-
pacağımız şey; ne kadar rakip var? 
Bu kelime mantıklı bir kelime mi? 
Bunlara bakacağız. Bir kelime 4-5 
milyon aranıyor olabilir ama eğer 
burada rakip sayısı çok fazlaysa, 
rakiplerin çok fazla yorumu varsa, 
kısaca rakipler çok ya da güçlüyse 
bu ürün fikrinden uzak durmak 
gerekir. Bu mantıkla ilerlemekte 
fayda vardır. Bu açıdan öncelikle 
bakmamız gerekenleri sıralarsak;
68 A’dan Z’ye Amazon Eğitimi
• Anahtar kelimenin aranma hacmi
• Anahtar kelime de satış miktarı
• Domine eden rakip var mı?
• İlk üç ürünün kelimedeki tıklanma, dönüşüm oranları
• Aranma hacminin geçmişi, grafikleri 
Anahtar kelimeleri buldunuz diyelim. Anahtar kelime şu anda güzel 
satıyor olabilir ama sizin geçmişine de bakmanız lazım. Çünkü anah-
tar kelime yeni mi satmaya başlamış veya düzenli bir satışı var mı diye? 
Grafiklerden de kontrol etmek gerekir. Ürün analizinde bunu daha ay-
rıntılı olarak ele alacağız. Fakat analize başlamadan önce bizim baktığı-
mız ilk veri; ürünün aranma hacmi yüksek ve rakip sayısı ona oranla az 
mı? Eğer bu şekildeyse analize geçiyoruz.
unsplashScott Graham
A’dan Z’ye Amazon Eğitimi 69
Ürün araştırma yöntemlerin-
den devam edelim. Manuel olarak 
Amazon üzerinde gezerek ürün 
araştırabilirsiniz. Ama en azın-
dan ürünlerin ne kadar sattığını, 
aylık cirolarını, kâr marjınızı ana-
liz etmek için yazılım kullanmak 
faydalı olacaktır. Bu konuda bazı 
ücretsiz yazılımlar da var. Bunlar 
maalesef çok faydalı olmuyor.
Fırsat ürünlerini bulmak için 
direkt olarak Amazon’un katego-
rilerinden ürün araştırabilirsiniz. 
Bunun yanında Instagram ve 
Pinterest üzerinden de ürün araş-
tırması yapabilirsiniz. Çünkü, bu 
platformlarda çok güzel, özel ta-
sarım ürünler bulunabiliyor. Bu 
ürünler sonrasında fırsat ürünü 
olabiliyorlar.
unsplash/georgia de lotz
70 A’dan Z’ye Amazon Eğitimi
Toptancı ve üreticilerden de ürün bulabilirsiniz. Bir toptancı veya 
üretici buldunuz diyelim ki, onların ürünlerini araştırarak da ilerleye-
bilirsiniz. Ya da Alibaba platformunu kullanabilirsiniz. Alibaba dünya-
nın en büyük B2B (business-to-business: işletmeden işletmeye satış/pazar-
lama) pazaryeridir. Toptancıları ve üreticileri rahatlıkla bulabileceğiniz 
bir yerdir. Yine Aliexpress’e bakabilirsiniz ve burada çok satan ürünleri 
inceleyebilirsiniz. Zaten Aliexpress aradığınız kategoride “order” sıra-
laması yaparsanız size en çok satandan itibaren ürünleri gösterecektir. 
Bu da en çok istek olan ürünler demektir.
A’dan Z’ye Amazon Eğitimi 71
Diğer bir yöntem Türkiye’de 
olup Amazon’da olmayan ürünleri 
bulmaktır. Bu yöntem biraz riskli 
olabiliyor. Çünkü, bu ürünler Tür-
kiye’de tutulurken ABD’de bazen 
ilgi görmeyebiliyor. Araştırma so-
nucunda güzel bir ürünü dünyaya 
taşımak size ciddi bir fırsat sağla-
yabilir. Bunun için facebook grup-
ları da vardır. Bizim de facebook’da 
“Türkiye Üreticileri ve Toptan-
cıları” grubumuz bulunmakta-
dır. Burada birçok üretici ürünle-
rini paylaşıyor. Siz de bulduğunuz 
ürünleri orada paylaşarak kendi-
nize üretici bulabilirsiniz. Zaten 
halihazırda bugüne kadar binler-
ce ürün paylaşılmıştır. Bunun gibi 
gruplardan ürün fikri de edinebi-
lirsiniz. 
72 A’dan Z’ye Amazon Eğitimi
Genel olarak ürün araştırma 
bu şekilde yapılıyor. 20-30 tane 
ürün fikri bulmanız gerekir. Fakat 
bunların hepsine başlayamazsı-
nız. Bunların bazıları diğerlerin-
den daha iyi olacaktır. Ürün fikri 
bulma konusunda anahtar kelime 
üzerinden giderek, ürün fikirleri-
nizi bulduğunuzda bunları bir ke-
nara kaydedin. Emparazon uygu-
lamasında bunları favoriye alarak 
sonrasında rahatlıkla takip edebi-
liyorsunuz. Artık bu ürün fikirle-
rini bulduktan sonra detaylı ana-
liz yapmanız gerekir. Bir sonraki 
bölümde ürün analizi konusuna 
değineceğim.
pexels/pixabay
Türkiye’nin ilk Türkçe Amazon ürün araştırma 
yazılımı: EMPARAZON.COM
A’dan Z’ye Amazon Eğitimi 73
7 ÜRÜN ANALİZİ- 
PRIVATE LABEL
Ürün araştırma bölümün-
de anahtar kelimeler üzerinden 
ürünleri araştırdınız ve artık yak-
laşık 30 tane ürün fikrine sahipsi-
niz. Bu ürünleri bir yere kaydedip, 
bunları detaylı olarak incelemeniz 
ve ayrıntılı  analiz yapmanız gere-
kiyor.
Ürün analizi nasıl yapılır? Bu 
noktada bakacağımız ilk etken ra-
kip sayısıdır. Ne kadar rakip var? 
Domine eden rakip var mı? Fiyat 
trendi nasıl? Ürünlerle alakalı 
trendler nasıl ilerliyor? Bunla-
rı örnekler üzerinden göstererek 
ilerleyelim.
Photo by Lukas from Pexels
74 A’dan Z’ye Amazon Eğitimi
“baby nest” örneği üzerinden 
devam ettiğimizde rakip sayısı-
nı 387 olarak görüyoruz. Sayfada 
aşağılara doğru giderek ne kadar 
ürün olduğunu da görebilirsiniz. 
Bu kelimede karşımıza 7 sayfa 
ürün çıkıyor. Rakip sayısı önem-
li fakat sadece rakip sayısına ba-
karak değerlendirme yapamayız. 
Ortalama yorumlara da bakmak 
gerekir. Rakiplerinizin yorumları 
ne kadar? Bunu bilmek gerekir.
Mesela bu örnekte ortalama yo-
rum sayısı 1900’dür. 4000 yorum-
lu, 2000 yorumlu rakipler var ve 
siz burada sıfır yorum ile başlaya-
caksınız. Dolayısıyla burada dik-
katli ilerlemek gerekir. Genel ola-
rak hızlıca yorum almanız gerekir. 
15-20 yorum sonrasında sizin de 
satışlarınız artacaktır ama rakip-
lerinizin yorum sayısı ne kadar az 
olursa rekabet o kadar düşük de-
mektir. 
A’dan Z’ye Amazon Eğitimi 75
Domine eden rakipler var mı? 
Bu da önemli bir kriter. Domine 
eden rakiplere nasıl bakabileceği-
nizi hemen anlatayım. Rakiplerin 
sayfalarına girerek bakabilirsiniz. 
Rakiplerinizin sayfasına girdiği-
nizde kaç yıldır Amazon’da satış 
yaptığını, ürünü kaç yıldır sattı-
ğını görebilirsiniz. Keepa diye bir 
eklenti var. Bu eklenti ürünün kaç 
gündür satışta olduğunu gösteri-
yor. 
Aşağıdaki görüntüde de gör-
düğünüz gibi 671 gündür satıcı bu 
ürünü satıyor. Yaklaşık 2 yıllık bir 
ürün. Tabii diğerlerine de bakmak 
gerekir. 1-2 yıllık ürün fikirleri 
daha güzel ürün fikirleridir. Fa-
kat 5-10 yıldır bir ürün satıştaysa, 
o üründe ciddi bir rekabet ortamı 
var demektir.
76 A’dan Z’ye Amazon Eğitimi
Diğer taraftan kullandığınız analiz uygulamasından da kelimeniz ile 
ilgili araştırma yapmalısınız. “baby nest” kelimesini Emparazon web 
uygulamasına yazarak aratıyorum.
“baby nest” kelimesinin aylık aranma hacmi 12 bin civarında. Bura-
da en çok satan ilk üç ürüne de bakalım. İlk 3 ürün tıklanmanın yak-
laşık olarak %42’sini almış. Dönüşüm oranı dediğimiz, satış ile alakalı 
olan oranında %38’i ilk 3 ürüne ait. Bu oranlar bazı ürünlerde %60-70 
oranlarında da olur. Bu şekilde olan ürünlerde ilk 3 ürünün bu kelimeyi 
domine ettiği anlaşılır. Dolayısıyla böyle domine edilmiş ürünlere bak-
mamakta fayda vardır.
A’dan Z’ye Amazon Eğitimi 77
Bu ürün genel olarak 9 bin-10 
bin-12 bin aralığında gitmiş, arada 
17 binlik sıçrama olmuş. Dengeli 
bir gidişi var. Bu değerlendirme-
miz için iyi bir durumdur. Bu de-
ğerlerin artıyor olması da iyi olur-
du. 
Azalmaması da önemli bizim 
için. Bazı ürünlerde çok fazla se-
zonsal artış ve sonrasında ciddi 
düşüşler olabiliyor. Bunlara dik-
kat etmek gerekir.
Bu kelimenin benzer kelimele-
rine de bakabilirsiniz. Orada fırsat 
olan ürünler karşınıza çıkabilir. 
Bakacağımız bir diğer veri; kelime analizidir. Yani “baby nest” ke-
limesinin geçmişine ve istatistiklerine de bakmanız gerekir.  Şu anda 
satışları iyi olabilir fakat genellikle satışlar nasıl ilerlemiş? Sezonsal bir 
ürün mü? Bunları incelemesiniz. 
78 A’dan Z’ye Amazon Eğitimi
Bir diğer kriter olarak fiyat 
trendini değerlendirmelisiniz. Az 
önce göstermiş olduğum “Keepa” 
eklentisinin verilerinde fiyat tren-
dini de görebilirsiniz. Siz ürünün 
kâr marjını hesaplayacaksınız 
ama belki de anlık yüksek bir kâr 
marjı görünebilir.  
Son olarak Google trendlerden de bu ürünün aranma hacmine ve 
trendine bakabilirsiniz. Bu verilerde sizin için çok faydalı olacaktır. 
Trendi artıyor mu? Azalıyor mu? Buradan detaylı bir şekilde görebilir-
siniz.
Bu noktada fiyat geçmişine 
bakmak önemlidir. Fiyat çok art-
mış olabilir. Ürün genel olarak 
daha düşük fiyattan satılıyorsa an-
lık fiyatı sizi yanıltabilir. 
A’dan Z’ye Amazon Eğitimi 79
Bu başlıktaki en önemli konu 
fark oluşturmaktır. Peki ne de-
mek fark oluşturmak? Private 
label ürün analizinde fark oluş-
turacağınız noktalar çok önem-
lidir. Bu noktaları nasıl bulabi-
liriz? Ürünlerin yorumlarını, 
rakiplerin yorumundaki özel-
likle olumsuz yorumları oku-
mak lazım. Bu olumsuz yorum-
ları değerlendirerek, o üründen 
geliştirme yapılıp yapılamaya-
cağını tespit etmeniz gerekiyor. 
Bu en iyi fark oluşturma yönte-
midir. 
80 A’dan Z’ye Amazon Eğitimi
Diğer yandan birlikte satan 
ürünlere bakabilirsiniz. Ürün-
le başka ürünleri birlikte satarak 
fark oluşturabilirsiniz. Ya da tasa-
rım açısından bir farklılık ortaya 
koyabilirsiniz. Private label ürün 
analizinde geliştirme yapabilece-
ğiniz bir nokta var mı? Farklılık 
oluşturabileceğiniz hususlar var 
mı? Bunlar çok önemlidir. 
 Bu sürecin sonunda bütün bu 
kriterlere göre değerlendirmeler 
yaptığınızda artık elinizdeki ürün 
fikirleri 3-5 ürün fikrine kadar in-
miş olmalı. Bu aşamadan sonra da 
tedarikçi aşamasına geçilir. Ürün 
bulma ile ilgili detaylı videolarımı-
za aşağıdaki QR kodlarından ula-
şabilirsiniz.
Photo by Akil Mazumder from Pexels
A’dan Z’ye Amazon Eğitimi 81
8 TEDARİKÇİ BULMA
Bu bölümde private label iş mo-
delinde tedarikçi bulma konusuna 
değineceğim. Temel olarak 2 şekil-
de tedarikçi bulabilirsiniz. Türki-
ye’den tedarikçi bulabilirsiniz ya 
da isterseniz dünyadan da tedarik-
çiler bulabilirsiniz. 
 Dünyada bu işin adresi genel 
olarak Alibaba oluyor. Türkiye’de 
bu durum biraz daha karışık. Ön-
celikle Türkiye ve Çin karşılaştır-
ması yapalım, sonrasında Alibaba 
üzerinden konumuza devam ede-
lim.
Biz çoğunlukla Türkiye’den te-
darikçi bulmanızı öneriyoruz. Ne-
den derseniz, Türkiye’nin avan-
tajlı olduğu bazı noktalar var. 
Lojistik açısından Türkiye daha 
avantajlıdır. Avrupa’ya 1-2 gün içe-
risinde, Amerika’ya 3-4 gün içeri-
sinde ürün gönderebiliyorsunuz. 
Türkiye’den lojistik çok hızlı bir 
şekilde yapılabiliyor. Çin’den gön-
derim yaptığınızda ürünlerin git-
mesi 15-20 gün, hatta deniz yoluyla 
giderse 1-2 ay sürebiliyor.
82 A’dan Z’ye Amazon Eğitimi
Türkiye’nin bir diğer avanta-
jı ise bazı kategorilerde maliye-
tin daha düşük olmasıdır. Türki-
ye’nin iyi olduğu kategoriler de 
bulunmaktadır. Tabii ki, Çin’in de 
iyi olduğu kategoriler vardır. Ör-
nek olarak, tekstil kategorisinde 
Türkiye’de fiyatlar daha iyidir. Fa-
kat elektronik kategorisinde Çin 
daha avantajlıdır. 
Türkiye’de tedarikçi bulma ko-
nusu biraz daha manuel olarak 
ilerliyor. Genel olarak birebir gö-
rüşmeniz gerekiyor. Alibaba’da ise 
internet üzerinden görüşüp anla-
şarak ürünleri alıyor ve gönderi-
yorsunuz. Özellikle Alibaba’daki 
üreticiler Amazon’u bildiği için 
kolaylıkla anlaşabiliyorsunuz. 
Ürün hazırlama sürecine alışkın 
oldukları için bu süreç daha rahat 
ilerliyor. Türkiye’de biraz daha 
sizin görüşmeler yaparak yönlen-
dirmeniz gerekiyor. Amazon’a çok 
alışkın olmadığı için üreticiler, uy-
gun olmayan üretimler olabiliyor. 
Bunların takip edilmesi ve anlatıl-
ması gerekiyor.
Photo by Wallace Chuck from Pexels
A’dan Z’ye Amazon Eğitimi 83
Sonuç olarak ben Türkiye’den tedarikçi bulmanızı tavsiye ederim. 
Fakat bulamadığınız ürünler için Alibaba’yı tercih edebilirsiniz.
Tedarikçilerle ilgili dikkat etmeniz gereken hususlar nelerdir?
• Öncelikle üretimin kaliteli olması gerekir. Bu çok önemli. 
• Size verilen zaman içerisinde üretimi yapabilmesi önemli. 
• İstenilen standartlarda üretim yapabilmesi.
• Değişikliklere uygun üretim yapabilmesi.
Maalesef Türkiye’de bu konuda 
sıkıntılar olabiliyor. Üretici 1 haf-
tada yaparım dediği işleri 2 haftada 
bitirebiliyor. Diğer yandan üretim 
aşamasındaki yönlendirmelere 
uymayabiliyorlar. Ya da ekstra ola-
rak yaptırmak istediğiniz veya de-
ğiştirmek istediğiniz şeylerde hız-
lı dönüşler alamayabiliyorsunuz. 
Alibaba’da bu hususlar daha kolay 
oluyor.
Alibaba’nın bir diğer avantajı 
üreticiler ile ilgili olarak filtrele-
me yapabiliyorsunuz. 
Türkiye’de şu an için bu konu-
da Alibaba gibi kapsamlı ve güzel 
bir platform yoktur. N11pro plat-
formundan ya da manuel olarak 
Google üzerinden üreticileri bu-
labiliyorsunuz. Diğer bir seçenek 
bölgenizde bulunan üreticiler ile 
yüz yüze görüşmektir. Türkiye’de 
süreç böyle işliyor. Fakat Alibaba 
bu konuyu sistematik bir şekilde 
çözen çok iyi bir platformdur. Biz 
de yakın zamanda Alibaba gibi bir 
platform kuracağız. 
84 A’dan Z’ye Amazon Eğitimi
Alibaba’ya girerek herhangi bir arama yap-
tığınızda karşınıza ürünler ve üreticiler çı-
kıyor. Burada “trade assurance” kriterini 
seçmelisiniz, bu filtre ile Alibaba’nın ticari 
anlaşma güvencesi ile gönderim yapan üreti-
ciler karşınıza çıkar. Buna ek olarak “verified 
supplier” filtresini de seçin, bunun sonucun-
da çıkan tedarikçiler Alibaba’nın onayladığı 
tedarikçiler olacaktır.
Sonrasında bu tedarikçilerle ilgili detaylı 
analize geçmek gerekiyor. Herhangi bir ka-
tegoride arama yaptığınızda gerçekten güzel 
ürünler bulabiliyorsunuz. Bir örnek göster-
mek istiyorum. Bu noktada Amazon’da 156 do-
lara satılan bir ürünü;
Alibaba’da 9.90-14.90 dolar aralığında üret-
tirebilirsiniz. Tabii ki bu fiyatlar sizin alım 
gücünüzle orantılı olarak değişiyor. 1000 tane 
ürün almak isterseniz bu fiyat daha da aşağı 
düşecektir. Fakat 50 adet ürün aldığınızda fi-
yat artar. Bu sebepler fiyatlar aralık şeklinde 
veriliyor. Fiyatın hemen altında minumum 
order kısmından da anlaşılıyor. Alibaba’daki 
bu örnek için en az 100 adet sipariş vermek ge-
rekiyor.
A’dan Z’ye Amazon Eğitimi 85
Alibaba’da filtreler yaptıktan 
sonra tedarikçilerin yorumlarını 
da okumanızı tavsiye ederim. Bu 
şekilde geri dönüşümleri kontrol 
edin. Tedarikçi ile irtibat kurma 
aşamasına geldiğiniz de biraz daha 
ciddi bir şekilde irtibat kurun. 
Hangi tedarikçi ile irtibat kurmak 
isterseniz hemen ürünün altında 
“contact supplier” butonuna ba-
sarak mesaj atabiliyorsunuz. Te-
darikçi ile ürün üzerinde yapmak 
istediklerinizi, ne zaman almak 
istediğinizi, bütçenizin durumu-
nu ve diğer isteklerinizi ayrıntılı 
şekilde görüşmeniz gerekiyor. Bu 
süreç İngilizce olarak ilerliyor.
Tedarikçi ile ilgili dikkat et-
meniz gereken diğer bir husus; 
baktığınız ürün tedarikçinin esas 
ürünü olsun. Bunu üreticinin say-
fasına giderek inceleyebilirsiniz. 
Örnek olarak yukarıdaki görselde 
bir üreticinin sayfası görünüyor. 
Üreticinin ürünlerine baktığımız-
da genel olarak tekstil alanında 
ağırlık var. 
86 A’dan Z’ye Amazon Eğitimi
Yine tedarikçi sayfasının alt 
kısımlarında “main products” 
bölümü var. Bu güzel bir durum. 
Üretici istediğiniz takdirde size bu 
ürünlerden daha fazla üretim ya-
pabilir. Ürünler üzerinde değişik-
lik ve geliştirmeler yapabilir.
Bazı tedarikçiler ürünleri alıp 
satıyorlar. Bu sizin için ciddi bir 
sıkıntı oluşturabilir. Ürünlerin ge-
liştirilmesi konusunda destek ola-
mıyorlar.
Dolayısıyla özellikle ürünle ilgi-
li geliştirme yapacaksanız, üretici 
ile anlaşmanız daha iyi olacaktır. 
Genel olarak Alibaba üzerinden 
ilerlemek mantıklıdır. Çünkü te-
darikçiler bu sürece hakimdirler. 
Tedarikçilerle detaylı olarak 
görüşmek, fiyat konusunda net 
bir şekilde pazarlık yapmak iyi 
olacaktır. Çünkü süreç içerisinde 
tedarikçiler fiyat konusunda deği-
şiklik yapmak isteyebiliyorlar.
A’dan Z’ye Amazon Eğitimi 87
Türkiye’de tedarikçi bulabileceğiniz diğer bir ortam facebook grup-
larıdır. Bizim kurmuş olduğumuz “Türkiye üreticileri ve toptancı-
ları grubu” gibi gruplardan da bu konuda faydalanabilirsiniz.
Bu grupta çok sayıda üretici, yeni çıkan ürünlerini paylaşıyor. Siz de 
yeni bulduğunuz bir ürünü grupta paylaşarak onu üretebilecek üretici-
ler bulabilirsiniz. Bu grubun şu anda 13 binin üzerinde üyesi bulunuyor. 
Bu husus sizin için de faydalı olacaktır. Bu facebook grubuna aşağıdaki 
kodu okutarak üye olabilirsiniz
88 A’dan Z’ye Amazon Eğitimi
Tedarikçi bulma konusu genel olarak bu şekildedir. Bu aşamada as-
lında bir nevi tedarikçilerinizi de analiz edeceksiniz ve sürecin sonun-
da tedarikçilerden fiyat alacaksınız. Aldığınız fiyatlar ile kar analizi ya-
pacaksınız. Bu konuyu bir sonraki bölümde ele alacağım.
A’dan Z’ye Amazon Eğitimi 89
9 KÂR ANALİZİ
Bu bölüme kadar öncelikle 
fırsat olan bulduğunuz ürünler 
üzerinde bazı analizler yaparak 
bunları 3-4 tane ürün fikrine in-
dirdiniz. Bu 3-4 ürünle ilgili ola-
rak belki de 10-25 tedarikçi ile gö-
rüşmeler yaptınız. Bu görüşmeler 
biraz süre alacaktır. Sorularınıza 
yeterli cevaplar bulamayabilir ya 
da size geç dönüşler olabilir. Bu 
süreçte ürünleri analiz ettiğiniz 
gibi üreticileri de analiz etmelisi-
niz. Kaliteli olarak belirlediğiniz 
tedarikçilerden fiyatlar alarak kâr 
analizi de yapmalısınız.
Ürün başına ne kadar kâr 
ediyorsunuz?
Amazon sizden ne kadar ke-
sinti yapıyor?
Kargo maliyetiniz ne kadar?
Bunlarla alakalı olarak analiz-
leri yapmalısınız. Bu hesaplamayı 
nasıl yapacağınızı örnek bir ürün 
üzerinden göstereyim. 
90 A’dan Z’ye Amazon Eğitimi
Ben bunu Emparazon ek-
lentisi üzerinde göstereceğim. 
Sizler diğer eklentileri de kul-
lanabilirsiniz. Emparazon ek-
lentisinde kâr marjı hesapla 
butonuna tıkladığınızda oto-
matik olarak Amazon’un ne 
kadar kesinti yaptığı ortaya çı-
kıyor. Siz tedarikçiden aldığı-
nız fiyatı “ürün başına üretim 
maliyeti” kısmına yazacaksı-
nız. Taşıma maliyeti türünü 
ve taşıma maliyetini giriyor-
sunuz.
Aşağıda FBA maliyeti, yani 
Amazon’un ürünleri hazırla-
ma maliyeti olarak düşünebi-
lirsiniz. Ek olarak depolama 
ve amazon komisyonunu da 
hesaplayarak size toplam ma-
liyeti çıkarıyor. 
Net kârınızı, hemen maliyetler al-
tında belirtiyor. “margin” karşısında 
satışın yüzde olarak ne kadarının kâr 
olduğu yani kâr marjınız görünüyor. 
En altta da ROI oranı bulunuyor. ROI, 
“return of investment” yani yatırım 
dönüşüm oranıdır. Bu örnekte %110 
olarak gösterilmiştir. Bu oran da ana-
liz açısından çok önemli bir orandır. 
A’dan Z’ye Amazon Eğitimi 91
Kâr marjınızın %30-40 oranla-
rında olması güzel kazançlar sağ-
layabilir. Bu şekilde kâr marjını-
zı hesapladıktan sonra artık satış 
aşaması ile ilgili genel istatistik-
lere bakabilirsiniz. Yani bu ürün-
lerden bazılarına karar verebilir-
siniz. 
Daha önce belirttiğim gibi Pri-
vate Label iş modelinde onlarca 
ürününüzün olmasına gerek yok-
tur. Hatta 1 ürün bile yetebilir. Az 
önceki örnekte görünen ürün ay-
lık 400.000 dolar ciro yapan bir 
üründür. Bir üründen yaklaşık 
26 dolar net kâr elde edilebiliyor. 
Kaldı ki, biz bu ürünü bir dönem 
sattık. Türkiye’de en kalitelisini 
100-130TL’ye yaptırabilirsiniz. Bu 
da yaklaşık 10-13 dolar yapar. Kâr 
marjının da %37 olduğunu gördü-
nüz. Yani sadece 1 üründen aylık 
yaklaşık 150.000 dolar kâr elde 
ediliyor. Tek bir üründe bile böyle 
fırsatlar yakalanabilir.
Burada durum biraz daha sizin 
bütçenize bağlıdır. Bütçenize uy-
gun olarak 2-3 ürüne karar verip 
de ilerleyebilirsiniz.
92 A’dan Z’ye Amazon Eğitimi
Private Label iş modeli için ürün, analiz ve karar konularını burada 
bitiriyoruz. Sonraki bölümlerde diğer iş modellerine göre bu süreçleri 
ele alacağız.
A’dan Z’ye Amazon Eğitimi 93
10 ÜRÜN ARAŞTIRMA-
ARBİTRAJ
Online-retail arbitrage iş mode-
linde ya da wholesale iş modelinde 
satış yapmayı düşünenler için bu 
bölüm çok önemlidir.
Ürün araştırmanızı nasıl yapa-
caksınız? Bu noktada esas olarak 
ürün değil markaları bulmanız ge-
rekir. Bunu nasıl yapacağınızı size 
göstereceğim. Bu iş için birçok 
yöntemimiz vardır. Bazı yazılım-
lardan da faydalanacağız.
Arbitraj iş modelinde temel 
mantık marka olan ürünler bul-
mak, yani hali hazırda satan ürün-
ler bulmak. Bu noktada satan 
ürünler bulduğumuz için ürünün 
ne kadar sattığına bakmamız ge-
rekiyor. Kâr marjı istediğimiz se-
viyelerde mi? Bunu değerlendi-
receğiz. Sonrasında ürünü nasıl 
alabiliriz? Toptancılar, üreticiler, 
online pazar yerlerinden indirim-
de olan yerler var mı? Bunlara ba-
kacağız. 
Arbitraj iş modelinde de ürün 
araştırma yöntemleri var. Adım 
adım bunları değerlendirelim.
94 A’dan Z’ye Amazon Eğitimi
İlk olarak yazılımlar aracılığıy-
la ürün araştırması yapabilirsiniz. 
Tactical Arbitrage ve Source-
mogul adında iki uygulama bu-
lunmaktadır. En çok kullanılan 
yazılımlar bunlardır. Tactical Ar-
bitrage ile ilgili olarak çok daha 
detaylı çekmiş olduğum 3 videom 
vardır. Youtube-Mehmet TEK ka-
nalımda bu videolar mevcuttur. 
Bu videolara aşağıdaki kodları 
okutarak ulaşabilirsiniz.
Tactical Arbitrage ve Source-
mogul gibi uygulamaların genel 
olarak yaptığı Wallmart gibi bir-
çok platformlarda indirime giren 
ürünleri Amazon’dakilerle karşı-
laştırarak fırsat olan ürünleri or-
taya çıkarıyor. Amerika’dan Ame-
rika’ya arbitraj iş modeli yapmak 
istiyorsanız, bu programları kul-
lanabilirsiniz.
Tactical Arbitrage 
programı nasıl 
kullanılır?
Tactical Arbitrag 
ile Amazon’da ürün 
araştırma
Tactical Arbitrage ile 
Amazon’da  Online-
Retail Arbitraj (Örnek 
Çalışma)
A’dan Z’ye Amazon Eğitimi 95
Peki Türkiye’den bu iş nasıl yapılır? Türkiye’de markalar nasıl bu-
lunur? Öncelikle Türk markalarını araştırmalısınız. Aklınıza hemen 
birkaç marka gelecektir. Onlar üzerinden ilerleyebilirsiniz. Zaten bir 
ürünü bulduktan sonra adım adım ilerleyen bir süreçtir. Örnek olarak; 
“Paşabahçe” markasını arayalım.
Emparazon eklentisi sayesinde hemen, ürün üzerinde aylık ne kadar 
sattığını ve kaç adet satıcısı olduğunu görebiliyoruz. Herkes aynı fiyatı 
verirse, satıcılar arasında aylık toplam satış dağıtılıyor. Bu şekilde bu 
örnekte bulunan ürünlerden aylık ortalama 100 tane satabilirsiniz. Ta-
bii ki, satıcılar arasındaki dağılım tam olarak eşit olmayabilir. Aynı fi-
yatı verenler arasında satışlar bölüştürülür fakat bir satıcı daha düşük 
fiyat verirse “buybox” ona verilebilir. Buybox konusuna ilerleyen bö-
lümlerde detaylı olarak değineceğim.
96 A’dan Z’ye Amazon Eğitimi
Bu şekilde ürün araştıra-
bilirsiniz. Başka bir örnek 
olarak “ulker” yazıp arattı-
ğınızda, birçok ürün ve sa-
tıcı görebilirsiniz. Bu ürün-
lerde de yine gayet güzel 
satışlar yapılıyor. Burada 
hızlı ilerleyebilmek adına 
sizinle aynı işi yapan satıcı-
lara bakmanız faydalı olur. 
Bulduğunuz bir ürüne gir-
dikten sonra aşağıda örnek-
te gösterdiğim gibi “new 
(…) from …” ibaresine tık-
ladığınızda ürünü satan sa-
tıcılar karşınıza çıkacaktır. 
Burada diğer satıcılarda 
aynı fiyatı verdiğinden Buy-
Box satıcılara dönüşümlü 
olarak veriliyor. Fakat bura-
da bir satıcı 17 dolara düşür-
se fiyatı BuyBox ona verilir.
Tabii ki, o fiyatı düşürdüğünde ise di-
ğer satıcılar da fiyatı düşürecektir. Bu iş 
modelindeki en kritik noktalardan birisi 
budur. Rakiplerden bile ürün bulabilir-
siniz. Fakat herkesin aynı fiyatı verdiği 
ürünler bulmak çok önemli. Bir ürün iyi 
satıyor olabilir ama kar etmeniz için her-
kesin aynı fiyatta satış yaptığı ürünler 
bulmanız gerekir. 
A’dan Z’ye Amazon Eğitimi 97
Bu satıcılar neler satıyor onları kontrol etmek lazım. Hangi markala-
rı satıyorlar? Nasıl ilerlemişler? Bunlara baktığınızda birçok ürün fikri 
bulabilirsiniz. Aşağıda örnek olarak bir satıcının sayfasını gösterdim. 
Burada birçok Türk markasını sattığını görebilirsiniz. Buraları incele-
mek ürün bulmanız açısından çok faydalı olacaktır.
98 A’dan Z’ye Amazon Eğitimi
Türkiye’de satışı yapılan Türk 
ürünlerini bu şekilde bulabilirsi-
niz. Bu ürünlerin karşılaştırması-
nı da yapmanız gerekir. Bunu nasıl 
yapacağınızı sizlere göstereyim. 
 Emparazon uygulamasında 
“Emparazon BSR” diye bir araç 
bulunuyor.
Burada en çok satandan en aza 
doğru ürünler sıralanıyor. Ar-
bitraj iş modelinde örnek olarak 
“neutrogena” yazdığınızda Ama-
zon’a karşınıza sadece 5-6 sayfa 
ürün çıkar. Sizin bunu en çok sa-
tandan en aza doğru görmeniz ge-
rekir. Emparazon uygulamasında 
böyle bir arama yaptığınızda en 
çok satandan en aza doğru sırala-
ma karşınıza çıkar.
Emparazon yazılımını 
kullanmak için kodu 
okutun
A’dan Z’ye Amazon Eğitimi 99
Şimdi bunlara nasıl bakılma-
sı gerektiğine değineceğim. ASIN 
koduna tıkladığınızda Amazon’da-
ki sayfa açılır. Amazon sayfasın-
dan ürünün fiyatına baktınız. 
Sonrasında tekrar Emparazon 
sayfasına geldiğinizde, araştır baş-
lığı altında; Google, Alibaba, Ebay, 
Akakçe, Cimri gibi platformlara 
yönlendirmeler vardır. Buradan 
Google’a tıkladığınızda ürünün 
Türkiye’de hangi fiyata ve kimler 
tarafından satıldığını görebilirsi-
niz. Ürün araştırmasını kolaylaş-
tırmak adına böyle bir araç bu-
lunmaktadır. Bunu kullanmanızı 
tavsiye ederim. 
Türkiye’den ürün araştırma 
yöntemleri genel olarak bu şe-
kilde yapılabilir. Dünyada da 
“myvipon.com” gibi bazı web 
siteleri aracılığı ile de indirimli 
ürünler bulabilirsiniz. Bu gibi si-
telerde ciddi indirimli olan ürün-
ler bulunabiliyor. %50, %60, %70’e 
ulaşan indirimler olabiliyor. Böyle 
indirimli siteler üzerinden Onli-
ne Retail Arbitrage yapabilirsi-
niz. Buralardan aldığınız ürünleri 
Amazon’da satabilirsiniz. Bunun 
için ara depo hizmeti sağlayanlarla 
anlaşarak, ürünleri ilk olarak ara 
depoya gönderip, orada hazırlata-
rak Amazon’a göndermeniz lazım. 
Ara depo hizmetinin ayrıntıların-
dan da birazdan bahsedeceğim. 
100 A’dan Z’ye Amazon Eğitimi
Diğer yandan Amazon içeri-
sinde gezerek ürün bulabilirsiniz. 
Bunu nasıl yapacağınızı hemen 
anlatayım. Herhangi bir katego-
ride ürün araştırıyorsunuz. Ör-
nek olarak “glass” yazalım. Böyle 
kategorilerde ürünlere bakarken 
Emparazon eklentisi ürünün üze-
rinde kaç satıcı olduğunu gösterir. 
Bir üründe eğer 2’den fazla satıcı 
varsa bu ürüne bir Arbitraj ürünü 
diyebilirsiniz. Dolayısıyla böyle 
ürünlerin satıcılarına bakabilir ve 
ayrıca toptancılarını da araştıra-
bilirsiniz. Tek satıcı ve bir marka 
varsa o ürün Private Label ürünü-
dür. 
Burada dikkat etmeniz gereken 
diğer bir nokta rekabet koşulları-
dır. Bir listede 20’dan fazla sa-
tıcı varsa o liste pek uygun bir 
liste değildir. 
Benim tavsiyem satıcı sayısı 
3’ten fazla olsun. Tabii ki; bu satı-
cılara da dikkat edin marka sahibi 
ile satıcılar aynıysa sizin o listeye 
girmenize izin verilmeyecektir. 
Dolayısıyla ürünlerini toptancıla-
ra veren ve başkalarının satması-
na  da izin veren markalardan iler-
lemek gerekir.
Burada ürün araştırma yön-
temlerinden genel olarak bahset-
tim. Önceki bölümlerde bahsetti-
ğim gibi Facebook gruplarından 
da ürünler araştırabilirsiniz. 
Bence en güzel ürün araştır-
ma yöntemi rakipler üzerin-
den ürün araştırmaktır. Çünkü 
arbitraj ürünü satan satıcılar genel 
olarak benzer ürünleri sattıkları 
için buralardan ürün fikirleri bul-
mak daha mantıklı ve kolay olu-
yor.
A’dan Z’ye Amazon Eğitimi 101
11 TOPTANCI VE DİSTRİBÜTÖR-
ARBİTRAJ MODELİ
Ürünler araştırılarak bulundu. 
Bu aşamadan sonra toptancılar ya 
da ürünleri alabilecek yerler bul-
manız gerekiyor. Toptancı, distri-
bütör ya da ürün alacağınız kişiler 
ile görüşüp listeler alacaksınız. 
Ürünlerle alakalı sizlere fiyat tek-
lifleri verecekler. Sizde daha sonra 
bunları analiz edeceksiniz. Bu bö-
lümde toptancı ve distribütörleri 
nasıl bulabilirsiniz sorusu üzerin-
de duracağım? Bundan bahsede-
ceğim.
Türkiye’de toptancı bulma işle-
mi daha çok manuel olarak işliyor. 
Google veya Facebook gibi plat-
formlar üzerinden yazarak da bu-
labiliyorsunuz. 
Örnek olarak markayı buldu-
nuz diyelim: “ülker”. Ülker top-
tancısı yazdığınızda Google’a 
birçok toptancı bulabilirsiniz. 
Yerlerini öğrenerek toptancılar ile 
görüşmeler yapabilirsiniz. Anka-
ra’da Gimat’a, İstanbul’da İstoç’a 
giderek oradaki toptancılar ve sa-
tıcılar ile görüşebilirsiniz. Burala-
ra giderek ürün araştırmak daha 
sonuç odaklı bir yöntem olacaktır. 
Google üzerinden de araştırmalar 
yapabilirsiniz. 
102 A’dan Z’ye Amazon Eğitimi
Dünyadan da üretici bulmak 
istiyorsanız, Private Label iş mo-
delinde olduğu gibi yine Alibaba 
platformu size geniş bir üretici 
kitlesi sunması açısından man-
tıklı olacaktır. Yabancı marka-
ların toptancı ve üreticilerini 
bulmak içinde Google’a İngiliz-
ce olarak örneğin “neutrogena 
üreticisi, toptancısı” yazdığınız-
da karşınıza çıkacaktır. 
Birçok toptancının bir arada 
bulunduğu siteler de var. Aliba-
ba benzeri siteler bunlar. Bu tarz 
yerlerden de toptancı bulabilir-
siniz.
Amazon eğitimleri 
hakkında bilgi almak 
için bize yazın ya da 
arayın.
A’dan Z’ye Amazon Eğitimi 103
Aslında bu aşamada önemli olan kısım 
üretici ve toptancı bulmak değildir. Üretici, 
toptancı ve distribütör ile iletişim kurabil-
mek ve bir hesap açtırabilmek. Çünkü hesap 
açma, sizlere ürünlerini satmak konusundan 
bazen pek istekli olmayabiliyorlar. Zaten, 
ürünleri hali hazırda satıyorlar. Dolayısıyla 
bu süreçte biraz çaba sarf etmeniz gerekiyor. 
Bu aşama biraz uğraştırıcı oluyor. Özellikle, 
Amerika’da toptancı araştırıyorsanız, sizin 
şirket olmanızı isteyecektir. Başvurularınızı 
şirket olarak yapmanızı isteyecektir. Hesap 
açabilmek için birçok e-posta göndermeniz 
gerekecektir. İsteklerinizi ve çalışma süreci-
nize dair bilgileri ayrıntılı bir şekilde paylaş-
manız gerekiyor. Bazen e-postalar da yeterli 
olmuyor. Türkiye’de olan toptancılar ile yüz 
yüze görüşmek gerekebiliyor. Amerika’daki 
toptancılarla da Zoom üzerinden görüşerek 
bu işlemleri yapabilirsiniz. 
104 A’dan Z’ye Amazon Eğitimi
Toptancı hesabı açmak de-
mek, toptancının ürünlere 
dair size fiyatlar verip, sizin 
de ürünleri alabiliyor olmanız 
demektir. Size bir liste vere-
cekler ve onun üzerinden iler-
leyeceksiniz. 
Toptancı, distribütör bul-
ma konusu genel olarak bu şe-
kildedir. Online-retail arbit-
raj yapıyorsanız ürün bulmak 
biraz daha kolay olacaktır. 
Online pazar yerlerinden ya 
da mağazalardan temin ede-
bilirsiniz. Fakat bu işi toptan 
yapmayı düşünüyorsanız top-
tancılar ile anlaşmanız, dist-
ribütör bulmanız gerekli ola-
caktır. 
Photo by Alexander Isreb from Pexels
A’dan Z’ye Amazon Eğitimi 105
12 ÜRÜN ANALİZİ- 
ARBİTRAJ
Toptancılar ile görüşerek ürün-
leri belirlediniz. Bu aşamada top-
tancılar size bir liste vermeli. Bu 
liste ürünlerin fiyatlarının ve 
barkodlarının yer aldığı bir ex-
cel dosyası şeklinde olabilir. Buna 
manuel olarak kendiniz de ba-
kabilirsiniz. Arama kutucuğuna 
barkodu yazdığınızda o barkodun 
fiyatına ulaşarak kâr marjı anali-
zini yapacaksınız. Kâr marjınıza 
manuel olarak bu şekilde bakabi-
lirsiniz. Toptancıdan aldığınız ve 
Amazon’daki fiyatı esas alarak kâr 
marjınızı hesaplayabilirsiniz. 
Bu iş için alternatif olarak bu-
nun için yapılan yazılımları da 
kullanabilirsiniz. Scanunlimited, 
Amz Analyzer, Scanpower gibi ya-
zılımlar bu konuda size yardımcı 
olabilir. Genel olarak yazılımların 
çalışma mantığı sizin elinizde olan 
excel tablonuzu yüklediğinizde ya-
zılım otomatik olarak Amazon’da-
ki fiyatlar ile sizin excel dosyanız-
daki fiyatları karşılaştırıyor ve kâr 
ettiğiniz ürünleri gösterebiliyor. 
Yazılımlar sayesinde sizin fazla 
uğraşmanıza gerek kalmıyor. Bu 
şekilde daha hızlı olarak ilerleye-
bilirsiniz.
106 A’dan Z’ye Amazon Eğitimi
Bunu size kısaca göstereyim. Bu yazılımlarda genel olarak ücretlidir. 
Burada Scanunlimited uygulamasını kullanabilirsiniz. 
Ücretsiz olarak 1 belge yükleyebiliyorsunuz ya da kullanım başına 
$20 ücretlendirilmektedir. Ben size daha önce bir toptancıdan almış ol-
duğum excel dosyası üzerinden uygulamanın nasıl olduğunu göstere-
yim.
Burada gerekli olan hesapla-
maları yaparak “net profit” bölü-
münde toplamda net kârınızın ne 
olduğunu görülebiliyor. Burada 
örnek olarak, kârı 3 dolardan fazla 
olan ürünleri göster şeklinde filt-
releme yapabilirsiniz. Bu listede 
16000 ürün var. Dolayısıyla böyle 
fazla sayıda ürün olduğunda ana-
liz programları kullanmak daha 
faydalı olacaktır.
Amazon’un kendi seller uygu-
lamasında olan scan uygulaması 
da var. Ürünleri tıklayarak bar-
kodları okuyarak tek tek manuel 
olarak ürün analizi yapabilirsiniz. 
Bu amaçla yukarıdaki iki seçenek-
ten birisini kullanabilirsiniz. Bu 
tamamen sizin tercihinize bağlı-
dır.
A’dan Z’ye Amazon Eğitimi 107
Ürün analizinde bakacağınız 
en önemli noktalar;
 » Bulduğunuz ürünlerde kar 
ediyor musunuz?
 » Ne kadar rakibiniz var?
 » Rekabet durumu nasıl? Sıkı 
bir rekabet var mı? Amazon satıcı 
olarak var mı? Eğer Amazon satıcı 
olarak varsa kesinlikle uzak dur-
mak gerekir.
 » Fiyat geçmişi nasıl? Keepa 
uygulamasından kontrol edilmeli. 
Fiyatlar anlık olarak düşmüş ya da 
artmış olabilir. Ne kadar düşüyor 
ne kadar artıyor? Bunlara bakarak 
kâr marjınızı hesaplamalısınız.
Kâr marjınızı hesapladıktan 
sonra karınız iyiyse bu ürünlere 
girilebilir. Toptancılardan alarak 
Amazon’da satabilirsiniz.
108 A’dan Z’ye Amazon Eğitimi
Photo by The Lazy Artist Gallery from Pexels
A’dan Z’ye Amazon Eğitimi 109
13 ARBİTRAJ 
ÜRÜN LİSTELEME
Artık ürün listeleme bölümüne 
geldik. Ürün listeleme konusunu 
arbitraj ve private label iş modelle-
ri için ayrı ayrı ele alacağız. Çünkü 
arbitraj iş modelinde zaten ürün-
ler listeli şekilde sunulmaktadır. 
Hali hazırda satan ürünleri satı-
yorsunuz. Sizin için geriye sadece 
o listeye girmek kalıyor. Kapalıysa 
markayı açtırmak ve sonrasında 
listeyi açtırmak gerekiyor.  Eğer 
ürün yoksa ve siz listeleyecekse-
niz, bu durumda biraz daha detay-
lı çalışmak gerekecektir. Bu husu-
sa daha ayrıntılı değineceğim. 
Arbitraj ürün listelemede zaten 
liste hazırdır.  Ben de bu listede sa-
tış yapmak istiyorum diyerek sa-
tabiliyorsunuz. Bu konuda önem-
li bazı hususlar bulunmaktadır. 
Markanızı açtırmanız gerekiyor. 
Örnek olarak “faber-castell” gibi 
markalar satacaksınız, bunlar di-
rekt olarak açık olan markalardır. 
Diğer bir örnek olarak da “ikea”yı 
gösterebiliriz. Bu markalar sizden 
ek belge istemeyebilir. 
110 A’dan Z’ye Amazon Eğitimi
Fakat bazı markalar kapalı ola-
caktır. Siz bu markaların ürünle-
rini satmaya çalıştığınızda Ama-
zon’da satamazsınız, izin almanız 
gerekir şeklinde uyarı verecektir. 
Bu noktada takip edebileceğimiz 
2 yol vardır. İlgili markadan izin 
belgesi alabilirsiniz. Fakat bunu 
yapmanız biraz zor olacaktır. Di-
ğer bir seçenek olarak da marka ile 
ilgili fatura alabilirsiniz. Yani bir 
toptancıdan bu markaya ait en 
az 10 alımının faturası gerekir. 
10 sayısı kritik, 10’dan az olduğun-
da Amazon kabul etmiyor. Benim 
size tavsiyem marka açtırabilmek 
için 10’dan fazla alım yaptığınız 
faturaları eklemenizdir. Burada 
Amazon’un maksadı ürünün ori-
jinal olduğunu anlamak. Orijinal 
ürünler aldığınızda bunun fatura-
sı ile markayı açtırabiliyorsunuz.
unsplash/Mark Broadhead
A’dan Z’ye Amazon Eğitimi 111
Bir diğer konu ise, kategoriler 
de kapalı olabilir. Kategoriyi de aç-
tırmanız gerekebilir. Kategori aç-
tırma adına farklı kriterler vardır. 
Genel itibariyle ortalama veya ba-
sit diyebileceğimiz kategorilerde 
ürünü resmini çekerek veya bir fa-
turayla kategoriyi açtırabiliyorsu-
nuz. Buradaki önemli olan husus-
lar ürünün resmi ve faturasıdır. 
Ürünün resminin üzerinde ürün 
ile alakalı bilgiler bulunmalıdır. 
Barkod bulunması da gerekir. Ay-
rıca ürünün üzerindeki resimde 
sizin Amazon’daki hesabınızın bil-
gilerinin olması lazım.
112 A’dan Z’ye Amazon Eğitimi
Arbitrajda bu şekilde ürün listele-
me konusu basit bir şekilde ilerlemek-
tedir. Sadece kapalı olan markalar için 
fatura göndermeli ve o markaları aç-
tırmalısınız. Marka açtırma işlemi bu 
şekilde gerçekleştirilebilir. 
Arbitrajda ürün listelemesinde siz 
marka sahibi olmadığınız için, bu lis-
teyi de değiştiremiyorsunuz. Çünkü 
burada listede değişiklik yapabilmek 
için marka sahibi ya da marka sahibi-
nin yetki verdiği bir kullanıcı olmak 
gerekir. 
Arbitrajda ürün listelemek genel 
olarak bu şekilde yapılmaktadır. Genel 
olarak ürün listeleme ile ilgili hususla-
rı ve Private Label iş modelinde ürün 
listelenmesi konusunu bir sonraki bö-
lümde ele alacağım.
A’dan Z’ye Amazon Eğitimi 113
14 ÜRÜN LİSTELEME
Bu bölümde genel olarak ürün 
listeleme konusunda nelerin 
önemli olduğuna ve private label 
iş modelinde ürün listelemesinde 
nelere dikkat edilmesi gerektiğine 
değineceğiz. 
Ürün listeleme, en önemli ko-
nulardan biridir. Çünkü ürün 
listeleme çalışması içeriğinde, 
Amazon’daki ürünün sayfamızı 
oluşturma konusu yer almaktadır. 
Amazon’da sayfamızı oluşturur-
ken dikkat etmemiz gereken hu-
suslar vardır.
Sonuçta oluşturduğunuz sayfa 
sizin mağazanızdır. Gelen ziyaret-
çiler için mağazanızın görünümü, 
onların satın alma konusunda ka-
rar vermelerine etkili olacaktır. 
Sayfanızdaki resimler, açıklama-
lar, videolar ve genel görünüme 
göre insanlar ürünlerinizi alma-
ya karar veriyorlar. Dolayısıyla, 
online satışta ürünün sayfası çok 
önemlidir. Şimdi daha ayrıntılı 
bir şekilde sayfanızda bulunması 
gerekenleri ele alalım.
114 A’dan Z’ye Amazon Eğitimi
Örnek bir ürün üzerinden ilerleyerek bu başlıkları size göstereyim. 
Amazon sayfasına girerek herhangi bir ürün araştırdığınızda ilk göre-
ceğiniz şey ürünlerin ana resimleri olacaktır. Ürün listeleme konusun-
da en önemli etkenlerden birincisi bu ana resimdir. 
Ana resminizin çok kaliteli olması gerekir. Çünkü ziyaretçiler bura-
da ana resme bakıp tıklama kararı alıyorlar. Ayrıca bu sayfada başlık 
da çok önemli bir etkendir. Özellikle ilk 70-80 karakter göründüğü için 
müşteri tıklamasına etki eden bir faktördür. Şimdi herhangi birine tık-
layarak ürünün içinde nelerin önemli olduğuna bakalım.
A’dan Z’ye Amazon Eğitimi 115
Gördüğünüz gibi size 7 tane resim yükleme hakkı veriliyor. Burada 7. 
resim yerine satıcı video koymuş. İsterseniz 6 resim 1 video yükleyebi-
lirsiniz. Video koyabilmeniz için marka tescili sahibi olmanız gerekir. 
Bu resimleri çok güzel bir şekilde çekmeniz ya da profesyonel bir şekil-
de çektirmeniz gerekir. Bu resimler çok önemlidir. 
116 A’dan Z’ye Amazon Eğitimi
Burada “bullet points” dediği-
miz açıklama bölümü bulunuyor. 
Ürünle alakalı önemli özellikler 
burada 5-6 başlık halinde yazılı-
yor. En alt kısımda ürünün detaylı 
açıklamasının ve büyük resimle-
rin bulunduğu description bölü-
mü vardır. Markanız kayıtlı oldu-
ğunda bu bölümü resimli olarak 
ayrıntılı bir şekilde yapabiliyorsu-
nuz. Aynı şekilde markanız kayıtlı 
ise, Amazon sizin video koymanı-
za izin veriyor. 
Marka tesciliniz olduğunda 
böyle avantajlarınız oluyor. Bu 
avantajlar sayesinde satışlarınızı 
ciddi derecede artıyor. 
Diğer yandan yorumlar da 
ürün listelemenin bir parçasıdır. 
Yorumlara da ziyaretçiler bakı-
yorlar. Dolayısıyla yorumlarınızın 
artması önemli bir husustur. İler-
leyen bölümlerde amazon algorit-
ması başlığı altında daha ayrıntılı 
olarak yorumlar konusuna da de-
ğineceğim. 
A’dan Z’ye Amazon Eğitimi 117
Ürününüzün iyi olması yeter-
li değildir. Ürünün aynı zamanda 
güzel gösterilmesi de gerekiyor. 
Ürün kötü göründüğünde dönü-
şüm oranları düşük olacaktır. Say-
faya gelenlerin satın alma oranı 
düşecektir. Dolayısıyla bu husus-
lara çok dikkat etmek gerekiyor. 
Bu açıdan sayfanızın çok güzel bir 
şekilde hazırlanması lazım.
Burada dikkat edilmesi gere-
ken diğer bir husus ise; ürünle-
rin başlığı, açıklamaları ve diğer 
bölümlerinde çok detaylı kelime 
araştırması yapılmasıdır. 
Biz bunu yapıyoruz. Neden 
derseniz, örnek olarak, insanlar 
“baby nest” kelimesini aradıkla-
rında; Amazon bu kelime ile ilgi-
li ürünleri sıralıyor. Yani siz çok 
aranan kelimeleri açıklamalarda, 
bullet points’lerde, description 
bölümünde, backend keywords 
dediğimiz arka kelimelerde ne 
kadar bulundurursanız o kadar 
çok öne çıkma ve görünme fırsatı 
yakalamış olursunuz. Dolayısıyla 
bu kelime araştırması konusunu 
ön plana almak lazım. Yani ürün 
listelemeden önce detaylı kelime 
araştırması yapmanız gerekir. 
Böyle yaparsanız birçok kelimede 
öne çıkabilirsiniz. Bu şekilde bir-
çok kelimede reklam yaptığınızda 
satışlarını daha hızlı artırabilirsi-
niz.
118 A’dan Z’ye Amazon Eğitimi
Örnek olarak yukarıda göster-
diğim başlık yerine sadece “baby 
lounger” yazıldığını düşünün. 
Ürün sadece “baby lounger” yazıl-
dığında ön taraflarda görünecek-
tir. “Baby nest”, “baby co-sleeping 
for baby” gibi aramalar yapıldı-
ğında öne çıkması zor olacaktır. 
Dolayısıyla öncesinde ciddi bir 
kelime araştırması yapılarak, bu 
kelimeleri içeren bir ürün hazırla-
mak, önce çıkmanız açısından çok 
gereklidir.  
Ürün listeleme aşamasında as-
lında dikkat edeceğiniz hususlar 
genel olarak bunlardır. Ürün lis-
telemedeki hususları daha detay-
lı olarak ilerleyen bölümlerde ele 
alacağım.
Ürün listelemede 
Emparazon 
uygulamasından 
faydalanmak için 
kare kodu okutun
A’dan Z’ye Amazon Eğitimi 119
15 ÜRÜN RESİMLERİ
Bir önceki bölümde de değin-
diğimiz gibi ürün resimleri online 
satışta etkili olan en önemli konu-
lardan bir tanesidir. 
Resimler konusundaki ilk tavsi-
yem arka planınız beyaz ve yüksek 
kalitede olmalıdır. Image Size’ın 
(resim boyutu) en az 1500x1500 
px olmasını öneririm.
Örnek üzerinden ilerleyerek bu 
husustaki kritik konuları incele-
yelim.
Öncelikle ana fotoğraf zoom 
yapılabilir şekilde biraz daha 
sade olmalıdır.
120 A’dan Z’ye Amazon Eğitimi
Bir diğer husus ise, infografik 
fotoğraflar olmalıdır. Yani ürünün 
boyutlarının açıklandığı, özellik-
lerinin gösterildiği ve görsel ola-
rak ürüne dair açıklamaları içeren 
fotoğraflar yer almalıdır. Ürünün 
parçalarının ne olduğu, neresinde 
hangi özelliklerin bulunduğunu 
gösteren içerikler müşterileri ikna 
etmek için faydalıdır.
Yine infografik resim olarak 
ürünün boyutlarının gösterildiği 
bir görsel vardır. Böylelikle müş-
teriler ürünün ebat olarak kendi-
lerine uygun olup olmadığını, bu 
örnekte “baby nest”in beşiklerine 
sığıp sığmayacağını ya da bebek-
lerinin ürüne nasıl sığacağını gör-
müş olurlar. 
A’dan Z’ye Amazon Eğitimi 121
Diğer yandan, ürününüzün ya-
şamda kullanımı gösteren “life 
style” fotoğraflar mutlaka bulun-
malıdır. Bu ürün nerede kullanıla-
bilir? Nasıl kullanılır? Evde nasıl 
kullanılabilir? Bunlarla ilgili de-
ğerlendirmeleri ve görselleri ziya-
retçilere sunuyor olmalısınız. 
Videoda da bütün bu süreçleri 
anlatmanız gerekir. Bunun satış-
ları artırdığını söylemiştim. Ama-
zon’daki satışları neredeyse 
%5 oranında artıran bir etken 
olması sebebiyle video kulla-
nılması gereken bir özelliktir. 
122 A’dan Z’ye Amazon Eğitimi
Ürün resimleri, çok ciddi ola-
rak önem verilmesi gereken bir 
konudur. İyi bir şekilde yapabi-
leceğinizi değerlendiriyorsanız 
bu işi kendiniz de yapabilirsiniz. 
Daha profesyonel olmasını ister-
seniz, ürün numunelerini alarak 
çekimleri ürün fotoğrafçısında da 
yaptırabilirsiniz.
Üreticilerinizde de fotoğraflar 
bulunabilir. Türk ya da Çinli üre-
ticilerinizden ürün fotoğraflarını 
alarak kullanabilirsiniz. Ama bu 
fotoğraflar üzerinde de yine dü-
zenleme yapmalısınız. İnfografik 
fotoğraflar yoksa özellikle fotoğ-
rafları infografik olarak hazırla-
malısınız.
envato/rawpixels
A’dan Z’ye Amazon Eğitimi 123
16 BAŞLIK VE
AÇIKLAMALAR
Ürün listeleme konusunda 
önemli olan diğer hususlar ise; 
başlık, açıklamalar, bullet points 
ve descriptions bölümlerinden 
oluşmaktadır. Fakat bunları oluş-
turmadan önce çok detaylı bir şe-
kilde kelime araştırması yapmak 
gerekiyor. Bu bölümlerde ne kadar 
çok aranan kelimeleri kullanırsa-
nız, o derecede öne çıkar ve görü-
nür olursunuz. Dolayısıyla sürecin 
başında detaylı bir şekilde kelime 
araştırması yapacağız. Daha sonra 
ilgili bölümleri oluşturacağız.
Detaylı kelime araştırması-
nı Emparazon uygulamasından 
“kelime araştırma” aracını çalış-
tırarak da yapabilirsiniz. Örnek 
olarak; “baby nest” kelimesini 
yazalım. Bizim istediğimiz “baby 
nest” kelimesindeki ürünlerin 
hangi kelimelerde indekslendiği-
ni, hangi kelimeler üzerinden na-
sıl satış yaptığını görebilmektir. 
Hangi kelimelerde hangi ürünle-
rin satış olarak ilk 3’e girdiği bilgi-
lerine sahip olmamız gerekir. 
124 A’dan Z’ye Amazon Eğitimi
Bunları “Space” adını verdi-
ğimiz araç sayesinde kolaylıkla 
yapabiliyorsunuz. Bu aracı açtığı-
nızda “baby nest” kelimesine ben-
zeyen ve aslında ürüne rakip olan 
kelimeleri görebiliyorsunuz. 
A’dan Z’ye Amazon Eğitimi 125
“Baby nest” kelimesinin ha-
cimlerinde, “baby nest sleeper” 
kelimesi, “baby nast lounger”, 
“baby nest bed” gibi belki yüzlerce 
kelime vardır. Uygulama bütün bu 
kelimeleri buluyor. Bu kelimeleri 
aranma hacmine göre en fazladan 
en aza doğru sıralıyor. Bu kelime-
lerden bazılarını bulup hemen lis-
teleme yapabilirsiniz.
Liste şeklindeki görünümün alt 
kısmında aylık aranma hacminin 
aylık değişimini gösteren grafik-
lerde mevcuttur. Buradan keli-
melerin geçmişe yönelik aranma 
hacimlerini de görüp değerlendi-
rebilirsiniz.
126 A’dan Z’ye Amazon Eğitimi
Bu kelimeler içerisinden keli-
meler seçerek “outfit +” e ekleye-
bilirsiniz. Outfit, Emparazon’un 
ürün listeleme aracıdır. Şu an için 
örnek olarak 3-4 kelime ekleye-
ceğim. Bunlar yeterli olacaktır. 
“baby lounger”, “co sleeper for 
baby”, “baby nest” ve “baby nest 
sleeper” gibi benzer kelimeleri ek-
leyelim. 
Bu şekilde 4 tane kelime ekle-
dim. Daha fazla da ekleyebilirsi-
niz. Ben şimdilik nasıl çalıştığını 
göstermek adına 4 tane ekliyorum. 
Sonrasında aşağıdaki görseldeki 
gibi “outfit” aracına geçtiğinizde, 
seçtiğiniz kelimeler oraya gelmiş 
oluyor.
A’dan Z’ye Amazon Eğitimi 127
Bunları outfit aracını açtığı-
nızda direkt olarak kelime ekle 
bölümüne yazarak da tek tek ek-
leme yapabilirsiniz. Bu 4 kelimeyi 
yazdıktan sonra, bu kelimelerle 
alakalı listeleme yapabilmek için 
anahtar kelimelerin hepsine ulaş-
mamız gerekir. Listeleme aracını 
çalıştır dediğimizde Emparazon 
araştırmaları yaparak kelimeleri 
karşımıza çıkarıyor. 
Bu örnekte 213 tane anahtar ke-
lime, 265 tane de kelime öbeği bul-
du. Buradaki kelimeleri, önceliği 
daha fazla geçenlere vererek liste-
leri oluşturabilirsiniz. Bu kelime-
lerden kırmızı olanlar en çok kul-
lanılan, maviler daha az, yeşiller 
ise en az kullanılan kelimelerdir. 
Bunları direkt export ederek de 
kullanabilirsiniz. Ama kendiniz 
de yazabilirsiniz.
128 A’dan Z’ye Amazon Eğitimi
Listelemenin içeriğinde, başlık 
yazılacak, 5 tane bullet point, desc-
ription bölümü ve search term 
oluşturulacaktır. “search term” 
de arka planda bulunan kelimeleri 
ifade ediyor. Yani indeksleneceği-
niz kelimeleri buraya yazıyorsu-
nuz. 
Bunları nasıl oluşturacağınızı 
da sizlere burada kısaca göstere-
yim. 
Zaten siz yazmaya başladığınız-
da önerme olarak neler yazabile-
ceğiniz renklendirmeli bir şekilde 
karşınıza çıkıyor.
A’dan Z’ye Amazon Eğitimi 129
Bu kelimeleri yazarak en az 
150 kelimeden oluşacak şekilde 
başlığınızı tamamlamanızı tavsiye 
ediyoruz. Yine aynı şekilde çıkan 
kelimeler içinde olacak biçimde 
“bullet point” leri hazırlayacaksı-
nız. Sonrasında “description” bö-
lümünü ve son olarak 250 kelime-
yi geçmeyecek şekilde “search 
term” kısmını oluşturacaksınız. 
Amazon sizi bu yazmış olduğunuz 
kelimelere göre indeksleyecektir. 
Belki binlerce kelimeye indeksle-
miş olacaktır. Çok az kelime ya-
zarsanız, mesela 150-200 kelime 
kadar, ona göre indekslenirsiniz. 
Dolayısıyla ne kadar çok aranma 
hacmi yüksek kelime yazarsanız, 
önde olma olasılığınız o kadar 
yüksek olacaktır. 
Tabii burada kelimeleri rast-
gele yazmamalısınız. Bu mantık-
lı olmayacaktır. Aranma hacmi 
yüksek olan kelimeleri barındıran 
anlamlı bir başlık oluşturmak çok 
önemlidir. Bullet pointler ile ilgili 
olarak en önemli 2 konuyu ilk 
iki sıraya koymak gerekir. Son-
rasında sayfanızın alt kısımların-
da olan “description” bölümünü 
de açıklamalarla doldurmanız ge-
rekir. Buraya ekleyebilirseniz re-
simler eklemenizde iyi olacaktır. 
“search term” bölümünde ise arka 
planda çalışan kelimeler olduğu 
için 250 karakteri aşmayacak şe-
kilde hacmi yüksek olan kelime-
leri de ekleyebilirsiniz. Bu şekilde 
ürün listelemenizi yapabilirsiniz. 
Ürün listeleme ilgili videolarımıza QR kodlarından 
ulaşabilirsiniz
130 A’dan Z’ye Amazon Eğitimi
Ürün listeleme konusunda 
anahtar kelime çok önemli. Bu iş 
için anahtar kelimeler üzerinden 
yürüyeceğiz. Anahtar kelimeler 
bulmak için kelime geçmişi, ra-
kipleri, aranma hacmi gibi incele-
meler yaparak detaylı analiz yap-
manız gerekir. Lansman yapılacak 
kelimeleri, başlığınızın ilk 3-5 ke-
limesinde yazmalısınız. 
Hangi kelimelerde fırsat oldu-
ğunu tespit etmek lazım. Fırsat 
var diyebilmek için kelimelere gir-
diğimiz de domine eden rakiplerin 
olmaması, aranma hacminin iyi 
bir seviyede bulunması, aranma 
hacminin grafiğinin artıyor ya da 
aynı seviyelerde ilerliyor olması 
gerekiyor. Bunları da yine Empa-
razon’un araçları üzerinden göre-
bilirsiniz.
Timeline aracıyla kelimenin 
geçmişini görebilirsiniz. Aylık sa-
tış adetlerini, en çok satan 3 ürü-
nün değerlerini ve geçmişe yönelik 
verileri burada görebiliyorsunuz.
Genel olarak hacmi artan ve si-
zin listenizi en iyi anlatan kelime-
leri kullanmakta fayda vardır. 
 Ürün listelemesine ilişkin 
açıklamalarımız genel olarak bu 
kadardır. Bu bölümü burada son-
landırıyorum. Sonraki bölümde 
kargo planı aşamasını ele alaca-
ğım. 
A’dan Z’ye Amazon Eğitimi 131
17 KARGO PLANI
Eğitimin bu bölümünde kargo 
planını ele alacağım. Artık ürünle-
rimiz yüklendi, listelendi ve ürün-
ler üretiliyor. Bu aşamadan sonra 
kargo planı yapılarak, ürünlerin 
barkodlanması gerekiyor. Bunları 
nasıl gerçekleştireceğimizi aşağı-
da ayrıntılı olarak açıklayacağım.
Bu bölümde kargo planında ne-
ler çıkıyor onlara yer vereceğim. 
Kargo planınızı yaptığınızda Ama-
zon size ürünleriniz için barkod-
lar verecek. Bu barkodları ürünle-
rin üzerine yapıştırmalısınız veya 
üreticinize, toptancınıza gönde-
rerek yapıştırmalarını sağlamalı-
sınız. Diğer bir seçenek olarak ara 
depo kullanabilirsiniz. 
132 A’dan Z’ye Amazon Eğitimi
Ürünleri barkodlama ve kolile-
ri barkodlama şeklinde iki farklı 
işlem yapılması gerekiyor. Ürünle-
rin üzerine Amazon’un size verdi-
ği FNSKU (Fulfillment Network 
Stock Keeping Unit) barkodları-
nı yapıştırıyorsunuz. Ya da bunlar 
üreticiniz tarafından yapıştırıla-
bilir. Sonrasında ise, ürünleri bir 
kolinin içerisine yerleştiriyorsu-
nuz. Amazon size koli içinde ayrı 
bir barkod daha gönderiyor. Koli-
nin dışına da bu barkodu yapıştırı-
yorsunuz. 
Amazon’un deposuna bu ürün-
ler ulaştığında koli üzerindeki bar-
kod sayesinde içindeki ürünlerin 
sizin olduğu anlaşılıyor. Sonrasın-
da ise, içindeki ürünler de taranı-
larak ürünleriniz ilgili yerlerine 
yerleştiriliyor. Ürünleriniz satıldı-
ğında gönderilecek şekilde düzen-
leme yapılıyor. Dolayısıyla kargo 
planını oluşturmak bu açıdan çok 
önemlidir.
Photo by Kampus Production from Pexels
A’dan Z’ye Amazon Eğitimi 133
Kargo planınızı oluşturduğu-
nuzda Amazon sizi bir depoya 
yönlendirecektir. İsterseniz bir-
den fazla depo da seçebilirsiniz. 
Amazon size 3-4 tane depo adre-
si de verebilir. Fakat bence 3-4 
depoya ürün göndermek yerine 
tek bir depoya göndermek daha 
mantıklı ve kolay olacaktır. Ben 
size tek depo adresi seçmenizi 
tavsiye ederim.
Zaten sizin ürünleriniz tek depo-
ya geldikten sonra yakınlığına göre 
Amazon tarafından birçok depoya 
dağıtımı yapılmaktadır. Bu işlemden 
dolayı Amazon’un belli bir miktar 
ücret kesintisi oluyor. Ancak depo-
lara da dağıtımını kendisi yapıyor. 
İsterseniz 4-5 tane depo adresi seçe-
rek siz de gönderebilirsiniz. Fakat bu 
yöntem daha maliyetli olacaktır. Do-
layısıyla tek depo ile çalışmak daha 
mantıklı olacaktır. 
Helen H. Richardson/MediaNews Group/The Denver Post via Getty Images
134 A’dan Z’ye Amazon Eğitimi
Bunların hepsini belirtmeniz ge-
rekiyor. Çünkü, Amazon ürünleri 
teslim aldığında herhangi bir yanlış-
lık olduğunu hissetmemelidir. Eğer 
Amazon, kargo planındaki ve koli-
lerdeki ürünlerin uyuşmadığını ya 
da farklılıklar olduğunu anlarsa, ko-
linizi sıkıntılı olarak nitelendirerek 
kenara ayıracaklardır. Daha sonra-
sında ise, farklı bir departman tara-
fından koliniz incelenecektir. Ürün-
lerinizin depoya alınması 3-4 haftayı 
bulabilir. 
Bu gibi nedenlerle barkod-
lama-kolileme aşamalarına 
dikkat edilmesi gerekiyor. Bu 
planları iyi bir şekilde hazırla-
malısınız. Bunları dikkatli bir 
şekilde yaptığınızda ürünleriniz 
1 hafta içerisinde aktif olur ve en 
kısa süre içerisinde satışa başla-
yabilirsiniz.
Kargo planı ile ilgili konu-
lar genel olarak bu şekilde ger-
çekleştirilmektedir. Bir sonraki 
bölümde Türkiye’den gönderim 
konusunu ele alacağım.
Kargo planını oluştururken dikkat etmeniz gerekenler hususlar 
şunlardır;
◊	Hangi	ürünleri	içerisine	koyacağınızı	yazmalısınız
◊	Hangi	koli	içerisinde	kaç	tane	ürün	bulunduğunu	
bilmelisiniz
◊	Kolilerin	içerisinde	neler	var	
A’dan Z’ye Amazon Eğitimi 135
18 TÜRKİYE’DEN 
GÖNDERİM
Çinli üretici ve toptancılar ge-
nel olarak Amazon’a ürün gön-
derme konusunda tecrübelidirler. 
Ekstra olarak sizin onlara, ayrıca 
süreci anlatmanıza gerek kalmı-
yor. Zaten bu süreci biliyorlar. 
Fakat siz, Türkiye’de bulunan bir 
üretici veya toptancı ile çalışıyor 
olabilirsiniz. 
Satmayı düşündüğünüz ürün 
Türkiye’de ise, bunu Amazon’a na-
sıl gönderebilirsiniz? Size hemen 
açıklayalım. 
Yine öncelikle, ürünlerin pa-
ketlenmesi ve barkodlanması hu-
suslarına çok dikkat etmeniz gere-
kir.
Ürünlerin Amazon’a ulaşması 
için siz bir paketleme yapacaksı-
nız. İster bir kutuya koyun isterse-
niz de poşete sarın bu çok önemli 
değil. Önemli olan kargo planınız 
ile uyumlu bir şekilde barkodla-
ma yapılmış olarak ürünlerini-
zin Amazon’a ulaşmasıdır. Zaten 
Amazon ürünleri gönderirken 
kendi poşet ve kutusuyla gön-
derim yapıyor. Dolayısıyla sizin 
ekstra olarak çok düzenli, iyi bir 
paketleme yapmanıza da gerek 
yoktur. Ürünlerinizi poşetle bile 
gönderebilirsiniz. Fakat poşetle 
gönderimde dikkat etmeniz gere-
ken bir husus bulunmaktadır. Po-
şetin üzerine “boğulma uyarısı” 
yapıştırmanız gerekmektedir.
136 A’dan Z’ye Amazon Eğitimi
Ürünlerin paketlenmesi ile 
ilgili olarak Amazon’un uygula-
dığı birçok kriter vardır. Ama-
zon seller central biriminden 
daha ayrıntılı olarak bu husus-
ları inceleyebilirsiniz. 
Ürünü paketlerken dikkatli 
olmanız gerekir. En başta, ürün 
açılmayacak şekilde paketlen-
meli ve bir tarafı dışarda kalma-
malıdır. Ürün Amerika’ya kadar 
gidebilecek seviyede iyi paket-
lenmiş olmalıdır. 
Koli ağırlıkları ile ilgili de dik-
kat etmeniz gereken sınırlar vardır. 
Amazon kolilerin 22,5 kg. dan 
daha ağır olmasını istemiyor. 
Eğer ürün tek başına bu ağırlıktan 
fazla ise, tabii ki üzerine gerekli ikaz-
ları yazarak ürününüzü göndermeli-
siniz.
 Eğer, standart bir ürün gönde-
riyorsanız 22,5 kiloyu geçmemeniz 
lazımdır. 22,5 kilodan daha ağır koli 
gönderdiğimiz için Amazon bu konu 
ile alakalı olarak bize de bir kaç kez 
ceza kesti. Bu nedenle dikkat edil-
mesi gerekmektedir. 
A’dan Z’ye Amazon Eğitimi 137
Kolinin boyutu olarak ise, 63 
cm’yi geçmesi istenilmemekte-
dir. Kolinizi de bu şekilde ayarla-
manız gerekiyor. Biz çoğunlukla 
60-40-50 kolileriyle gönderiyoruz. 
Ayrıca 50-50-50 kolilerini de kulla-
nıyoruz. Bunlara ilave olarak 60-
40-40 boyutlarında da yapabilirsi-
niz. Tabii ki, bu konuda da istisna 
bulunmaktadır. Eğer ürününüzün 
boyutu 63 cm. den fazlaysa ona 
göre koli gönderebilirsiniz. Bunda 
bir problem yoktur. 
138 A’dan Z’ye Amazon Eğitimi
Bu başlık altındaki bir başka 
konumuz ise; numune ve ihra-
cat’tır. Yani biz buradan ürünleri 
Amazon’a nasıl göndereceğiz. Bu-
nun birkaç yöntemi bulunmak-
tadır. İhracat yapabilirsiniz ya da 
numune olarak gönderebilirsiniz. 
Mesela; ABD’de 800 dolarlık 
gümrük limiti var. Avrupa’da bu 
çok daha az olup hatta neredeyse 
tümünü kaldırdılar. ABD’ye 800 
dolara kadar numune olarak ürün 
gönderebiliyorsunuz. Bunun için 
şirket olmanıza bile gerek yoktur. 
Aracı kargo şirketleri sizden ürün 
alıp numune olarak gönderebili-
yor. 
İhracat yapacaksanız bunun 
belirli prosedürleri oluyor. Şayet 
15000 euro ve 300 kilo sınırını 
geçmeyecek bir ürün gönderecek-
seniz bu durum mikro ihracat 
kapsamında değerlendiriliyor. Bu 
şekilde ETGB (Elektronik Tica-
ret Gümrük Beyanı) ile gidiyor. 
Bu konuda yetkili kargo şirketle-
ri vardır. Bu şirketler sizin adını-
za gümrük beyannamesi vererek, 
ürünlerinizi gümrükten geçirebi-
liyorlar. Mikro ihracat gönderile-
ri bu şekilde gerçekleştiriliyor. Bu 
gönderilere Türkiye’den KDV ia-
desi de alabiliyorsunuz. 
A’dan Z’ye Amazon Eğitimi 139
Daha fazla gönderi yapmak is-
tiyorsanız ihracat yapmanız gere-
kiyor. Bu konuyla ilgili olarak bir 
gümrük müşaviri ile çalışmanız 
lazım. Bence buna çok gerek yok-
tur. Boyutlarınızı mikro ihracat 
boyutlarına göre ayarlarsanız, tu-
tar olarak daha fazla olsa bile bir-
kaç parça halinde ürünleri gönde-
rebilirsiniz. 
 Yeni başladıysanız ve küçük 
gönderileriniz varsa numune ola-
rak gönderim yapabiliyorsunuz. 
Fakat bu 800 dolara kadar olan bir 
limit. Eğer bundan biraz daha bü-
yük bir gönderi yapacaksanız mik-
ro ihracat kapsamında gönderi ya-
pabilirsiniz. 
140 A’dan Z’ye Amazon Eğitimi
Uluslararası yetkili kargo şirketleri bulun-
maktadır. Bu kargo şirketleri ile çalışmanız ge-
rekiyor. İşe yeni başladığınızda bu kargo şirket-
leri ile anlaşma yapmak zor olabilir. Bu noktada 
aracı kargo şirketleri ile devam edebilirsiniz. Bu 
şirketlerde büyük kargo şirketleri ile çalışıyor-
lar ama çok daha fazla kişiyle anlaştıkları için 
daha uygun fiyat alabiliyorlar. Örnek olarak siz 
FedEx şirketinden kg. başına 5-6 dolar kadar 
fiyat alırken aracı kargo şirketleri 4,5 hatta 4,2 
dolar ile anlaşabiliyorlar. Dolayısıyla aracı kar-
go şirketleri ile çalışmakta bu açıdan fayda var-
dır. Bu şirketler süreci de bildikleri için daha ra-
hat bir şekilde sizi yönlendirebileceklerdir. Siz 
de bu işlemlerle fazla uğraşmamış oluyorsunuz. 
Şu anda bizim anlaştığımız kargo şirketi bizim 
ofisimizden ürünleri alıyor. Kendi deposuna 
götürüyor ve sonrasında ürünlerimizi ABD’ye 
ulaştırıyor. Bu şekilde kargo gönderimi çok da 
zor bir süreç değildir. 
A’dan Z’ye Amazon Eğitimi 141
Son olarak Türkiye’den gönde-
rimde çok karıştırılan fatura ko-
nusuna değinelim. Türkiye’den 
gönderiyorsanız ürünlere fatura 
kesmeniz ve fatura koymanız ge-
rekiyor, eğer numune göndermi-
yorsanız. Yurtdışı numune gön-
deriminde düzenlenen fatura, 
proforma fatura olarak adlandı-
rılır. Normal fatura yerine geçme-
yen bu fatura sadece bilgi amaçlı 
olarak düzenlenir. Numunenin 
kurallara uygun hazırlanmasın-
dan sonra ise numuneye ait pro-
forma faturanın düzenlenmesi ge-
rekmektedir.
İhracat yapacaksanız maliye 
onaylı fatura kesmeniz gerekiyor. 
Peki burada faturayı kime kese-
ceksiniz? Hem Türkiye’de hem 
ABD’de şirketiniz varsa, Türki-
ye’deki şirketiniz ABD’deki şirketi-
nize fatura keserse bu durum ben-
ce güzel bir uygulama olur. Sadece 
Türkiye’de şirketiniz varsa fatura-
ları Amazon’a kesmeniz gerekir. 
Zaten size paranızı Amazon yatırı-
yor. 
 Bu bölüme burada son veri-
yoruz. Sonraki bölümde ara depo 
kullanımını detaylı olarak ele ala-
cağım.
142 A’dan Z’ye Amazon Eğitimi
Konuyla ilgili olarak “Türkiye’den ürün na-
sıl gönderilir?” başlıklı videomuza yandaki kare 
kodu okutarak izleyebilirsiniz.
pexels/olia danilevich
A’dan Z’ye Amazon Eğitimi 143
19 ARA DEPO 
KULLANIMI
Bu bölümde ara depo kullanı-
mı ile arbitraj iş modelinde satışa 
başlıyoruz. Ara depo kullanımı şu 
şekilde oluyor. Ürünlerinizi ABD 
Amazon’da satmak üzere yine 
ABD’den, örnek olarak Wallmart, 
Target gibi platformlardan almış 
olabilirsiniz. Ya da ABD’de bulu-
nan bir toptancıdan ürün alarak 
Amazon’da satış yapmak isteye-
bilirsiniz. Fakat gerek Wallmart, 
Target gibi platformlar gerek-
se toptancılar sizin ürünlerinizi 
Amazon’a uygun olarak gönder-
mek konusunda size özel bir şekil-
de yardımcı olamazlar. 
Dolayısıyla bu durumda ara 
depo kullanmak zorunda da kala-
bilirsiniz.
Ara depolar neler yapı-
yor? Ürünler ara depoya gitti-
ğinde, depo görevlileri ürünleri 
Amazon’a uygun hale getiriyor. 
Ürünlerin üzerine barkodları ya-
pıştırıyorlar, sonrasında kolilere 
yerleştiriyorlar. Yine koli dışına 
da Amazon’un koli barkodu yapış-
tırılıyor. Sonrasında ürünler kar-
go şirketine teslim ediliyor. Ara 
depoların yaptığı birçok hizmet 
var. FBM modeli dediğimiz direk 
müşteriye tek tek gönderimi de ya-
pıyorlar.
144 A’dan Z’ye Amazon Eğitimi
Türkiye’den ürün alıyorsanız 
böyle bir şey yapmanıza gerek 
kalmıyor. Siz ürünleri kendiniz 
hazırlayabilirsiniz. Üreticiniz ya 
da toptancınız da bu işlemleri ya-
pabilir. Bu nedenle Türkiye’den 
gönderimde ara depo hizmeti kul-
lanmanıza gerek kalmıyor. Fakat 
Amerika’dan alım yaparak ABD 
Amazon’da satış yapacaksanız ara 
depo kullanımı mantıklı olacaktır. 
Bu alanda iş yapan birçok şir-
ket vardır. Güzel hizmetler suna-
cak Türk depoları ve yabancı de-
polar da vardır. Genel olarak bir 
ürünü hazırlamak için 0,7-1 dolar 
civarında bir ücret alıyorlar. Bunu 
da kâr marjı yaparken hesaba kat-
manız gerekiyor.
 Ara depo kullanımı genel 
olarak bu şekilde olup, ilerleyen 
bölümlerde satış konusundan de-
vam edeceğim.
pexels/Tiger Lily 
Whatsapp’tan 
bize ulaşın
A’dan Z’ye Amazon Eğitimi 145
20 SATIŞ-
ARBİTRAJ
Hesap açılışı ile başlayan süreç 
içerisinde ürün seçimi, ürünlerin 
analizi, tedarikçilerin bulunması, 
ürünlerin hazırlanması, ürün lis-
telerinin hazırlanması aşamaları 
tamamlanmış oldu. Şimdi ürün 
listemiz hazır. Arbitraj iş modeli 
için markayı açtırdınız ve artık sa-
tış aşamasına geçiyorsunuz. 
Öncelikle arbitraj iş modelinde 
satış konusunu ele alacağım. Son-
raki bölümlerde private label iş 
modeline göre satışa bakacağız.
Arbitraj iş modelinde zaten sa-
tan ürünlerin satışını yapacağınız 
için çok fazla satışla ilgili çalışma 
yapmanıza gerek kalmıyor. Bura-
da dikkat edilmesi gereken nokta 
BuyBox rekabetidir. BuyBox, kı-
saca Amazon’un aynı ürünü satan 
satıcılar arasında önerdiği satı-
cı olarak tanımlanabilir. BuyBox 
için diğer satıcıları takip etmeniz 
gerekiyor. Bunu daha net anlaşıl-
ması adına bir örnek üzerinden 
göstereyim.
unsplash/Jon Cellier
146 A’dan Z’ye Amazon Eğitimi
Örneğin, bir marka üzerinden ilerleyelim. Paşabahçe markasında 
arbitraj iş modeli ile satış yapacaksınız diyelim. Aşağıda gördüğünüz 
gibi ürünler birçok satıcı tarafından satışa sunulmuş olacaktır. Empa-
razon eklentisi sayesinde bunları doğrudan ürünlerin hemen üzerinde 
görebiliyoruz. Ayrıca ürünlere girerek diğer satıcıları da görebilirsiniz.
Burada bulunan aylık toplam satışı bu satıcılar aralarında paylaşı-
yorlar. Eğer fiyatları aynı olursa Amazon, BuyBox’ı satıcılar arasında 
değiştirerek verir ve satışları birbirine yakın olur. Fakat fiyat kıran satı-
cılar olursa Amazon BuyBox için genel olarak fiyatı düşük tutan satıcıyı 
tercih eder. Bundan dolayı rakiplerin fiyatlarını takip etmek çok önem-
lidir.
A’dan Z’ye Amazon Eğitimi 147
Diğer bir örnek olarak ise, 
görselde görmüş olduğunuz gibi 
6’lı çay takımı 9 farklı satıcı tara-
fından satılıyor. Ürün görselinin 
üzerinde de aylık kaç satış yapıl-
dığı gösteriliyor. 
Aylık satış sayısı 1247 adettir. 
Şimdi satış adedinin satıcılar 
arasında nasıl dağıldığına baka-
lım. “New (9) from $17.80” e tık-
ladığımızda diğer satıcıları da 
görüyoruz. 
148 A’dan Z’ye Amazon Eğitimi
Burada ilk 4 satıcı 17.80’e, diğer 
satıcılar ise 18-19 dolar civarında 
satış yapıyorlar. Fiyatlar aşağı in-
dikçe yavaş yavaş artıyor. Peki ilk 
4 satıcı neden aynı fiyatı vermiş? 
Çünkü aslında birbirleri ile reka-
bet etmek istemiyorlar. Bilmemiz 
gereken ve dikkat etmemiz gere-
ken konu budur. Herkes 17.80 yaz-
dığında yapılan aylık 1247 adet sa-
tış satıcılar arasında dağıtılıyor. 
Bu şekilde kâr marjınızı hesap-
layabilirsiniz. Tabii kâr marjı he-
sabı yaparken dikkat etmeniz ge-
reken diğer bir husus da, geçmişe 
yönelik fiyat kontrolü yapmanız 
gerektiğidir. Daha önce de bahset-
tiğim “Keepa” eklentisi ile bunu 
rahatlıkla yapabilirsiniz. 
Yandaki karekodu 
okutarak hemen 
Emparazon hesabı 
açabilirsiniz.
A’dan Z’ye Amazon Eğitimi 149
Kâr marjınızı, aşağı düş-
meyeceğiniz fiyat üzerinden 
hesaplamanız gerekir. Yani 
belirlediğiniz en düşük fiyat 
ne kadarsa ona göre kâr mar-
jı analizi yapın. Bu örnekte en 
düşük satanlar 17,80 dolara sa-
tıyor fakat bir önceki ay 16,80 
dolar civarında satışlar yapıl-
mış. 
Dolayısıyla çok eski fiyatlar olma-
sa da 2 aylık geçmişe bakarak bu ürün 
için 16,50-17 dolar aralığında bir tutar 
üzerinden kâr marjınızı hesaplayabi-
lirsiniz. Daha sonrasında ise, fiyat kır-
mamanız lazımdır. 
Bu satış modelinde yapılan en bü-
yük hata fiyat kırmaktır. Özellikle 
maalesef Türk satıcılar bu hataya çok 
düşüyorlar. 
150 A’dan Z’ye Amazon Eğitimi
Bu örnek üzerinden gittiğimiz-
de bir satıcı fiyatı 17,79’a çekiyor 
diyelim, sonrasında diğer satıcı-
lar da yavaş yavaş düşmeye baş-
lıyor. Bu şekilde düşüşler olunca 
sonunda kazanan müşteri oluyor. 
Çünkü ürün çok ucuz fiyatlara sa-
tılmış oluyor. Satıcıların da karı 
iyice düştüğü için satıcılar kazana-
mıyor. Çok daha fazla kazanayım 
derken kazançları iyice yok oluyor. 
Bu iş modelinde temel mantık 
ve en kritik nokta aynı fiyatı 
vermektir. Bununla ilgili olarak 
otomatik fiyatlandırma uygula-
maları ile rakipleriniz fiyat düşür-
düğünde sizin fiyatınızda otoma-
tik olarak düşecektir. Amazon’un 
pricing bölümünden de otomatik 
fiyatlandırma yapabilirsiniz.
unsplash/the blowup
A’dan Z’ye Amazon Eğitimi 151
Burada diğer bir değerlendirme 
aracı olarak “count stock” şek-
linde bir eklenti var. Emparazon 
uygulamasında da böyle bir stok 
takip aracı var. Bu eklenti ile ra-
kiplerinizin ne kadar stoğa sahip 
olduğunu da görebiliyorsunuz.
Bu ürünün aylık ortalama 30-
40 satışı vardır. Burada ilk 4 satıcı-
nın toplamda 35 adet stoğu bulun-
maktadır. 
Yani bir günlük satış yapıldı-
ğında 17,80’den satış yapan satıcı-
ların stoğu bitecek. 5’inci sırada 
bulunan satıcı bunu düşünerek 
fiyatını yüksek tutmuş olabilir. Bu 
durum mantıklı bir hamle olmuş. 
Yüksek fiyattan satma düşünce-
niz varsa stoğunuz da bunun için 
uygunsa rakiplerinizin stok veri-
lerine bakarak da bunu gerçekleş-
tirebilirsiniz. Bu şekilde böyle bir 
satış planlaması yapabilirsiniz.
152 A’dan Z’ye Amazon Eğitimi
Peki BuyBox’ta kriterler nelerdir? Yeni satıcılar fiyat konusunda ne-
ler yapmalıdır? Amazon’dan BuyBox kriterlerini görebilirsiniz.
BUYBOX KRİTERLERİ
BuyBox’ı almanızdaki en önemli kriter “Fulfillment Method”, 
yani FBA modelinde satış yapmanızdır. FBA modelinde satış yapan sa-
tıcılar FBM yani kendi gönderim yapan satıcılara göre önde görünüyor. 
BuyBox’ta FBA modelini kullananlar daha çok görünüyor. En önemli 
metrik bu. 
A’dan Z’ye Amazon Eğitimi 153
En önemli ikinci kriter ise;     fi-
yat’tır. Az önceki örnekte de bah-
settiğimiz gibi 4 satıcı 17,80 dolara 
satış yaparken bir satıcı 17 dolara 
düşerse BuyBox ona geçer. Fiya-
tınız ne kadar düşükse BuyBox’ı 
alma şansınız o kadar yüksek olur. 
Ama bence fiyatınızı diğer satıcıla-
rın altına düşürmeyin. Çünkü siz 
düşürdüğünüzde onlarda düşüre-
cektir. Rakipleriniz hangi seviye-
de ise sizde o fiyat seviyelerinde 
satış yapın. Amazon BuyBox’ı si-
zin aranızda döndürecektir. 
Diğer bir kriter ise; shipping 
time’dir. Ürünlerin gönderim sü-
resi. FBA modelinde satış yapıyor-
sanız bu konuda sıkıntı yaşamazsı-
nız. Zaten Amazon 2 gün içerisinde 
her yere gönderiyor. FBM yapıyor-
sanız gönderim süreniz önemlidir. 
154 A’dan Z’ye Amazon Eğitimi
 Kusurlu sipariş ve geç gönde-
rim oranlarınızın düşük olması, 
ürünlerin gönderiminden sonra 
takibinin yapılması, ürünlerin za-
manında ulaştırılması, mağazanı-
za yapılan geri bildirimlerin (feed-
back) yüksek olması hususları orta 
seviyede önemli olan kriterlerdir. 
Geri bildirim (feedback), sürekli 
artırmanız gereken bir başlıktır. 
Gerekirse başlangıçta bu konuda 
arkadaşlarınızdan da destek alabi-
lirsiniz. Sonrasında ise zaten satış-
larınızdan da geri dönüş alabilir-
siniz. Böylelikle daha çok BuyBox 
aldığınızı göreceksiniz. 
Diğer bir kriter de, müşteri-
lerin sorularına cevap verme sü-
renizdir. Bunu da minimum se-
viyelerde tutmanız iyi olacaktır. 
Mağazanızdaki toplam geri bildi-
rim (feedback) sayısının fazla ol-
ması da iyi olacaktır. 
Photo by Olha Ruskykh from Pexels
A’dan Z’ye Amazon Eğitimi 155
Bizim tespit ettiğimiz bir diğer 
kriter de, aslında ne kadar çok faz-
la ürün gönderirseniz daha fazla 
satış imkanına sahip oluyorsunuz. 
Neden derseniz? Aynı üründeki 
rakibiniz diyelim ki 10 tane ürün 
gönderdi. Bu ürünler örnek ola-
rak Amazon’un Dallas deposunda 
bulunuyor. Ama siz 100 tane ürün 
gönderdiğiniz de, Amazon sizin 
ürünlerinizi siz çok ürün gönder-
diğiniz için 5 tane farklı depoya 
dağıtıyor. Bu şekilde sizin ürünü-
nüz Dallas deposunun yanında Ca-
lifornia, New York ve diğer başka 
depolarda da bulunabiliyor. 
Dolayısıyla rakibinizin ürünü-
nün olmadığı depo bölgelerindeki 
müşteriler ürünü almak istedik-
lerinde sizin ürününüz karşıları-
na çıkıyor. Dolayısıyla ne kadar 
fazla ürün gönderirseniz daha 
fazla BuyBox alma potansiyeliniz 
oluyor. Eğer BuyBox’ı fazla almak 
istiyorsanız bu şekilde daha çok 
ürün göndermelisiniz. Fakat yeni 
bir ürüne başlıyorsanız çok ürün 
göndermenizi tavsiye etmem. 10-
15 ürün göndererek önce deneyin. 
Listede satış var mı? Satışlarınız 
nasıl gidiyor? Rakipleriniz nasıl? 
Bunları gördükten sonra sıkın-
tı olmadığına karar verdiğinizde 
fazla miktarlarda ürün göndere-
rek daha fazla satış yapabilirsiniz.
Amazon 
eğitimlerimiz 
için hemen 
Whatsapp’tan 
yazın
156 A’dan Z’ye Amazon Eğitimi
Stok durumu hem Arbitraj için 
hem de Private Label iş modeli için 
aynı şekildedir. Ne kadar çok stok 
o kadar çok satış demek oluyor.
BuyBox kriterlerini genel ola-
rak bu başlıklar altında ayrıntılı 
olarak açıkladım. Arbitraj iş mo-
delinde satış kolay bir şekilde ya-
pılabiliyor. Ürünler zaten sattığı 
için sadece BuyBox takibi yaparak 
satışlarınızı yönetebilirsiniz.
 Bir sonraki bölümde Private 
Label iş modelinde satış konusu 
ele alacağım. 
unsplash.com/@hesterqiang
A’dan Z’ye Amazon Eğitimi 157
21 SATIŞ-
PRIVATE LABEL
Private labelde satış arbitraja 
göre daha detaylı bir süreçtir. Sa-
tacağınız ürünü ilk defa ortaya çı-
kardığınız için herhangi bir yoru-
munuz bulunmuyor veya herhangi 
bir kelime de indeksli de olmuyor-
sunuz. Dolayısıyla burada kazanç 
elde edebilmeniz için önemli bazı 
adımlar atmanız lazım. Bu adım-
larda ciddi çalışmalar yapmanız 
gerekiyor. 
158 A’dan Z’ye Amazon Eğitimi
Size burada öncelikle ilk sayfa-
nın ne olduğunu ve önemini anla-
tacağım. Amazon’un sahip olduğu 
A9 algoritmasından, yani ürün-
lerin nasıl sıralandığından bah-
sedeceğim. Sonrasında lansman 
nedir? nasıl yapılır konusunu ele 
alacağız. 
 Giveaway konusu, ürün dağı-
tımı nasıl yapılır? PPC reklamları, 
dışardan trafik ve dijital pazarla-
ma nedir? Nasıl yapılır? Konula-
rını ayrı ayrı başlıklar altında ele 
alacağım.
envato/seventyfourimages
A’dan Z’ye Amazon Eğitimi 159
22 İLK SAYFA
NEDEN ÖNEMLİ?
Private Label iş modelinde satış 
ile ilgili olarak ilk bakacağımız hu-
sus ilk sayfa neden önemli konusu-
dur. İlk sayfa ne demek bunlardan 
bahsedeyim. 
Satışların %70’i ilk sayfada 
gerçekleşiyor. Bu Amazon ta-
rafından verilen bir istatistiktir. 
Yani insanlar herhangi bir kelime 
yazdıktan sonra karşılarına çıkan 
ilk sayfaya, belki de 2’nci sayfaya 
bakıyorlar. Fakat sonraki sayfala-
ra neredeyse hiç bakılmıyor. 
İnsanlar gördükleri birkaç 
ürün sonrasında kararlarını ver-
me eğilimi içine giriyorlar. Do-
layısıyla burada önemli olan ilk 
sayfalara çıkabilmek. Birazdan 
A9 algoritmasında da bahsede-
ceğim. Örnek olarak “baby nest” 
yazdığımızda karşımıza çıkan 
ürünler nasıl sıralanıyor, hangi 
ürün neye göre en önde görünü-
yor? Hangi ürün arkada görünü-
yor? Bunlardan A9 algoritmasında 
ayrıntılı olarak bahsedeceğim. 
160 A’dan Z’ye Amazon Eğitimi
Genel istatistik %70 oranında satışların ilk sayfada olduğu yönünde 
fakat her kelime özelinde bu oranlar farklı olabilir. Buna nasıl bakaca-
ğınızı size göstereyim. Emparazon kelime araştırma aracında biz en çok 
satan ilk 3 ürünü veriyoruz. Örnek olarak “baby nest” kelimesinde en 
çok satan, en çok tıklanan 3 ürünü burada görebilirsiniz. 
Aylık aranma hacmi 12 bindir. Aylık satış ise, 684 adet olarak karşı-
mıza çıkıyor. 684 satışın %15’i en çok satan Mamibaby satıcısı tarafın-
dan satılıyor. Diğer çok satan 2 satıcı ile birlikte toplam satışın %38’ine 
sahip. Bu şekilde ilk 3 satıcının çok daha fazla oranda satışları içerisin-
de paya sahip olduğu kelimelerde bulunabilir. Biraz aşağıda yer alan 
“baby nest lounger” kelimesinde satışların %60’ı ilk üç satıcı tarafından 
gerçekleştiriliyor. Bu alan ciddi anlamda bu kelime domine edilmiş de-
mektir. Dolayısıyla ilk 3-5 satıcı arasına yani ilk sayfanın önlerine gel-
mek de çok önemlidir. 
A’dan Z’ye Amazon Eğitimi 161
Bu şekilde kelimelere bakarak en çok satan 3-5 satıcı 
neler yapıyorsa onları yapmak lazımdır. Onlar hangi ke-
limelerle ön taraflarda yer alıyor ise onlara göre çalışma 
yapmak daha mantıklı olacaktır. 
Aslında lansman, giveaway, reklam gibi konuların 
hepsinde temel hedefimiz bizim ürünümüzle alakalı 
anahtar kelimeler bulmaktır. Sonrasında da bu anah-
tar kelimelerde ilk sayfalara gelmek ve hatta ilk sayfalarda 
üst sıralara çıkmak gerekir. Böylece ilk 3-5-7 satıcıdan biri 
olmalısınız. Çünkü az önceki örnekte gördüğünüz gibi 
bazı ürünler de ilk 3 satıcı satışın %60-70’ine sahip olabi-
liyor. Buralara nasıl geleceğinizi de sonraki bölümlerde 
anlatacağım. Lansman, reklam, giveaway gibi etkenlerle 
bunları sağlamaya çalışacağız. Bu bölümde ilk sayfanın 
önemini anlattım. Bundan sonra buraya gelebilmek için 
yapılması gerekenler hakkında bilgiler vereceğim.
162 A’dan Z’ye Amazon Eğitimi
Photo by John Schnobrich on Unsplash
satışların %70’i 
ilk sayfada
A’dan Z’ye Amazon Eğitimi 163
23 A9 ALGORİTMASI
A9 algoritmasını yine örnek 
üzerinden başlayarak anlatayım. 
“baby nest” kelimesini yazdığı-
mızda karşımızda ürünler sırala-
nıyor. Peki bu ürünler nasıl sıra-
lanacak? Bunu etkileyen birçok 
faktör var. Bu sıralanma ile ilgili 
algoritmaya A9 algoritması deni-
liyor. Dolayısıyla önde olabilmek 
için A9 algoritmasının nasıl çalış-
tığını bilmek gerekir. Şimdi sizle-
re bu algoritmanın nasıl çalıştığını 
anlatacağım. Sonrasında da lans-
man yaparak ilk sayfaya nasıl gele-
bileceğinize değineceğim.
A9 algoritmasının en önemli 
kriteri satış sayısıdır. Yani daha 
çok satan satıcılar daha önde görü-
nüyorlar. Bunu biraz daha incele-
mek için örnek üzerinden ilerleye-
lim. “baby nest” kelimesi özelinde 
ne kadar çok satış yapılırsa, yani 
“baby nest” kelimesi yazarak ürü-
ne tıklayıp satın alanlar ne kadar 
fazla olursa, ürününüzün bu keli-
mede puanı artarak yukarı sırala-
ra geliyor. Buna “Add to cart ora-
nı” da deniliyor. 
164 A’dan Z’ye Amazon Eğitimi
Bir diğer kriter “relevancy” 
dir. Yani bunu sizin kelimelerini-
zin geçiyor olması şekline düşü-
nebilirsiniz. Mesela “baby nest” 
yazdık diyelim fakat sizin ürünü-
nüz başlığında ve açıklamalarında 
baby nest kelimesi geçmiyorsa siz 
bu kelime de hem indekslenemez-
siniz, hem de daha önde görünme 
şansınız düşük olur. 
Yukarıda gördüğünüz satıcı 
“baby nest” kelimesinde indeks-
lenmek için başlığında baby nest 
kelimesini geçirmiştir. Bullet po-
intslerde, açıklamalarda, search 
term bölümlerinde; görünmek is-
tediğiniz kelimeleri bulundurma-
nız gerekir. 
A’dan Z’ye Amazon Eğitimi 165
Hatta bizim önemli olduğu-
nu düşündüğümüz bir uygulama 
daha bulunmaktadır. Bunu da 
yapmanızı tavsiye ederim. Yükle-
diğiniz resimlerin isimlerinde 
bile bu anahtar kelimeleri bulun-
duruyoruz. Ana resme, en çok 
aranma olacağını düşündüğümüz 
ana kelimeleri yazıyoruz. Bunlar, 
satışlarınızın ve görünürlüğünü-
zün yüksek olması adına yapmanız 
gereken şeylerdir. Aksi halde önde 
görünme şansınız daha düşük ola-
caktır. 
Bir diğer yaptığımız uygula-
ma ise, en çok önem verdiğimiz 
ana kelimeyi ürünün başlığındaki 
ilk 5 kelimenin içinde bulundur-
maktır. 
Bu aşamada önemli olan, eğer 
siz bir kelime de önde olmak is-
tiyorsanız başlığınızda, açıklama-
larınızda, bullet points bölümler-
inde, descriptions bölümünde bu 
kelimeyi geçirmeniz gerekir. Yani 
bu kelime ile sizin ürününüz ilgi-
li olmalıdır. Buna relevancy deni-
liyor. Ne kadar ilgili ise ne kadar 
çok kelimle geçiyorsa o kadar iyi-
dir.
Diğer yandan “baby nest” keli-
mesinde öne gelmek istiyorsanız 
kelime aynı şekilde geçmelidir. 
Arada bir kelime olmaması A9 al-
goritması için daha sağlıklı oluyor. 
Amazon 
eğitimlerimiz 
için hemen 
Whatsapp’tan 
yazın
166 A’dan Z’ye Amazon Eğitimi
Tabii ki fiyatınızla da direkt 
olarak doğru orantılıdır. Sonuçta, 
müşteri ürün sayfanıza girdiğin-
de resimlerinize, başlığınıza ve 
açıklamalarınıza bakıyor. Bun-
lar güzelse, müşterinizi etkiliyor-
sa, yorum sayılarınız fazlaysa ki 
yorum sayısı gerçekten karar ver-
me aşamasında önemli bir etken-
dir, fiyatınız uygunsa müşteriler 
ürününüzü daha yüksek oranlar-
da tercih edeceklerdir. Aşağıda yer 
alan güzel örnekte görüldüğü gibi, 
resimleriyle, açıklamalarıyla, 
yorumlarıyla etkileyici bir satıcı 
bulunmaktadır. 
A9 algoritması ile ilgili bir diğer 
kriter ise: conversion rate’dir. Yani 
dönüşüm oranı. Dönüşüm oranı 
bir ürünün sayfasına girenler içe-
risinden satın alanların oranını 
ifade eder. Örnek olarak ürün say-
fasına 100 kişi gelir ve 20 kişi bu 
ürünü satın alırsa sizin dönüşüm 
oranınız %20 olur. Dönüşüm 
oranınız ne kadar yüksek olursa 
A9 algoritmasında önde görünme 
olasılığınız o kadar yüksek olur. 
Bu şekilde daha önlere gelebilirsi-
niz. 
Peki bunu nasıl artırabilirsi-
niz? Aslında bu ürün listelemeni-
zin kalitesi ile doğru orantılı olan 
bir etkendir.
A’dan Z’ye Amazon Eğitimi 167
Bir diğer önemli kriter ise, 
müşterinin sayfada geçirdi-
ği süredir. Amazon, müşterinin 
sayfada neler yaptığını, ne kadar 
vakit geçirdiğini takip edebiliyor. 
Hangi resimlere baktığını, video-
yu izleyip izlemediğini, yorumlara 
ve soru cevaplarına bakıp bakma-
dığını, müşterinin neler yaptığı-
nı izleyebiliyor. Sayfada geçirilen 
süre ne kadar yüksekse Amazon 
aranan kelime ile ürünü daha çok 
öne çıkarmaya başlıyor. Yani müş-
terilerinizin sayfanızda daha fazla 
zaman geçirmesi A9 algoritması 
için olumlu bir durumdur. 
Amazon A9 algoritması için 
önemli olan bir diğer kriter de 
müşteri memnuniyeti ve ma-
ğazanızın yorumudur. Mağa-
zanızın yorumu ne kadar yüksek 
olursa, müşterilerinize ne kadar 
iyi hizmet sağlarsanız Amazon sizi 
o kadar çok seviyor. Dolayısıyla 
önde görünme olasılığınız artıyor. 
Bu durumda mağazanız ne kadar 
çok olumlu yoruma sahip olur ve 
güçlü olursa satışlarınız da o de-
rece de fazla olacaktır. Kötü geri 
bildirimler (feedback’ler) aldığı-
nızda, müşterilerinizi memnun 
edemediğinizde, ürünleriniz kali-
tesiz olarak değerlendirildiğinde 
Amazon A9 algoritması sizi daha 
geriye atacaktır. 
168 A’dan Z’ye Amazon Eğitimi
Bir diğer kriter de Amazon’a 
dışardan trafik gelmesidir. Ürü-
nünüze dışardan Youtube, Ins-
tagram gibi platformlardan link 
vererek trafik çekebilirseniz Ama-
zon bunları fark ediyor ve dışarı-
dan gelen trafiği algoritma olarak 
olumlu değerlendiriyor. Bu sebep-
le biz lansman aşamasında, give-
away yapacağımız zaman Youtu-
be, Instagrama linkler koyuyoruz 
ve anlaştığımız kişiler bunlara 
tıklayarak Amazon’a geliyorlar. 
Böylelikle dışardan trafik yapmış 
oluyoruz. Amazon böylelikle dışa-
rıdan müşteri kazanmış oluyor ve 
bu şekilde sizi öne çıkarıyor. 
Diğer bir yol olarak da, influ-
encer marketing tercih edilebi-
lir. Youtuberlara ya da Instagram 
influencerlarına ürününüzü beda-
va gönderebilirsiniz. Böylece dışa-
rıdan daha hızlıca trafik çekebilir-
siniz. Bunlardan satış aşamasında 
daha ayrıntılı bahsedeceğim. 
A’dan Z’ye Amazon Eğitimi 169
Son olarak A9 algoritması için 
önemli olan kriter; Honeymoon 
period yani balayı süreci. İlk 90 
gün boyunca Amazon ürünlere 
çok iyi bir yaklaşım sergiler. As-
lında bu süre boyunca ürünleri 
denemeye alır. Siz reklam verdi-
ğinizde, çalışmalar yaptığınızda, 
lansman yaptığınızda ürünleri-
niz hızlıca ilk sayfaya gelecektir. 
Bunu göreceksiniz. İlk 90 gün hız-
lıca öne gelebilirsiniz. Başlık, ana 
resim, açıklamalar, tıklanma ve 
satın alma oranlarını, ürünler ka-
liteli mi Amazon bunları değer-
lendirir. Eğer bu süreç iyi geçerse 
sonrası için yerinizi sağlama almış 
olursunuz. 
Lansman konusunda ilk 90 gün 
içinde çok hızlı gelebilirsiniz fa-
kat bu süre geçtikten sonra öne 
gelmek biraz daha zor oluyor. Bu 
konuda tecrübelerimiz var. Dola-
yısıyla ilk 90 günü iyi değerlendir-
menizi tavsiye ederim.
170 A’dan Z’ye Amazon Eğitimi
Genel olarak toparlamak gerekirse A9 algoritması Amazon’un ürün-
leri sıralamak için kullandığı bir algoritmadır. En önemli kriter satış sa-
yısıdır. Relevancy, dönüşüm oranları yani kelimelerin listenizde çokça 
geçmesi, müşterilerin sayfanızda geçirdiği süreler, dönüşüm oranları-
nız, müşteri memnuniyeti, feedback oranlarınız, hizmetinizin kalite-
si ve son olarak honeymoon period konularını ele aldık. Artık bundan 
sonra Lansman aşamasında geçeceğiz.
Photo by carolyn christine on Unsplash
A’dan Z’ye Amazon Eğitimi 171
24 LANSMAN TAKTİKLERİ-
GIVEAWAY
Bu bölümde sizlere Amazon’da 
lansman taktiklerini anlatacağım. 
Öncelikle lansman nedir bundan 
bahsedeyim. Lansman’a ürünle-
rin ilk çıkışındaki tanıtım çalış-
maları denilebilir. 
Ürünü ilk ortaya çıkardığımız-
da herhangi bir kelime ile ilk sayfa-
da yer alınamıyor. Satışlarımızın 
daha iyi olabilmesi için ilk sayfaya 
gelmek zorundasınız. Bunun için 
lansman yapmak gerekiyor. 
Belirlediğimiz kelimelerde ürü-
nünüzü ilk sayfalara getirebilmek 
için neler yapmalıyız? Az önce A9 
algoritmasını anlatmıştım. Ama-
zon bu algoritmaya göre sıralama 
yaparken en önemli kriteri satış 
olarak değerlendiriyor. Dolayısıy-
la bizim de satış yapmamız lazım. 
Bu noktada öne gelmek için 
mutlaka satış yapmak gerekiyor. 
Satış yapılmadan da öne gelinemi-
yor. Bu bir paradoks ve bunu çöz-
mek için lansman taktiklerini kul-
lanacağız.
172 A’dan Z’ye Amazon Eğitimi
 LANSMAN TAKTİKLERİ
 » Önce Giveaway sonra 
PPC
 » Direkt PPC
 » Dışarıdan trafik
 » Sadık Müşteri Kitlesi
Yani biz ürünlerimizi alacak 
kişilerle karşılıklı olarak anlaşı-
yoruz. ABD’de bununla ilgili ola-
rak 2500 kişilik bir grubumuz var. 
ABD’de bu insanlar bizim ürünle-
rimizi normal fiyatıyla alıyorlar. 
Sonrasında biz ürünün ücretini 
onlara geri ödüyoruz. Arka planda 
geri ödeme yapıyoruz. Böyle yap-
tığımızda Amazon ürünlerimizin 
normal bir şekilde satıldığını de-
ğerlendiriyor. Satış olduğu için de 
belli kelimelerde öne gelebiliyor-
sunuz. Tabii ki burada biraz ma-
liyet oluyor. Belli ölçüde giveaway 
yapıldıktan sonra PPC yapabilirsi-
niz. 
Bu taktiklerden birincisi, ilk 
etapta giveaway yapmaktır. Give-
away, ürünleri ücretsiz olarak da-
ğıtmak anlamına geliyor. Ürünleri 
%99 indirim koduyla da giveaway 
dağıtabilirsiniz. Fakat ben bunu 
tavsiye etmiyorum. Biz çoğunluk-
la tam fiyat giveaway yapıyoruz. 
A’dan Z’ye Amazon Eğitimi 173
İkinci taktik olarak, direkt 
PPC reklamı verebilirsiniz. PPC 
nedir? Tıklama başına maliyeti 
alınan reklamlara PPC deniyor. 
Hemen örnek olarak da size gös-
tereyim. Yine “baby nest” kelime-
sinden ilerlediğimizde sponsored 
olarak görünen ürünler bu şekilde 
PPC reklamı verilmiş ürünlerdir. 
Bu sistem tıklama başına teklif 
usulü ile çalışıyor. En fazla tıkla-
ma başına teklif veren satıcı daha 
önde görünüyor. Burada biz bu 
ürünlerden birine tıkladığımızda 
satıcılardan tekliflerine göre ör-
nek olarak 1,5 dolar kesiliyor. Bu 
rakam başta bulunan satıcılardan 
alınan miktar olup, aşağı doğru 
ilerledikçe tıklama başına maliyet 
daha da düşecektir. Örnek olarak 
1,25 dolar diyelim. Sayfanın en al-
tındakiler de tıklama başına en az 
kesinti yapılanlardır. Bunlardan 
da örnek olarak 1 dolar kesilir. İs-
terseniz direkt olarak bu şekilde 
PPC reklamları da verebilirsiniz.
174 A’dan Z’ye Amazon Eğitimi
Ürünlere göre taktiklerinizi be-
lirlemeniz de daha iyi olacaktır. 
Buna da değineceğim. Şimdi sıra-
daki taktiğimizi ele alayım.
 Üçüncü olarak, dışardan 
trafik ile öne çıkabilirsiniz. Daha 
önce bahsettiğim gibi Amazon dı-
şardan trafiği seviyor. Dolayısıy-
la Instagram, Youtube, Pinterest 
gibi platformlardan influencer-
lar ayarlayarak dışardan trafik ile 
lansman yapabilirsiniz. Bunu dı-
şarıdan reklam vererek yine ama-
zon satış sayfanıza müşteri çekme 
şeklinde de yapabilirsiniz. 
Son olarak, sabit müşteri kit-
lenizi kullanabilirsiniz. Belli sevi-
yeden sonra benim en çok tavsiye 
ettiğim yöntem de budur. Satışla-
rınız ilerledikten sonra kendi kit-
lenizi oluşturun ve artık lansman-
larınızı kendi kitlenize yapın. Bir 
Instagram sayfası oluşturarak 
kitlenizi orada toplayabilirsiniz. 
İlk başta böyle lansmanlar için üc-
retler ödersiniz ama belli bir sevi-
yeden sonra kendi kitlenize lans-
manınızı kolaylıkla yapabilirsiniz. 
Bunu en ileri seviye olarak görebi-
lirsiniz. Uzun vadede satış yapma-
yı düşünüyorsanız bu şekilde yap-
manız daha iyi olacaktır. 
A’dan Z’ye Amazon Eğitimi 175
Şimdi giveaway konusuna bi-
raz daha derinlemesine girelim. 
Sonrasında hangi üründe hangi 
taktiği kullanmanın daha mantık-
lı olduğuna değineceğim.
Giveaway mantığından kısaca 
bahsetmiştim. Ürünü tam fiyat 
indirim ile dağıtmak ya da yüksek 
oranlarda indirim ile satmak şek-
linde yapabilirsiniz. Bizim tavsiye-
miz tam fiyat olarak yapmanızdır. 
Burada anlaştığınız kişilerin 
ürüne puan vermesi ve yorum 
yapmasını da istiyorsanız ekstra 
olarak 5-10 dolar daha gönderme-
niz gerekebilir. Şimdi ilk sayfanın 
ön sıralarına nasıl gelebiliriz buna 
bakalım. Sistematik bir şekilde an-
laştığımız kişilerin ürünleri alma-
sını sağlamalıyız. Belirlediğimiz 
ölçülerde ürünü her gün 3-5 adet 
satılacak şekilde planlamalıyız. 
Bu şekilde ürünün satılıyor olması 
Amazon tarafından bizim önlere 
getirilmemizi sağlayacaktır. 
176 A’dan Z’ye Amazon Eğitimi
Peki günlük kaç adet satılmalı? 
Bunun hesabını nasıl yapmalıyız? 
Şimdi bunu inceleyelim. Örneği-
miz olan “baby nest” kelimesin-
deki toplam aylık satış rakamı or-
talama 684’tür. İlk üç ürün zaten 
yaklaşık olarak 250 tanesini kar-
şılıyor. Geriye kalan satıcılar 400 
civarından satış yapıyorlar. Gün-
lük olarak hesaplama yaparsak en 
önde bulunan satıcılar günlük 3-4 
adet kadar satış yapıyorlar. Alt ta-
raftakiler 1-2 adet, arka sayfalarda-
ki satıcılar ise belki de 2-3-4 günde 
ancak 1 adet satış yapabiliyorlar-
dır.
Bu hesaptan sonra günde kaç 
ürün dağıtırsam öne gelebilirim 
şeklinde değerlendirmede bulun-
mak gerekir. 
Bu örnekte günlük olarak 4-5 
adet dağıtım yaptığımızda en ön-
deki satıcılardan fazla satış yapı-
yor oluruz. Amazon bu duruma 
baktığında diğer satıcılardan daha 
fazla sattığımız için bizi önlere çı-
karacaktır. Temel mantık bu şekil-
de işlemektedir. 
Öne gelmek için ilgili kelimede 
rakiplerimizin ne kadar sattığına 
bakıyoruz. Rakiplerimiz o kelime-
de kaç adet satıyorsa onlar kadar 
ya da onlardan daha fazla satarsak 
öne geçebiliriz. 
Photo by Don Agnello on Unsplash
A’dan Z’ye Amazon Eğitimi 177
Şimdi bu şekilde hesabı nasıl 
yapacağımıza dair biraz daha ay-
rıntıya girelim. Yani kaç ürünü, 
kaç gün boyunca dağıtacağız. Ön-
celikle bunlara hâkim olmalıyız. 
Sonrasında da ürünleri nasıl dağı-
tacağımıza bakacağız.
Günlük olarak kaç giveaway 
dağıtılması gerektiği biraz detaylı 
bir konudur. Fakat Emparazon sa-
yesinde bunu daha kolay hale ge-
tirdik.
Bu işlemi Emparazon eklentisi 
üzerinden ya da web uygulaması 
üzerinden de yapabilirsiniz. Web 
uygulamasında hangi kelimede 
give away araştırması yapmak is-
tiyorsanız o kelimeyi yazarak give 
away rakamlarına ulaşabilirsiniz. 
Yandaki karekodu 
okutarak hemen 
Emparazon hesabı 
açabilirsiniz.
178 A’dan Z’ye Amazon Eğitimi
 Eklenti içerisinde Give Away dağılımı seçeneğine girdiğiniz de direkt 
olarak size ilk sayfanın ön taraflarına, ilk sıralara gelmek istiyorsanız 
her gün 5 adet olacak şekilde 8 gün boyunca toplamda 40 adet dağıtırsa-
nız bu kelimede ön taraflara gelebileğinize ilişkin bilgi sunulmaktadır. 
Bu rakamlar en ön sıralara gelmeniz için belirlenen rakamlardır. Siz 
sayfa içinde bulunmak istediğiniz konuma göre bu dağıtım sayılarını 
azaltabilirsiniz.
A’dan Z’ye Amazon Eğitimi 179
Bu konu ile ilgili olarak Youtu-
be’da bunun nasıl yapılacağı ile il-
gili videolarım da bulunmaktadır. 
İlk sıralara nasıl gelebilirsiniz, 
give away hesabını nasıl yapabi-
lirsiniz gibi konuları ele aldığım 
videolar mevcuttur. Bunu uzun 
bir excel dosyası şeklinde hesapla-
yarak yapıyorduk. Fakat bu hesap-
lamalar şimdi Emparazon uygu-
laması içerisinde bulunmaktadır. 
Bu işlemi buradan bakarak rahat-
lıkla yapabilirsiniz. 
Eğer ilk sıralara çıkmak istemi-
yorsanız da bu rakamlardan biraz 
düşerek ilk sayfanın ortalarına 
veya sonlarına da gelebilirsiniz.
Peki hangi kelimeden give-
away yapılmalı? 
Bunu sizin belirlemeniz gereki-
yor. Diyelim ki, baby nest kelimesi 
üzerinden ilerlemek istiyorsunuz. 
Bu kelimenin durumunu incele-
meniz gerekir. Hacmine, tıklama, 
dönüşüm oranlarına, ilk üç satıcı-
nın domine edip etmediğine göre 
fırsat olan kelimeler bularak onlar 
üzerinden ilerlemek daha iyi olur. 
Baby nest kelimesini ele aldı-
ğımızda 380 rakip sayısı 12 bin 
aranma hacmine göre az sayılır. 
Biz genel olarak rakip sayılarının 
1000’in altında olması halinde bu-
ralarda rekabetin az olduğunu de-
ğerlendirebiliriz.
Yandaki karekodu 
okutarak konuyla ilgili 
videoyu izleyebilirsiniz
180 A’dan Z’ye Amazon Eğitimi
Bazı kelimelerde 10 bin 100 bin 
rakip olduğunu dahi görebilirsi-
niz. Buralarda öne gelmek gerçek-
ten çok zor oluyor. Diğer yandan 
PPC vermek, böyle kelimelerde 
çok daha maliyetlidir. Çünkü satı-
cılar fazla olduğu için sıralamada 
görünebilmek amacıyla teklifleri 
yükselten birçok satıcı da olabili-
yor. 
En öne gelmek için belki 5-10 
dolar gibi rakamlar vermeniz bile 
gerekebilir. Bu fiyatlar çok zorla-
yıcı rakamlardır. Dolayısıyla rakip 
sayıları gerçekten çok önemlidir. 
Emparazon kelime araştırma ara-
cı ile benzer kelimeler araştırabi-
lirsiniz. 
A’dan Z’ye Amazon Eğitimi 181
Bu kelimelerden hangisi sizin 
ürününüz ile uyuşuyorsa, hangi 
kelimede hem uyuşma hem de fır-
sat olduğunu değerlendiriyorsanız 
o kelime üzerinden devam edebi-
lirsiniz. Hangisinin trendi artı-
yorsa, bu durumu değerlendirerek 
lansman yapacağınız kelimeyi be-
lirleyebilirsiniz. 
Bir de şöyle bir durum oluyor; 
siz lansman yapacaksınız ama ürü-
nünüz ilk defa çıktığı için insanlar 
sizin ürününüzü bulamayacak. 
Sayfa sayfa giderek sizi aramaları 
gerekebiliyor. Rakiplerinizin çok 
olduğu durumlarda onlarca say-
fa ilerlemek durumunda kalabili-
yorlar. Bunun için de süper URL 
oluşturuyoruz.
Süper URL aslında basit bir 
link. Emparazon aracılığıyla bunu 
oluşturabilirsiniz. Bunu oluştur-
duğunuz zaman insanlar o linke 
tıkladığında, kelime üründe araş-
tırılmış ve ondan sonra alınmış 
gibi oluyor. Biraz daha ön taraflar-
da görünmeye başlayınca en güzel 
yöntem giveaway de anlaştığınız 
kişinin kelimeyi yazıp, sayfalar-
da araştırarak sizin ürününüzü 
bulup tıklayıp, daha sonrasında 
sayfanızda biraz vakit geçirerek 
almasıdır. Bu algoritma açısından 
en olumlu yöntemdir.
u r l
182 A’dan Z’ye Amazon Eğitimi
Giveaway yapacağınız kişileri 
Facebook’tan giveaway grupları 
araştırarak ya da rebate key gibi 
platformlardan faydalanabilirsi-
niz. Bizim de bu konuda ABD’de 
oluşturduğumuz lansman grup-
larına yönelik desteklerimiz olu-
yor. Lansman yapmak isteyenle-
re ABD’deki grubumuz üzerinden 
lansman hizmeti sağlayabiliyoruz. 
İsterseniz kendiniz de bu insanları 
tek tek bulabilirsiniz.
Fakat sistematik bir şekilde 
almanız başarılı olmanız için ge-
reklidir. Yoksa bir gün 1 adet, baş-
ka bir gün 10 adet şeklinde dalga-
lı satışlar işe yaramayacaktır. Bu 
konuda çok fazla tecrübe sahibi 
olduğumuz için bunu düzenli ola-
rak yapmanız çok önemlidir diye-
bilirim. Dolayısıyla tek tek araştır-
mak biraz daha risklidir.
A’dan Z’ye Amazon Eğitimi 183
Giveaway konusu genel olarak 
bu şekildedir. Özet olarak topar-
layacak olursam, give away ko-
nusunda en önemli şey kelime 
araştırmak ve fırsat olan keli-
meyi bulmaktır. Bulduktan son-
ra da o kelimede kaç adet dağıtaca-
ğınıza karar vermektir. Bu konuda 
Emparazon uygulamasından da 
destek alabilirsiniz. Bu rakalamla-
rı dağıtarak ilk sayfaya gelebilirsi-
niz. 
Sonrasında nasıl dağıtacağını-
za karar vereceksiniz ve görüştü-
ğünüz kişilerle anlaşacaksınız. Bir 
de Super URL oluşturma konusu 
da vardır. Ürününüzü bulmak zor 
olduğunda bunu kullanılarak öne 
gelme ihtimalinizi artırabilirsi-
niz. Giveaway konusu genel olarak 
bu şekildedir.  
Yandaki kodu okutarak 
hemen Emparazon 
Giveaway aracını 
kullanmaya başla.
Yandaki kodu okutarak 
Amazon eğitimlerimiz 
hakkında bilgi 
alabilirsiniz.
184 A’dan Z’ye Amazon Eğitimi
Bundan sonra PPC konusuna 
geçeceğiz. Diyelim ki, 200-300 adet 
ürün ürettirdiniz ve gönderdiniz. 
Bunun 35-40 tanesini dağıttınız. 
Bu dağıtımlar sonucunda 4-5 tane 
yorum aldınız. Bu dağıtımlardan 
mutlaka yorum almanız gereki-
yor. Çünkü yorumlar arttıkça bi-
zim geri dönüşüm oranımız ve 
buna bağlı olarak insanların size 
olan güveni de artar. Dolayısıyla 
yorum oranlarınızı artırmanız ge-
rekir. 
Giveaway yapmaktaki en bü-
yük maksat bir kelime de öne gel-
mek, bir diğer maksat ise yorum 
alabilmektir. Bir sonraki bölümde 
PPC konusunu ele alacağım. PPC 
reklamlarında müşteriler hiç yo-
rumu olmayan satıcılara girip geri 
çıkıyor ve satın alma işlemi yapmı-
yorlar. Bu şekilde her tıklamada 
sizden ücret kesiliyor. Bu açıdan 
PPC için de giveaway ve gelen yo-
rumlar önemli bir etkendir. 
A’dan Z’ye Amazon Eğitimi 185
25 PPC
Daha önce PPC’nin genel man-
tığından bahsetmiş oldum. Buna 
Pay Per Click yani tıklama başına 
ödeme diyebiliriz.
PPC reklamları her satıcının is-
tediğinde verebileceği bir reklam 
türü olduğu için burada reklam 
maliyeti rakip sayısına bağlı bir 
etkendir. 
PPC’nin genel mantığını anlamak adına bu konuyu örnek üzerinden 
ilerleyerek anlatmaya devam edeyim. 
PPC tutarını siz belirliyorsu-
nuz. Eğer en önde görünmek isti-
yorsanız daha fazla tıklama başı-
na ödeme yapmalısınız. Fakat çok 
önlerde görünmek istemezseniz 
maliyetleri biraz daha azaltabilir-
siniz.
186 A’dan Z’ye Amazon Eğitimi
Yukarıda gördüğünüz gibi 
ürünlerin ön tarafında veya ürün-
lerin hemen üstünde verebilirsi-
niz. Bu şekilde yapabilmeniz için 
ürünlerin markasının sahibi ol-
manız gerekir.
Diğer yandan ürünün içerisin-
de de görünebilirsiniz. Yani her-
hangi bir ürünün sayfasına giril-
dikten sonra aşağı bölümlerde de 
görünebilirsiniz. 
A’dan Z’ye Amazon Eğitimi 187
 Ürünün ilk sayfasında da 
sponsorlu olarak da yer alabilirsi-
niz. Ürün satışına yeni başladığı-
nız durumlarda belki listenin 5’in-
ci-10’uncu sayfalarında olmanıza 
rağmen sponsorlu olarak ilk sayfa-
da görünebilme imkânınız olabili-
yor. 
Yani buna birinci sayfadan yer 
kiralıyorsunuz diyebiliriz. Rakip 
sayılarınıza ve rekabete göre bu 
kira maliyeti değişkenlik göstere-
cektir. Teklif usulü ile bu sayfalar-
da görünebildiğiniz için en yüksek 
teklifi veren satıcılar buralarda 
görüneceklerdir. 
188 A’dan Z’ye Amazon Eğitimi
Şimdi PPC reklamları nasıl ya-
pılır konusu üzerinde duralım? 
Burada ele alacağımız ilk başlık 
otomatik PPC kampanyası olacak-
tır. Otomatik PPC kampanyası, 
anahtar kelimeleri Amazon’un be-
lirlediği PPC kampanyasıdır. Ben 
size bizim genel olarak uyguladığı-
mız süreci anlatacağım. Öncelik-
le bir giveaway yapıyoruz. Örnek 
olarak 300 ürünümüz varsa, duru-
ma göre 20-30-40 tanesini belirle-
diğimiz kelimelere göre dağıtıyor 
ve 4-5 tane yorum alıyoruz. Son-
rasında otomatik PPC kampanyası 
başlatıyoruz. 
Otomatik PPC kampanyası 
şunu yapıyor. Sizin listede oluş-
turduğunuz kelimelere ve katego-
rinize bakarak Amazon size uygun 
olabilecek bütün kelimeleri toplu-
yor. Kaç kelime gerekirse alakalı 
ürün ve kelimelerde sizi gösterme-
ye başlıyor. Bu kampanya aslında 
genel olarak yapılan bir kampan-
yadır. Detaya inilerek, kelimeler 
belirleyerek, sizin yaptığınız bir 
kampanya değildir. Kelimelerini 
Amazon’un belirlediği otomatik 
bir kampanya şeklindedir. Biraz-
dan size manuel kampanyalardan 
da bahsedeceğim. Bu kampanya 
modelinde kelimeleri veya görün-
mek istediğiniz ürünleri siz belir-
liyorsunuz. 
A’dan Z’ye Amazon Eğitimi 189
Otomatik PPC kampanyasını 
2-3 hafta yaptınız ve sonrasında 
satışlar geldi diyelim. Artık ürün-
lerinizin hangi kelimelerde sat-
tığını görebiliyorsunuz. Bunun-
la ilgili reklam raporları çıkıyor. 
Aslında biz otomatik PPC reklam 
kampanyası yaparak Amazon’dan 
veri satın alarak bu verilere sahip 
oluyoruz. Artık bizim ürünümüz 
hangi kelimelerle ilişkili ve hangi 
kelimelerden satış yapıyor, hangi 
kelimelerde reklamlarımız daha 
iyi sonuç vermiş, hangi kelimeler-
de sonuç alamamışız ya da kötü so-
nuçlara ulaşmışız şeklinde değer-
lendirme yapabiliyor ve bunların 
hepsini de görebiliyoruz. 
Otomatik PPC kampanyasını 
yaptıktan sonra bu şekilde reklam 
raporunu indirerek inceliyoruz. 
Avantajlı olan, kar ettiğimiz ke-
limeleri belirleyerek onlarla ma-
nuel PPC kampanyasına devam 
ediyoruz. Zarar ettiğiniz kelimele-
re de reklam koyabilirsiniz. Fakat 
oranlarını düşürmekte fayda var-
dır.
Bu şekilde manuel PPC kam-
panyasında da belirlediğimiz ke-
limelere ve belirlediğimiz rakip 
ürünlere reklam koyup, oradan 
devam edebiliyoruz. 
Sürekli PPC kampanyasının 
mantığı; kar ettiğimiz kelime-
lerden ve kar ettiğimiz ürün-
lerin reklamlarından devam 
etmenizi sağlamaktır. Zarar etti-
ğimiz kelimeleri de kapatıyoruz ya 
da oranlarını düşürüyoruz. Süreç 
bu şekilde ilerlemektedir.
190 A’dan Z’ye Amazon Eğitimi
Otomatik PPC reklamlarını yaptıktan sonra reklam raporları bize 
gelecektir. Şimdi sizlere örnek bir rapor göstererek bu raporu nasıl in-
celeyeceğinizi anlatayım.
Burada dikkat etmemiz gereken hususları kısaca size anlatayım. 
“customer search term” kısmında arama terimleri bulunmaktadır. 
Bu listede aşağı doğru raporda bulunan arama kelimeleri yer almakta-
dır. “impressions” kısmında görüntülenme sayıları bulunuyor. Tıkla-
ma sayısı “click” bölümünde gösteriliyor. CTR tıklama oranını, CPC 
ise tıklama başına maliyeti gösteriyor. Spend kısmında yaptığın har-
cama ve sales kısmında da yaptığın satışlar görünüyor. Sarı renkli olan 
kelimeler kötü diyebileceğimiz, kar oranı çok düşük olan hatta zarar et-
tiren kelimeleri göstermektedir. ACoS oranı da toplam satış için ne ka-
dar reklam harcaması yapıldığının oranını gösteriyor. Amacımız ACoS 
oranını düşürmektir. Bu oran ne kadar düşük olursa o kadar iyidir. 
A’dan Z’ye Amazon Eğitimi 191
Bu örnekte, kar oranını %40 olarak düşündüm ve ACoS oranı %40’ın 
üzerinde olanları farklı bir renkle işaretleyerek o kelimelerden çıkma-
mız gerekiyor. ACoS oranı %40’ın ne kadar altında olursa aradaki fark 
bizim net karımız olur. Örnek olarak, %31 ACoS oranı olan bir kelimede 
reklama devam edebiliriz. Bu durumda bize %9 net kar kalmış olur. 
Görselde gördüğünüz gibi en aşağı kısımda ise, hiç satış yapılmayan 
kelimeler var. Hatta bunlardan bazılarına 7 dolarlık 9 dolarlık harca-
malar yapılmış. Bu kelimelerde önemlidir. Çünkü bu kelimelerden 
uzak durmak gerekir. Bu şekilde rapora bakarak size en güzel oranlarda 
kazanç sağlayan kelimeleri belirleyerek onların üzerinden manuel PPC 
reklamlarına devam edebilirsiniz. Süreç bu şekilde devam ediyor. 
192 A’dan Z’ye Amazon Eğitimi
Bu takibi haftalık olarak yapmanız gerekir. Kar ettiğiniz, size kazanç 
sağlayan kelimelerden devam etmeniz, zarar ettiğiniz reklamlardan 
uzak durmanız gerekir. 
Buraya kadar genel olarak PPC reklamlarından bahsetmiş olduk. 
Otomatik PPC kampanyası ile başlayıp sonrasında reklam raporlarını 
değerlendirerek, karlı olan kelimelerden manuel PPC kampanyasına 
devam etme şeklinde yapılması bence en mantıklı ve bizim de uygula-
dığımız yöntemdir.
Photo by James Lee on Unsplash
A’dan Z’ye Amazon Eğitimi 193
Lansman taktiklerini genel olarak 
toparlayacak olursak burada 2 temel 
lansman taktiğimiz var. İlki önce gi-
veaway ikincisi ise direkt olarak PPC 
reklam kampanyası yaptığımız tak-
tikler. Bu ikisi arasındaki temel farka 
değinmek istiyorum. Bu noktada ürü-
nünüz çok önemlidir. Eğer ürün fiya-
tınız düşükse, örnek olarak 10 dolarlık 
bir ürününüz var diyelim. Her satış-
tan Amazon zaten yaklaşık 4 dolarını 
alıyor. 3 dolar üretim maliyeti dersek, 
3 dolar da size kar kalıyor. Eğer bura-
da direkt olarak PPC ile öne gelmeye 
çalışırsanız ortalama tıklama başına 1 
dolar PPC maliyeti olabilir. Ortalama 
5 tıklamada 1 satış gerçekleşeceğini 
değerlendirdiğimizde bu durumda 2 
dolar zarar ettiğiniz bir sonuç ortaya 
çıkıyor. 
Dolayısıyla bu şekilde dü-
şük fiyatlı ürünler sattığı-
nız da direkt olarak PPC 
reklam kampanyası ile baş-
ladığınızda zarar edersiniz. 
Önce giveaway yapıp sonrasın-
da PPC yapmak daha mantıklı 
olacaktır. Ürün fiyatınız yük-
sekse aslında PPC kampanya-
sından daha fazla kar ediyorsu-
nuz. Dolayısıyla direkt olarak 
PPC yapacağınız ürünler biraz 
daha fiyatları yüksek olan ürün 
grupları olmalıdır. Zaten ürün 
fiyatınız yüksek olduğunda gi-
veaway yapmak pek mantık-
lı olmuyor. Zaten 100 dolarlık 
bir ürünü 20-30 tane dağıtma 
durumunuz eğer çok ciddi bir 
sermayeniz yoksa katlanılması 
zor bir durumdur. 
194 A’dan Z’ye Amazon Eğitimi
Ürün fiyatınız düşükse sürece 
giveaway ile başlayın. Tabii bura-
da giveaway ile başlatmamızın di-
ğer bir sebebi de yorum almaktır. 
Burada yorumlar çok kıymetlidir. 
20-30 tane ürün dağıttıktan sonra 
ortalama 4-5 yorum alıyorsunuz. 
Yorumlar sayesinde dönüşüm 
oranlarınız yükselmeye başlıyor. 
İnsanlar yorumları gördükçe size 
daha fazla güveniyor ve daha faz-
la ürün alıyorlar.  Bu durumda siz 
daha fazla görünür hale geliyorsu-
nuz. Dolayısıyla önemli olan nok-
ta aslında yorum almaktır. 
Direkt PPC reklamları ile baş-
ladığınız takdirde sıfır yorumla 
sürece başlamış olacaksınız. Bu 
şekilde başladığınızda insanlar 
ürüne girdiklerinde çekinecekler 
ve yorum yazmak istemeyecek-
lerdir. Ürününüzü satın almak 
istemeyeceklerdir. Dolayısıyla dö-
nüşüm oranlarınız düşük olacak-
tır. Bu durumda daha da gerilere 
düşeceksiniz. Bu duruma maruz 
kalmamak için en azından 1-2 tane 
tanıdıklarınıza, arkadaşlarını-
za satış yapın ve onlardan yorum 
yapmalarını isteyin. Sonrasında 
PPC’ye başlayın. Bu sizin için daha 
iyi olacaktır. 
A’dan Z’ye Amazon Eğitimi 195
Diğer yöntemlerden olan dı-
şardan trafik ya da dışardan bir 
kitle oluşturmuşsanız zaten give-
away ve PPC yapmanıza da gerek 
kalmaz. Bu şekilde dışardan ken-
di trafiğinizi sağlayabilirsiniz. Di-
ğer yandan biz giveaway yaparken 
Instagram, Pinterest, Youtube gibi 
platformlara link koyuyoruz. Ora-
dan süper URL linki ile çok daha 
hızlı ilerleyebiliyorsunuz. 
Sadık müşteri kitlesi oluştur-
muşsanız bu çok daha iyi bir du-
rumdur. Birazdan buna dijital pa-
zarlama konusunda değineceğim. 
Eğer böyle bir kitleniz varsa çok da 
reklam harcaması yapmanıza ge-
rek kalmıyor. Bu müşteri kitlesine 
artık yeni ürünlerinizi indirimler 
veya kampanyalar yaparak doğru-
dan kitlenize kendi lansmanları-
nızı da yapabiliyorsunuz. 
196 A’dan Z’ye Amazon Eğitimi
Genel olarak buraya kadar lans-
man, giveaway, PPC konularından 
bahsetmiş oldum. Tabii ki bunların 
uygulamaya yönelik detayları da bulun-
maktadır. Bunlar nasıl yapılır? Nasıl 
ilerler? Gibi konuları biraz daha ileri 
seviye eğitimlerde ayrıntılı olarak ele 
alacağım. Bu bölümü burada bitirerek 
bir sonraki bölümde dijital pazarlama 
konusuna değineceğim. 
unsplash/Cristofer Maximilian
İleri seviye eğitimler 
hakkında bilgi almak 
için bize yazın ya da 
arayın.
A’dan Z’ye Amazon Eğitimi 197
26 DİJİTAL
PAZARLAMA
Bunu yapmanın yolu da günü-
müzde sosyal medya kullanılarak 
veya daha farklı yöntemlerle di-
jital pazarlama yapmaktır. Bunu 
gerçekleştirdiğinizde kendi müş-
teri kitlenizi oluşturursunuz. Sa-
dık müşteriler AVM’ye geldiğinde 
sizin mağazanızı bilirler ve sizi 
tercih ederler.
Bu bölüme başlarken Amazon’u 
ürünlerinizi sattığınız ya da sata-
cağınız bir AVM olarak düşünün. 
AVM’ye gelip dolaşan müşterile-
rin sizin mağazanızı gördüklerin-
de onların dikkatlerini çekmelisi-
niz. Müşterilerin bir şekilde sizin 
mağazanıza girmesi ve sonrasında 
da onlara satış yapmanız gerekir 
ki, böylece işiniz devam edebilsin. 
Bu sebeple müşterilerin sizi bilme-
si, tanıması, daha önceden sizinle 
ilgili bir anısı olması gerekir. 
198 A’dan Z’ye Amazon Eğitimi
Dijital pazarlama sayesinde 
dışarıdan trafik çekerek satış 
yaptığınızda Amazon’da sizi ön 
taraflara getirecektir. Bu da size 
çok daha fazla satış yapma imkânı 
sağlayacaktır. Dolayısıyla, dijital 
pazarlama e-ticaretin olmazsa ol-
mazıdır diyebiliriz. İleri seviyede-
ki satıcıların mutlaka uyguladığı 
bu husus, Amazon’da satışın son 
aşamalarındaki en önemli konu-
lardan biridir.
Dijital pazarlamanın içinde ne-
ler var derseniz, bunlar; Instag-
ram, Facebook, Pinterest, Tiktok, 
telegram grupları, email marke-
ting, chatbot marketing gibi plat-
formlar ve yöntemler şeklinde sı-
ralanabilir. 
Chatbot marketing bizim 
özellikle sürekli uyguladığımız 
bir yöntemdir. Email marketing 
ile daha önce sizden alışveriş yap-
mış olan ya da kampanya, çekiliş 
gibi yöntemlerle bir şekilde email 
adresini aldığınız kişilere onları 
yönlendirici, bilgilendirici, özel 
fırsatlar içeren mailler atabilirsi-
niz. Bu yöntem sizinle daha önce 
bir şekilde irtibata geçmiş olan 
kitleye uygulandığı için geri dönüş 
oranları daha yüksek olacaktır. 
Bunun yanında diğer dijital pazar-
lama yöntemlerini de uygulamak 
çok yararlı olacaktır.
A’dan Z’ye Amazon Eğitimi 199
Instagram influencerları ve 
Youtube influencerları da çok 
önemli bir pazarlama aracıdır. 
Sizin ürününüz ile ilgili olan in-
sanların takip ettiği influencer-
ları kullanarak satışları çok güzel 
seviyelere çıkarabilirsiniz. Mikro 
influencerlara sadece ürününü-
zü ücretsiz olarak göndererek bile 
başlayabilirsiniz. Ayrıca bütçeni-
ze göre daha büyük influencerlar 
ile de çalışabilirsiniz. Belli seviye 
üzerindeki influencerlar ücretli 
olarak çalışırlar. Ama gerek mikro 
influencerların gerekse makro inf-
luencerların kesinlikle çok etkili 
olduğunu söyleyebilirim. 
Biliyorsunuz ki, son zamanlar-
da Trendyol Türkiye’nin en bü-
yük pazar yeri haline geldi. Bence 
Trendyol’un bu noktaya gelmesin-
deki en önemli etkenlerden birisi 
de influencer marketing strate-
jisidir. Trendyol bunu çok iyi bir 
şekilde yürütüyor. Hatta influen-
cer marketing etkisinin ne kadar 
güçlü olduğunu Trendyol ile gör-
dük diyebiliriz. Dolayısıyla artık 
dönüşüm oranları düşük klasik 
reklamlara sermaye ayırmaktan-
sa böylesine yüksek etkiye sahip 
olan influencerlar ile çalışmak çok 
daha mantıklı bir reklam ve pa-
zarlama yöntemi haline gelmiştir. 
Böylelikle direkt olarak satışları-
nızda ciddi artışlar meydana gele-
cektir.
200 A’dan Z’ye Amazon Eğitimi
Aslında dijital pazarlama konu-
sunda esas hedefiniz kendi sadık 
müşteri kitlenizi oluşturmak ol-
malıdır. Önceki bölümlerde “lans-
mandan ve reklamlardan” bahset-
tik. Bunlar başlangıçta mutlaka 
atmanız gereken önemli adımlar 
ama Amazon’da uzun soluklu bir 
başarı elde etmek istiyorsanız, 
kendi müşteri kitlenizin olması 
çok daha önemlidir. Bunun için en 
kısa zamanda Instagram hesabını-
zı büyütmeniz, email marketing 
yapabilmek için müşterilerinizin 
emaillerini toplamanız gerekir. 
Bu amaçla 10 bin-20 bin kişilik bir 
kitle oluşturdunuz diyelim. 
Bu aşamadan sonra yeni bir 
ürün çıkardığınızda giveaway 
veya lansman yapmanıza gerek 
kalmayabilir. Bu müşteri kitlenize 
% 10 - % 20 indirimler yaparak di-
rekt olarak lansmanınızı yapabi-
lirsiniz. 
Bu sebeple dijital pazarlama 
çok önemli bir konudur. Kesinlik-
le, üzerinde dikkatle durmalısınız. 
Bunu sakın ihmal etmeyin derim. 
E-ticaret yapıyor ve başarılı olmak 
istiyorsanız mutlaka dijital pazar-
lama yapmalısınız.
A’dan Z’ye Amazon Eğitimi 201
27 MARKA TESCİLİ
Bu bölümde marka tescili ko-
nusunu ele alacağım. Marka tesci-
li Private Label iş modelinde satış 
yapan satıcılar için en önemli ko-
nulardan bir tanesidir.
Sizin de çok iyi bildiğiniz üze-
re Private Label kendi markanızı 
oluşturarak satış yapmak anlamı-
na gelmektedir. Marka tescili ile 
alakalı olarak bilinmesi gereken 
en önemli konu marka tescili ne-
dir sorusudur? Trademark nedir? 
Brand Registry nedir? Burada size 
patent gibi konulardan da bahse-
deceğim.
202 A’dan Z’ye Amazon Eğitimi
Büyük ihtimalle siz de bir ürün 
alırken ürünün markasına önem 
veriyorsunuz. Belki de fiyatı daha 
fazla olsa bile bazen bildiğiniz bir 
markayı tercih ediyorsunuz. Mar-
kanızı oluşturup tanıttıktan sonra 
artık insanlar sizin markanızı ta-
nıdığı için ürünlerinizin satışı cid-
di seviyede artacaktır.
Üründe bir yenilik ve farklı bir 
tasarım yaptığınızda ürünün pa-
tentini alabilirsiniz. Ya da piya-
sada hiç bulunmayan bir ürünü 
ürettiyseniz bu ürüne patent alır-
sınız ve başkaları bu ürünü üretip 
satamaz. 
En çok karıştırılan 
konuların başında 
patent ve marka 
tescili geliyor. 
Öncelikle şunu bilmek 
gerekir ki; ürüne 
patent alınır, marka 
tescil ettirilir.
A’dan Z’ye Amazon Eğitimi 203
Siz de bir ürünü satmadan önce 
patenti olup olmadığını kontrol et-
melisiniz. Biz bir ürünü satmadan 
önce bu araştırmayı yapmadığımız 
için 1500 dolarlık ürünü Amazon’a 
gönderdik ve birkaç satış sonra-
sı patent sahibi bizi şikâyet etti. 
Bu nedenle ne yazık ki o ürünleri 
imha ettirmek zorunda kaldık.
Marka da, aslında ürünün üze-
rindeki isim, logo, slogan veya 
dizayn için alınabilir. Amazon’da 
satış yapanlar çoğunlukla isim 
üzerine markasını tescil ettirirler. 
Diğerle yöntemler de ayrıca mali-
yeti artıracağı için ben de size sa-
dece isim üzerinde markanızı tes-
cil ettirmenizi öneririm.
204 A’dan Z’ye Amazon Eğitimi
Marka tescili bölgesel ola-
rak alınır. Hangi ülkede satış 
yapacaksanız orada markanızı 
tescil ettirmelisiniz.
Amazon son zamanlarda diğer 
ülkelerdeki markalarınızı kabul 
etmektedir. Ancak bu konuda bir 
sorun yaşanmaktadır. Örneğin; 
Türkiye’de bir markanız var ve bu 
markanızı Amazon Amerika’da 
kullanmanıza izin veriyor. Ancak, 
aynı markayı bir başkası Ameri-
ka’da tescil ettirip Amazon’a baş-
vurursa Amazon hangisini kabul 
edeceği konusunda sıkıntı yarata-
bilir. O yüzden ben kesinlikle han-
gi ülkede satış yapacaksanız orada 
markanızı tescil ettirmenizi öneri-
rim.
Bir şirketin veya bir kişinin 
birden çok markası olabilir. 
Markanızı tescil ettirmek için 
şirket olmanıza gerek yoktur. 
Bir kişi olarak da marka sahibi 
olabilirsiniz.
Amerika’da satış yaptığınızda 
öncelikle sizin markanızı başkası-
nın tescil ettirip ettirmediğini öğ-
renmeniz gerekir. Bunu Amerika 
marka ve patent ofisinden öğrene-
bilirsiniz.
www.uspto.gov/trademarks
A’dan Z’ye Amazon Eğitimi 205
Tabii ki, burada bir diğer önem-
li konu da markanın sınıflar üze-
rinden alınıyor olması. Yani siz 
tekstil ürünleri satıyorsanız veya 
satmayı düşünüyorsanız tekstil sı-
nıfında markanızı tescil ettirmeli-
siniz.
Peki marka tescili süreci na-
sıl işliyor? Ne kadar sürüyor ve 
ücreti ne kadar?
Amerika’da marka tescili süre-
ci eğer hali hazırda bu marka ile 
satış yapıyorsanız (In use başvuru) 
ve herhangi bir benzeşme proble-
mi olmazsa 6-7 ay süre içerisinde 
onaylanmaktadır. 
Eğer bu marka ile satış yapmı-
yorsanız ve bu marka ile satış ya-
pacağım diye başvurursanız (At-
tempt to use başvuru) bu süre 8–9 
ay sürecektir.
Amerika’da marka tescili baş-
vurusu yapacaksanız, Amerikalı 
avukatlar ile çalışmak zorunda-
sınız. O yüzden maliyet toplamı, 
avukat ücreti ve Amerika devleti-
ne vereceğiniz ücret olacaktır. Bir 
sınıf için toplam maliyetiniz yak-
laşık 550–600 dolar civarında ola-
caktır. 
206 A’dan Z’ye Amazon Eğitimi
Burada dikkat etmeniz gereken 
başka bir nokta var. Markanızın 
onaylanmasını beklediğiniz süreç-
te 6-7 ay boyunca bu markayı Ama-
zon’da kullanamayacaksınız. Eğer 
Amazon’un yönlendirdiği avukat-
larla çalışırsanız ücretler yakla-
şık 2 katına çıkabiliyor. Yani 1000 
dolar kadar masraf olabiliyor. Bu 
durumda başvurunuzdan 2-3 haf-
ta sonra hemen markanızı kullan-
maya başlayabiliyorsunuz. Benim 
tavsiyem bunu yapmanızdır. Bu 
durumda daha hızlı bir şekilde 
markanızı kullanmaya başlayabi-
liyorsunuz.
Marka tescili tamamlan-
dıktan sonra ne yapacaksınız? 
Amazon’a nasıl tanıtacaksınız?
Markanız onaylandıktan sonra 
Amazon’da marka avantajların-
dan faydalanmak için Amazon’a 
markanızı kaydettirmeniz gerekli 
(Amazon Brand Registry). Başvu-
runuzdan sonra Amazon marka-
nızı inceleyip büyük bir ihtimalle 1 
hafta içinde onaylayacaktır. Ama-
zon’un sizin markanızı onaylama-
sı başkalarının sizin listenizden 
satış yapmasını engellemeyecek-
tir. Onaylandıktan sonra artık baş-
kalarının sizin listenizden satma-
sını engellemek için ayrıca Brand 
Gated, Project Zero ve Trans-
perancy gibi koruma programla-
rına kaydolmanız gerekmektedir.™ © ®
A’dan Z’ye Amazon Eğitimi 207
Marka tescili neden önemlidir? Avantajları nelerdir? Şimdi de bun-
lara değinelim. Aslında bu konuda benim için asıl önemli olan başlıklar 
bunlardır. 
Birinci avantajı, marka değerinizin artmasıdır. Sonuçta siz bir mar-
ka oluşturuyorsunuz ve bu markanın değerinin artması için tescil yap-
tırmanız gerekir. Tescil olmadığı zaman başkaları da o markayı kulla-
nabilir. 
Bir diğer avantaj, A+ content, resimli ürün açıklamaları ekleyebili-
yorsunuz. Burada örnek üzerinden gidecek olursak. 
208 A’dan Z’ye Amazon Eğitimi
Markanız olduğunda açıklama-
lar bölümünde resimli açıklamalar 
yapabiliyorsunuz. Fakat markanız 
yoksa ürüne dair sadece yazılı ola-
rak açıklamalar yapabiliyorsunuz. 
Marka sahibi olarak kullandığı-
nız bu özelliğe A+ content deniyor. 
Bunun ekstra bir özelliği de, ürün 
resimleri kısmına video da ek-
lenebiliyor olmasıdır. Bu da satış 
oranlarını %5 oranında artırıyor. 
Dolayısıyla marka sahibi olmanın 
satış açısından da birçok avantajı 
bulunmaktadır.
Diğer bir avantaj olarak, liste 
kontrolü sizin elinizde oluyor. 
Bu ne demektir?  Mesela örnekte 
gösterdiğimiz ürünün markası 
olmasa biz bu listeye girerek is-
tediğimiz gibi satış yapabiliriz. 
Bu listedeki resimleri, fotoğraf-
ları, açıklamaları değiştirebiliriz. 
Normalde bu listeler Amazon’a 
aittir. Fakat markanız varsa o lis-
te sizin oluyor. Başka birisi gele-
rek o listeyi değiştiremiyor. 
A’dan Z’ye Amazon Eğitimi 209
Bizim markamız olmadığı dö-
nemde listemize bu şekilde giriş 
yaptılar. Çinliler gelerek sizin ör-
nek olarak 69 dolara sattığınız ürü-
nü 60 dolara satıyor ve siz marka-
nız olmadığı için buna karşı hiçbir 
şey yapamıyorsunuz. Ama marka-
nız olduğunda ve birisi sizin liste-
nize girdiğinde 5-10 dk. içerisinde, 
en fazla 1 gün içerisinde bu kişiyi 
listeden attırabiliyorsunuz. Yani 
listenizi özellikle Çinliler olmak 
üzere diğer satıcılardan korumuş 
oluyorsunuz. Yoksa iyi satmaya 
başladığınız da Çinliler hemen sizi 
fark edip listenize onlar da gire-
ceklerdir. 
Bundan korunmanın yolu mar-
ka tescili sahibi olmaktır. Marka 
tescili sahibi olduğunuzda listeni-
ze başka hiç kimse giremez. Başka-
sı sizin listenizden satış yapamaz. 
Marka isminizi başka hiç kimse 
kullanamaz.
Photo by Paulo Marcelo Martins from Pexels
210 A’dan Z’ye Amazon Eğitimi
Bir diğer önemli konu da markanızın bir sayfası oluşuyor. Aşağı 
görselde gördüğünüz gibi, hemen ürün başlığınızın altında “visit the 
… (satıcı ismi)” yazıyor. Buna tıklayarak müşteriler sayfanızdan diğer 
ürünlerinizi de görüp satın alabilirler. Bu sayfa sizin için büyük bir 
avantaj sağlar. Çünkü artık ziyaretçiler sizin özel sayfanız içerisinde siz 
onlara ne kadar etkili reklam yaparsınız ya da üretim aşamalarını etki-
leyici bir şekilde gösterirseniz, müşteriler bu sayfa sayesinde sizin sadık 
müşterileriniz haline gelebilirler. 
A’dan Z’ye Amazon Eğitimi 211
Burada en büyük avantajlardan 
birisi de, Brand Analytics’tir. 
Amazon’un Brand Analytics bölü-
münde size özel olarak birçok des-
teği oluyor. Kelime araştırma araç-
ları, ürününüze özel açıklamalar, 
vine programlar, ürünlere hızlı 
yorum alma programı gibi birçok 
sağlanan destek bulunmaktadır. 
Amazon, marka sahiplerine önem 
veriyor. Daha önce PPC reklamla-
rında da bahsetmiştim. Kelime ile 
ürün araştırma yapıldıktan sonra 
sayfanın en üstünde direkt olarak 
karşınıza marka sahibi olanlara 
özel bir reklam alanı veriliyor. 
Ayrıca Amazon videolu reklam 
verme olanağını da yine marka 
sahiplerine tanıyor. Marka sahibi 
olmadığınızda bu şekilde reklam-
lar veremiyorsunuz. Marka sahibi 
olmadığınızda PPC reklamları için 
sadece sayfa aralarındaki yerleri 
kullanabiliyorsunuz.
212 A’dan Z’ye Amazon Eğitimi
Marka sahibi olmanın avantajları ayrıntılı olarak açıklandığı şekil-
dedir. Çok fazla avantajları bulunmaktadır. Dolayısıyla benim size tav-
siyem ister farklı avukatlar aracılığı ile olsun isterse Amazon’un yönlen-
dirdiği avukatlar aracılığı ile olsun mutlaka marka tescilinizi yaptırın. 
Amazon aracılığı ile yaptığınızda biraz daha maliyetli olsa da marka sa-
hibi olmanın avantajlarına da 5-6 ay daha erken sahip oluyorsunuz. Bu 
bence çok önemli bir avantajdır. 
Photo by Min An from Pexels
The best time to plant a 
tree was 20 years ago 
The second best time is 
NOW
A’dan Z’ye Amazon Eğitimi 213
28 NAKİT AKIŞI
Son konumuz olarak nakit akı-
şını anlatacağım. Bu konu çok 
önemlidir. Çünkü, birçok şirket 
kar ediyorum derken batar. 
Nakit akışınızı çok iyi yönetemez-
seniz, istediğiniz kadar kâr etseniz 
de batma olasılığınız çok yüksek 
olacaktır. Dolayısıyla nakit akışı-
nızı yönettiğiniz bir tablo oluştur-
malısınız. Bu tabloya gelen-giden 
paraların neler olduğunu yazma-
lısınız. 
Bunları yazmazsanız ve kendi-
niz bunu belirlemezseniz, mesela 
Amazon’un satış bedelini 14 gün 
sonra yatıracağını hesaba kat-
mazsanız, üreticinize, kargocu-
nuza vereceğiniz ayrı ayrı birçok 
kalemi hesaba katmazsanız işini-
zi sürdürmeniz zor olacaktır. Kâr 
etseniz bile para elinizde olama-
yacağından dolayı ödemeler den-
geniz bozulur ve ekonomik sıkıntı 
yaşarsınız. 
214 A’dan Z’ye Amazon Eğitimi
Nakit akışınızı iyi yönetebilmek için muhasebe program-
ları da kullanabilirsiniz. Bu amaçla “sellerboard” gibi muhasebe 
programları vardır. Bu tarz programlardan faydalanabilirsiniz. Di-
ğer türlü excel dosyası kullanarak da yine nakit akışınızı takip edebi-
lirsiniz. Nakit akışınızı düzgün bir şekilde mutlaka yönetmelisiniz. 
Bence çok önemli bir konudur. Eğitimin başında da bütçe planla-
madan bahsetmiştim. Bütçenizi düzgün planlarsanız nakit akışınızı 
hep artı da olacak şekilde kontrol edebileceğinizi düşünüyorum.
Photo by Jp Valery on Unsplash
A’dan Z’ye Amazon Eğitimi 215
Eğitimimiz burada sona eriyor. Sizlere güvenilir olarak gördüğüm 
iş modellerini genel başlıkları ile anlatmaya çalıştım. Tabii ki, bu 
konuların her biri için yazılacak ve söylenecek çok daha fazla ayrıntılar 
mevcuttur. Fakat burada hepsini yazmak mümkün olmayacaktır. Bu 
kitapla bu konular hakkında genel olarak temel bilgiye ulaştıktan sonra 
karar verdiğiniz iş modeli ile ilgili olarak ileri seviye eğitimleri alarak, 
kendinizi geliştirebilir ve fırsatlarla dolu bu alanlarda siz de kendinize 
bir kazanç kapısı açabilirsiniz. 
 Umarım bu eğitim faydalı olmuştur.
Amazon eğitimleri 
hakkında bilgi almak 
için bize yazın ya da 
arayın.
216 A’dan Z’ye Amazon Eğitimi
A’dan Z’ye Amazon Eğitimi 217
Benim hikayem yanlış bir eğitimle başladı ve hem 
sermayemi hem de zamanımı kaybettim. 
Amazon’u öğrenmeye çalışanlar benim gibi yanlış 
yönlendirilmesinler diye böyle bir kitap yazdım. Bu kitap sizin 
Amazon yolculuğunuzda yol haritanız olacak. Benim bugüne 
kadar elde ettiğim bilgi ve tecrübeleri öğrenerek zamanınızı ve 
sermayenizi kaybetmeden Amazon işinizi kurabilirsiniz. 
Bugüne kadar dünyanın en büyük online eğitim 
platformunda 240.000 den fazla kişiye eğitimler 
verdim. Eğitimlerim hakkında 5 yıldız üzerinde 4.5 
ortalamayla 17.000 den fazla yorum var. 
Google bile Amazon eğitmenlerini yazdığınızda dolandırıcı, 
sahtekar diye tamamlıyorken güvenilir bir Amazon eğitmeni 
bulmak gerçekten zor. Ben de bu işe başladığımda bulamamıştım. 
240.000 öğrencisi olan ve 17.000 den fazla olumlu yorumu olan 
Türkiye’deki en güvenilir ve kaliteli eğitmenden Amazon’u 
öğreneceğinizden şüpheniz olmasın. 
AMAZON EĞİTİMİ
MEHMET 	 T EK
E-T İ CARE T 	 EĞ İ TMEN İ
Instagram Youtube Ücretsiz Amazon Eğitimi Whatsapp

]]></system-out>
    <system-err><![CDATA[Ağu 29, 2023 10:26:36 ÖÖ org.openqa.selenium.devtools.CdpVersionFinder findNearestMatch
WARNING: Unable to find an exact match for CDP version 116, so returning the closest version found: 115
]]></system-err>
  </testcase>
  <testcase name="TC51" classname="Ekitaplar Page" time="20.036">
    <system-out><![CDATA[Dosya içeriği: M E H M E T  T E K
2 0 2 1
A’DAN Z’YE
EĞİTİMİ
M E H M E T  T E K
g ö r s e l : p e x e l s . c o m /r a j  s t e v e n
A’DAN Z’YE 
TRENDYOL 
EĞİTİMİ
İçindekiler 03
Mağaza Açılışı                08
Satış Modeli Seçimi             11
Ürün Analizi              34
Tedarikçi Bulma                  43
Ürün Listeleme               48
Başlık ve Açıklama            53
Satış 55 
Satıcı Puanı             57
Satış Artırma Tavsiyeleri        65 
Dijital Pazarlama              71
Marka Tescili            75
Dünyaya Açılma         77
E-Ticaret Raporu (2020 yılı)      81
Şirket Kurmak          07
Entegrasyon ve Fatura       09
Ürün Araştırma           21
Karar Verme            42
Kar Analizi ve Nihai Karar  46
Ürün Resimleri           49
Mağaza Sayfası            54
Algoritma ve Lansman     56
Buy Box Kriterleri             63 
Pusula ile Satış Artırma        70
Trendyol’da cezalar         73
Nakit Akışı              76
Trendyol Araştırması-PAL   79
İÇİNDEKİLER
.
.
.
VT
Merhabalar, 
Okumakta olduğunuz A’dan Z’ye Trendyol Eğitimi 
e-kitabımızda, kendi tecrübemiz ve diğer kaynaklardan 
edindiğimiz bilgilerle adım adım Trendyol’da nasıl satış 
yapılacağını sizlerle paylaşacağım.
Bu eğitim; Trendyol’da satış yapmak isteyenler, satışa 
yeni başlayanlar veya mağazasını açan fakat satışları iste-
nilen seviyede gitmeyenler içindir.  
Eğitimin içeriği içindekiler bölümünde görüldüğü 
üzere 24 başlıkta aşama aşama derlenmiştir. Eğitimin so-
nunda iki ayrı araştıma raporunu da sizlerin dikkatine 
sunacağız. Bu aşamalar sıfırdan başlayanlar içindir. Siz 
kendi durumunuza göre hangi aşamadan başlayacağınızı 
seçebilirsiniz. İyi okumalar...
.
VT
.
S a y f a  6 A’ D A N  Z ’ Y E  T R E N D Y O L  E Ğ İ T İ M İ
ŞİRKET
Şirketiniz yoksa mutlaka şirket kurma-
nız gerektiğini düşünüyorum. Yeni baş-
layanlar için şahıs şirketi kurmak daha 
mantıklı bir seçenektir. Böyle bir şirketi 
250-300 TL’ye kurabilirsiniz. Limited şir-
ket biraz daha masraflıdır. Geliriniz artıp 
200-250 bin liralık kâr düzeyine ulaştığı-
nızda bu seviye de limited şirket olmanız 
daha avantajlı olacaktır. Bu seviyeye gele-
ne kadar şahıs şirketiniz olarak çalışılması 
daha avantajlıdır.
Şu anda Trendyol 9.35 milyar dolar de-
ğerleme ile Türkiye’nin en değerli şirketi 
haline geldi ve böylelikle Türkiye’nin en 
büyük dijital pazar yeri olduğu söylenebi-
lir. 
Alibaba, yaptığı büyük yatırımlar ile 
Trendyol’un %86 sahibi oldu ve bu yatı-
rımlar ile Trendyol son 1-2 yılda sektörün 
lideri haline geldi.
Trendyol’un 2021 yılı itibariyle aylık 
ziyaretçi sayısı 200 milyona ulaştı. Bu ra-
kam Türkiye’deki diğer büyük dijital pa-
zar yerlerinin toplam ziyaretçi sayısından 
daha fazladır. Dolayısıyla bence ilk olarak 
Trendyol’a önem vermeniz ve bu platform-
dan başlamanız gerekiyor. 
Türkiye’de e-ticaret yapmak istiyorsa-
nız birinci önceliğiniz Trendyol olmalıdır. 
YENİ BAŞLAYANLAR İÇİN 
ŞAHIS ŞİRKETİ KURMAK DAHA 
MANTIKLI BİR SEÇENEKTİR
KURMAK
Türkiye’de e-ticaret yapmak istiyorsanız 
birinci önceliğiniz Trendyol olmalıdır. 
01
.
VT
.
S a y f a  7A’ D A N  Z ’ Y E  T R E N D Y O L  E Ğ İ T İ M İ
Şahıs şirketi kurulurken 29 yaş altın-
da iseniz “GENÇ GİRİŞİMCİ TEŞVİĞİ”n-
den yararlanabilirsiniz. Bu durumda 3 yıl 
süre ile her yıl 75.000 TL’ye kadar olmak 
üzere toplamda 225.000 TL gelir vergisin-
den muaf olabiliyorsunuz. Diğer yandan 1 
yıllık Bağ-Kur muafiyetinden yararlanma 
hakkınız da bulunmaktadır. Devlet, sizin 
adınıza Bağ-Kur ödemenizi yapmaktadır. 
Bu konu ile ilgili olarak daha önce ayrıntılı 
bir video yayınlamıştım. Detaylı bilgi isti-
yorsanız aşağıdaki linkten ilgili videoma 
ulaşabilirsiniz.
Şirketinizi bir muhasebeci aracılığıyla 
hızlıca kurabilirsiniz. Dilerseniz “https://
mukellef.co” sitesinden de şahıs şirketi-
nizi online olarak kolayca kurabilirsiniz. 
Zaten burada da yine mali müşavirlerle ça-
lışmanız gerekecektir. Yaklaşık 250 TL’ye 
şahıs şirketinizi kurabilmeniz mümkün 
olacaktır. Bu site üzerinden fiyatları kont-
rol edebilirsiniz. Bu süreçte çok kolay bir 
şekilde, 1 gün içerisinde şirketiniz kurul-
muş oluyor. Mükellef.co’yu tavsiye etme-
min sebebi ise; sizlere ön muhasebe prog-
ramı vermesi ve fatura entegrasyonu gibi 
konularda da yardımcı olmasıyla sizi e-ti-
carete hazır hale getirmesidir. İsterseniz 
bundan daha başka şekillerde de şirketini-
zi kurabilirsiniz.
https://www.youtube.com/watch?v=QmLw7sTJr0Q
.
VT
.
V
T
S a y f a  8 A’ D A N  Z ’ Y E  T R E N D Y O L  E Ğ İ T İ M İ
MAĞAZA
Trendyol’da mağaza açmak yani satıcı 
hesabınızı oluşturmak artık daha kolay. 
Yaklaşık 1 hafta içerisinde mağazanızı aç-
manız mümkün olacaktır. Bir iki yıl ön-
cesine kadar bu süreç biraz daha sıkıntılı 
oluyordu. Trendyol herkesi platformuna 
kabul etmiyordu. Daha az satıcı istiyordu 
ve büyük ihtimalle daha çok büyüme he-
defi de yoktu. Bu dönemde bazen  6 ay, ba-
zen 3-5 ay kadar satıcıları bekletebiliyordu. 
Sadece diğer dijital pazar yerlerinde iyi sa-
tış yapan satıcıları almaktaydı. Fakat şu an 
hesap açılışı konusundaki tutumunu de-
ğiştirdi. Artık isteyen herkesi almaktadır. 
Dolayısıyla eğer Trendyol’da mağaza 
açmak istiyorsanız bu iş artık çok kolay. 
Mağaza açma işlemi 1 hafta içinde hızlı-
ca sonuçlandırılıyor. Peki böyle bir dijital 
mağazayı nasıl açacağınızı burada ayrıntılı 
olarak hemen anlatayım. 
Trendyol.com’dan “trendyol’da sa-
tış yap” butonuna bastığınızda sizi satıcı 
başvuru formuna yönlendiriyor. Burada 
şirket bilgilerinizi ve gerekli bilgileri gir-
diğiniz de hesabınızı hızlıca açabilirsiniz. 
Bununla ilgilide isterseniz adım adım ma-
ğaza açılışı yaptığımız ayrıntılı bir vide-
omuz bulunmaktadır. Bu konudaki daha 
ayrıntılı bilgilere aşağıdaki linkten ulaşa-
bilirsiniz.
AÇILIŞI
https://www.youtube.com/watch?v=U_Onr82P6lA
02
.
VT
.
V
T
S a y f a  9A’ D A N  Z ’ Y E  T R E N D Y O L  E Ğ İ T İ M İ
ENTEGRASYON VE
Eğer Trendyol’da ürün satacaksanız fa-
tura kesmeniz gerekmektedir. Burada iki 
seçeneğiniz bulunmaktadır. Bunlardan 
ilki elden fatura kesmek, ikincisi ise inter-
netten e-fatura düzenlemektir. Biz ikisini 
de denedik. Elden fatura kesmek epey zah-
metli olmaktadır. Yazıcınız sürekli çalış-
mak zorunda kalmakta ve günlük olarak 
bu iş için daha çok zaman ayırmanız ge-
rekmektedir. Dolayısıyla e-faturaya geçer-
seniz bu konuda çok daha rahat ilerleye-
bilirsiniz. Belli seviyelere kadar böyle bir 
zorunluluk bulunmamaktadır.
İsterseniz e-fatura olmadan da ilerleye-
bilirsiniz. 2020 Yılı veya müteakip hesap 
dönemleri brüt satış hasılatı (veya satışla-
rı ile gayrisafi iş hasılatı) 5 Milyon TL ve 
üzeri olan mükellefler, ilgili hesap döne-
mini izleyen yılın yedinci ayının başın-
dan itibaren, e-fatura uygulamasına geç-
mek zorundadırlar. Dolayısıyla siz de yeni 
başladıysanız kısa sürede bu kadar limite 
ulaşmayacağınız için normal fatura veya 
bunun yerine e-fatura da kesebilirsiniz. 
Benim tavsiyem e-fatura kullanmanızdır. 
Müşterilerinize internet üzerinden bir tık-
la faturalarınızı kesin ve gönderin. Çünkü 
bunlarla uğraşmak çok zor olacaktır. Baş-
langıçta belki elden fatura kesmek sizi çok 
yormaz fakat satışlarınız arttığında çok 
zahmetli hale gelecektir. Mükellef olarak 
işe başladığınızda zaten e-fatura kaydınız 
da oluyor. E-fatura entegrasyonunuz olun-
ca mali mühür, imza gibi hususlar hemen 
yapılıyor ve hızlıca e-fatura kesmeye başla-
yabiliyorsunuz.
FATURA 03
.
S a y f a  1 0 A’ D A N  Z ’ Y E  T R E N D Y O L  E Ğ İ T İ M İ
Bu durumda tek panelden tüm satışınızı yönetebilmek için entegrasyon prog-
ramları gerekli olacaktır. Ama eğer az ürün satacaksanız, sadece fatura keseyim 
diyorsanız, en çok kullanılanlar “bifatura” ve “bizimhesap” gibi fatura kesme uy-
gulamaları olup bunlar bu iş için yeterli olacaktır. Entegrasyon için tavsiye edebile-
ceğim “dopigo”, “ikas” gibi programlarını da kullanabilirsiniz. Ayrıca Trendyol’dan 
e-fatura da kesebiliyorsunuz. Bunu biz de Emparator uygulamamıza ekleyeceğiz. 
 Trendyol, e-fatura bölümünü de oluşturdu. İlk 
5 ay boyunca ücretsiz olarak bu imkandan faydala-
nılabiliyor. Bence Trendyol’un e-fatura sistemini 
kullanırsanız çok daha az masrafla işinize hızlıca 
başlayabilirsiniz. Trendyol’un e-fatura hizmetini 
kullanmanın faydalı olacağını düşüyorum.
Entegrasyon programlarına 
çok fazla yani binlerce ürün sattı-
ğınızda ve diğer dijital pazar yer-
lerinde de satış yaptığınız durum-
larda ihtiyaç olabilir. 
.
S a y f a  1 1A’ D A N  Z ’ Y E  T R E N D Y O L  E Ğ İ T İ M İ
Burada öncelikle size satış modelleri ve aralarında ki farklardan bahset-
mek gerekecektir. Sonrasında siz hangi modelde satış yapacağınıza karar ve-
rebilirsiniz. Daha sonra ürün seçimi ve diğer aşamaların hepsi birbirini takip 
eden süreçler olacak.
Private label: kendi markanızı oluşturup yaptığınız bir 
satış modeli.
Arbitraj modeli: hali hazırda satan markaların satıldığı 
model.
Dropshipping: stoksuz satış, satış olduğunda toptancı-
dan ürünü çektiğiniz model.
1
2
3
SATIŞ MODELİ
SEÇİMİ
04
..
S a y f a  1 2 A’ D A N  Z ’ Y E  T R E N D Y O L  E Ğ İ T İ M İ
Tabii ki kolay bir süreç olmuyor. Bu olumlu yanlarının yanında birçok olum-
suz yanı da var. Ben açıkçası pek tavsiye etmiyorum bu modeli. Çünkü biz bu mo-
deli denedik ve aşağıda sıraladığım sıkıntıları yaşadık. Şimdi sizlere bu olumsuz 
yönlerden bahsedeyim.
• Stok tutmanıza gerek yok, stoğu toptancınız 
yapıyor.
• Az sermaye ile başlanabilir.
• Deponuzun olmasına gerek yok, satış yaptığı-
nızda toptancınız ürünleri gönderiyor.
• Kargo ve paketleme ile uğraşmanıza gerek yok.
DROPSHIPPING
AVANTAJLARI
..
S a y f a  1 3A’ D A N  Z ’ Y E  T R E N D Y O L  E Ğ İ T İ M İ
• Rekabet fazla
• Kar marjları düşük
• Toptancı hataları olabiliyor
• Ürünü kargolama sorunları
• Olumsuz müşteri yorumları
• Fatura 
Dropshipping iş modelini nasıl yapabilirsiniz? Toptancı dropshipping gibi 
arama yaptığınızda karşınıza bu işi yapan toptancılar çıkacaktır. XML veren 
onlarca toptancı var. Bu toptancılarla anlaşarak xml alabilirsiniz. Bu arada xml 
binlerce ürünün bilgilerinin olduğu Excel gibi bir dosya formatı. Siz bu ürünleri 
satış yaptığınız platformlara yüklüyorsunuz. Satış yapıldıkça da toptancı sizin 
adınıza ürünleri gönderiyor. 
Peki burada ne gibi sorunlar oluyor? Aslında burada çok ciddi bir 
rekabet var. Çünkü şirket sadece size bu ürünleri vermiyor. Onlarca satıcıya aynı 
şekilde ürünleri veriyor. Satıcılar da aynı listelerde aynı ürünleri satabilmek için 
birbirleriyle rekabet etmek zorunda kalıyorlar. Fiyat konusunda rekabet etmek 
çok zor oluyor. BuyBox’ı almak için fiyatlar çok düşürülüyor. Dolayısıyla kar 
marjları çok düşük. Rakiplerle rekabet çok fazla oluyor.
DROPSHIPPING
DEZAVANTAJLARI
..
S a y f a  1 4 A’ D A N  Z ’ Y E  T R E N D Y O L  E Ğ İ T İ M İ
Şimdi size bununla ilgili facebook grubumuzda paylaşılan bir post göstermek 
istiyorum. Bu grubumuza da üye değilseniz üye olmanızı tavsiye ederim. Türki-
ye’nin en büyük e-ticaret satıcıları grubudur. 37 binden fazla üyesi bulunuyor. 
Aşağıdaki linkten gruba katılabilirsiniz
Son zamanlarda en çok etkileşim alan gönderi bu şekilde. Maalesef bu şekilde 
birçok insan bu konudan şikayet etmektedir. Burada kısaca hemen Buy Box ko-
nusunu da ele almak gerekecektir.
https://www.youtube.com/watch?v=U_Onr82P6lA
..
S a y f a  1 5A’ D A N  Z ’ Y E  T R E N D Y O L  E Ğ İ T İ M İ
BuyBox konusunu ayrı bir başlık olarak ele alacağım. Fakat burada kısaca BuyBox’ı 
elde etme konusundaki en önemli kriterlerden bahsedeyim. En düşük fiyatı vermek ve 
mağaza puanınızın en yüksek olması en önemli iki kriterdir. Eğer dropshipping yapı-
yorsanız toptancı aynı ürünleri onlarca satıcıya verdiği için bütün satıcılar aynı liste-
lerde bulunmak zorunda kalacak ve ürünü herkes aynı fiyata alacaktır. Ön plana çıka-
bilmek ve BuyBox’ı almak için fiyat kıranlar olacağından kâr marjı da çok düşecektir. 
Dropshipping modelinin en büyük ve en ciddi problemi temelde budur.
BuyBox’ı almak için fiyat kıranlar 
olacağından kâr marjı da 
çok düşecektir.
Herhangi bir ürünün sayfasına girdiğinizde, çoğu ürünü birçok farklı satıcı tarafın-
dan satılıyor olarak görürsünüz. Bunlar aynı listede rekabet eden satıcılardır. Bu ürünü 
en çok satan Buy Box sahibi olan satıcı olacaktır. Buy Box sahibi satıcı ürüne tıkladığı-
nızda değişiklik yapmadan satın alma işlemi yaparsanız size ürünü satan satıcıdır. Ürün 
sayfasında aşağılara gittiğinizde “ürünün diğer satıcıları” kısmından özellikle başka bir 
satıcıyı seçmediğiniz sürece BuyBox sahibi olan satıcı satışı yapacaktır.
.. V
S a y f a  1 6 A’ D A N  Z ’ Y E  T R E N D Y O L  E Ğ İ T İ M İ
Ayrıca toptancı ile anlaştığınızda 1000 
tane ürünü bilme ve görme gibi bir fırsatı-
nız olmayacaktır. Hatta sattığınız ürünleri 
bile bilemeyeceksiniz. Bu noktada toptan-
cı hataları da olacaktır. Ürünler geç ya da 
hatalı olarak gönderilebilir veya paketle-
mesine gereken özen ve hassasiyet göste-
rilemeyebilir. Fakat burada zarar gören sa-
tıcı olarak sizin mağazanız olacaktır. Buna 
bağlı olarak mağaza puanınız da düştü-
ğünde maalesef satışlarınız da azalacaktır. 
Bunların üzerine bir de olumsuz müşteri 
yorumları eklenecektir. 
Konuyu toparlamak gerekirse siz bir 
şirket kuruyor ve Trendyol’da mağaza 
açıyorsunuz. Fakat toptancı sıkıntıların-
dan dolayı puanınız düştüğünde, puanım 
düştü yeni bir mağaza açayım deme gibi 
bir imkanınız da olamayacaktır. Yeni bir 
şirket kurmanız gerekecektir. Maalesef 
anlatılan bu durumu biz yaşadık. Bizim 
dropshipping yaptığımız toptancı ürünle-
ri yetiştiremedi ve kargoda sıkıntı oldu. Bu 
sebeple ürünler kalitesiz olduğu için puan-
larımız çok düşük gelmeye başladı. Sonuç 
olarak, bütün satışlarımız düşmüş oldu. 
Dolayısıyla sürdürülebilir olmaması, 
kâr marjının düşük olması ve mağaza pua-
nınızı düşürme ihtimalinin yüksek olması 
gibi olumsuz yanlarının fazla bulunmasın-
dan dolayı dropshipping modelinin öner-
miyorum. Ben burada tüm modelleri genel 
olarak anlatacağım. Siz araştırmalarınızı 
yaparak hangi iş modeli kafanıza yatıyorsa 
ona göre tercihinizi yapacaksınız.
D R O P S H I P P I N G
.. V
S a y f a  1 7A’ D A N  Z ’ Y E  T R E N D Y O L  E Ğ İ T İ M İ
• Hali hazırda marka olan ürünleri satmak,
• Mevcut durumda satış var, en büyük avantajı bu, sizin sattığı-
nız ürünü tanıtmanıza gerek kalmıyor, hızlı satışı var, reklam 
çalışması yapmanıza gerek yok
• Hızlı satış
• Lansman ve reklam ücreti yok
• Kar marjı düşük
• Rekabet fazla 
• Aynı listede birden çok satıcı var
• BuyBox rekabeti
Burada da yine dropshipping iş mo-
delinde olduğu gibi BuyBox rekabetinde 
olacaksınız. Birçok satıcı aynı anda aynı 
listede bulunduklarından dolayı burada 
öne çıkmak zor olacaktır. Dolayısıyla kâr 
marjları yine düşüktür. Genelde ürün alı-
nan toptancılar aynı olabilecektir.
Son zamanlarda üreticiler ve toptancı-
larda e-ticarete girmeye başladığı için re-
kabet etmek ciddi anlamda zorlaşmıştır. 
Maalesef bunlar bu işin gerçekleridir. 
Dolayısıyla burada sizin toptancınız-
dan daha ucuza ürün satma gibi bir şansı-
nız pek görünmüyor. Toptancınız da sizin-
le aynı ürünü daha ucuza sattığında ürün 
satmak çok zor hale gelecektir. Burada çok 
dikkatli olmak gerekiyor. Bu hususlar re-
kabeti ciddi anlamda arttırmaktadır. Fa-
kat hızlı ve iyi satışın olduğu ürünlerde bir 
döngü olabilir. Ama yeniden belirteyim 
burada kâr marjınızı çok iyi hesaplamanız 
gerekir. Çünkü satış yapıp kar etmediğiniz 
bir durum da ortaya çıkabilir.
A VA N T A J L A R I
D E Z A VA N T A J L A R I
A R B İ T R A J
.. V
S a y f a  1 8 A’ D A N  Z ’ Y E  T R E N D Y O L  E Ğ İ T İ M İ
En çok tavsiye ettiğim satış modeli bu modeldir. Çünkü, en çok gelecek vaat eden ve 
uzun soluklu satış modelinin bu olduğunu düşünüyorum. Bu modelde kendi markanızı 
oluşturuyor ve uzun soluklu bir iş kuruyorsunuz.
Totalde en karlı iş modelidir. Kendi markanız olduğu için listede tek başınıza satış ya-
pabiliyor, kârınızı da kendiniz belirleyebiliyorsunuz. Bunu direkt Trendyol’dan ürünle-
rin diğer satıcılarına bakarak siz de tespit edebilirsiniz. Ben Emparator uygulamasını 
kullanıyorum. 
• Uzun soluklu
• Marka oluşturma
• Sadık müşteri kitlesi
• Daha yüksek kar marjı
A VA N T A J L A R I
P R I VA T E  L A B E L
.. V
S a y f a  1 9A’ D A N  Z ’ Y E  T R E N D Y O L  E Ğ İ T İ M İ
Şimdi burada direkt olarak girdiğim ürün-
de kaç satıcı olduğunu gösteriyor. Mesela, bu 
görselde gördüğünüz gibi satıcı sayıları 29-49-
41-38-31 gibi rakamlarda olan birçok ürün var. 
Fakat yuvarlak içine aldığım ürünlerin satıcı 
sayıları sadece 2-1-1. Bu 1 satıcı görünen ürün-
lerin tek bir satıcısı bulunuyor. Tek başınıza 
nasıl satabilirsiniz? Kendi markanız olursa sa-
tabilirsiniz. E-ticarette bence en önemli nokta 
bu. Buy Box’ı olan dijital pazar yerlerinde yani 
Trendyol, Amazon gibi dijital Pazar yerlerin-
de başarılı olmak istiyorsanız kendi markanızı 
oluşturmanız, marka kaydınızı yaptırmanız ve 
ayrıca kendi sitenizi kurmanız gerekmektedir. 
Bunu yaptırdığınız zaman o listede siz tek başı-
nıza satış yapabiliyorsunuz. 
Böyle olunca da fiyatınızı kendiniz belirle-
yebilirsiniz. 50 TL’ye ürettiğiniz bir ürünü 150 
TL’ye satabilirsiniz. Müşterileriniz alıyorsa 
hiçbir problem yoktur. Satışınıza bu kârla de-
vam edersiniz. Başka bir satıcının gelip ben bu 
ürünü 100 TL’ye satacağım deme gibi bir şansı 
da yoktur. Sizin markası olduğunuz bir ürünü 
başkası satmak istediğinde Trendyol’a başvu-
rarak onu listeden hemen attırabiliyorsunuz. 
Özetle, daha yüksek kar marjı, daha fazla 
satış, daha uzun soluklu bir iş modeli kurmak 
istiyorsanız Private Label iş modeli çok daha 
iyidir. Bu arada şöyle bir durum da var. Bu iş 
modellerinden sadece birini yapmak zorunda 
değilsiniz. Birkaç iş modelini aynı anda yapa-
bilirsiniz. Burada önemli olan hangisinden ne 
kadar kâr ettiğinizi iyi hesaplamanızdır.
. V .
S a y f a  2 0 A’ D A N  Z ’ Y E  T R E N D Y O L  E Ğ İ T İ M İ
Private Label modelinin de aşağıdaki zorlukları bulunmaktadır.
• Daha fazla çaba
• Lansman ve reklam ücreti
• Yüksek sermaye
• Ürün geliştirme yapma
• Yavaş yavaş kar etme
D E Z A VA N T A J L A R I
P R I VA T E  L A B E L
. V .
VT
Ç O K  S AY I D A  Ü R Ü N  S A T M AYA 
Ç A L I Ş M A K  Y E R İ N E 
K A R L I  Ü R Ü N L E R İ  B U L M AYA 
O D A K L A N I L M A L I
S a y f a  2 1A’ D A N  Z ’ Y E  T R E N D Y O L  E Ğ İ T İ M İ
ÜRÜN
Ürün konusunda, çok fazla çeşit ürün 
satmaya çalışılmasını tavsiye etmiyorum. 
Ürün bulma konusundaki hedefimiz; az 
rekabet olan ama satışı iyi olan ürünler, 
yani boşluklar bulmak olmalıdır. Çok sa-
yıda ürün satmaktansa etkili olan ürünle-
ri bulmak bizim için daha kârlı olacaktır. 
Çünkü son zamanlarda çok ciddi bir reka-
bet oluşmuştur. Trendyol’un aylık ziyaret-
çi sayısı 200 Milyona ulaştı. Satıcı sayısı 130 
binlere ulaşmış durumda. Trendyol yetki-
lileri ile görüşüyoruz. Şu anda aylık olarak 
10-15 bin yeni e-ticaret satıcısı da giriş yap-
maktadır.
Dolayısıyla rakiplerinizden farklılaş-
manız lazımdır. Bu durumda az rekabet 
olan, daha az satıcının bulunduğu, daha 
iyi satışları olan fırsat ürünleri bulmanız 
gerekmektedir. Bunları nasıl bulacağınızı 
göstereceğim. Bence e-ticarette binlerce 
ürünüm olsun diye bir düşünceniz olma-
malı. Zaten buna da gerek yok. Birazdan 
göstereceğim, bir iki ürünle bile çok ciddi 
cirolara ulaşabilirsiniz. Benim tavsiyem 
bu şekildedir.
ARAŞTIRMA 05
.
S a y f a  2 2 A’ D A N  Z ’ Y E  T R E N D Y O L  E Ğ İ T İ M İ
YÖNTEMLERİ
ÜRÜN ARAŞTIRMA
• Problemli ürünleri bulup sorunları çözün 
• Anahtar kelimelerden ürün araştırın
• Kategorilerden ürün araştırın
• En çok yorumu ve favorisi olan ürünleri inceleyin
• Toptancı ve üreticilerden ürün araştırın
• İyi satan ama az sayıda satıcısı olan ürünler bulun
• Amazon’da ürün araştırın
• Alibaba ve Aliexpress’ten ürün araştırın
• İnstagram ve Pinterest’ten ürün araştırın
• İlgi alanlarınızdan-hobilerinizden ürün araştırın
• En çok aranan anahtar kelimelerden ürün araştırın
• Facebook gruplarından araştırın
.
S a y f a  2 3A’ D A N  Z ’ Y E  T R E N D Y O L  E Ğ İ T İ M İ
Problemli ürünleri bulup sorunları çözün: 
“emparator.com” a girerek bunu kolaylıkla yapabilirsiniz. İsterseniz Trendyol’dan da 
bunu yapabilirsiniz. Bu yöntemdeki temel nokta, fırsat olan ürünleri bulmaktır. Şöyle 
ki; bir ürünün kötü yorumları olabilir. 3,5 ortalama puanı da olabilir ama ürün iyi sa-
tıyordur. Demek ki, bu üründe belli problemler var. Hemen yorumlardan problemleri 
tespit ederek ve o sorunu çözerek satışınızı rakiplerinize göre artırabilirsiniz. Bu tarz 
ürünleri “emparator” dan filtreleme yaparak bu başlığa uygun ürünler bulabilirsiniz. 
Mesela, günlük satışı minimum 10 adet olarak girin, puan ortalaması da 4’den düşük 
olanlara bakın. Minimum yorum sayısı da 50 olsun.
. V .
S a y f a  2 4 A’ D A N  Z ’ Y E  T R E N D Y O L  E Ğ İ T İ M İ
Bu filtreleri uyguladığımızda görmek istediğimiz günlük en az 10 tane satan, puanı 
maksimum 4 olan problemli ürünler çıkmış olacak. Burada hemen yorumlara bakarak 
problemleri bulmak ve çözmeye çalışmak gerekiyor. Daha iyisini nasıl yapabilirim şek-
linde değerlendirmeler yapılmalı. Bununla ilgili yöntemlerde var. Bunları ilerleyen bö-
lümlerde anlatacağım.
Burada karşımıza sonuçlar çıkıyor. Sarı alanda günlük tahmini satış rakamları görü-
nüyor. Günlük 600-400 satış yapan ürünler var. Fakat yeşil alandan puanlarına baktığı-
mızda 3.66-3.03 gibi çok düşük diyebileceğimiz puanlar var. Burada mesela ben 2. sırada 
bulunan ürünü biliyorum. 
. V .
VT
S a y f a  2 5A’ D A N  Z ’ Y E  T R E N D Y O L  E Ğ İ T İ M İ
Bu ürün öncelikle Amazon’da meşhur oldu. Aliexpress’den gelip Amazon’da çok ciddi 
satış rakamlarına ulaştı. Şu an Türkiye’de de güzel satış yapıyor. Bu da ayrı bir ürün araş-
tırma yöntemidir. Biraz aşağıda buna da değineceğim. Dikkat ederseniz günlük tahmini 
422 adet satış yapıyor. Fakat puan ortalamasına baktığınızda 3.03 puan almış. Burada 
emparator uygulaması sayesinde yorum geçmişi grafiklerini de inceleyebiliyorsunuz.
. V .
S a y f a  2 6 A’ D A N  Z ’ Y E  T R E N D Y O L  E Ğ İ T İ M İ
Hem yorum grafiği hem de satış grafiğinden anlıyoruz ki, bu trendi artan bir ürün-
dür. Demek ki, buna fırsat ürünü de diyebiliriz.
Sonrasında yorumlara giderek en çok yazılan kelimelere bakın ve yorumları değer-
lendirin. Bunlardan çözebileceğiniz problemleri çözün. Bu noktada müşteriler ne isti-
yorsa onu oluşturmaya çalışın.
Bu ürüne Trendyol’da bir bakalım. Trendyol’da ürüne yapılan 4 bin yorum var. Orta-
laması 3 puan. Değerlendirmelere bakarak problemleri tespit edelim. 
. V .
VT
S a y f a  2 7A’ D A N  Z ’ Y E  T R E N D Y O L  E Ğ İ T İ M İ
Burada yazılan yorumlarda en çok geçen kelimeleri de yorum kısmının üzerinde gö-
rebiliyorsunuz. Hemen burada öne çıkan; ürün küçük, görselden farklı, küçük geliyor 
gibi yorumlara tıklayarak ilerleyebilirsiniz. Ya da önerilen sıralamada en düşük puan-
dan başlayarak yorumları görebilirsiniz. Burada “kare istedim yuvarlak geldi.” gibi bir 
yorum var. Burada farklı ürün gönderildiğine dair çok fazla olumsuz yorum var. Boyutu 
ile ilgili olumsuz yorumlar var. Örnek olarak, görselde sadece kare olan ürünün olma-
sı sebebiyle yorumlarda yanlış geldi diyerek yazılan yuvarlak, altıgen gibi varyasyonla-
rın fotoğrafları satıcı tarafından çekilerek eklenirse ve seçenek olarak sunulursa, buna 
ek olarak ürünün boyutlarının yazılı olduğu bir fotoğraf da eklenirse ürün farklı geldi 
problemini büyük oranda çözmüş olursunuz ve öne çıkabilirsiniz.
. V .
S a y f a  2 8 A’ D A N  Z ’ Y E  T R E N D Y O L  E Ğ İ T İ M İ
Anahtar kelimelerden ürün araştırma: 
Bunu da yine Trendyol içerisinde yapabilirsiniz. Örnek olarak; Trendyol’a bebek ürün-
leri yazdığınızda karşınıza en çok satandan en aza sıralama çıkar. Buradan bebek ürün-
lerinde en çok neler satıyor, potansiyeli yüksek olan ürünler neler sorularına cevap 
bulabilirsiniz. Böylelikle ürününüzü geliştirecek noktalar bulabilirsiniz. Yine EMPARA-
TOR’da kelime araması yaptığınız da karşınızda çok satanları, satıcı sayısını, puan orta-
lamalarını, yorum sayılarını vs. görürsünüz ve size en uygun olan ürünü seçebilirsiniz.
Örnek olarak plastik ürün üreticisisiniz ya da üreticiye ulaşma imkanınız var. Plas-
tik kelimesini arattırdığımızda en çok satandan en aza doğru plastik kelimesinin geçtiği 
ürünleri sıralıyor.
. V .
VT
S a y f a  2 9A’ D A N  Z ’ Y E  T R E N D Y O L  E Ğ İ T İ M İ
Tabi burada satış olan ürünlerde diğer kritik noktaları da analiz etmemiz gerekiyor. 
En önemlisi satıcı sayısı. Bunu da filtreleme yapabilirsiniz. İlerleyen kısımlarda bunu da 
ele alacağız fakat önemli olan rekabetin az olduğu ürünler bulmaktır.
. V .
S a y f a  3 0 A’ D A N  Z ’ Y E  T R E N D Y O L  E Ğ İ T İ M İ
Kategorilerden ürün araştırma: 
Belirlediğiniz kategorilerden derinlere inerek araştırma yapmak çok faydalı olacak-
tır bence. Fırsat olan ürünleri alt kategorilerde daha rahat bulabilirsiniz. Yine aynı işle-
mi EMPARATOR ya da Trendyol’dan da yapabilirsiniz.
En çok yorumu ve favorisi olan ürünleri inceleyin: 
EMPARATOR kullanarak favori sayısından ya da yorum sayısından sıralama yapabilir-
siniz. Bu sizi ön plana çıkaracak olan araştırma yöntemlerinden biridir. Mesela; favori 
sayısı fazla satış sayısı az ise ürünlere bakabilirsiniz. Burada muhtemelen fiyatlar yük-
sektir. İnsanlar burada bu ürünün fiyatının düşmesini bekliyor diyebiliriz. 
Toptancı ve üreticilerden ürün bulun: 
Bunu adım adım yapmak yerine direkt olarak toptancıların kendi sayfalarından 
ürünleri araştırıp, Trendyol da satılıyor mu satılmıyor mu? Kâr marjı nasıl? fırsat var 
mı? yok mu? şeklinde değerlendirerek, kontrol edebilirsiniz.
İyi satan ama az satıcısı olan ürün bulma: 
EMPARATOR uygulaması veya Trendyol’dan bunu yapabilirsiniz. Emparator’da fil-
treleme yaparak maksimum mağaza sayısını belirleyerek ürünleri bulabilirsiniz. Bu-
radan sonra da isterseniz ilgili bilgileri emparator ürün takibine ekleyebilir ya da bir 
Excel dosyası kurarak ürünlerinizi orada takip edebilirsiniz. Tabii burada ürünün satış 
geçmişini de incelemek gerekiyor. Satış grafiğini de uygun bulduğunuz ürünleri takibe 
almanızda fayda vardır. Takibe aldığınız ürünler daha fazla araştırma yapabilmeniz 
açısından işinize yarayacaktır.
. V .
VT
S a y f a  3 1A’ D A N  Z ’ Y E  T R E N D Y O L  E Ğ İ T İ M İ
Amazon’da ürün araştırmak: 
Benim en çok kullandığım yöntem budur. Biliyorsunuz Amazon dünyanın en 
büyük dijital pazar yeri. Amazon ve Alibaba gibi platformlarda ürün araştırırsa-
nız, fırsat olan ürünleri daha önce görme şansınız oluyor. Genelde süreç Ama-
zon’da trend olan ürünlerin daha sonra da Türkiye pazarında trend olması şeklin-
de ilerliyor. Siz Amazonu takip eder ve bunu daha önce fark ederseniz Türkiye’de 
dijital pazar yerlerine ilk getiren siz olabilirsiniz. Bunun için trendleri takip etmek 
önemli. Burada öncü olan Amazon pazarını iyi kullanmak gerekiyor. Amazon’un 
yanında Alibaba ve Aliexpress gibi dijital platformlardan da yararlanmalısınız. 
Bu pazar yerleri dünyanın dinamiklerinin döndüğü platformlardır.
Peki Amazon üzerinde nasıl ürün araştırabilirsiniz? Bunun için yapılan yazı-
lımlar var. Bizim de geliştirdiğimiz Türkçe arayüzüne sahip olan “emparazon.
com” uygulaması var. Bu uygulama sayesinde anahtar kelime araması ile Amazon 
da çok ayrıntılı şekilde ürün araştırabilirsiniz.
. V .
S a y f a  3 2 A’ D A N  Z ’ Y E  T R E N D Y O L  E Ğ İ T İ M İ
Örnek olarak toy kelimesi ile araştırma yaptığımızda, en başta “fidget toys” kelimesi 
çıkıyor. Aranma hacmi aylık 1.5 milyon. Demek ki, burada çok ciddi bir fırsat var. Daha 
sonra bu kelime ile ilgili ayrıntılı analizlere de bakabiliyorsunuz.
Yine aynı şekilde “aliexpress” platformunda da ürün araştırabilirsiniz. Arama yerine 
“toy” yazarak, sıralamayı siparişlere göre düzenlediğinizde en çok satan ürünleri göre-
bilirsiniz. Yine bunlar size ürün bulma konusunda çok yardımcı olacaktır. 
Burada da yine dikkat etmemiz gereken satış sayılarıdır. Böylelikle potansiyeli tespit 
edebilirsiniz. Bu ürünü Türkiye pazarına ilk getiren olursanız ciddi bir kazanç elde ede-
bilirsiniz.
. V .
VT
S a y f a  3 3A’ D A N  Z ’ Y E  T R E N D Y O L  E Ğ İ T İ M İ
Instagram ve Pinterest’ten ürün araştırma: 
Özel tasarım ürünler bulma fırsatınız oluyor ve satıcılar genelde bireysel olduğu için 
anlaşılarak satış yapmanız mümkün olabilir. Bu platformların en büyük avantajı kelime 
araştırması yaptığınız da karşınıza özgün olarak birçok ürün çıkıyor. Güzel ve yeni tasa-
rımlara öncü olursanız bu sizi öne çıkarır.
İlgi alanınızda-hobileriniz ile ilgili ürün araştırma: 
Kendi ilgi alanınız da ürün araştırdığınızda ihtiyaçları ve bunların en optimal şekilde 
nasıl çözüleceğini bildiğiniz için müşterilere çok daha etkili şekilde ürünler sunabilirsi-
niz. Örnek olarak uzun yıllardır kedi sahibi ve kedilerle ilgili birçok konuda bilgi sahibi 
iseniz, kedi ürünlerinin hangisinin ne kadar iyi satış yapacağını çok daha iyi bilirsiniz.
En çok aranan kelimeler üzerinden ürün araştırma: 
Bu fırsatı hem Trendyol hem de n11 dijital pazar yeri veriyor. Emparator’dan da buna 
bakabilirsiniz. Diğer yandan en çok aranan kelimelere google’dan da bakabiliyorsunuz. 
Buralarda anahtar kelime bulma fırsatınız oluyor. Dolayısıyla trend olacak ve çok satma-
ya başlayacak demektir.
Facebook gruplarından ürün bulma: 
Bizim ürünleri paylaştığımız bir e-ticaret satıcıları grubumuz var. Burada üreticiler 
ürünlerini paylaşıyor. Bu gruba da katılmanızı tavsiye ederim. Satıcılarda satmak iste-
diği ürünü paylaşarak bunu üretebilecek var mı? Şeklinde sorularla grupta kendilerine 
üretici bulabiliyor. Hem üretici-toptancı hem de satıcıların fikirlerinden faydalanabilir-
siniz. Üretici ile satıcıların birlikte bulunduğu böyle grupları değerlendirmenizi tavsiye 
ederim.
TÜRKİYE ÜRETİCİLERİ VE TOPTANCILARI
https://www.facebook.com/groups/129113598537646
. V .
06
S a y f a  3 4 A’ D A N  Z ’ Y E  T R E N D Y O L  E Ğ İ T İ M İ
Artık ürünlerimizi bulduk ve bir liste yaptık. Fakat bu ürünlerle satışı nasıl yapmalı-
yız? Nasıl rekabet edebiliriz? Bu sorunları değerlendirerek en iyi ürünlerle yola devam 
etmemiz gerekir.
Ürün analizini 8 başlık altında değerlendiriyorum: 
1. Rakip sayısı
2. Domine eden rakipler
3. Fiyat trendi
4. Rakiplerin yorum sayısı
5. Kelime Analizi
6. Kar marjı analizi
7. Google trendler
8. Fark Yaratma
ÜRÜN ANALİZİ
. V .
VT
S a y f a  3 5A’ D A N  Z ’ Y E  T R E N D Y O L  E Ğ İ T İ M İ
Bu üründe çok büyük bir rekabet yok. Bu ürüne satıcı olarak girilebilir. Satıcı sayıları 
1-3-7 civarlarında. Fakat 50-100 rakip olan ürünlere girmemenizi tavsiye ederim. 
Rakip sayısı: 
Bu sayı yüksekse rekabet fazladır. Burada kelime üzerinden de çalışabilirsiniz. Ör-
neğin, Trendyol’da “fidget” yazdığımızda 744 sonuç çıkıyor. Bu sayı aslında az bir sayı. 
Diğer bir örnek olarak “bebek” yazdığımızda 688 bin sonuç çıkıyor. Yani bebek daha kap-
samlı bir kelime. Bu sebeple çok fazla sonuç çıkıyor. Diyelim ki, siz “bebek çantası” sat-
mak istiyorsunuz. Bu kelimede 6500 sonuç var. Bu demek oluyor ki, 6500 çanta burada 
sıralanmış durumda. Burada önemli nokta ürünler içerisinde diğer satıcılar kaç tane? 
Emparator uygulamasından her üründen satıcı sayısının kaç olduğuna da bakabilir-
siniz.
. V .
S a y f a  3 6 A’ D A N  Z ’ Y E  T R E N D Y O L  E Ğ İ T İ M İ
Domine eden rakipler:
Mesela bir makyaj ürününde satış yapmak istiyorsunuz. Burada önde gelen herkesçe 
bilinen makyaj markaları aynı ürünü satıyorsa burada rekabet etmeniz çok zor olacak-
tır. Böyle domine eden büyük markaların olduğu ürünlerin listelerinden satıcı sayısı az 
olsa dahi uzak durmanızı tavsiye ederim.
Diğer bir örnek üzerinden ilerlersek. Bebek çantası araması yaptığımızda karşımıza 
çıkan markalara şöyle bir göz atalım.
Burada pek bilindik markalar görmüyoruz. Yani bir marka burayı domine etmemiş. 
Dolayısıyla bu liste bizim için girilebilir bir liste olabilir. 
Başka bir örnek olarak bebek bezi araması yaptığınız da; sleepy, molfix gibi markalar 
o listeyi domine etmişlerdir. Sizin yeni bir marka çıkararak burada başarılı olmanız çok 
zordur.
. V .
VT
S a y f a  3 7A’ D A N  Z ’ Y E  T R E N D Y O L  E Ğ İ T İ M İ
Fiyat Trendi: 
Dikkatli olmanız gereken bir kriterdir. Çünkü; şu an bir ürünün fiyatı güzel kâr edebi-
leceğiniz oranda olabilir ama bu fiyat her zaman bu seviyelerde miydi? Geçmişe yönelik 
bunların hepsini incelemeniz gerekir. Peki bunu nasıl görebilirsiniz. Bunu takip ettiği-
miz ürünlerin üzerinde aşağıda gösterebiliriz. Şu anda bu imkan Trendyol’da bulunmu-
yor. Fakat EMPARATOR uygulaması üzerinden ürün takip edilebiliyor ve sonrasında o 
ürünlerin verilerini analiz etme fırsatınız olabiliyor. Takip ettiğiniz ürün listesinden 
geçmişe yönelik bilgi elde etmek istediğiniz ürüne gelip “detayları gör” dediğinizde, çok 
daha fazla veriye ulaşabiliyorsunuz.
Buradan fiyat geçmişine girerek kritik olan bir grafiği görüyorsunuz. Trendyol’da bu 
imkan olmasa da, cimri, akakçe gibi platformlarda bunu takip edebiliyorsunuz. İsterse-
niz oralardan da takip yapabilirsiniz. Burada önemli olan fiyatın geçmişe yönelik taki-
bini yapmaktır.
Bu üründe mesela belli bir süre 44 TL seviyesinde satış yapılmış fakat sık sık 29 TL 
seviyesine düşmüştür. Siz bu ürünün fiyat analizini ve kar hesabınızı yaparken 44 TL’yi 
baz alırsanız, bu sizin satış esnasında yanlış hesap yapmanıza sebep olur ve satışlarınız-
da sıkıntı olabilir.
. V .
S a y f a  3 8 A’ D A N  Z ’ Y E  T R E N D Y O L  E Ğ İ T İ M İ
Rakiplerin yorum sayısı: 
Yorum sayısı neden önemli derseniz; kendi-
nizi hemen müşteri yerine koyduğunuzda el-
bette yöneliminiz yorum sayısının fazla olduğu 
ürüne doğru olacaktır. Bence yorumlar E-tica-
rette en önemli etkenlerden birisidir. Çünkü, 
müşteriler genel olarak yorum sayısına bakı-
yor ve yorumları okuyorlar. Rakiplerinizin yo-
rum sayısı 600-1000 gibi rakamlarda iken sizin 
yorum sayınız 5-10’larda olursa, burada sizin 
satış yapmanız zor olacaktır. Müşterilerin ter-
cihi her zaman fazla yorumlardan tarafa olur. 
Dolayısıyla hızla yorumlarınızı artırmanız ge-
rekir. Diğer yandan rakiplerinizin yorum sayı-
sını takip etmelisiniz. Çok fazla yorum alıp yani 
10 binlerce yorumla doyum noktasına ulaşmış 
diyebileceğimiz ürünlere de hiç girmemenizi 
tavsiye ederim. Sonuç olarak rakiplerinizin yo-
rumunu iyi takip ederek, kayıt altına almanız 
gerekir.
Kelime analizi: 
Diyelim ki, bebek çantası satacaksanız. Be-
bek çantası ürününün hangi kelimelerde sattı-
ğına bakmanız gerekir. Örnek olarak; bebek ba-
kım çantası, bakım çantası, sıvı geçirmez bebek 
çantası vb. Kelimeleri ayrıntılı bir şekilde ele 
almalısınız. Peki hangi kelimelerle satış yapıl-
dığına nereden bakacaksanız? Yakında, Empa-
rator uygulamasından kelime araştırma aracı 
ile yapabilirsiniz. Büyük ihtimalle siz bu kitabı 
okuduğunuz sırada kelime araştırma aracı aktif 
olacaktır. Şu anda google anahtar kelime plan-
layıcıdan buna rahatlıkla bakabilirsiniz. Zaten 
kelimelere nasıl detaylı bakacağınızı ürün lis-
teleme aşamasında anlatacağım. Bu yüzden bu 
konuyu burada kesiyorum.
Kar marjı analizi: 
Bu hususu tedarikçilerden fiyat aldığımız 
bölümde ayrıntılı olarak göstereceğim. Fakat 
bunu EMPARATOR uygulamasından çok kolay 
bir şekilde görebilirsiniz. Ürünle alakalı fiyat-
ları girdiğinizde otomatik olarak hesaplanıyor.
Kolay bir araç ama kâr marjınızı hesaplama-
nız lazım. En iyi kar ettiğiniz ürüne girmeniz 
lazım.
. V .
VT
S a y f a  3 9A’ D A N  Z ’ Y E  T R E N D Y O L  E Ğ İ T İ M İ
Google trendler: 
Bir ürünü satmak istiyorsanız trendlere bakmalısınız. Google trendlere girdiğiniz-
de kontrol etmeniz gereken şey ürünün trendi artıyor mu? Yoksa azalıyor mu? Eğer 
ürününüzün trendi azalıyorsa bu bir sıkıntı olup trendi artıyorsa bu güzel bir durum. 
Fakat yine dikkatli olmak gerekir. Çünkü sezonsal bir artış yaşanıyor da olabilir. Mese-
la, yazın su tabancası gibi yaz oyuncaklarının trendi artar. Fakat kışın baktığınızda bu 
ürünün trendinin az olduğunu görürüsünüz. Siz burada ürününüzün durumuna göre 
trendleri incelemelisiniz. “trends.google.com” dan Türkiye’yi seçin ve trendleri kont-
rol edin. Trendi iyi olan ürünlerde ilerlemek faydalıdır.
. V .
S a y f a  4 0 A’ D A N  Z ’ Y E  T R E N D Y O L  E Ğ İ T İ M İ
Farklılık oluşturma: 
Bu konu analiz bölümünün en önemli aşa-
masıdır. Başarılı olmak istiyorsanız ürünlerde 
geliştirme yapmak zorunludur diyebiliriz. Bu-
rada birkaç yöntem vardır. Bunun için, önce 
rakiplerinizin yorumlarını iyi analiz etmek ge-
rekir. Düşük puanlı yorumlardan ürünün prob-
lemlerini tespit edin ve çözüm üretin. Böylelikle 
öne çıkabilirsiniz. Bu birinci yöntemdir. İkinci 
yöntem ise, dünyadaki örneklere bakın. Dünya-
da arama yaparak aynı ürünün çok daha iyile-
rini, farklı tasarımlarını görebilirsiniz. Bu araş-
tırmayı en iyi yapabileceğiniz yer Amazon’dur. 
Amazonda bu ürünlerin çok daha kaliteli olan-
ları genel olarak bulunmaktadır. Bence Ama-
zon’dan çok güzel ürün fikirleri, farklılaştırma 
yöntemleri de bulabilirsiniz. Tasarım noktasın-
da instagram ve pinterestte kullanılabilir. Ora-
larda da çok güzel ve özel tasarımlar bulunuyor. 
Oralara da bakabilirsiniz. 
Bebek çantası örneği üzerinden bir deneme 
yaptım ve Amazon’da Trendyol’da henüz bulun-
mayan güzel bir ürün buldum. 
Burada bebek çantası üzerinde geliştirme 
yapılarak, çantaya alt değiştirme bezi olarak 
kullanma özelliği de eklenmiş. Bu şekilde ürün 
geliştirilmiş ve farklılaştırılmıştır. Siz de böy-
le örnekleri değerlendirerek ürününüze ekler-
seniz daha rahat öne çıkabilirsiniz. Daha önce 
yorumların çok önemli olduğunu belirtmiştim. 
Ama siz böyle bir geliştirme yaptığınızda 1-2 yo-
rumla bile, en çok satan 500-600 yorumlu ürü-
nün yanında sponsorlu olarak göründüğünüzde 
fiyatınız daha yüksek olsa bile rekabet edebilir-
siniz. Hatta daha fazla satış olasılığınız var diye 
de düşünüyorum. Geliştirme yaptığınızda hem 
fiyatı yukarı çıkartarak daha karlı satış yapabi-
liyorsunuz, hem de daha fazla satış yapma ola-
sılığınız bulunuyor. Dolayısıyla geliştirme yap-
mak ve farklılaşmak gerçekten çok önemli ve 
etkili bir faktör olarak karşımıza çıkmaktadır.
. V .
VT
S a y f a  4 1A’ D A N  Z ’ Y E  T R E N D Y O L  E Ğ İ T İ M İ
Bir diğer geliştirme yöntemi de tasarımsal bir yöntem olan; “bundle” yapmak. Yani 
2 tane beraber satan ürünü birleştirmek. Bu yöntem de beraber satmaya uygun, birbiri-
ni tamamlayan ürünleri birleştirerek daha yüksek fiyatlarla satış yapabilirsiniz.
Bu örnekte bebek çantası “bundle” yaparak yani yanında ek olarak güzel bir tasa-
rımla alt değiştirme bezi satılıyor. Bu tarz birleştirmeler de yapılabilir.
Çoğu dijital pazar yerinde bulunan “bu ürün alanlar bunları da aldı” başlığındaki 
ürünlerle bu yöntemi uygulayabilirsiniz.
. V .
07
S a y f a  4 2 A’ D A N  Z ’ Y E  T R E N D Y O L  E Ğ İ T İ M İ
Bu aşamada artık ürün araştırmamızı, 
ürün incelemelerimizi yaptık ve bir ürün lis-
tesi oluşturduk. Şimdi bize en güzel kazanç 
sağlayacak ürünlere karar vermemiz gereki-
yor.
Binlerce ürününüzün olmasına gerek yok-
tur. Çünkü sattığınız bu kadar ürün varken 
hangi ürünü sattığınızı da çok bilemiyorsu-
nuz. Fakat tek bir ürününüz olsa, ürünün her 
şeyine hakim olabilirsiniz ve ürünle alakalı 
birçok geliştirme yapabilirsiniz.
Bir toptancıdan xml alıp başarılı olmak 
zordur. Bunun sıkıntılarını önceki bölümler-
de ayrıntılı bir şekilde ele almıştık.
Günde 1 satan 100 ürün yerine günde 20 sa-
tan 5 ürününüzün olması çok daha iyidir. So-
nuç olarak en azından başlangıç aşamasında, 
az ürünle başlayarak ürün hakimiyetini elde 
tutmak, ürünü geliştirme ve farklılaştırma 
üzerinden daha fazla çalışma fırsatına sahip 
olmak bence çok daha mantıklıdır.
Ürünlerimize karar verdikten sonra teda-
rikçi bulma aşamasına geçiyoruz. Türkiye’den 
ya da dünyadan tedarikçileri bulduktan sonra 
da kârımızı hesaplayacağız. Şimdi tedarikçi 
bulma aşamasına geçelim.
KARAR VERME
. V .
VT
08
S a y f a  4 3A’ D A N  Z ’ Y E  T R E N D Y O L  E Ğ İ T İ M İ
Ürünlerimizi seçtik, artık tedarikçi bul-
mamız gerekiyor. Peki tedarikçileri nasıl bu-
labiliriz?
Satış yapmak istediğiniz alana göre Tür-
kiye’den veya dünyadan tedarikçi bulabilirsi-
niz. Bunların arasında tabii olarak bazı fark-
lılıklar var. Bu sizin kategorinize göre çok 
değişiklik gösterir. Mesela, elektronik alanın-
da bir ürün satmak istiyorsanız Türkiye’de 
tedarikçi bulmak biraz zor. Ama Alibaba’da 
çok rahat bulabilirsiniz. Diğer yandan tekstil, 
plastik, ahşap gibi kategorilerde satış yapa-
caksanız Türkiye’de üretilen ürünler olduğu 
için tedarikçi bulmak Türkiye’de çok daha ko-
lay olacaktır. O yüzden ben çoğunlukla Türki-
ye’den üretici bulmanızı tavsiye ederim ama 
bulamadığınız ürünleri de dünyadan, özellik-
le Alibaba üzerinden bulmakta fayda var. Bu 
ve benzeri platformlardan çok rahatlıkla bu 
işinizi yapabilirsiniz.
Peki, Alibaba’yı nasıl kullanabilirsiniz? 
Alibaba’dan bahsedeyim. Sonrasında Türki-
ye’den nasıl tedarikçi bulacağımıza geçelim.
Alibaba.com bütün ürünlerle ilgili birçok 
tedarikçiyi kolaylıkla bulabileceğiniz çok bü-
yük bir platformdur. Burada arama yaparak 
tedarikçi bulabilirsiniz. Fakat çok fazla teda-
rikçi olduğu için filtreleme yapmanızda fay-
da olacaktır. “trade assurance” kapsamında 
bu işi yapmanız lazım ve “verified supplier”ı 
tercih etmeniz gerekir. Bu ikisini tercih etti-
ğinizde bir anlamda Alibaba tedarikçi ile sizin 
aranızda bir güvenli kanal oluşturuyor. Ali-
baba üzerinden bir anlaşma yapacağınız için 
de pek bir sorunda çıkmayacaktır. Dolayısıyla 
bence bu şekilde 2 filtreme yaparak tedarikçi-
nizi bulun ve öyle ilerleyin. Bu filtre ile de za-
ten birçok tedarikçi karşınıza çıkacaktır. 
TEDARİKÇİ BULMA
. V .
S a y f a  4 4 A’ D A N  Z ’ Y E  T R E N D Y O L  E Ğ İ T İ M İ
Tedarikçiyi bulduktan sonra biz tedarik-
çilerle ilgili birçok bilgiyi kontrol ediyoruz. 
Kaç yıllık tedarikçi? Bu ürünün ana üreticisi 
mi? Gibi birçok özelliğine bakıyoruz. En az 2 
yıldır satış yapan tedarikçilerle çalışmanız 
faydanıza olur. Bunu tedarikçinin sayfasın-
da görebiliyorsunuz. Yine sayfadan “contact 
supplier” diyerek mesaj atabiliyorsunuz. Bu-
radan İngilizce olarak ben bu ürünü ürettir-
mek istiyorum, şu miktarda alacağım, Türki-
ye’de satacağım gibi durumunuzu anlatan bir 
mesaj gönderiyorsunuz. Bu mesajdan sonra 
size birkaç gün içinde cevap veriyorlar. Me-
sajlarınıza hızlı dönüş yapan tedarikçiler her 
zaman daha iyidir. Bu genel olarak Tedarikçi 
ile olan tüm süreçlerde aynıdır. Hızlı dönüş 
yapan, size kısa zamanda iyi tepki veren teda-
rikçilerle çalışmak mantıklı olacaktır. Burada 
belli fiyatlar oluyor fakat tedarikçi ile direk 
görüşme sağladığınızda fiyat konusunda da 
pazarlık yapma imkanınız bulunmaktadır. 
Daha fazla detaylara da bakabilirsiniz. Çünkü 
tedarikçileri araştırmak önemli bir konudur. 
Bazı tedarikçileri bulup iletişim kurmakta 
fayda vardır. 
Genel olarak Alibaba’da sistem bu şekilde 
ilerliyor. Peki Türkiye’den nasıl tedarikçi bu-
labilirsiniz? Şimdi bu konuya da değinelim.
Türkiye’de bunun için birçok platform bu-
lunmaktadır. N11pro gibi toptancıların buluş-
tuğu platformlar var ama Türkiye’de tedarik-
çi bulmak daha çok manuel olarak ilerliyor. 
Üreticilerin üretim yerine gidip bakmak ve 
direk görüşmek çok daha iyi olabilir. Türkiye 
için yakınınızda olan üretici ile yüz yüze gö-
rüşerek iletişim kurmak bence daha etkili bir 
yöntemdir. 
Online olarak araştırmak istiyorsanız 
n11pro platformunu kullanabilirsiniz. Daha 
önce bahsettiğimiz facebook “Türkiye üreti-
cileri ve toptancıları” grubumuz var. Buradan 
zaten günlük olarak birçok ürün paylaşılıyor. 
Bu grupta üreticilerle irtibat kurabilirsiniz 
ya da bulduğunuz ürünü “bu üründen istiyo-
rum, üreticisi var mı?” şeklinde sorarak üre-
tici bulabilirsiniz. Zaten birçok üretici gruba 
yazıyor. Fotoğraflarla ürettikleri ürünleri ve 
fiyatlarını paylaşıyorlar. Bu şekilde üretici 
bulma şansınız yüksek. İsterseniz facebook’ta 
bu şekilde kurulmuş başka gruplarda da var. 
Çanta imalatçıları, tekstil imalatçıları gibi 
grupları arayıp bularak takip edebilirsiniz.
. V .
VT
S a y f a  4 5A’ D A N  Z ’ Y E  T R E N D Y O L  E Ğ İ T İ M İ
Diğer bir yöntem yine instagram. Ürün 
arama kısmında da değindiğimiz gibi ürünle-
ri bulduğunuzda zaten genellikle bu hesaplar 
üretici de oluyor. Direk irtibata geçerek fiyat 
ve zaman konusunda anlaşabilirsiniz. 
Google üzerinden, toptancı aramaları ya-
pabilirsiniz. Örnek olarak çanta üreticisi, be-
bek çantası üreticisi gibi anahtar kelimeler 
kullanarak bulabilirsiniz. Google Maps’ten 
de yakınınızdaki toptancıları rahatlıkla göre-
bilirsiniz ve ilerleyebilirsiniz. 
Diğer bir örnek olarak biz Armut platfor-
mundan da üretici bulmuştuk. Kabaca şu şe-
kil ve özelliklerde bebek ürünü yaptırmak 
istiyoruz yapacak olan var mı? Şeklinde bir 
ilan açtık. 4-5 evde üretim yapan kişi bize geri 
dönüş yaptı. Bu tarz platformlardan da fayda-
lanarak üretici bulabilirsiniz.
Üretici bulma konusu genel olarak böyle-
dir. Aslında üretici bulma konusunda çok zor-
luk olduğu söylenemez. Asıl mesele üreticiyi 
bulduktan sonra onlarla işi yürütebilmektir. 
Yani tedarikçilerle iyi ilişkiler kurmanız la-
zım. Çünkü tedarikçiniz sizin arkanızdaki 
destek olacaktır. Sizi ürünleriyle destekle-
mezse satış yapsanız dahi satışlarınızı kazan-
ca çeviremez, hatta işinizin kötü yorumlarla 
düşmesine sebep olabilirsiniz.
Tabii ki, alternatif üreticiler ve tedarik-
çiler bulmak bu konuda yaşayacağınız olası 
problemleri minimize etme adına çok önem-
lidir. Burada da kalite noktasında belli bir 
seviye olması yine sizin adınıza önemlidir. 
Ayrıca üreticinin ana ürün kategorisi, sizin 
ürettirdiğiniz ürün olursa çok daha uzun so-
luklu ilişkiler kurabilirsiniz. Aynı ürün için 
birkaç tedarikçi ile anlaşma sağlarsanız bu si-
zin için çok daha güvenli bir ticaret olacaktır. 
Tedarikçilerinizi bir iş ortağı olarak değerlen-
dirmek ve ona göre davranarak ilişki kurmak 
gerekir.
. V .
09
S a y f a  4 6 A’ D A N  Z ’ Y E  T R E N D Y O L  E Ğ İ T İ M İ
Artık tedarikçilerle irtibat kurdunuz. Ürü-
nünüzle alakalı 10, belki 20 tane tedarikçiden 
fiyat almanız lazım. Fiyatları alıp kâr marjı 
analizi yapacaksınız.
Şimdi bunu nasıl yapacağınıza kısaca deği-
nelim.
Bilgilerin de çoğunu Emparator uygulaması ekliyor. Sizin sadece ürünü alış fiyatını gir-
meniz yeterli oluyor, ortalama bir kargo tutarı da girdiğinizde karınızın hesabını yapabili-
yorsunuz. 
Komisyon, KDV, kargo giderleri gibi gider-
leri hesaplayarak net karınızın hesabını ya-
pın.
Ürününüze girin emparator uygulaması 
kullanıyorsanız orada direk kâr marjı buto-
nuna tıklayarak hesaplamalarınızı yapacak 
bilgileri giriyorsunuz ve kâr marjı hesabınız 
yapılıyor.
KAR ANALİZİ
. V .
VTv
S a y f a  4 7A’ D A N  Z ’ Y E  T R E N D Y O L  E Ğ İ T İ M İ
Ayrıca Emparator’da yatırım dönüşüm oranı gibi sonuçları da görebilirsiniz. Bu da en 
yüksek oranlara sahip ürünlerle satış yapmanız açısından güzel bir avantajdır.
Emparator ile ya da başka bir şekilde kâr analizinizi yapmanız lazım. Ürün fikirleri bul-
muştuk 10-20 tane. Daha sonra tedarikçilerle görüştük. Bunlardan fiyatlarını aldık. En son 
kâr marjı analizi yapacağız. Bunu da yaptıktan sonra bazı ürünlere karar verdik. Artık üre-
tim aşaması bitti ve bu ürünlerle satışa başlayabiliriz. Bunun için de ürünlerin listelenmesi 
aşamasına geçiyoruz.
Emparator uygulaması olmayanlar da KDV 
oranı, kargo ücreti ve komisyon oranını göz 
önünde bulundurarak kâr hesabı yapabilir. 
KDV konusunda değişiklikler olabiliyor. Çok 
karmaşık bir konu değil fakat ayrıntılı bir şe-
kilde öğrenmek isterseniz bu konuda yapmış 
olduğum bir video var.
Video linki: 
https://www.youtube.com/watch?v=ANSM6vFvm5k
Birde e-ticarette KDV hesabının nasıl ya-
pıldığına dair de bir videom var. Bu da ben-
ce önemli. Çünkü çok kişi karıştırabiliyor ve 
yanlış yapabiliyor. Ve bunu yanlış yaptığınız-
da kar ediyorum derken batabilirsiniz. Buna 
dikkat etmek lazım.
E-ticarette KDV hesaplama videomun 
linki: 
https://www.youtube.com/watch?v=kQfjsS5iBbc
. V .
10
S a y f a  4 8 A’ D A N  Z ’ Y E  T R E N D Y O L  E Ğ İ T İ M İ
Ürün listeleme ne demek? Trendyol’da 
ürün listesi oluşturmak ne demek? Bunlar-
dan bahsedeyim. Ürün listesi aslında ürü-
nünüzün sayfasını oluşturmak, ürününüzü 
Trendyol platformuna yüklemek demektir. 
Trendyol platformuna isterseniz tekil olarak 
ya da isterseniz de toplu olarak excel kullana-
rak ürün yükleyebilirsiniz. 
Ürün yüklemek çok zor bir konu olmayıp 
basit bir meseledir. Bu sebeple bu konuda ben 
sizlere genel dinamiklerden bahsedeceğim. 
Yani ürün listelerken neye dikkat etmelisiniz.
Ürün listeleme de etkenler; resimler, baş-
lık, açıklamalar, özellikler ve yorumlardan 
oluşuyor.
  Burada kritik olan nokta ürün resimleri-
dir. Şimdi bu dinamikleri birer birer ele ala-
lım.
ÜRÜNLİSTELEME
. V .
VTv
11
S a y f a  4 9A’ D A N  Z ’ Y E  T R E N D Y O L  E Ğ İ T İ M İ
İnsanların bir ürünü alırken en çok de-
ğer verdikleri, ilk etkilemeyi sağlayan kriter 
ürünün resmidir. Çünkü insanlar ürünü ger-
çekte görüp, ona dokunamadıkları için, ürün 
resimleri karar verme aşamasında çok etkili 
oluyor. Dolayısıyla ilk olarak ürün resimleri 
çok güzel ve özenli bir şekilde hazırlanmalı-
dır. Bu husus bence en çok dikkat edilmesi ge-
reken konulardan başında gelmektedir. Bunu 
sizin mağazadaki vitrininiz olarak da düşüne-
bilirsiniz.
Benim sizlere tavsiyem, bu konu ile ilgili 
profesyonel bir şekilde çalışmanızdır. Ürün 
çekim çadırları var. Ürün çekim çadırı ala-
rak kendiniz de ürün fotoğrafı çekebilirsi-
niz. Bunun çok bir masrafı yok. İsterseniz de 
profesyonel olanlardan destek alabilirsiniz. 
Ürünlerinizin resimlerini güzel çekerseniz 
satışlarınızın ciddi seviyede arttığını görecek-
seniz. Şimdi bu konuda önemli olan faktörler-
den bahsedeyim.
Ürünlerin yaşamda kullanımını mutlaka 
resimlerde anlatmanız gerekir. İnfografik re-
simlerinizin olması lazım. Arka planı beyaz 
olarak hep tavsiye edilir ama ürünün sizin 
için hayattaki kullanımı daha uygun oluyorsa 
onu da kullanabilirsiniz. Bazı ürünlerde ha-
yattaki kullanımı çok daha ön planda oluyor. 
Bu şekilde ilerleyebilirsiniz.
Bazı örnekler üzerinden ilerleyeceğiz şim-
di.
ÜRÜNRESİMLERİ
. V .
S a y f a  5 0 A’ D A N  Z ’ Y E  T R E N D Y O L  E Ğ İ T İ M İ
Mesela, bu örneğimizde günde 282 gibi çok 
güzel satışı olan bir ürün var. Fakat resimle-
re baktığımızda gerçekten resimler oldukça 
kötü. Hayatta kullanım resimlerinde fotoğraf 
bütün alanı kaplamamış bile. Diğer yandan 
aynı resmi birkaç kez koymuş sanırım boş-
luk olmasın diye. Ona rağmen resim sayısı az. 
Bence en az 7 tane fotoğraf koymanızda fayda 
var. Bu ürünün özellikleri neler? Nasıl kulla-
nılır? Boyutu nedir? Resimlerde buna dair ne-
redeyse hiçbir şey anlatılmamış. Bunların ke-
sinlikle açıklanması lazım. Bu ürün bu haliyle 
çok satıyorsa, bu ürüne çok güzel bir resimle 
girip, ilerleseniz çok daha başarılı satışlar ya-
pabilirsiniz diye düşünüyorum.
Arka planın beyaz olması etkili olacaktır. 
En etkili satışı sağlayan resimler bu şekilde-
dir. Bu konuda ürün resimleri yanında ürün 
bilgileri, özelliklerini, hayatımızdaki kullanı-
mını içeren infografik resimler olması beğe-
nileri artıracaktır. Hem ürünün boyutu hem 
de kullanımı konusunda çok fikir verici olur 
ve satışları ciddi anlamda olumlu etkiler.
Ürün resimleri konusunda bence Ama-
zon’dan örnek almak lazım. Amazon bu tarz 
resimler açısından çok zengindir. Bulduğu-
nuz ürünü amazon da aratarak fotoğraflar-
dan fikir sahibi olabilir ve daha kaliteli içerik 
üretebilirsiniz.
. V .
VTv
S a y f a  5 1A’ D A N  Z ’ Y E  T R E N D Y O L  E Ğ İ T İ M İ
Ondan sonra ürünün özelliklerini göste-
ren bir resim geliyor.
Bu resimde güzel bir şekilde ürünün neresi 
açılır? Neresi kapanır? Nasıl kullanılır? Çok 
güzel gösterilmiş. İşte bu resimlere infogra-
fik resimler deniliyor. Bunlar bilgi verdiğiniz, 
açıklama yaptığınız resimlerdir.
Bir başka resimde boyutlarını göstermiş-
ler. Yine bu da infografik bir resim. 
İnfografik resimlerin diğer bir faydası da 
ürünü tam olarak anlatmanız sebebiyle iade 
oranlarınızı da çok düşürebilmenizdir. Çünkü 
ürünü tam anlayamadan alan müşteriler için 
büyük bekleyip küçük gelebilir. Ya da büyük 
olarak bekliyordur, beklediğinden küçük ge-
lir. Bu gibi karmaşaları, ürünlerin boyutları-
nı yazarak çok rahat bir şekilde aşabilirsiniz. 
Tabi özelliklerde de bunları ayrıca yazmanız 
lazım. Sonuç olarak ürününüz de mutlaka in-
fografik resimleriniz olsun.
Örnek olarak, Amazon’da herhangi bir 
ürüne bakalım. Öncelikle ana resim net ola-
rak sadece ürünü gösteriyor.
. V .
S a y f a  5 2 A’ D A N  Z ’ Y E  T R E N D Y O L  E Ğ İ T İ M İ
Diğer önemli olan resim; hayatta kullanımı-
na dair resimler. 
Burada müşteriye hem ürünün nasıl görün-
düğü hem de ebatlarıyla ilgili net bilgiler veril-
miş oluyor.  Bununla ilgili başka bir güzel ör-
nek daha gösterelim.
Bu güzel örnekte, ürünün nasıl kulla-
nıldığı üzerine bazı eşyalar konularak gös-
terilmiştir. Bu ürünü mutfağa, banyoya 
koyabilirsiniz mesajı çok güzel bir şekilde ve-
rilmiştir. Bu ürünü gören insanlar çok beğe-
neceklerdir. Çünkü, özellikle resim üzerinde 
çalışıldığı belli, ışıklandırmalar gayet güzel, 
bütün eşyalar özenle yerleştirilmiş, ürünün 
boyutu belli olmuş, zoom yapılabiliyor, resi-
min boyutu zoom yapılacak ve detaylar gö-
rünecek şekilde ayarlanmıştır.  
Yeniden hatırlatarak bölümü sonlandıra-
lım. Bence kesinlikle e-ticarette satış yaparken 
en dikkat etmeniz gereken konunun resimler 
olduğu görülmektedir. Trendyol’da resimleri-
nize çok dikkat etmelisiniz.
. V .
VTv
12
S a y f a  5 3A’ D A N  Z ’ Y E  T R E N D Y O L  E Ğ İ T İ M İ
Başlık ve açıklamalar kısmında ne kadar 
çok anahtar kelime geçirirseniz, bu sizi daha 
fazla görünür kılar. Çünkü, örnek üzerinden 
gidecek olursak. Ürün “anne bakım çantası”, 
fakat bu ürün sadece anne bakım çantası ola-
rak aranmıyordur. “Anne çantası”, “bakım 
çantası”, “anne bebek çantası”, “bebek çan-
tası” gibi birçok kelime ile aranma yapılıyor-
dur. Dolayısıyla siz bu çanta ile alakalı olarak 
birçok kelime araştırması yapar ve başlık ve 
açıklamalar kısmınızda bunları geçirirseniz, 
daha çok kelimede görünür olursunuz. Böyle-
likle daha fazla satış yapma fırsatınız olacak-
tır.
Şimdi size bunu nerden bulup, nasıl ilerle-
yebileceğinizi göstereyim.
En çok aranan ve ilgili kelimeleri araştırın 
ve kullanın. Çoğunlukla Google anahtar keli-
me planlayıcıyı kullanabilirsiniz. Emparator 
uygulamamıza da bu özellik geliyor. 
Google’da araştırma için ads.google.com’a 
girin araçlar bölümünde anahtar kelime plan-
layıcıya girdiğinizde arama yapabilirsiniz. 
Şimdi buraya “bebek çantası” yazalım. 
Sonuçları göster dediğimizde görseldeki 
gibi aranma hacmiyle birlikte birçok kelime 
karşınıza çıkacaktır. Burada genellikle bir-
çok farklı kelime vardır. Örneğimizle alakalı 
olarak da en fazla kullanılandan en aza doğru 
“anne bebek çantası”, “bebek bakım çantası”, 
“anne bebek bakım çantası”, “hastane çanta-
sı”, “bebek taşıma çantası”, “anne çantası”, 
“bebek sırt çantası”, “bebek çantası”, “anne 
bakım çantası” gibi birçok kelime var. Ne ka-
dar çok bu kelimeleri kullanırsanız, o kadar 
görünür olursunuz. Siz ürününüzde Google 
Ads’teki kelimeleri ne kadar çok kullanırsa-
nız -Trendyol’un size verdiği limitler doğrul-
tusunda- o kadar öne çıkar ve satışlarınızı ar-
tırırsınız.
Açıklama bölümünde ne kadar çok kelime 
geçirir ve ürününüzü güzel açıklarsanız, sa-
tışlarınız da o kadar iyi olacaktır. Bu bölüme 
kesinlikle önem verin ve tatmin edici bir şe-
kilde hazırlamaya çalışın. Çünkü bunlar daha 
çok satış yapabilmek için önemli kriterlerdir.
BAŞLIK VE AÇIKLAMALAR
. V .
13
S a y f a  5 4 A’ D A N  Z ’ Y E  T R E N D Y O L  E Ğ İ T İ M İ
Trendyol’da butiklerin kendi sayfala-
rı oluyor. Ürün listelerinizi, resimlerinizi, 
açıklamalarınızı vs. çok güzel bir şekilde 
oluşturduktan sonra satışlarınızın artmasını 
istiyorsanız mağaza sayfanızı güzel ve etkili 
hazırlamalısınız.
Ürün sayfasında satıcı ismine tıkladığınız-
da sizi mağaza sayfasına götürüyor. Burada 
logonuz bulunuyor ve sayfa yukarısına kapak 
fotoğrafı koyabiliyorsunuz. Kategorileriniz, 
bannerlar vs. bölümleri bulunuyor. Trend-
yol’da bu şekilde mağazanızı dizayn edebilir-
siniz. Trendyol’un yaptığı açıklamaya göre 
bu şekilde mağazasını oluşturan satıcıların 
satışları %30-40 oranında daha fazla oluyor. 
Mağaza sayfanızdan yapılan satışları ayrı-
ca izleyebildiğiniz için mağaza sayfanızın ne 
kadar etkili olduğunu görebiliyorsunuz. Bu 
sayfadan takipçileriniz de olabiliyor. Ayrıca 
takipçilerinize birçok mesaj da gidiyor.
Bu şekilde güzel bir tasarımla mağaza oluş-
turduğunuzda, müşterilerde mağaza sayfanı-
zı görmek isterler ve gördüklerinde de satış-
larınız artacaktır. Bu sayede kendi müşteri 
kitlenizi oluşturma ve marka olmak konusun-
da mağaza sayfanızı çok etkili bir araç olarak 
kullanabilirsiniz. Dolayısıyla mutlaka güzel 
bir şekilde mağazanızı oluşturarak, bannerla-
rınızı, kategorilerinizi ve ürünlerinizi yerleş-
tirin. Bunun satışlarınıza çok büyük katkısı 
olduğunu göreceksiniz.
Artık ürünlerle ilgili kısmın sonuna geliyo-
ruz. Buraya kadar ürünler bulduk, tedarikçi-
ler bulduk, ürünlerin resimlerini çektik, yük-
ledik, listelemeleri yaptık. Şimdi en önemli 
aşamalardan bir diğeri olan satış aşamasına 
geliyoruz. Satışta nasıl başarılı olabiliriz? 
Şimdi sizlere adım adım bunu anlatacağım.
MAĞAZA SAYFANIZ
. V .
VTv
14
S a y f a  5 5A’ D A N  Z ’ Y E  T R E N D Y O L  E Ğ İ T İ M İ
Trendyol eğitiminin bence en önemli aşa-
ması olan satış bölümüne geldik. Ürünlerle 
ilgili işlemleri yaptık. Şu an satışa hazır. Peki 
satışla ilgili neler yapmalıyız? Satıştaki dina-
mikler nelerdir? Şimdi bunlardan bahsedece-
ğim. 
Öncelikle tabii ki Trendyol algoritması na-
sıl çalışır? Siz bir kelime yazdınız diyelim, ör-
nek olarak “bebek çantası”, ilgili ürünler nasıl 
sıralanıyor? Bunu bilmek lazım. Daha sonra 
da biz nasıl ön sıralara çıkabiliriz? Bunu bil-
mek gerekiyor. 
İnsanlar nasıl ürün araştırıyor? Nasıl ürün 
satın alıyorlar? Daha çok ön sıralara çıkarak, 
görünür hale gelen satıcılar ürünlerini iyi sa-
tıyorlar. Bu noktada bütün satış platformla-
rında geçerli olan en önemli husus satış sayı-
nızın fazla olmasıdır. Yani ürün ne kadar çok 
satıyorsa, o kadar çok önde görünüyordur.
Dolayısıyla en çok dikkat etmeniz gereken 
konu satıştır. Doğal olarak yeni girdiğiniz bir 
ürünü bir anda en yüksek satışa çıkaramaz-
sınız. Algoritma da önde görünmek istiyor-
sanız, satış olması lazımdır. Satış olması için 
önde görünmenin gerekli olması, önde gö-
rünebilmek için de satış olması gibi bir para-
doksla karşı karşıyayız. Bunu nasıl aşacağız? 
Merak etmeyin birazdan algoritmanın deva-
mında bunu size anlatacağım.  Bu noktada 
ekstra olarak yapmanız gereken şeyler neler-
dir? Şimdi burada onlara değinelim.
Ürünleri yeni çıkardınız, ürünlerin lans-
manını nasıl yapacaksınız?
Mağaza puanınız nedir? Yani satıcı puanı-
nız nasıl hesaplanır? Bu hususta nasıl daha iyi 
olabilirsiniz?
Trendyol’un reklam politikası var. Yani 
Trendyol içinde ürününüzü öne çıkarmak 
için reklamlar verebiliyorsunuz.
Dışarıdan trafik çekebilirsiniz. İnstagram 
hesabı, facebook hesabı kullanarak dışarıdan 
Trendyol platformuna müşteri çekebilirsiniz.
Influencer kullanmak. Bu da satışta etkili 
bir yöntem.
Şimdi ayrıntılarıyla bu konuları ele alalım.
SATIŞ
. V .
15
S a y f a  5 6 A’ D A N  Z ’ Y E  T R E N D Y O L  E Ğ İ T İ M İ
İlk sayfa nedir? Siz bir kelime yazdınız, 
normal de kelime araştırma bölümünde bun-
dan bahsetmiştim. Google anahtar kelime 
planlayıcıdan en çok aranan kelimeye baktı-
nız. Örneğimiz olan “bebek çantası” en çok 
aranan kelime. Bebek çantası kelimesinde öne 
gelmek istiyorsanız, uygulamanız gereken 
yöntemler var. Öncelikle rakipleriniz yorum 
sayılarına yakın yorumlarınız olması gereki-
yor. Satış sayısında belli seviyelere ulaşmanız 
lazım.
Başlangıçta arkadaşlarınızdan bu konuda 
destek alabilirsiniz. Arkadaşlarınıza danışık-
lı satış yapabilirsiniz.  Zaten mağazanızı yeni 
açtığınızda belli bir satışa kadar Trendyol si-
zin puanınızı da ortaya çıkarmıyor. Dolayı-
sıyla bence bu konuda arkadaşlarınızdan des-
tek alın. Ürünlerinizi onlara satın ve onlarda 
ürünleriniz hakkında yorum yapsınlar. Ge-
rekirse ürünlerinizi bedava verin. Bu şekilde 
bedava olarak sadece arkadaşlarınıza değil de 
genel olarak başkalarına da ürününüzü vere-
bilirsiniz.
Influencerlara da ürününüzü ücretsiz 
olarak gönderebilirsiniz. Bence böylece baş-
langıcınızı güzel bir şekilde yapabilirsiniz. 
Lansman aşaması da bu şekilde oluyor. İlk çı-
kışınızda rakiplerinizle aynı seviyeye gelme-
niz lazım. Zaten başlarda Trendyol’da ürünü 
ilk yüklediğinizde Trendyol o ürünü biraz 
deneyecektir. Belli ölçülerde ön taraflarda 
gösterir. Ama ürününüz kaliteli değilse, gör-
seller, açıklamalar zayıfsa. Diğer yandan hiç 
yorum yoksa ve giren insanlar geri çıkıyorsa, 
yani dönüşüm oranı düşükse, tıklayanlar al-
mıyorsa, Trendyol o ürünü yavaş yavaş geriye 
doğru düşürmeye başlar.
Diğer yandan ön sıralara gelmekle de iş 
bitmiyor, orada kalmak ve satışları sürdüre-
bilmek çok önemlidir. Platformlara uygun 
hareket etmek lazımdır. Birazdan satıcı pua-
nından bahsedeceğim. Satıcı puanı burada en 
önemli etmenlerden bir tanesidir. Bu puanı 
nasıl yükseltebilirsiniz? Bunu anlatacağım. 
 Sonuç olarak yeni mağaza açtığınızda bir 
miktar ürününüzden fedakarlık yapmanız 
gerekiyor. Arkadaşlarınızdan bu ürünleri de-
nemesini ve ayrıca yorum yapmalarını da is-
teyebilirsiniz. Gerçekten güzel yorumlar ya-
panlar olacaktır.
ALGORİTMA VE
LANSMAN
. V .
VTv
16
S a y f a  5 7A’ D A N  Z ’ Y E  T R E N D Y O L  E Ğ İ T İ M İ
Ürününüzü arkadaşlarınıza, çevrenize, 
influencerlara ücretsiz dağıttıktan ve bir mik-
tar yorum ve puan aldıktan sonra artık iş satı-
cı olarak sizin sorumluluğunuza giriyor.
Ürününüz güzel, kaliteli ve iyiyse, yavaş 
yavaş ürününüz öne çıkıyor. Bundan sonra 
dikkat etmeniz gereken hususlar var. Satı-
cı puanınızı çok iyi seviyede tutmanız lazım. 
Belli bir satıştan sonra, şu an 5 satıştan sonra 
puanınız Trendyol platformunda görünür. 
Tabii bu aynı zamanda arka planda sizi birçok 
konuda etkiler. Satıcı puanınız eğer yüksek 
ise daha çok satış yapmanıza imkan sağlar. 
Trendyol sizi daha önlerde tutar ve gösterir. 
Ne demek istiyorum? Mesela “BuyBox”ta 10 
tane satıcı sıralandı. Sizin satıcı puanınız yük-
sek. Diğerlerinin satıcı puanları düşük diye-
lim. Siz biraz daha yüksek fiyat verseniz bile 
Trendyol “BuyBox”ı size veriyor. Eğer kendi 
listenizde satış yapıyorsanız da sizin ürünleri-
nizi çok daha ön planlara çıkarıyor.
Diğer yandan kampanyalar var. Trend-
yol’da en önemli konu bildiğiniz gibi kampan-
yalar. Sürekli kampanya yapıyorlar. Eğer satı-
cı puanınız yüksekse size Trendyol daha fazla 
kampanyaya katılım olanağı sunuyor. Daha 
fazla kampanya da daha fazla satış demek. 
Dolayısıyla eğer satıcı puanınız yüksek 
ise çok daha fazla satışa ulaşabiliyorsunuz. 
Bu noktada algoritma ile alakalı birçok konu 
var. Bunlardan biri de stok sayınız. Eğer stok 
sayınız az ise, Trendyol sizi çok fazla öne çı-
karmak istemiyor veya kampanyalarına sizi 
fazla almak istemiyor. Çünkü stok sayınız az 
olduğunda sizi öne çıkardı diyelim, az sayıda 
satış olduğunda kampanya bitmiş oluyor, do-
layısıyla kampanya boşa gitmiş, Trendyol için 
istenen etkiyi oluşturmamış oluyor. Stok sayı-
nız ne kadar fazla olursa, Trendyol sizi daha 
çok öne çıkaracaktır.
Diğer bir konu “Kategori Yöneticiniz” ile 
irtibatlı olmaktır. Kategori Yöneticisi satış 
konularında gerçekten çok önemlidir. Size 
birçok konuda ve kampanya da destek sağla-
yabiliyorlar. Bu sebeple kategori yöneticiniz 
ile ürünler hakkında konuşmanız, onların 
yönlendirmeleriyle kampanyalara katılmanız 
çok faydalı olacaktır. Kategori yöneticiniz ile 
mutlaka irtibatta olun.
SATICI PUANI
. V .
S a y f a  5 8 A’ D A N  Z ’ Y E  T R E N D Y O L  E Ğ İ T İ M İ
SATICI PUANI NASIL HESAPLANIR?
Satış yapmada en önemli kriterlerden biri satıcı puanıdır. Dolayısıyla satıcı puanı üzerinde 
daha ayrıntılı durmamız gerekiyor. 
Satıcı puanı hesaplanmasında şu hususlar Trendyol için hassas ve önemlidir:
1. Tedarik edememe oranı
2. Kargoya zamanında teslim oranı
3. Kargoya teslim süresi
4. Ürün iade oranı
5. Kusurlu ürün iade oranı
6. İhtilaflı ürün iade oranı
7. İadeye dönüş süresi
8. Paketleme puanı
9. Ortalama ürün puanı
10. Müşteri şikayet oranı
11. 24 saat içinde cevaplama oranı
12. 1 saat içinde cevaplama oranı
. V .
VTv
S a y f a  5 9A’ D A N  Z ’ Y E  T R E N D Y O L  E Ğ İ T İ M İ
Tedarik edememe oranı: 
Satıcı puanını etkileyen en önemli etken-
dir. Diyelim ki ürünlerinizi sattınız. Fakat ol-
mayan ürünü eklediniz ya da 5 tane ürününüz 
varken 10 tane stok girdiniz. Burada bir satın 
alma işlemi yapılırsa bu ürünleri iptal etmek 
zorunda kaldınız. Bu durum Trendyol platfor-
munun en sevmediği konudur. Siparişi iptal 
ettiğinizde zaten Trendyol size ceza kesiyor, 
buna birazdan değineceğiz. Böyle bir durum 
olduğunda Trenyol sizin tedarik edememe 
oranınızı hesaplıyor. Örnek olarak 100 ürün 
sattınız fakat 10’unu tedarik edemediniz. İşte 
bu oran sizin satıcı puanınızı sürekli düşürür. 
Bu konu çok önemli bir husustur.
Kesinlikle tedarik edemeyeceğiniz ürü-
nü satış için listenize girmeyin. Stoğunuzu 
da elinizdeki ürün sayısına göre yazın. Eğer 
temin edebilecekseniz, tedarikçinize güveni-
yorsanız yüksek yazabilirsiniz ama bu konu-
da çok dikkatli olmanız lazım. Çünkü tedarik 
edememe durumunda hem ceza kesiliyor ve 
ayrıca satıcı puanınız da düşürülüyor. Dolaylı 
olarak bu durum satışlarınızın ve kazancını-
zın düşmesine de sebep oluyor.
Kargoya zamanında teslim oranı: 
Ürünlerin satıştan sonraki en önemli hu-
sus ürünlerinizi hazırlayıp kargoya vermek-
tir. Ürünlerin gitme süresi sizi çok ilgilendi-
ren bir konu değil. Kargo şirketi götürmemiş 
olabilir. Bu konu ile alakalı Trendyol size bir 
yaptırım uygulamaz. Sizin için önemli olan 
şey ürünü kargoya zamanında teslim etti-
niz mi? Etmediniz mi? konusudur. Termin 
süresinde yani ürünleri hazırlayıp kargoya 
vermeniz için belirlenen süre içerisinde ürü-
nünüz hazırlayıp kargoya vermeniz gerekir. 
Belirlenen süre içerisinde kargoya ürünü tes-
lim edemez iseniz, kargoya zamanında teslim 
oranınız düşer. Bu da sizin satıcı puanınızı 
ciddi anlamda düşürür. 
Kargoya teslim süresi: 
Bu süre hem sizin hem de Trendyol için çok 
önemlidir. Çünkü ürünü müşteriye çok hızlı 
ulaştırmak istiyorlar. Bu süre ne kadar kısa 
olursa, ne kadar hızlı bir şekilde ürününüzü 
kargoya, dolayısıyla müşteriye ulaştırırsanız 
bu sizin satıcı puanınızı çok ileri seviyelere 
getirecektir. Trendyol’un belirlediği termin 
süresi içerisinde vermiş olsanız bile, bu süre-
nin içerisinde kargoya teslimi ne kadar hızlı 
yaparsanız puanınız o kadar yüksek olacak-
tır. Örnek olarak termin süresi 2 gün olan bir 
ürünü siz 15 saat olduğunda kargoya teslim 
ederseniz. Bu sizin satıcı puanınızı yükseltir 
ve öne çıkmanızı sağlar.
. V .
S a y f a  6 0 A’ D A N  Z ’ Y E  T R E N D Y O L  E Ğ İ T İ M İ
Ürün iade oranı: 
Diyelim ki 100 tane ürün sattınız, 10 tane-
si iade oldu. Bu yüksek bir oran. Dolayısıyla 
burada Trendyol hemen size ürünlerinizin 
kalitesinde sorun mu var şeklinde sorular so-
ruyor. 
İade konusunda kusurlu iade oranı ve ih-
tilaflı iade oranı şeklinde 2 alt başlık var. Ku-
surlu iade adı üzerinde ürününüzde bir kusur, 
bir eksik var diye yapılmış olan iadedir. Bazen 
de müşteriler beğenmedim şeklinde ya da an-
lamsız sebeplerle ürünü iade edebilirler. Bu 
şekilde yapılan iadelere itiraz edebiliyorsu-
nuz. Bu da ihtilaflı iade oranınızı oluşturuyor.
Bu oranların hepsini kaydını Trendyol tu-
tuyor ve satıcı puanınızın belirlenmesinde 
bunların etkisi oluyor. Sizin için ne kadar az 
iade olursa o kadar iyidir. Bu hususa dikkat 
etmek gerekir. Bu durumda iade edilen ürün-
de bir problem var demektir. Problemi tespit 
edip hemen çözmek lazım.
İade dönüş süresi: 
İade ile alakalı satış puanını etkileyen bir 
diğer konu da iade dönüş süresi. İade talebi 
müşteri tarafından açıldıktan sonra satıcı-
ya iadeyi kabul et veya reddet şeklinde seçe-
nekler çıkıyor. Burada iade talebine ne kadar 
hızlı reaksiyon verirseniz o kadar iyidir. Hızlı 
reaksiyon veren satıcıların puanını yüksel-
tiyor. Kusurlu satıcı olarak siz iseniz iadeyi 
kabul etme hızınız, değilseniz de buna itiraz 
etme süreniz önemlidir. Yani her iki halde de 
önemli olan sizin hızlı bir şekilde bir cevap 
vermenizdir. Trendyol sizden en hızlı şekilde 
cevabı vermenizi istiyor.
Paketleme puanı:
Ürünler müşterilere ulaştığı anda Trend-
yol müşterilere paketleme nasıldı şeklinde 
soru sorarak anketler yapmaktadır. Müşte-
riler bu soru ve ankette paketleme puanını-
zı yüksek tutarlarsa satıcı puanınız yükselir. 
Paketleme puanınızın düşük olması sizin için 
yine problem olacaktır. Bunlara yapılan dö-
nüşlerde puanınızı etkiler.
. V .
VTv
S a y f a  6 1A’ D A N  Z ’ Y E  T R E N D Y O L  E Ğ İ T İ M İ
Ortalama ürün puanı: 
Etkili bir kriterdir. Ürünlerle alakalı yo-
rumlar yapılıyor ve puan veriliyor. Bu yorum-
lar kötü ve puanlarınız düşük ise, kalitesiz 
ürünler satıyorsanız, satıcı puanınız da doğal 
olarak düşecektir. Dolayısıyla satışlar azalır. 
Ürün puanınız düştükçe de o ürün satış açı-
sından daha kötü durumlara gelir. Satışlar gi-
derek daha da azalır.
Müşteri şikayet oranı: 
Müşterilerin satıcı olarak sizi ya da aldık-
ları ürünü şikayet etmeleri oranıdır. Ne ka-
dar düşük tutarsanız satıcı puanınız o kadar 
yüksek olur. Wallmart’ın kurucusu Sam Wal-
ton’un da dediği gibi: ”Sadece 1 patron vardır: 
Müşteri. O parasını başka yerde harcayarak, 
şirketteki genel müdürden en aşağıya kadar 
herkesi kovabilir.” Dolayısıyla müşteri mem-
nuniyeti sağlamanız, geçmişe yönelik verile-
rinizin saklandığı e-ticarette çok daha önem-
lidir. Sizi çok güzel noktalara da getirebilir 
veya işiniz sona ermesine de sebep olabilir.
24 saat içinde cevaplama oranı: 
Trendyol’da müşteriler size soru sorabili-
yor. Buna dönüş oranınız da önemlidir. 24 saat 
içinde dönüş yapmak iyidir. 1 saat içerisinde 
dönüş yapmak ise çok daha iyidir. Trendyol 
şu an için bu iki zaman dilimi ile değerlendir-
me yapmaktadır. 1 saat içinde dönüş yapan sa-
tıcıların puanlarını daha yüksek tutuyorlar. 
Eğer bu işe yeni başlıyorsanız, bence müşte-
rilerinizin sorduğu bütün sorulara yarım saat 
içinde, en kötü 1 saat içinde mutlaka cevap 
vermelisiniz. Bunu yaparsanız çok daha hızlı 
bir şekilde satıcı puanınız yükselecek ve satış-
larınız artmaya başlayacaktır.
Peki bu hususlarda yeterli olamadıysanız, 
bazı hatalar yaptıysanız ve satıcı puanınız 
kötü geldiyse o zaman ne olacak? Bu puan sü-
rekli kalıyor mu? Hayır. Satıcı puanınız her 
hafta hesaplanıyor. Bu hesapta da odak nok-
taları son 1 ay olacak şekilde ve son 3 aya göre 
hesaplama yapılır. Yani son 1 ayda işleri dü-
zelttiyseniz, hemen puanınız düzelmeye baş-
lıyor. 
Ayrıca Trendyol mağaza hesabınızdan sa-
tıcı puanınızı nasıl yükseltebileceğinize dair 
önerilerde bulunuyor. O önerileri uygularsa-
nız satıcı puanınız yükselecektir. Dolayısıyla 
başlarda hatalar yapmış olsanız da sonrasın-
da gayret göstererek puanınızı yükseltebilir-
siniz.
SATICI PUANI 
HER HAFTA 
YENİDEN 
HESAPLANIYOR
. V .
S a y f a  6 2 A’ D A N  Z ’ Y E  T R E N D Y O L  E Ğ İ T İ M İ
Görselden de anlayacağınız gibi satıcı puanınız 7’nin altındaysa çok 
kötü demektir. İyi bir satıcı olmak istiyorsanız 9’un üzerinde olmanız 
şart. Puanınız 9’un üzerinde olduğunda hem BuyBox’ta hem kendi liste-
nizde çok daha iyi satışlara ulaşabilirsiniz. Bu sebeple hedefiniz kesinlikle 
9 üzeri olmalıdır. Buradaki kriterlere dikkat ederek, maksimum oranda 
bu kriterlere uymakta fayda vardır.
. V .
VTv
17
S a y f a  6 3A’ D A N  Z ’ Y E  T R E N D Y O L  E Ğ İ T İ M İ
BUY BOX KRİTERLERİ
Satışta çok önemlidir. Çünkü çoğu ürün-
de birden fazla satıcı vardır. Dolayısıyla Buy-
Box’ı almak çok önemlidir. BuyBox’ı almak 
için en önemli olan 3 kriteri ele alacağım. Baş-
ka kriterler de var ama en önemli olanlar bu 
kriterler:
1. En düşük fiyat,
2. Mağaza puanı,
3. Kargo gönderim süresidir.
En düşük fiyat: 
Birinci öncelik en düşük fiyatı vermektir. 
BuyBox’ı kazanan genelde en düşük fiyatı ve-
rendir. Dolayısıyla çok satıcılı listelerde satı-
cılar fiyat kırarak BuyBox’ı almaya çalışırlar.
Mağaza puanı: 
Satıcı puanınız 8’in hatta 7’nin altınday-
sa, diğer satıcılardan düşük fiyat verseniz 
bile Trendyol size BuyBox’ı vermiyor. Çünkü 
Trendyol için önemli olan şey müşteri mem-
nuniyeti. Düşük puanlı satıcı demek, müşteri-
lere zamanında gönderim yapmayan, iadelere 
önem vermeyen, sorulara cevap vermeyen 
satıcı demek olduğu için size fiyatı düşürseniz 
bile BuyBox verilmiyor. Dolayısıyla satıcı pua-
nınız, mağaza puanınız her alanda sizi etkile-
diği için çok önemli.
Kargo gönderim süresi: 
Eğer diğer satıcılara kıyasla daha kısa süre-
de müşterilere ürünleri ulaştırabiliyorsanız, 
diğer kriterlerde de iyi iseniz Trendyol Buy-
Box’ı size verecektir.
Bu üç hususun da iyi olması durumunda 
Trendyol size buybox’ı verecektir.
. V .
S a y f a  6 4 A’ D A N  Z ’ Y E  T R E N D Y O L  E Ğ İ T İ M İ
Buybox’ı almak için rekabet koşullarından 
galip çıkmanız gerekmektedir. Bu sizin karı-
nızı bir miktar düşürecektir. Hatta fedakarlık 
yapmanız bile gerekebilir. Dolayısıyla yuka-
rıda da belirttiğim gibi en mantıklısı kendi 
markanızı oluşturarak sizin kontrolünüzde 
olan bir şekilde kendi listenizde satış yapma-
nızdır.
Burada güzel bir taktikte vereyim. Sizin lis-
tenizin aynısı oluşmuş olabilir. O listeden baş-
ka bir tane oluşturabilirsiniz. Bazen Trendyol 
buna izin veriyor. Normalde izin vermemesi 
lazım ama bazen veriyor. Bu şekilde aynı mar-
ka olan ürünü kendi listenizde oluşturur ve 
öne çıkarırsanız BuyBox’ı almanız kolay ola-
bilir. Fakat bu listeye de yine başkaları girme-
yecek diye bir durum yok. Marka sizin değilse 
yine BuyBox için farklı satıcıların girdiği bir 
liste haline geliyor.
BuyBox alma kriterleri bu şekilde ama 
bence en iyisi kendinizin, yani sadece sizin sa-
tıcısı olduğu listelerdir. Bunun içinde Private 
Label yani kendi markanızı oluşturduğunuz 
satışlar yapmak bence uzun vadede en man-
tıklısı olacaktır.
. V .
VTv
18
S a y f a  6 5A’ D A N  Z ’ Y E  T R E N D Y O L  E Ğ İ T İ M İ
Trendyol’da satış arttırma ile alakalı bazı ko-
nuları ele alacağım. 
1. Kampanyalara katılın: 
Trendyol’da satış yapmak istiyor ve satış-
larınızı arttırmak istiyorsanız kampanyalara 
katılmanız çok etkili olur. Çünkü Trednyol’un 
en etkili kullandığı yöntemdir. Trendyol kam-
panyalar döneminde her yere reklamlar verir. 
Bunu sizde görmüşsünüzdür. Dolayısıyla bence 
kampanyalar döneminde sizde her ay bu kam-
panyalara katılın. Bu kampanyaları Trendyol 
hesabınızdan görseldeki yolu izleyerek görebi-
lirsiniz.
SATIŞ ARTIRMA
YÖNTEMLERİ
görsel: Unsplash/CardMapr.nl
. V .
S a y f a  6 6 A’ D A N  Z ’ Y E  T R E N D Y O L  E Ğ İ T İ M İ
 Trendyol hesabında promosyonlar başlı-
ğı altında kampanyalara tıkladığınızda sizin 
için uygun olan kampanyaları gösteriyor. Za-
ten bu arada bu kampanyalarla alakalı sürekli 
olarak size mail de atıyor. Her hafta şu kam-
panyalar var, bunlara katılın tarzında öneri 
mailleri atıyor. Kampanyalara katılmak çok 
faydalı olacaktır. 
Bu süreçte siz kampanya yaptığınızda 
Trendyol’da komisyonundan kampanya ya-
pıyor. Bu da karınızı belli seviye de tutmanıza 
yardımcı olurken diğer yandan satışlarınızı 
artırmanızı sağlar. Fakat her ürün kampan-
yaya alınmaz. Bunun için stok durumunuzun 
fazla olmasını ister. Ürün puanınızın yüksek 
olması gerekir. Kampanyaya girmeden önce 
ürününüzü önceden hazırlamanız lazımdır. 
Kampanyalara bu şekilde katılabilirsiniz. 
Kampanyalara katılırsanız satışlarınız ciddi 
şekilde artacaktır.
2. İndirimler tanımlayın: 
İkinci yöntem olarak kendiniz indirim ta-
nımlayabilirsiniz. Sepette indirim, %10 indi-
rim, fiyat indirimi, totalde gibi indirimler ya-
pabilirsiniz.
3. Favorideki ürünlerin 
fiyatını azaltın: 
Favori ürünlerinizde özellikle indirim ta-
nımlarsanız satışlarınız hemen artış göstere-
cektir. Bence bu çok mantıklı olacaktır. Çün-
kü zaten favorideki ürünler insanların girip 
beğendiği ürünler ve bunları favorilere alı-
yorlar ki fiyatı düşünce kendilerine haber git-
sin ve alsınlar. Sizde ürünlerinizle alakalı fa-
vori listenize bakmalısınız. Bunu Pusula’dan 
Trendyol’un size önerdiği önermeleri değer-
lendirerek yapabilirsiniz. Trendyol siz satıcı 
olarak favori ürünlerde indirim uyguladığı-
nızda bununla ilgili müşterilere bildirimler 
göndererek sizin satışınıza destek olmaktadır. 
Dolayısıyla bildirim gittiği zaman satışlarınız 
direkt olarak artmaya başlıyor. Bu şekilde fa-
vorisi çok olan ürünlere indirim yapmak çok 
mantıklı bir hamle olacaktır.
. V .
VTv
S a y f a  6 7A’ D A N  Z ’ Y E  T R E N D Y O L  E Ğ İ T İ M İ
3. Influencer marketing: 
Bir diğer önemli olan konu ve Trend-
yol’un bütün dijital pazar yerlerinden hatta 
Amazon’dan bile daha iyi yaptığı iştir. İns-
tagram’da, Youtube’da ve birçok platformda 
Trendyol’un ürünleri tanıtılıyor. Mutlaka 
buna da denk gelmişsinizdir. Sizde ürünleri-
nizle alakalı influencerlar kullanabilirsiniz. 
Bu konuyla alakalı olarak illa ki 5-10 milyon-
luk hesaplara vermenize de gerek yok. Daha 
düşük sayıda takipçisi olan mikro influencer-
larla da bunu yapabilirsiniz. Diyelim ki bebek 
çantası ile alakalı olarak instagramda bir tane 
anne hesabına mesaj atarak, ürün göndere-
rek, anlaşarak değerlendirebilirsiniz.
Burada önemli olan influencerın mik-
ro mu yoksa makro mu olduğudur. İnfluen-
cer’ın etkisine göre anlaşma yapabilirsiniz. 
Az takipçisi olanlara sadece bedava ürün ve-
rebilirsiniz. Onlar sizin adınıza ürününüzün 
tanıtımını yapabilirler. Çok etkili olacağını 
düşündüğünüzde, hesabına girerek ürünleri 
paylaşmış mı? Paylaştığı ürünlerde etkileşim 
nasıl? Kaç yorum almış? Yorumlarda neler 
yazılmış? gibi faktörleri incelemeniz gerekir. 
Takipçi sayılarına çok aldanmayın derim. 
Çünkü bazı hesaplar bot hesaplarla ya da çe-
kilişlerle büyümüş olabiliyor. 
Önemli olan hesabın etkisidir. İnfluencer 
zaten etkileyici demektir. Dolayısıyla anlaş-
mayı düşündüğünüz influencerın etkisini he-
saplamanız gerekir.
görsel: Pexels.com/George Milton
. V .
S a y f a  6 8 A’ D A N  Z ’ Y E  T R E N D Y O L  E Ğ İ T İ M İ
 Youtube’da bir influencera reklam veri-
yorsanız, o insanın izlenmesine bakın. Yo-
rumları var mı? bunlara da bakın. Eğer çok 
etkili olacağını düşünüyorsanız belli bir ücret 
teklif edebilirsiniz. 50-100 bin takipçisi olan-
lar bir post paylaşımı şu kadar, bir hikaye pay-
laşımı şu kadar şeklinde fiyat verebiliyorlar. 
Bence başlangıç olarak mikro influencerlara 
sadece ürünlerinizi gönderin. Onlar sizin adı-
nıza ürününüzü tanıtsınlar. Bu şekilde sadece 
ürün maliyeti yüklenmiş olursunuz. Böylece 
Trendyol’a dışarıdan müşteri çekebilirsiniz. 
Trendyol zaten bu şekilde dışardan gelen tra-
fiği seviyor. 
Dışarıdan sizin ürününüze trafik geldikçe 
Trendyol sizin ürününüzü daha da ön plana 
çıkacaktır. Bu husus önemli bir konu olup, 
mutlaka değerlendirmenizi tavsiye ederim.
Influencer marketing’e iyi bir örnek olarak 
Selin Ciğerci hesabını gösterebiliriz. Trend-
yol’da yaklaşık 60 milyon TL’lik bir ciroya 
sahip. Hesabında kendi ürünlerini tanıtarak 
çok ciddi satışlar yapıyor. Ürünlerine baktı-
ğınızda mükemmel ürünler olmasa da çok 
etkili bir şekilde tanıtıyor ve çok yüksek satış 
rakamlarına ulaşıyor. Dolayısıyla bu etkiyi 
kullanmak satışlarınızı artırmak adına önem-
lidir.
. V .
VTv
S a y f a  6 9A’ D A N  Z ’ Y E  T R E N D Y O L  E Ğ İ T İ M İ
4. Reklamlar yapın: 
Trendyol’un reklam modüllerinden rek-
lam verebiliyorsunuz. Reklam verdiğinizde 
ürünlerinizi daha önde gösteriyor. Hesabını-
za girip reklam yönetimi bölümüne girerek 
reklam verebilirsiniz. Nasıl göründüğünü de 
size göstereyim.
Satıcının seçimi dediği ürünler reklamı 
verilen ürünlerdir. Sizde reklam vererek öne 
çıkabilirsiniz. Bu sizi daha görünür yapar. 
Sponsorlu ürünler olarak görünen ürünlerde 
yine reklamı verilen ürünlerdir. 
Bunlarda ön sıralarda görünerek fayda 
sağlarlar. Reklam vermedeki esas amaç daha 
fazla görünür olmaktır. Denemeler yaparak 
dönüşleri test edebilirsiniz. Dönüşlere göre 
reklamlara ayırdığınız bütçeyi artırabilirsi-
niz. Trendyol bu reklam modelini yeni kurdu. 
Bu yüzden çok fazla geri dönüş alamayabilir-
siniz ama sonuçta görünürlüğünüz artacak-
tır. Dolayısıyla bu sizin satışlarınıza da olum-
lu katkı sağlayacaktır.
görsel: Pexels.com/George Milton
. V .
19
S a y f a  7 0 A’ D A N  Z ’ Y E  T R E N D Y O L  E Ğ İ T İ M İ
Pusula nedir? 
Mağazanızın Trendyol tarafından değer-
lendirilmesinin yapıldığı bir uygulamasıdır. 
Mağazanız ile alakalı önerilerde bulunurlar. 
Eğer bu önerilere uyarak mağazanızı güncel-
lerseniz satışlarınız ciddi anlamda artıyor.
Hesabınızdan pusula ya girdiğinizde karşı-
nıza;
• Satış & operasyon raporları,
• Satış arttırıcı raporlar,
• Değerlendirmelerim,
Bölümlerini çıkarıyor ve size birçok öne-
ride bulunuyor. Örnek olarak favorilere alı-
nan ürünleriniz var, indirim yapın diyor. Şu 
ürünleri kampanyaya sokun, şu ürünlere rek-
lam verin, iade oranlarını düşürün vb. birçok 
öneride bulunuyor. 
Bu bölümü incelemek gerçekten çok fay-
dalı. Buradaki raporları incelemek, değerlen-
dirmek ve aksiyona geçirmek satışlarınızı ar-
tıracaktır. Trendyol, haftada 2 veya daha fazla 
pusula raporlarını inceleyenlerin %33 oranın-
da satışlarının artmasına yardımcı olduğunu 
belirtiyor.
 Tabii burada sadece raporları incelemek 
değil, sonrasında aksiyona geçirmek de satış-
larınızı artırır.
Örnek olarak iyi satan ve tükenen ürünü-
nüz var diyelim. Pusuladan bu ürünün tü-
kendiğini gördüğümüzde hemen daha fazla 
stok girmemiz gerekir. Diğer bir örnek olarak 
iade oranı yüksek olan ürünleri bize gösteri-
yor. İade oranı yüksek ürünler sizin puanınızı 
düşürüyor. Sizin bu ürünleri daha fazla sat-
mamanız lazım ki satıcı puanınız düşmesin. 
Bu şekilde daha birçok önerisi var. Pusula 
ekranını yavaş yavaş geliştiriyorlar. Bence bu 
raporları ve verileri dikkatli bir şekilde değer-
lendirin ve analiz edin. Satışlarınız bence cid-
di oranda artacaktır.
Şimdi Trendyol satışlarımızı dışardan 
daha da nasıl artırabiliriz? Bunun cevabını 
bulmaya çalışalım.
PUSULA
. V .
VTv
20
S a y f a  7 1A’ D A N  Z ’ Y E  T R E N D Y O L  E Ğ İ T İ M İ
Trendyol’da satışlarınızı çok daha fazla ar-
tırmak istiyorsanız, biraz daha dışardan gelen 
trafiğe önem vermek gerekiyor. Bu da dijital pa-
zarlama yöntemleriyle mümkün olabilir. 
Bu konu ile alakalı birçok yöntem var. Ço-
ğunlukla instagram üzerinden daha başarılı 
olabilirsiniz. Yani instagram ve facebook üze-
rinden ürünlerinizi daha fazla görünür kılmak 
için reklamlar verebilirsiniz. Trendyol’un ken-
di reklamları da var ama bu konuyla ilgili detay-
ları öğrenmeniz gereklidir. 
Bence dijital pazarlamanın esas amacı ken-
di müşteri portföyünüzü oluşturmaktır. Bunu 
kendi web sitenizle yapmanız çok daha verim-
li olacaktır. Bence Trendyol’da satışınızı yapın 
ama kendi web sitenize de yatırım yapmaktan 
geri kalmayın. Mesela bir instagram hesabı 
açın, ürünlerinizi orada da paylaşın. O hesabı-
nızı sürekli büyütmeye çalışın. Böylece “sadık 
müşteri oluşturma” hedefinize daha çok yak-
laşmış olursunuz. Fakat o seviyeye gelene kadar 
aşağıdaki platformlar aracılığı ile işinizi büyüt-
meli ve “sadık müşteri kitlesi” oluşturma yo-
lunda ilerlemelisiniz.
DİJİTAL PAZARLAMA
görsel: Unsplash/CardMapr.nl
. V .
S a y f a  7 2 A’ D A N  Z ’ Y E  T R E N D Y O L  E Ğ İ T İ M İ
• İnstagram
• Facebook
• Pinterest
• TikTok 
• Telegram grupları
• Email marketing
• Chatbot marketing
Sonuçta Trendyol’da müşteriler aslında 
trendyol’un müşterisi olup sizin kendinize 
müşteri bulmanız lazım. Örnek olarak sizin 
ürün sattığınız bir müşteri ile iletişim kurma 
imkanlarınız sınırlı olup Trendyol bunu kısıtla-
maktadır. Dolayısıyla müşterilere Trendyol’un 
müşterisi diyebiliriz. Dolayısıyla sizin kendi 
müşteri kitlenizi oluşturup, onlara tekrar mail 
atabiliyor olmanız gerekiyor ya da onlara rek-
lam çıkabiliyor veya indirim yapabiliyor ol-
manız gerekir. Bunun için de dijital pazarlama 
yapmanız lazım. Kendi instagram, facebook 
sayfanızı oluşturup, buraları aktif olarak kul-
lanmanız lazım. Bunlar bir marka olmanızı 
sağlayacak konular, yukarıda ki araçları etkili 
bir şekilde kullanarak yavaş yavaş bunu başara-
bilirsiniz.
Trendyol’un telegramda indirim grupları 
olup bunlara da katılabilirsiniz. Email mar-
keting yapabilirsiniz. Diğer yandan chatbot 
marketing son dönemde önemli bir yere geldi. 
İnsanlara chatbotlar aracılığı ile mail atarak, 
mesaj atarak satışlarınızı artırabiliyorsunuz. 
Dolayısıyla insanlar yavaş yavaş sizin sadık 
müşteriniz olmaya başlıyor. E-ticareti uzun so-
luklu yapmak istiyorsanız, bunlar önemli ve 
kullanılması faydanıza olacak etkenler.
. V .
VTv
21
S a y f a  7 3A’ D A N  Z ’ Y E  T R E N D Y O L  E Ğ İ T İ M İ
Trendyol’da işlerinizi iyi yürütmediğiniz za-
manlarda Trendyol size ceza da kesiyor. Aşağı-
da belirttiğim hususlar gerçekleştiğinde Trend-
yol size ceza kesecektir.
• Tedarik edememe
• Gecikme cezaları
• Kusurlu, yanlış, eksik ürün gönderimi
• Pazarlama cezaları
• Sahte ürün
Trendyol operasyon uygulamaları diye bir 
bölüm var. Bunu pdf olarak indirebilirsiniz. 
Yazının aşağı kısmında da tamamını paylaştım. 
Örnek olarak siz bir ürünü tedarik edemediği-
nizde hem satıcı puanınız düşüyor hem de te-
darik edemediğiniz ürün başına ceza ödüyor-
sunuz. Aynı şekilde termin süresi içinde teslim 
edilemeyen ürünlere de yine ürün başı olacak 
şekilde termin süresine bağlı olarak ceza ödü-
yorsunuz. Kusurlu, yanlış ve eksik ürünlerde de 
tabii ki bir ceza uygulaması oluyor. 
görsel: Unsplash/CardMapr.nl
TRENDYOL’DA
CEZALAR
. V .
S a y f a  74 A’ D A N  Z ’ Y E  T R E N D Y O L  E Ğ İ T İ M İ
Aşağıda ayrıntılı olarak yaptığınız kusurlar karşılığında kesilen cezalar görünmek-
tedir.
Sizin zaten burada yazan hatalardan kaçınmanız gerekir. Fakat bilmeyerek ya da 
hata ile bunları yaptığınızda bu listeyi bilmenizde fayda var. 
Ayrıca sözleşmeye uygun hareket etmezseniz daha büyük cezalar da kesilebiliyor. Me-
sela bunlardan biri; ürün açıklamasında, bilgilendirme kısmında kendi sitenize ya da 
satış sayfalarınıza yönlendirmeler vs. olduğunda yüklü cezalar ödemek zorunda kalabi-
lirsiniz. Sahte ürün sattığınızda da yine yüklü cezalar kesiliyor. Bunları bilmekte fayda 
var. Dolasıyla şartları başta ayrıntılı bir şekilde okumak ve anlamak çok önemlidir.
TRENDYOL OPERASYON UYGULAMALARI
Müşterilerimize en iyi deneyimi yaşatmayı hizmet anlayışımızın merkezine koyuyoruz ve aynı dene-
yimi iş ortaklarımızın da yaşatmasını bekliyoruz. Ortak çalışma prensiplerimizi bu doğrultuda oluştu-
ruyoruz.
Siparişlerle ilgili sorun yaşanması durumunda hem müşteri memnuniyetini korumak hem de olum-
suz deneyimi telafi etmek amacıyla müşterilerimize belirli tutarlarda hediye çekleri tanımlıyoruz. Sipa-
rişlerle ilgili farklı sorunlarda ve bu durumlarda sizlere yansıtılacak bedelleri de aşağıdan inceleyebilir-
siniz. 
Tedarik Edilemeyen Ürünler: 
Tedarik edememe sebebiyle iptal edilen ürünlerin tespiti durumlarında aşağıdaki bedeller, iptal edi-
len ürün başına tarafınıza yansıtılacaktır.
 0-500 TL fiyatlı ürünler: 25 TL/ürün 
500-1.000 TL fiyatlı ürünler: 50 TL/ürün 
1.000 TL ve üzeri fiyatlı ürünler: Maksimum tutar 300 TL olacak şekilde; ürün fiyatının %5’i 
Geciken Ürünler:
Ürünlerinizi taahhüt ettiğiniz termin süresi içinde kargoya teslim etmediğiniz durumlarda aşağıda-
ki bedeller, geciken ürün başına tarafınıza yansıtılacaktır.
Termin süresi + 1-2 gün: 5 TL/ürün 
Termin süresi + 3-4 gün: 10 TL/ürün
Termin süresi + 5 gün 15 TL/ürün 
Kusurlu/Yanlış/Eksik Ürünler: 
Kusurlu ve Yanlış gönderilen her ürün için 10 TL’lik bedel tarafınıza yansıtılacaktır. Eksik adette gön-
derilen her ürün için 25 TL, parça veya aksesuarı eksik gönderilen her ürün için ise 10 TL’lik bedel tara-
fınıza yansıtılacaktır.
. V .
VTv
22
S a y f a  7 5A’ D A N  Z ’ Y E  T R E N D Y O L  E Ğ İ T İ M İ
Bu aşamaya kadar anlattığım süreçte zaten 
ben size genel itibari ile Private Label, Butik 
Marka nasıl oluşturulur? E-ticarette daha etkili 
satıcı nasıl olursunuz? Bunları anlattım. Marka 
tescili burada en önemli aşamalardan biridir. 
Neden? Çünkü hatırlarsanız BuyBox’ta tek sa-
tıcı olmak istiyorsanız marka tescili yaptırarak 
diğer satıcıları o listeden attırabiliyorsunuz. 
Tek satıcı olarak devam edebiliyorsunuz.
 Bu sebeplerle marka tescili bence bu işin ol-
mazsa olmazıdır. Hatta bu işe ilk başladığınızda 
eğer bütçeniz varsa markanızı tescil ettirerek 
başlamanız çok mantıklı. Çünkü hem 250-1000 
TL arasında uygun bir masrafla kendiniz ya da 
bir aracı vasıtasıyla yapabiliyorsunuz, hem de 
satışlarınız ve karınız daha yüksek oluyor. Bu 
süreç yaklaşık 4-5 ay sürüyor. Aslında e-ticarete 
yeni başladığınızda bunu yapsanız çok daha iyi 
olur. Çünkü 4-5 ay boyunca satış yapacaksınız. 
O ana kadar marka tesciliniz onaylanmadığı sü-
rece listenize başkaları girip satış yapabilir. Bu 
süreçte mağazanızı korumak ve listenize başka 
satıcıların girmemesi için e-ticarete girerken 
marka tescilinizi yaptırmanız bence çok önem-
li bir husus.
görsel: pexels.com/ Eva Elijas
MARKA TESCİLİ
. V .
23
NAKİT AKIŞINIZI İYİ 
YÖNETMEZSENİZ KAR ETSENİZ DAHİ 
BATABİLİRSİNİZ
S a y f a  7 6 A’ D A N  Z ’ Y E  T R E N D Y O L  E Ğ İ T İ M İ
Birçok şirket kar ederken batıyor. Neden 
böyle söylüyorum? Çünkü Trenyol’da paranı-
zın size dönüş süresi şu anda biraz daha kısal-
tılmış olsa da genel olarak yaklaşık 45 gündür. 
Yani siz ürününüzü sattınız, ürünler müşteriye 
ulaştı, yani ödeme yapıldı. Bu andan itibaren 
size paranızı 45 gün sonra yatırıyor. Bu da satış 
yapmanıza rağmen uzun bir süre elinize para 
geçmeyecek demektir.
Diyelim ki siz tedarikçinizden 10 bin TL’lik 
ürün aldınız. Trendyol’dan hepsini sattınız. 
Ama para 45 gün sonra elinize geliyor. Bu süreç 
içerisinde elinizde para olması gerekir çünkü 
büyük ihtimalle yeni ürün almanız gerekecek.
İlk etapta elinizde ki paranın 3’te 1’i ile ürün 
almanızı tavsiye ederim. Çünkü paranızın hep-
si ile ürün alırsanız. 2. ürünleri alamazsanız, 3. 
ürünleri alamazsınız. Bu sebeplerle kar edebil-
meniz için nakit akışınızı çok dikkatli bir şekil-
de yönetmeniz lazım. Aksi takdirde kar etme-
niz çok zor olacaktır.
Yine hatırlatayım elinizdeki paranın 1/3’ü 
kadar ürün almanız lazım. Geri kalanını na-
kit akışını yürütmek için kullanmanız lazım. 
Trendyol zaman zaman bu süreyi düşürüyor. 
Özellikle pandemi süreci olması sebebiyle bu 
süreler düştü fakat genel olarak bu süre uzun. 
Normal de 45 gün. Diğer platformlarda bu süre 
biraz daha az. 
Trendyol için konuşmak gerekirse nakit 
akışınızı yönetmek için planlı hareket etmeniz 
gerekir. Bunu yönetemezseniz kar etseniz bile 
gerçekten batıyorsunuz. Çünkü tedarikçinize 
para veremiyor ve daha birçok masraf yapmak 
zorunda kalabiliyorsunuz. Bu masrafları aylık 
olarak karşılıyorsunuz. Ürünleri vadeli olarak 
alamamış peşin çalışmış olabilirsiniz. Dolayı-
sıyla Trendyol size paranızı verene kadar işleri-
nizi yürütebileceğiniz kadar paranızın elinizde 
olması gerekir.
NAKİT AKIŞI
. V .
VTv
24
S a y f a  7 7A’ D A N  Z ’ Y E  T R E N D Y O L  E Ğ İ T İ M İ
Artık Trendyol eğitiminin sonuna geldik. 
Trendyol’da satış yapın. Bu güzel ama ben dün-
yaya açılmanızı da tavsiye ederim. Şu anda do-
lar-TL farkı olsun, ekonominin gidişatı olsun 
çok cezbedici bir tablo yok maalesef. Dolayısıy-
la Türkiye’de bir iş yapıyorsanız, ihracat yap-
mak sizi kurtaracak bir etki oluşturabilir
Ticaretinizi Türkiye’de yaparken bir yandan 
da aynı ürünleri Dünya’ya da satmaya çalışma-
nızı tavsiye ederim. Bir pazara bağlı olmaktan-
sa birkaç pazarda satmanız sizin için riski düşü-
rür ve iyi stratejilerle kazancınızı arttırmanızı 
sağlar.
Bu işe de tabii ki de en başta AMAZON ile 
başlamanızı tavsiye ederim. Amazon şu anda 
dünyanın en büyük pazarı. Gelir olarak Tür-
kiye’nin gelirinden daha fazla geliri var. Aylık 
Amazon ziyaretçisi sayısı yaklaşık 3 milyar. Bu 
rakam şu an Trendyol’un 15 katı. 
TL ile üretip, masraflarınızı karşılayıp, ihra-
cat yaparak dolar, euro, pound kazanmak bence 
şu anda sizin için çok kazançlı olacaktır. Burada 
en önde gelen platform Amazon’dur. Avantajla-
rı da oldukça fazla. Örnek olarak Türkiye’de ol-
mayan bir satış modelinden kısaca bahsedeyim.
Bu Amazon FBA modelidir. Bu modelde 
ürünleri siz toplu olarak gönderiyorsunuz, 
ürünler amazon depolarına giriyor, daha sonra 
ürünler satıldığında amazon bu ürünleri kendi-
si kargoluyor ve müşterilere 2 gün içinde ulaş-
tırmaktan Amazon sorumlu oluyor. İadeler ve 
müşteri hizmetleri ile Amazon ilgileniyor. Siz 
buradan ürünlerinizi gönderdikten sonra sa-
dece satışları yönetiyorsunuz. Türkiye’de satış 
yaparken kargo ile uğraşmanız, iadelerle ilgi-
lenmeniz, müşteri hizmetlerini yapmanız sizin 
için yorucu olabilir. Bence Türkiye’de sattığı-
nız ürünleri dünyadaki platformlarda da satın. 
Hem Türkiye’de TL kazanın hem de Amazon-
dan dolar kazanın. Bu şekilde ilerlerseniz çok 
daha başarılı sonuçlara ulaşabilir ve yeni gelir 
kaynaklarına sahip olabilirsiniz.
Sizlere bu işleri nasıl yapabileceğinize dair 
birçok konuyu anlattım. Bu eğitimi okudu-
ğunuzda Trendyol’a yeni başladıysanız ya da 
Trendyol’da hali hazırda satış yapıyor fakat iyi 
durumda değilseniz bence kendinizi geliştire-
bileceğiniz çok fazla şey öğrenmiş olmalısınız. 
Artık bu öğrendikleriniz ile aksiyona geçmeniz 
gerekir.
DÜNYAYA AÇILIN
. V .
S a y f a  7 8 A’ D A N  Z ’ Y E  T R E N D Y O L  E Ğ İ T İ M İ
Bu konuların tabii ki daha fazla detayları 
var. Bunları nasıl öğrenebilirsiniz? Bu biraz 
sizin zamanınıza bağlı. İsterseniz araştırarak 
öğrenebilirsiniz. Trendyol’un kendi akademisi 
var, oradan da bilgi sahibi olabilirsiniz. Youtu-
be’dan videolar ile öğrenebilirsiniz ya da eği-
timler alarak, danışmanlarla ilerleyebilirsiniz. 
Birçok yöntem var. Bunlara siz karar verecek-
siniz. Bunlar biraz daha hızınıza ve araştırma-
cı olmanıza bağlı. Eğer araştırmacı biriyseniz 
youtube’dan, trendyol’dan araştırarak öğrene-
bilirsiniz. Daha düzgün, sistematik ilerlemek 
istiyorum derseniz. Eğitimler bu konu ile ala-
kalı olarak çok daha hızlı bir şekilde sizi adapte 
edecektir.
Trendyol eğitimi burada sona erdi. Son iki 
bölümde Trendyol ile ilgili araştırma raporu 
ve 2020 yılı E-Ticaret Raporunu inceleyeceğiz. 
Trendyol eğitimi umarım faydalı olmuştur. 
Ayrıca Udemy platformunda birçok eğitim 
bulabilirsiniz.
Amazon, e-ticaret, n11, Trendyol ve daha 
fazla konuda eğitimlerime ulaşabilirsiniz.
Şu anda 220.000 üzerinde öğrencim var.
15.000 üzerinde yorum yapılmış.
4.6 eğitmen puanım oluşmuş durumda.
Eğer ticaretinizi dünyaya taşımak istiyor-
sanız, ben size özellikle uzmanlık alanım olan 
Amazon eğitimlerini tavsiye ederim. 
Dünya’da e-ticaret yapmak istiyorsanız 
Amazon bu iş için çok güzel ve kazançlı bir pa-
zar yeri.
Amazon ile ilgili bir başlangıç kitabına sa-
hip olmak isterseniz. Bize ulaşarak 100 sayfalık 
“Amazon Başlangıç Rehberi” ne sahip olabilir-
siniz.
. V .
VTv
25
S a y f a  7 9A’ D A N  Z ’ Y E  T R E N D Y O L  E Ğ İ T İ M İ
Bağımsız araştırma kuruluşu PAL, Trendyol’un Türkiye ekonomisine etkilerini inceledi. Bu 
rapordan bazı verileri aşağıda sizinle paylaşmak istiyorum.
TRENDYOL’UN TÜRKİYE 
EKONOMİSİ ÜZERİNE
ETKİLERİ
. V .
S a y f a  8 0 A’ D A N  Z ’ Y E  T R E N D Y O L  E Ğ İ T İ M İ
. V .
VTv
26
S a y f a  8 1A’ D A N  Z ’ Y E  T R E N D Y O L  E Ğ İ T İ M İ
E-TİCARET RAPORU
2020 YILI
Bu bölümde T.C. Ticaret Bakanlığının yayımlamış olduğu 2020 Yılı E-Ticaret Raporunu de-
ğerlendireceğim. Bu istatistiklere https://www.eticaret.gov.tr ‘den siz de ulaşabilirsiniz.
Öncelikle e-ticaret faaliyetinde bulunan işletmeniz varsa ya da e-ticaret yapmak istiyorsanız 
bu verileri okumanızı tavsiye ederim. Çünkü aşağıdaki verilerde de bunu çok net bir şekilde an-
layacaksınız. Artık e-ticarette öne çıkabilmek için verilere daha çok hakim olmak gerekmekte-
dir. Ticaretinizi geliştirmek ve genişletmek için bu veriler ışığında hareket etmek ve veri analizi 
yapmak günümüzde gereklilik haline gelmiştir.
E-ticaret faaliyetinde bulunan işletme sayılarının 2019 ile 2020 yılları arasındaki değişimine 
göz atalım.
Pazar yerlerinde faa-
liyet gösteren işletme sa-
yısı %331 artış göstermiş-
tir. Bu istatistik ticaretin 
gittiğini noktayı bize çok 
çarpıcı bir şekilde gös-
termektedir. E-ticaretin 
hızlı yükselişine birde 
Covid-19’un etkisi ekle-
nince artış çok daha hızlı olmuştur. İşletmelerin kapalı olması ve insanların da evlerinde otu-
ruyor olması ticaretin gelenekselden, internet ortamına geçmesinde büyük bir ivme kazan-
dırmış ve şu anda e-ticaret çok ciddi seviyelere ulaşmıştır. Burada rakamsal olarak 247 bin 
işletme hesap açmış olarak görünüyor olsa da aktif satıcı rakamları buna göre daha azdır. En 
son Trendyol ile yaptığımız görüşmede bu aktif satıcı sayısının 120-130 bin olduğunu fakat her 
ay 10-15 bin aralığında yeni satıcıların eklendiğini söylemektedirler. (Bu hızla devam edeceği-
ni düşünürsek, 2021 yılı sonunda pazar yerlerinde satış yapan işletme sayısı tahminen 350-400 
binlere ulaşacaktır.
. V .
S a y f a  8 2 A’ D A N  Z ’ Y E  T R E N D Y O L  E Ğ İ T İ M İ
Şimdi bu satıcıların ka-
çının hangi şehirde olduğu-
na bakalım. Doğal olarak 
İstanbul %43 oran ile açık 
ara önde bulunmaktadır. 
Ardından Ankara ve İzmir 
onu takip etmektedir. Ar-
dından sırasıyla diğer bü-
yük şehirler gelmektedir.
2019 yılında 136 milyar 
TL olan e-ticaret hacmi 
%66 artış göstererek 2020 
yılında 226.2 milyar TL’ye 
ulaşmıştır. E-ticaret sipariş 
sayıları da 2019 yılına göre 
%68 artış göstererek 2.29 
milyar adet siparişe ulaş-
mıştır.
Diğer yandan ihracatın 
içinde artık e-ihracat da 
belli bir paya sahip olmaya 
başlamıştır. Günümüzde 
bizim şirketimiz gibi birçok 
işletme e-ticaret yaparken, 
e-ihracatta yapmaya başla-
mıştır. Şu an için bu oran 
genel ihracatın %1.3’ünü 
oluşturmaktadır. Önümüz-
deki yıllarda çok daha hızlı 
artacaktır. 
. V .
VTv
S a y f a  8 3A’ D A N  Z ’ Y E  T R E N D Y O L  E Ğ İ T İ M İ
E-ticaret ile geleneksel ticareti karşılaştırmamız gerekmektedir. Genel olarak geleneksel ti-
caretin payı e-ticaretin payına göre çok daha fazladır. Fakat bu trend hızlı bir şekilde değişmek-
tedir. E-ticaret, geleneksel ticaret ile aynı seviyeye geliyor diyebiliriz. Aşağıdaki grafikte, gele-
neksel ticaret ve e-ticaret arasındaki farkı görebilirsiniz.
2020 toplamında 226.2 milyar TL e-ticaret yapılmışken genel ticaret 1431 milyar TL seviye-
sindedir. (Tabloda 2020 yılında geleneksel ticaretin 2019 yılına göre artışı sadece %3’tür. Fakat 
2020 yılında e-ticaret 2019 yılına göre %66 artış göstermiştir. Artışı kıyasladığımızda e-ticaretin 
yükselişi, geleneksel ticaretin yükselişinin 22 katıdır. Bu rakam ticaretin, hangi şekilde devam 
edeceğinin en büyük göstergelerinden birisidir.
. V .
S a y f a  8 4 A’ D A N  Z ’ Y E  T R E N D Y O L  E Ğ İ T İ M İ
Bir sonraki tabloda, e-ticaretin geleneksel ticarete oranını göreceğiz. 2019 yılında e-ticaretin 
genel ticarete oranı %8’lerde iken 2020 sonlarında bu rakam %18-19’lara çıkmış durumdadır. Bu 
tablodan, e-ticaretin artışının ne kadar hızlı olduğunu görebilirsiniz. E-ticaretin giderek gele-
neksel ticareti yakalayacağını düşünüyorum. Bu oran şu anda Amerika’da yaklaşık olarak %50-
%50 seviyesindedir ve e-ticaretin oranı giderek artmaktadır.
Şimdi de hangi kategorilerde hangi sektörlerde bu artışın daha fazla olduğunu inceleyelim. 
Beyaz eşya ve küçük ev aletlerinde %129 ile ciddi bir artış olmuştur. Oransal olarak en büyük ar-
tışta %283 ile gıda ve süpermarket alanında gerçekleşmiştir. Tabii ki neredeyse bütün alanlarda 
artış vardır.
. V .
VTv
S a y f a  8 5A’ D A N  Z ’ Y E  T R E N D Y O L  E Ğ İ T İ M İ
Bunun yanında azalış gös-
teren sektörler de olmuştur. 
Covid-19’un çok ciddi etkile-
diği havayolları, seyahat ve 
konaklama, eğlence ve sanat 
gibi sektörlerde bu düşüş ya-
şanmıştır.
Ödemelerin nasıl yapıldığına dair bir istatistik aşağıda verilmiştir. Kartlı işlemlerin sepet tutar-
ları, havale/eft ile ödeme ve kapıda ödeme ile yapılan işlemlerin sepet tutarına göre çok daha fazla-
dır. Ortalama sepet tutarı da yaklaşık 100 TL’dir. Bu bilgi bence ürünlerimizin fiyatlarını belirleme 
ve sepette ekstra ürün ekleme tavsiyeleri yapma konusunda satıcılar için önemli bir bilgidir.
. V .
S a y f a  8 6 A’ D A N  Z ’ Y E  T R E N D Y O L  E Ğ İ T İ M İ
Cinsiyete göre dağılımın gösterildiği görsel aşağıdadır. Burada erkeklerin kadınlara göre 
daha fazla alışveriş yaptığı görülmektedir. Diğer yandan platform türlerine göre hangi plat-
formda daha aktif olarak alışveriş yapıldığını görüyoruz. %63 oranında mobilden, %25 oranın-
da web üzerinden alışveriş yapılmaktadır.    
Burada satıcıların satış sayfalarının mobile uyumlu olması ve mobil uygulamalar kullanma-
sının ne kadar önemli olduğu anlaşılmaktadır.
Diğer bir istatistikte en fazla alışveriş yapan iller gösterilmektedir.
. V .
VTv
S a y f a  8 7A’ D A N  Z ’ Y E  T R E N D Y O L  E Ğ İ T İ M İ
Burada biraz şaşırtıcı bir istatistik ile karşılaştım. E-ticaretin günlere göre dağılımı… Normal-
de hafta sonu satışlarının daha yüksek olacağı düşünülse de  en düşük oranlar hafta sonu gerçek-
leşmiştir. Pazartesi ve salı günlerinin hacmi diğer günlere oranla daha yüksek durumdadır. Yine 
burada bence verileri okumanın ne kadar önemli olduğu ortaya çıkıyor. Örnek verecek olursak ve-
rileri okumayan, istatistiklere bakmayan bir satıcı kendince hafta sonu satışlarının iyi olacağını 
düşünerek hafta sonu için kampanya yaptığında satışlarındaki artış, verileri analiz ederek pazar-
tesi ve salı günü kampanya yapan satıcıya göre çok daha düşük olacaktır.
Aylara göre dağılım tablosunuda baktığımız zaman, Kasım ve Aralık aylarının öne çıktığını gö-
rüyoruz. Bunun sebebi, pazar yerlerinin bu aylarda ekstra kampanya yapmalarını gösterebiliriz. 
Bu kampanyalar sayesinde çok yüksek sayılarda satışlar yapılabilmektedir. 
. V .
S a y f a  8 8 A’ D A N  Z ’ Y E  T R E N D Y O L  E Ğ İ T İ M İ
Yandaki görselde ise Ti-
caret Bakanlığının E-Ticaret 
Bilgi Platformunu kullanan 
kullanıcılara ilişkin istatistik-
ler yer almaktadır. Bu da bize 
E-Ticaretle ilgilenenler hak-
kında bilgi veriyor.
Bir sonraki veride işletmelerin kaç aracı hizmet sağlayıcı ile çalıştığını göstermektedir. Aracı 
hizmet sağlayıcı kapsamında, ağırlıklı olarak satış platformları bulunmaktadır. Bunun yanın-
da e-mail hizmetleri ve benzeri alanlarda aracı hizmet sağlayıcılar kapsamına alınmıştır. İşlet-
meler %72 oranında bir aracı hizmet sağlayıcı bünyesinde satış yapmaktadırlar. Bu oran bana 
göre; ilerleyen dönemde düşecektir. Çünkü satıcılar çoğu platformda olmak isteyeceklerdir. Bu 
konuda platformlar da artık birbirleri ile rekabet ettikleri için üç-dört platform da birden satış 
yapan işletme sayılarının artacağını düşünüyorum.
. V .
VTv
S a y f a  8 9A’ D A N  Z ’ Y E  T R E N D Y O L  E Ğ İ T İ M İ
Yukarıdaki istatistiklerde; ödeme yöntemi olarak çoğunlukla kartlı işlemler olsa da havale-eft 
ile ödeme oranlarının da belirli oranda yer tuttuğunu, ayrıca E-Ticaret gönderilerinin toplam 
gönderilerdeki payının yüzde altmış olduğunu görüyoruz.
Aşağıdaki görselde de sektörlere göre iade-iptal işlemlerinin dağılımlarını görülmektedir.
. V .
S a y f a  9 0 A’ D A N  Z ’ Y E  T R E N D Y O L  E Ğ İ T İ M İ
Bu veri ay bazında artışların önceki yıla göre nasıl gerçekleştiğini göstermektedir. İn-
celediğiniz de genel olarak artışların çok ciddi rakamlar olduğunu görebilirsiniz.
Yukarıdaki verilerde sektör bazlı taksitli ve peşin alışveriş oranları ile sepet tutarları 
verilmiştir.
. V .
VTv
S a y f a  9 1A’ D A N  Z ’ Y E  T R E N D Y O L  E Ğ İ T İ M İ
Görüşmek üzere. İyi günler.
Ticaret Bakanlığının yayınlamış olduğu bu 
raporu sizde inceleyebilirsiniz. İncelemenizin 
faydalı olacağını düşünüyorum. E-ticaret hac-
minin ne kadar arttığını sizde gördünüz. Tabii 
ki burada rekabetin giderek artacağı ortadadır. 
Hacim giderek artmakta, birçok insan giderek 
internetten alışveriş yapmaya başlamaktadır. 
Ama bizim için burada en önemli olan konu re-
kabettir. 
Rekabet de doğal olarak hızla artıyor. Hatır-
latmak isterim ki şu an 256 bin işletme e-tica-
rette faaliyet göstermektedir. Bu rakam 2019 
yılında, sadece 68 bin kişiydi. 2021 yılında aca-
ba kaç olacak? Rekabet arttıkça, bu alanlarda 
fark ortaya koymak gereklilik haline gelmiştir. 
Marka oluşturmak ön plana çıkmakta, Farklı 
satış taktiklerini kullanmak ön plana çıkmak-
ta, pazar yerlerinin algoritmalarını iyi anlaya-
rak yenilikçi satış taktiklerini etkili bir şekilde 
kullanmak ön plana çıkmaktadır.
Türkiye, e-ticaret alanında hızlı gelişen ve 
büyüyen bir ülkedir. Diğer ülkelere kıyasla bu 
alanda çok hızlı ilerleyen bir ülkeyiz.
Peki, satıcı ya da satıcı adayı olarak bizi neler 
ilgilendiriyor? Öncelikle Rakiplerimizin çok 
arttığını bilmek gerekiyor. Rakipler arttıkça da 
kar marjları yavaş yavaş düşecektir. Bu sebeple 
fark ortaya koymak, daha iyi satıcı olmak, daha 
bilgili satıcı olmak önemli hale geliyor. Daha 
da önemlisi verileri kullanarak, okuyarak satış 
yapmak çok önemlidir. Burada bir örnek vere-
rek daha detaylı açıklamak istiyorum; 
Ürünleriniz var ve güzel satış yapıyorsunuz 
ama mevsimsel olarak hangi ürün hangi ürün-
den daha çok satar?
 Hangi ürün daha az satar? 
 Daha iyi hangi ürün satar? 
Ürünle alakalı geliştirme nasıl yapılabilir? 
Daha iyi nasıl satış yapılabilir?
Bunları değerlendirmeniz gerekmektedir. 
Verileri kullanarak daha fazla satış yapma im-
kanınız olacaktır. Rakiplerinizden bir adım 
önde olmak istiyorsanız daha çok verileri kul-
lanmakta fayda vardır. Bu verilerle kendi işini-
zi, ticaretinizi daha rahat yönetir ve yönlendi-
rebilirsiniz.
A’DAN Z’YE
TRENDYOL
EĞİTİMİ
https://www.mehmetek.com/
https://www.instagram.com/meh.met.tek
https://www.youtube.com/c/mehmettek
https://twitter.com/temhemket
M E H M E T  T E K
E - T İ C A R E T  E Ğ İ T M E N İ
2 0 2 1
g ö r s e l : p e x e l s . c o m /  T a r y n  E l l i o t t

]]></system-out>
    <system-err><![CDATA[Ağu 29, 2023 10:27:11 ÖÖ org.openqa.selenium.devtools.CdpVersionFinder findNearestMatch
WARNING: Unable to find an exact match for CDP version 116, so returning the closest version found: 115
]]></system-err>
  </testcase>
  <testcase name="TC52" classname="Ekitaplar Page" time="23.295">
    <system-out><![CDATA[Dosya içeriği: ETSY
KURALLARI
M E H M E T  T E K
E-TİCARET - START UP - GİRİŞİMCİLİK
Etsy Kuralları - Mehmet Tek2
Herhangi bir e-ticaret platformunda satışa başla-
madan önce o platformun kurallarını öğrenmeniz gerekir. 
Eğer bu kuralları okumadan, öğrenmeden satışa başlarsa-
nız birçok sıkıntı yaşayabilirsiniz. ETSY’de bu platformlardan 
bir tanesidir ve benzersiz bir pazar yeridir (Alıcılar, başka 
hiçbir yerde bulamayacakları ürünleri satın almak için bu-
raya gelirler). Bu kapsamda ETSY kuralları oldukça önem-
lidir. Bu kurallara dikkat edilmez ise hesap açılımında bile 
sorun yaşanabilir ve daha satışa başlamadan mağazanız 
kapanabilir.  Satışa başladınız ve her şey yolunda gidiyor 
bile olsa yine de kurallara uymadığınız bir durum olur ise 
mağazanız kapanabilir ya da ceza alabilirsiniz. 
Mehmet Tek - Etsy Kuralları 3
Etsy
Kuralları
Etsy’de ne satılır? Handmade, digital, vintage and craft 
supplies. 
Vintage ürünler en az 20 yaşında olmalıdır.
Craft Supplies (El Sanatları Malzemeleri), birincil amacı 
bir eşyanın veya ürünün üretilmesinde kullanılan araçlar 
ve malzemelerdir.
Bir üretim ortağıyla çalışıyorsanız, o üretim ortağını il-
gili listelerinizde açıklamanız gerekir. Mağazanızda-
ki bir ürünün yapımında yer alan her kişiyi hakkında 
bölümünde doğru bir şekilde tanımlamalısınız. 
Handmade (El yapımı), satıcı olarak sizin tarafınızdan 
yapılan ve/veya tasarlanan ürünlerdir. 
Kendi fotoğraflarınızı veya video içeriğinizi kullanma-
lısınız.
Stok fotoğrafları veya diğer satıcılar, siteler tarafından 
kullanılan fotoğrafları kullanmamalısınız.
Anlaşmazlıkları doğrudan alıcıyla çözün. Bir çözüme ul-
aşamamanız gibi pek olası olmayan bir durumda Etsy 
yardımcı olabilir.
Bir siparişi tamamlayamıyorsanız, alıcıyı bilgilendirmeli 
ve siparişi iptal etmelisiniz.
Satıcı olarak sizin yapmadığınız veya tasarlamadığınız 
bir ürünü alıp satmaya “reselling” denir ve vintage ile 
craft supplies (El sanatları salzemeleri) dışında kalan 
diğer kategorilerde bunu yapmak yasaktır.
Etsy Kuralları - Mehmet Tek4
Mesajlar, Aşağıdaki Faaliyetler 
İçin Kullanılamaz
İstenmeyen reklam veya promosyonlar, bağış talepleri 
veya spam göndermek.
Sizden açıkça yapmamanızı istedikten sonra biriyle ile-
tişime geçmek. 
Bir işleme veya başka bir üyenin işine müdahale etmek. 
Telefon numarası, adres, e-posta, sosyal medya adres-
leri, harici URL’ler, para transferi talimatları vb. dahil ol-
mak üzere Etsy’deki ödeme sürecinden kaçınmak ama-
cıyla kişisel iletişim, finansal veya diğer bilgileri vermek. 
Başka bir üyeyi taciz etmek veya Ayrımcılıkla Mücadele 
Politikasını ihlal etmek.
https://www.etsy.com/legal/policy/anti-discrimina-
tion-and-hate-speech/123551108902#:~:text=Whet-
her%20you’re%20engaging%20with,hate%20speech%20
are%20not%20allowed
Mehmet Tek - Etsy Kuralları 5
Yasak Olan 
Bazı Hareketler
Başka bir üyeyi belirli bir mağazadan uzaklaştırmak için 
Etsy Mesajları aracılığıyla iletişime geçmek.
Tıklama sahtekarlığı” olarak da bilinen, üyenin reklam 
bütçesini boşaltmak için bir rakibin Tanıtılan Listeleme 
reklamlarına kötü niyetli bir şekilde tıklamak.
Başka bir mağazanın olumsuz yorumlarını kötü niyetli 
olarak desteklemek için bağımsız bir alıcı hesabı oluş-
turmak veya kullanmak. Başkalarının fikri mülkiyetine 
saygı gösterin. Birinin fikri mülkiyet haklarınızı ihlal ettiğini 
düşünüyorsanız, bunu Etsy’ye bildirebilirsiniz.
Fiyatlandırmayı diğer satıcılarla koordine etmeyin.
Bir anlaşmazlığı göstermek veya tartışmak için kamuya 
açık alanlarda yayınlamak
Etsy Kuralları - Mehmet Tek6
Hesap Kapanma ve 
Suspend Nedenleri
Dropshipping yapmak
Kategori hataları (Vintage & Handmade)
Müşterilere spam mesaj atmak
Kötü hizmet vermeniz (Paketleme, Kargo, Ürün hataları 
vb.)
Müşterilere rüşvet teklif etmek 
Telif hakkı ihlalleri
Rakiplerinizin reklamlarını bitirmek
Rakiplerle anlaşıp fiyatları ayarlamak.
Etsy faturalarını ödememek
Birden çok hesap açabilirsiniz, ancak birisi kapanırsa 
hepsi kapanıyor.
Mağaza üyeleri ve üretim ortaklarını belirtmemek
Her şey hesap sahibi adına olmalı, örneğin banka hesa-
bı başkası adına olunca kapanıyor.
Başka kişilerin ödeme bilgilerini kullanmak (Üye olarak 
ekleyin)
Farklı mağazalarınız olabilir, ama aynı ürünleri satamaz-
sınız
Mehmet Tek - Etsy Kuralları 7
Hesabınız
Kapanırsa
İçerde kalan paranızı 180 gün sonra alabiliyorsunuz
Yeni mağaza açacaksanız farklı bilgisayar ya da telefon 
kullanın
Önemli bir kural ihlali yapmadığınızı düşünüyorsanız, 
Etsy support bölümüne ya da integrity@etsy.com mail 
adresine aşağıdaki şekilde bir mail atarsanız, ortalama 
3-5 gün içinde hesabınız tekrar açılabilir.
Aynı resimleri kullarak yeni mağaza açmayın
M E H M E T  T E K
E - T İ C A R E T  E Ğ İ T M E N İ
Instagram Youtube Ücretsiz Amazon Eğitimi Whatsapp
E T S Y
KURALLARI

]]></system-out>
    <system-err><![CDATA[Ağu 29, 2023 10:27:31 ÖÖ org.openqa.selenium.devtools.CdpVersionFinder findNearestMatch
WARNING: Unable to find an exact match for CDP version 116, so returning the closest version found: 115
]]></system-err>
  </testcase>
</testsuite>